[0.836s] Invoking command in '/sim_ws/build/safety_node': CMAKE_PREFIX_PATH=${CMAKE_PREFIX_PATH}:/sim_ws/install/f1tenth_gym_ros:/opt/ros/foxy /usr/bin/cmake --build /sim_ws/build/safety_node -- -j4 -l4
[1.119s] [100%] Built target safety_node
[1.199s] Invoked command in '/sim_ws/build/safety_node' returned '0': CMAKE_PREFIX_PATH=${CMAKE_PREFIX_PATH}:/sim_ws/install/f1tenth_gym_ros:/opt/ros/foxy /usr/bin/cmake --build /sim_ws/build/safety_node -- -j4 -l4
[1.421s] Invoking command in '/sim_ws/build/safety_node': CMAKE_PREFIX_PATH=${CMAKE_PREFIX_PATH}:/sim_ws/install/f1tenth_gym_ros:/opt/ros/foxy /usr/bin/cmake --install /sim_ws/build/safety_node
[1.462s] -- Install configuration: ""
[1.464s] -- Up-to-date: /sim_ws/install/safety_node/lib/safety_node/safety_node
[1.466s] -- Up-to-date: /sim_ws/install/safety_node/share/safety_node/environment/pythonpath.sh
[1.467s] -- Up-to-date: /sim_ws/install/safety_node/share/safety_node/environment/pythonpath.dsv
[1.468s] -- Up-to-date: /sim_ws/install/safety_node/lib/python3.8/site-packages/safety_node
[1.469s] -- Up-to-date: /sim_ws/install/safety_node/lib/python3.8/site-packages/safety_node/__init__.py
[1.577s] Listing '/sim_ws/install/safety_node/lib/python3.8/site-packages/safety_node'...
[1.577s] -- Up-to-date: /sim_ws/install/safety_node/lib/safety_node/safety_node.py
[1.578s] -- Up-to-date: /sim_ws/install/safety_node/share/ament_index/resource_index/package_run_dependencies/safety_node
[1.578s] -- Up-to-date: /sim_ws/install/safety_node/share/ament_index/resource_index/parent_prefix_path/safety_node
[1.578s] -- Up-to-date: /sim_ws/install/safety_node/share/safety_node/environment/ament_prefix_path.sh
[1.578s] -- Up-to-date: /sim_ws/install/safety_node/share/safety_node/environment/ament_prefix_path.dsv
[1.579s] -- Up-to-date: /sim_ws/install/safety_node/share/safety_node/environment/path.sh
[1.579s] -- Up-to-date: /sim_ws/install/safety_node/share/safety_node/environment/path.dsv
[1.581s] -- Up-to-date: /sim_ws/install/safety_node/share/safety_node/local_setup.bash
[1.582s] -- Up-to-date: /sim_ws/install/safety_node/share/safety_node/local_setup.sh
[1.582s] -- Up-to-date: /sim_ws/install/safety_node/share/safety_node/local_setup.zsh
[1.582s] -- Up-to-date: /sim_ws/install/safety_node/share/safety_node/local_setup.dsv
[1.583s] -- Installing: /sim_ws/install/safety_node/share/safety_node/package.dsv
[1.583s] -- Up-to-date: /sim_ws/install/safety_node/share/ament_index/resource_index/packages/safety_node
[1.583s] -- Up-to-date: /sim_ws/install/safety_node/share/safety_node/cmake/safety_nodeConfig.cmake
[1.588s] -- Up-to-date: /sim_ws/install/safety_node/share/safety_node/cmake/safety_nodeConfig-version.cmake
[1.588s] -- Up-to-date: /sim_ws/install/safety_node/share/safety_node/package.xml
[1.597s] Invoked command in '/sim_ws/build/safety_node' returned '0': CMAKE_PREFIX_PATH=${CMAKE_PREFIX_PATH}:/sim_ws/install/f1tenth_gym_ros:/opt/ros/foxy /usr/bin/cmake --install /sim_ws/build/safety_node
