[2.892s] Invoking command in '/sim_ws/src/f1tenth_gym_ros': PYTHONPATH=/sim_ws/build/f1tenth_gym_ros/prefix_override:/sim_ws/install/f1tenth_gym_ros/lib/python3.8/site-packages:${PYTHONPATH} /usr/bin/python3 setup.py egg_info --egg-base ../../build/f1tenth_gym_ros build --build-base /sim_ws/build/f1tenth_gym_ros/build install --record /sim_ws/build/f1tenth_gym_ros/install.log --install-scripts $base/lib/f1tenth_gym_ros --single-version-externally-managed
[4.135s] running egg_info
[4.137s] writing ../../build/f1tenth_gym_ros/f1tenth_gym_ros.egg-info/PKG-INFO
[4.138s] writing dependency_links to ../../build/f1tenth_gym_ros/f1tenth_gym_ros.egg-info/dependency_links.txt
[4.139s] writing entry points to ../../build/f1tenth_gym_ros/f1tenth_gym_ros.egg-info/entry_points.txt
[4.139s] writing requirements to ../../build/f1tenth_gym_ros/f1tenth_gym_ros.egg-info/requires.txt
[4.139s] writing top-level names to ../../build/f1tenth_gym_ros/f1tenth_gym_ros.egg-info/top_level.txt
[4.395s] reading manifest file '../../build/f1tenth_gym_ros/f1tenth_gym_ros.egg-info/SOURCES.txt'
[4.399s] writing manifest file '../../build/f1tenth_gym_ros/f1tenth_gym_ros.egg-info/SOURCES.txt'
[4.399s] running build
[4.399s] running build_py
[4.403s] running install
[4.405s] running install_lib
[4.409s] running install_data
[4.410s] running install_egg_info
[4.413s] removing '/sim_ws/install/f1tenth_gym_ros/lib/python3.8/site-packages/f1tenth_gym_ros-0.0.0-py3.8.egg-info' (and everything under it)
[4.417s] Copying ../../build/f1tenth_gym_ros/f1tenth_gym_ros.egg-info to /sim_ws/install/f1tenth_gym_ros/lib/python3.8/site-packages/f1tenth_gym_ros-0.0.0-py3.8.egg-info
[4.419s] running install_scripts
[4.483s] Installing gym_bridge script to /sim_ws/install/f1tenth_gym_ros/lib/f1tenth_gym_ros
[4.486s] writing list of installed files to '/sim_ws/build/f1tenth_gym_ros/install.log'
[4.531s] Invoked command in '/sim_ws/src/f1tenth_gym_ros' returned '0': PYTHONPATH=/sim_ws/build/f1tenth_gym_ros/prefix_override:/sim_ws/install/f1tenth_gym_ros/lib/python3.8/site-packages:${PYTHONPATH} /usr/bin/python3 setup.py egg_info --egg-base ../../build/f1tenth_gym_ros build --build-base /sim_ws/build/f1tenth_gym_ros/build install --record /sim_ws/build/f1tenth_gym_ros/install.log --install-scripts $base/lib/f1tenth_gym_ros --single-version-externally-managed
