[1.020s] Invoking command in '/sim_ws/build/safety_node': CMAKE_PREFIX_PATH=${CMAKE_PREFIX_PATH}:/sim_ws/install/f1tenth_gym_ros:/opt/ros/foxy /usr/bin/cmake --build /sim_ws/build/safety_node -- -j4 -l4
[1.293s] [100%] Built target safety_node
[1.351s] Invoked command in '/sim_ws/build/safety_node' returned '0': CMAKE_PREFIX_PATH=${CMAKE_PREFIX_PATH}:/sim_ws/install/f1tenth_gym_ros:/opt/ros/foxy /usr/bin/cmake --build /sim_ws/build/safety_node -- -j4 -l4
[1.531s] Invoking command in '/sim_ws/build/safety_node': CMAKE_PREFIX_PATH=${CMAKE_PREFIX_PATH}:/sim_ws/install/f1tenth_gym_ros:/opt/ros/foxy /usr/bin/cmake --install /sim_ws/build/safety_node
[1.597s] -- Install configuration: ""
[1.599s] -- Up-to-date: /sim_ws/install/safety_node/lib/safety_node/safety_node
[1.604s] -- Up-to-date: /sim_ws/install/safety_node/share/safety_node/environment/pythonpath.sh
[1.607s] -- Up-to-date: /sim_ws/install/safety_node/share/safety_node/environment/pythonpath.dsv
[1.608s] -- Up-to-date: /sim_ws/install/safety_node/lib/python3.8/site-packages/safety_node
[1.610s] -- Up-to-date: /sim_ws/install/safety_node/lib/python3.8/site-packages/safety_node/__init__.py
[1.727s] Listing '/sim_ws/install/safety_node/lib/python3.8/site-packages/safety_node'...
[1.740s] -- Up-to-date: /sim_ws/install/safety_node/lib/safety_node/safety_node.py
[1.740s] -- Up-to-date: /sim_ws/install/safety_node/share/ament_index/resource_index/package_run_dependencies/safety_node
[1.741s] -- Up-to-date: /sim_ws/install/safety_node/share/ament_index/resource_index/parent_prefix_path/safety_node
[1.741s] -- Up-to-date: /sim_ws/install/safety_node/share/safety_node/environment/ament_prefix_path.sh
[1.741s] -- Up-to-date: /sim_ws/install/safety_node/share/safety_node/environment/ament_prefix_path.dsv
[1.741s] -- Up-to-date: /sim_ws/install/safety_node/share/safety_node/environment/path.sh
[1.747s] -- Up-to-date: /sim_ws/install/safety_node/share/safety_node/environment/path.dsv
[1.747s] -- Up-to-date: /sim_ws/install/safety_node/share/safety_node/local_setup.bash
[1.748s] -- Up-to-date: /sim_ws/install/safety_node/share/safety_node/local_setup.sh
[1.748s] -- Up-to-date: /sim_ws/install/safety_node/share/safety_node/local_setup.zsh
[1.748s] -- Up-to-date: /sim_ws/install/safety_node/share/safety_node/local_setup.dsv
[1.749s] -- Installing: /sim_ws/install/safety_node/share/safety_node/package.dsv
[1.750s] -- Up-to-date: /sim_ws/install/safety_node/share/ament_index/resource_index/packages/safety_node
[1.753s] -- Up-to-date: /sim_ws/install/safety_node/share/safety_node/cmake/safety_nodeConfig.cmake
[1.754s] -- Up-to-date: /sim_ws/install/safety_node/share/safety_node/cmake/safety_nodeConfig-version.cmake
[1.754s] -- Up-to-date: /sim_ws/install/safety_node/share/safety_node/package.xml
[1.777s] Invoked command in '/sim_ws/build/safety_node' returned '0': CMAKE_PREFIX_PATH=${CMAKE_PREFIX_PATH}:/sim_ws/install/f1tenth_gym_ros:/opt/ros/foxy /usr/bin/cmake --install /sim_ws/build/safety_node
