[0.409s] Invoking command in '/sim_ws/build/wall_follow': CMAKE_PREFIX_PATH=${CMAKE_PREFIX_PATH}:/sim_ws/install/f1tenth_gym_ros:/opt/ros/foxy /usr/bin/cmake --build /sim_ws/build/wall_follow -- -j4 -l4
[0.519s] [35m[1mScanning dependencies of target wall_follow_node[0m
[0.607s] [ 50%] [32mBuilding CXX object CMakeFiles/wall_follow_node.dir/src/wall_follow_node.cpp.o[0m
[18.639s] [100%] [32m[1mLinking CXX executable wall_follow_node[0m
[19.718s] [100%] Built target wall_follow_node
[19.753s] Invoked command in '/sim_ws/build/wall_follow' returned '0': CMAKE_PREFIX_PATH=${CMAKE_PREFIX_PATH}:/sim_ws/install/f1tenth_gym_ros:/opt/ros/foxy /usr/bin/cmake --build /sim_ws/build/wall_follow -- -j4 -l4
[19.859s] Invoking command in '/sim_ws/build/wall_follow': CMAKE_PREFIX_PATH=${CMAKE_PREFIX_PATH}:/sim_ws/install/f1tenth_gym_ros:/opt/ros/foxy /usr/bin/cmake --install /sim_ws/build/wall_follow
[19.887s] -- Install configuration: ""
[19.888s] -- Installing: /sim_ws/install/wall_follow/lib/wall_follow/wall_follow_node
[19.895s] -- Set runtime path of "/sim_ws/install/wall_follow/lib/wall_follow/wall_follow_node" to ""
[19.896s] -- Up-to-date: /sim_ws/install/wall_follow/share/ament_index/resource_index/package_run_dependencies/wall_follow
[19.897s] -- Up-to-date: /sim_ws/install/wall_follow/share/ament_index/resource_index/parent_prefix_path/wall_follow
[19.897s] -- Up-to-date: /sim_ws/install/wall_follow/share/wall_follow/environment/ament_prefix_path.sh
[19.898s] -- Up-to-date: /sim_ws/install/wall_follow/share/wall_follow/environment/ament_prefix_path.dsv
[19.898s] -- Up-to-date: /sim_ws/install/wall_follow/share/wall_follow/environment/path.sh
[19.899s] -- Up-to-date: /sim_ws/install/wall_follow/share/wall_follow/environment/path.dsv
[19.899s] -- Up-to-date: /sim_ws/install/wall_follow/share/wall_follow/local_setup.bash
[19.900s] -- Up-to-date: /sim_ws/install/wall_follow/share/wall_follow/local_setup.sh
[19.901s] -- Up-to-date: /sim_ws/install/wall_follow/share/wall_follow/local_setup.zsh
[19.901s] -- Up-to-date: /sim_ws/install/wall_follow/share/wall_follow/local_setup.dsv
[19.902s] -- Installing: /sim_ws/install/wall_follow/share/wall_follow/package.dsv
[19.903s] -- Up-to-date: /sim_ws/install/wall_follow/share/ament_index/resource_index/packages/wall_follow
[19.904s] -- Up-to-date: /sim_ws/install/wall_follow/share/wall_follow/cmake/wall_followConfig.cmake
[19.904s] -- Up-to-date: /sim_ws/install/wall_follow/share/wall_follow/cmake/wall_followConfig-version.cmake
[19.905s] -- Up-to-date: /sim_ws/install/wall_follow/share/wall_follow/package.xml
[19.906s] -- Up-to-date: /sim_ws/install/wall_follow/share/wall_follow//launch
[19.906s] -- Up-to-date: /sim_ws/install/wall_follow/share/wall_follow//launch/wall_follow_launch.py
[19.918s] Invoked command in '/sim_ws/build/wall_follow' returned '0': CMAKE_PREFIX_PATH=${CMAKE_PREFIX_PATH}:/sim_ws/install/f1tenth_gym_ros:/opt/ros/foxy /usr/bin/cmake --install /sim_ws/build/wall_follow
