[1.310s] Invoking command in '/sim_ws/src/f1tenth_gym_ros': PYTHONPATH=/sim_ws/build/f1tenth_gym_ros/prefix_override:/sim_ws/install/f1tenth_gym_ros/lib/python3.8/site-packages:${PYTHONPATH} /usr/bin/python3 setup.py egg_info --egg-base ../../build/f1tenth_gym_ros build --build-base /sim_ws/build/f1tenth_gym_ros/build install --record /sim_ws/build/f1tenth_gym_ros/install.log --install-scripts $base/lib/f1tenth_gym_ros --single-version-externally-managed
[1.644s] running egg_info
[1.646s] writing ../../build/f1tenth_gym_ros/f1tenth_gym_ros.egg-info/PKG-INFO
[1.646s] writing dependency_links to ../../build/f1tenth_gym_ros/f1tenth_gym_ros.egg-info/dependency_links.txt
[1.646s] writing entry points to ../../build/f1tenth_gym_ros/f1tenth_gym_ros.egg-info/entry_points.txt
[1.646s] writing requirements to ../../build/f1tenth_gym_ros/f1tenth_gym_ros.egg-info/requires.txt
[1.647s] writing top-level names to ../../build/f1tenth_gym_ros/f1tenth_gym_ros.egg-info/top_level.txt
[1.734s] reading manifest file '../../build/f1tenth_gym_ros/f1tenth_gym_ros.egg-info/SOURCES.txt'
[1.736s] writing manifest file '../../build/f1tenth_gym_ros/f1tenth_gym_ros.egg-info/SOURCES.txt'
[1.737s] running build
[1.737s] running build_py
[1.740s] running install
[1.742s] running install_lib
[1.745s] running install_data
[1.746s] running install_egg_info
[1.749s] removing '/sim_ws/install/f1tenth_gym_ros/lib/python3.8/site-packages/f1tenth_gym_ros-0.0.0-py3.8.egg-info' (and everything under it)
[1.749s] Copying ../../build/f1tenth_gym_ros/f1tenth_gym_ros.egg-info to /sim_ws/install/f1tenth_gym_ros/lib/python3.8/site-packages/f1tenth_gym_ros-0.0.0-py3.8.egg-info
[1.755s] running install_scripts
[1.786s] Installing gym_bridge script to /sim_ws/install/f1tenth_gym_ros/lib/f1tenth_gym_ros
[1.793s] writing list of installed files to '/sim_ws/build/f1tenth_gym_ros/install.log'
[1.852s] Invoked command in '/sim_ws/src/f1tenth_gym_ros' returned '0': PYTHONPATH=/sim_ws/build/f1tenth_gym_ros/prefix_override:/sim_ws/install/f1tenth_gym_ros/lib/python3.8/site-packages:${PYTHONPATH} /usr/bin/python3 setup.py egg_info --egg-base ../../build/f1tenth_gym_ros build --build-base /sim_ws/build/f1tenth_gym_ros/build install --record /sim_ws/build/f1tenth_gym_ros/install.log --install-scripts $base/lib/f1tenth_gym_ros --single-version-externally-managed
