[0.637s] Invoking command in '/sim_ws/build/safety_node': CMAKE_PREFIX_PATH=${CMAKE_PREFIX_PATH}:/sim_ws/install/f1tenth_gym_ros:/opt/ros/foxy /usr/bin/cmake --build /sim_ws/build/safety_node -- -j4 -l4
[1.053s] [100%] Built target safety_node
[1.085s] Invoked command in '/sim_ws/build/safety_node' returned '0': CMAKE_PREFIX_PATH=${CMAKE_PREFIX_PATH}:/sim_ws/install/f1tenth_gym_ros:/opt/ros/foxy /usr/bin/cmake --build /sim_ws/build/safety_node -- -j4 -l4
[1.353s] Invoking command in '/sim_ws/build/safety_node': CMAKE_PREFIX_PATH=${CMAKE_PREFIX_PATH}:/sim_ws/install/f1tenth_gym_ros:/opt/ros/foxy /usr/bin/cmake --install /sim_ws/build/safety_node
[1.400s] -- Install configuration: ""
[1.404s] -- Up-to-date: /sim_ws/install/safety_node/lib/safety_node/safety_node
[1.406s] -- Up-to-date: /sim_ws/install/safety_node/share/safety_node/environment/pythonpath.sh
[1.406s] -- Up-to-date: /sim_ws/install/safety_node/share/safety_node/environment/pythonpath.dsv
[1.407s] -- Up-to-date: /sim_ws/install/safety_node/lib/python3.8/site-packages/safety_node
[1.407s] -- Up-to-date: /sim_ws/install/safety_node/lib/python3.8/site-packages/safety_node/__init__.py
[1.485s] Listing '/sim_ws/install/safety_node/lib/python3.8/site-packages/safety_node'...
[1.496s] -- Up-to-date: /sim_ws/install/safety_node/lib/safety_node/safety_node.py
[1.497s] -- Up-to-date: /sim_ws/install/safety_node/share/ament_index/resource_index/package_run_dependencies/safety_node
[1.498s] -- Up-to-date: /sim_ws/install/safety_node/share/ament_index/resource_index/parent_prefix_path/safety_node
[1.498s] -- Up-to-date: /sim_ws/install/safety_node/share/safety_node/environment/ament_prefix_path.sh
[1.499s] -- Up-to-date: /sim_ws/install/safety_node/share/safety_node/environment/ament_prefix_path.dsv
[1.500s] -- Up-to-date: /sim_ws/install/safety_node/share/safety_node/environment/path.sh
[1.500s] -- Up-to-date: /sim_ws/install/safety_node/share/safety_node/environment/path.dsv
[1.501s] -- Up-to-date: /sim_ws/install/safety_node/share/safety_node/local_setup.bash
[1.501s] -- Up-to-date: /sim_ws/install/safety_node/share/safety_node/local_setup.sh
[1.502s] -- Up-to-date: /sim_ws/install/safety_node/share/safety_node/local_setup.zsh
[1.503s] -- Up-to-date: /sim_ws/install/safety_node/share/safety_node/local_setup.dsv
[1.503s] -- Installing: /sim_ws/install/safety_node/share/safety_node/package.dsv
[1.504s] -- Up-to-date: /sim_ws/install/safety_node/share/ament_index/resource_index/packages/safety_node
[1.505s] -- Up-to-date: /sim_ws/install/safety_node/share/safety_node/cmake/safety_nodeConfig.cmake
[1.505s] -- Up-to-date: /sim_ws/install/safety_node/share/safety_node/cmake/safety_nodeConfig-version.cmake
[1.506s] -- Up-to-date: /sim_ws/install/safety_node/share/safety_node/package.xml
[1.515s] Invoked command in '/sim_ws/build/safety_node' returned '0': CMAKE_PREFIX_PATH=${CMAKE_PREFIX_PATH}:/sim_ws/install/f1tenth_gym_ros:/opt/ros/foxy /usr/bin/cmake --install /sim_ws/build/safety_node
