[0.437s] Invoking command in '/sim_ws/build/safety_node': CMAKE_PREFIX_PATH=${CMAKE_PREFIX_PATH}:/sim_ws/install/f1tenth_gym_ros:/opt/ros/foxy /usr/bin/cmake /sim_ws/src/f1tenth_lab2/safety_node -DCMAKE_INSTALL_PREFIX=/sim_ws/install/safety_node
[0.467s] -- Found ament_cmake: 0.9.12 (/opt/ros/foxy/share/ament_cmake/cmake)
[0.507s] -- Found PythonInterp: /usr/bin/python3 (found suitable version "3.8.10", minimum required is "3") 
[0.508s] -- Using PYTHON_EXECUTABLE: /usr/bin/python3
[0.895s] -- Found rclcpp: 2.4.3 (/opt/ros/foxy/share/rclcpp/cmake)
[0.990s] -- Using all available rosidl_typesupport_c: rosidl_typesupport_fastrtps_c;rosidl_typesupport_introspection_c
[1.005s] -- Found rosidl_adapter: 1.3.1 (/opt/ros/foxy/share/rosidl_adapter/cmake)
[1.192s] -- Found OpenSSL: /usr/lib/x86_64-linux-gnu/libcrypto.so (found version "1.1.1f")  
[1.231s] -- Found FastRTPS: /opt/ros/foxy/include  
[1.468s] -- Using all available rosidl_typesupport_cpp: rosidl_typesupport_fastrtps_cpp;rosidl_typesupport_introspection_cpp
[1.612s] -- Found rmw_implementation_cmake: 1.0.4 (/opt/ros/foxy/share/rmw_implementation_cmake/cmake)
[1.616s] -- Using RMW implementation 'rmw_fastrtps_cpp' as default
[1.619s] -- Looking for pthread.h
[1.797s] -- Looking for pthread.h - found
[1.798s] -- Performing Test CMAKE_HAVE_LIBC_PTHREAD
[1.967s] -- Performing Test CMAKE_HAVE_LIBC_PTHREAD - Failed
[1.967s] -- Looking for pthread_create in pthreads
[2.118s] -- Looking for pthread_create in pthreads - not found
[2.119s] -- Looking for pthread_create in pthread
[2.245s] -- Looking for pthread_create in pthread - found
[2.247s] -- Found Threads: TRUE  
[2.541s] -- Found rclpy: 1.0.13 (/opt/ros/foxy/share/rclpy/cmake)
[2.544s] -- Found nav_msgs: 2.0.5 (/opt/ros/foxy/share/nav_msgs/cmake)
[2.801s] -- Found ackermann_msgs: 2.0.2 (/opt/ros/foxy/share/ackermann_msgs/cmake)
[2.888s] -- Found sensor_msgs: 2.0.5 (/opt/ros/foxy/share/sensor_msgs/cmake)
[3.042s] -- Found ament_lint_auto: 0.9.8 (/opt/ros/foxy/share/ament_lint_auto/cmake)
[3.153s] -- Added test 'copyright' to check source files copyright and LICENSE
[3.155s] -- Added test 'cppcheck' to perform static code analysis on C / C++ code
[3.156s] -- Configured cppcheck include dirs: /sim_ws/src/f1tenth_lab2/safety_node/include
[3.156s] -- Configured cppcheck exclude dirs and/or files: 
[3.158s] -- Added test 'cpplint' to check C / C++ code against the Google style
[3.158s] -- Configured cpplint exclude dirs and/or files: 
[3.159s] -- Added test 'flake8' to check Python code syntax and style conventions
[3.160s] -- Added test 'lint_cmake' to check CMake code style
[3.161s] -- Added test 'pep257' to check Python code against some of the style conventions in PEP 257
[3.163s] -- Added test 'uncrustify' to check C / C++ code style
[3.163s] -- Configured uncrustify additional arguments: 
[3.164s] -- Added test 'xmllint' to check XML markup files
[3.171s] -- Configuring done
[3.199s] -- Generating done
[3.203s] -- Build files have been written to: /sim_ws/build/safety_node
[3.224s] Invoked command in '/sim_ws/build/safety_node' returned '0': CMAKE_PREFIX_PATH=${CMAKE_PREFIX_PATH}:/sim_ws/install/f1tenth_gym_ros:/opt/ros/foxy /usr/bin/cmake /sim_ws/src/f1tenth_lab2/safety_node -DCMAKE_INSTALL_PREFIX=/sim_ws/install/safety_node
[3.225s] Invoking command in '/sim_ws/build/safety_node': CMAKE_PREFIX_PATH=${CMAKE_PREFIX_PATH}:/sim_ws/install/f1tenth_gym_ros:/opt/ros/foxy /usr/bin/cmake --build /sim_ws/build/safety_node -- -j4 -l4
[3.288s] [35m[1mScanning dependencies of target safety_node[0m
[3.395s] [ 50%] [32mBuilding CXX object CMakeFiles/safety_node.dir/src/safety_node.cpp.o[0m
[18.187s] [100%] [32m[1mLinking CXX executable safety_node[0m
[18.732s] [100%] Built target safety_node
[18.749s] Invoked command in '/sim_ws/build/safety_node' returned '0': CMAKE_PREFIX_PATH=${CMAKE_PREFIX_PATH}:/sim_ws/install/f1tenth_gym_ros:/opt/ros/foxy /usr/bin/cmake --build /sim_ws/build/safety_node -- -j4 -l4
[18.786s] Invoking command in '/sim_ws/build/safety_node': CMAKE_PREFIX_PATH=${CMAKE_PREFIX_PATH}:/sim_ws/install/f1tenth_gym_ros:/opt/ros/foxy /usr/bin/cmake --install /sim_ws/build/safety_node
[18.799s] -- Install configuration: ""
[18.800s] -- Installing: /sim_ws/install/safety_node/lib/safety_node/safety_node
[18.805s] -- Set runtime path of "/sim_ws/install/safety_node/lib/safety_node/safety_node" to ""
[18.805s] -- Installing: /sim_ws/install/safety_node/share/ament_index/resource_index/package_run_dependencies/safety_node
[18.806s] -- Installing: /sim_ws/install/safety_node/share/ament_index/resource_index/parent_prefix_path/safety_node
[18.806s] -- Installing: /sim_ws/install/safety_node/share/safety_node/environment/ament_prefix_path.sh
[18.807s] -- Installing: /sim_ws/install/safety_node/share/safety_node/environment/ament_prefix_path.dsv
[18.807s] -- Installing: /sim_ws/install/safety_node/share/safety_node/environment/path.sh
[18.808s] -- Installing: /sim_ws/install/safety_node/share/safety_node/environment/path.dsv
[18.808s] -- Installing: /sim_ws/install/safety_node/share/safety_node/local_setup.bash
[18.809s] -- Installing: /sim_ws/install/safety_node/share/safety_node/local_setup.sh
[18.809s] -- Installing: /sim_ws/install/safety_node/share/safety_node/local_setup.zsh
[18.810s] -- Installing: /sim_ws/install/safety_node/share/safety_node/local_setup.dsv
[18.810s] -- Installing: /sim_ws/install/safety_node/share/safety_node/package.dsv
[18.810s] -- Installing: /sim_ws/install/safety_node/share/ament_index/resource_index/packages/safety_node
[18.811s] -- Installing: /sim_ws/install/safety_node/share/safety_node/cmake/safety_nodeConfig.cmake
[18.812s] -- Installing: /sim_ws/install/safety_node/share/safety_node/cmake/safety_nodeConfig-version.cmake
[18.813s] -- Installing: /sim_ws/install/safety_node/share/safety_node/package.xml
[18.821s] Invoked command in '/sim_ws/build/safety_node' returned '0': CMAKE_PREFIX_PATH=${CMAKE_PREFIX_PATH}:/sim_ws/install/f1tenth_gym_ros:/opt/ros/foxy /usr/bin/cmake --install /sim_ws/build/safety_node
