[0.585s] Invoking command in '/sim_ws/build/safety_node': CMAKE_PREFIX_PATH=${CMAKE_PREFIX_PATH}:/sim_ws/install/f1tenth_gym_ros:/opt/ros/foxy /usr/bin/cmake --build /sim_ws/build/safety_node -- -j4 -l4
[0.853s] [100%] Built target safety_node
[0.907s] Invoked command in '/sim_ws/build/safety_node' returned '0': CMAKE_PREFIX_PATH=${CMAKE_PREFIX_PATH}:/sim_ws/install/f1tenth_gym_ros:/opt/ros/foxy /usr/bin/cmake --build /sim_ws/build/safety_node -- -j4 -l4
[1.347s] Invoking command in '/sim_ws/build/safety_node': CMAKE_PREFIX_PATH=${CMAKE_PREFIX_PATH}:/sim_ws/install/f1tenth_gym_ros:/opt/ros/foxy /usr/bin/cmake --install /sim_ws/build/safety_node
[1.378s] -- Install configuration: ""
[1.380s] -- Up-to-date: /sim_ws/install/safety_node/lib/safety_node/safety_node
[1.382s] -- Up-to-date: /sim_ws/install/safety_node/share/ament_index/resource_index/package_run_dependencies/safety_node
[1.383s] -- Up-to-date: /sim_ws/install/safety_node/share/ament_index/resource_index/parent_prefix_path/safety_node
[1.385s] -- Up-to-date: /sim_ws/install/safety_node/share/safety_node/environment/ament_prefix_path.sh
[1.386s] -- Up-to-date: /sim_ws/install/safety_node/share/safety_node/environment/ament_prefix_path.dsv
[1.386s] -- Up-to-date: /sim_ws/install/safety_node/share/safety_node/environment/path.sh
[1.387s] -- Up-to-date: /sim_ws/install/safety_node/share/safety_node/environment/path.dsv
[1.387s] -- Up-to-date: /sim_ws/install/safety_node/share/safety_node/local_setup.bash
[1.388s] -- Up-to-date: /sim_ws/install/safety_node/share/safety_node/local_setup.sh
[1.389s] -- Up-to-date: /sim_ws/install/safety_node/share/safety_node/local_setup.zsh
[1.389s] -- Up-to-date: /sim_ws/install/safety_node/share/safety_node/local_setup.dsv
[1.389s] -- Installing: /sim_ws/install/safety_node/share/safety_node/package.dsv
[1.390s] -- Up-to-date: /sim_ws/install/safety_node/share/ament_index/resource_index/packages/safety_node
[1.391s] -- Up-to-date: /sim_ws/install/safety_node/share/safety_node/cmake/safety_nodeConfig.cmake
[1.393s] -- Up-to-date: /sim_ws/install/safety_node/share/safety_node/cmake/safety_nodeConfig-version.cmake
[1.393s] -- Up-to-date: /sim_ws/install/safety_node/share/safety_node/package.xml
[1.406s] Invoked command in '/sim_ws/build/safety_node' returned '0': CMAKE_PREFIX_PATH=${CMAKE_PREFIX_PATH}:/sim_ws/install/f1tenth_gym_ros:/opt/ros/foxy /usr/bin/cmake --install /sim_ws/build/safety_node
