[0.738s] Invoking command in '/sim_ws/build/wall_follow': CMAKE_PREFIX_PATH=${CMAKE_PREFIX_PATH}:/sim_ws/install/f1tenth_gym_ros:/opt/ros/foxy /usr/bin/cmake --build /sim_ws/build/wall_follow -- -j4 -l4
[1.049s] [35m[1mScanning dependencies of target wall_follow_node[0m
[1.255s] [ 50%] [32mBuilding CXX object CMakeFiles/wall_follow_node.dir/src/wall_follow_node.cpp.o[0m
[17.069s] [100%] [32m[1mLinking CXX executable wall_follow_node[0m
[17.748s] [100%] Built target wall_follow_node
[17.790s] Invoked command in '/sim_ws/build/wall_follow' returned '0': CMAKE_PREFIX_PATH=${CMAKE_PREFIX_PATH}:/sim_ws/install/f1tenth_gym_ros:/opt/ros/foxy /usr/bin/cmake --build /sim_ws/build/wall_follow -- -j4 -l4
[17.865s] Invoking command in '/sim_ws/build/wall_follow': CMAKE_PREFIX_PATH=${CMAKE_PREFIX_PATH}:/sim_ws/install/f1tenth_gym_ros:/opt/ros/foxy /usr/bin/cmake --install /sim_ws/build/wall_follow
[17.895s] -- Install configuration: ""
[17.898s] -- Installing: /sim_ws/install/wall_follow/lib/wall_follow/wall_follow_node
[17.904s] -- Set runtime path of "/sim_ws/install/wall_follow/lib/wall_follow/wall_follow_node" to ""
[17.905s] -- Up-to-date: /sim_ws/install/wall_follow/share/ament_index/resource_index/package_run_dependencies/wall_follow
[17.906s] -- Up-to-date: /sim_ws/install/wall_follow/share/ament_index/resource_index/parent_prefix_path/wall_follow
[17.907s] -- Up-to-date: /sim_ws/install/wall_follow/share/wall_follow/environment/ament_prefix_path.sh
[17.907s] -- Up-to-date: /sim_ws/install/wall_follow/share/wall_follow/environment/ament_prefix_path.dsv
[17.907s] -- Up-to-date: /sim_ws/install/wall_follow/share/wall_follow/environment/path.sh
[17.908s] -- Up-to-date: /sim_ws/install/wall_follow/share/wall_follow/environment/path.dsv
[17.909s] -- Up-to-date: /sim_ws/install/wall_follow/share/wall_follow/local_setup.bash
[17.909s] -- Up-to-date: /sim_ws/install/wall_follow/share/wall_follow/local_setup.sh
[17.910s] -- Up-to-date: /sim_ws/install/wall_follow/share/wall_follow/local_setup.zsh
[17.912s] -- Up-to-date: /sim_ws/install/wall_follow/share/wall_follow/local_setup.dsv
[17.912s] -- Installing: /sim_ws/install/wall_follow/share/wall_follow/package.dsv
[17.914s] -- Up-to-date: /sim_ws/install/wall_follow/share/ament_index/resource_index/packages/wall_follow
[17.915s] -- Up-to-date: /sim_ws/install/wall_follow/share/wall_follow/cmake/wall_followConfig.cmake
[17.916s] -- Up-to-date: /sim_ws/install/wall_follow/share/wall_follow/cmake/wall_followConfig-version.cmake
[17.918s] -- Up-to-date: /sim_ws/install/wall_follow/share/wall_follow/package.xml
[17.920s] -- Up-to-date: /sim_ws/install/wall_follow/share/wall_follow//launch
[17.921s] -- Up-to-date: /sim_ws/install/wall_follow/share/wall_follow//launch/wall_follow_launch.py
[17.935s] Invoked command in '/sim_ws/build/wall_follow' returned '0': CMAKE_PREFIX_PATH=${CMAKE_PREFIX_PATH}:/sim_ws/install/f1tenth_gym_ros:/opt/ros/foxy /usr/bin/cmake --install /sim_ws/build/wall_follow
