[1.056s] DEBUG:colcon:Command line arguments: ['/usr/bin/colcon', 'build']
[1.056s] DEBUG:colcon:Parsed command line arguments: Namespace(ament_cmake_args=None, base_paths=['.'], build_base='build', catkin_cmake_args=None, catkin_skip_building_tests=False, cmake_args=None, cmake_clean_cache=False, cmake_clean_first=False, cmake_force_configure=False, cmake_target=None, cmake_target_skip_unavailable=False, continue_on_error=False, event_handlers=None, executor='parallel', ignore_user_meta=False, install_base='install', log_base=None, log_level=None, main=<bound method BuildVerb.main of <colcon_core.verb.build.BuildVerb object at 0x7f56db24db20>>, merge_install=False, metas=['./colcon.meta'], mixin=None, mixin_files=None, mixin_verb=('build',), packages_above=None, packages_above_and_dependencies=None, packages_above_depth=None, packages_end=None, packages_ignore=None, packages_ignore_regex=None, packages_select=None, packages_select_build_failed=False, packages_select_by_dep=None, packages_select_regex=None, packages_select_test_failures=False, packages_skip=None, packages_skip_build_finished=False, packages_skip_by_dep=None, packages_skip_regex=None, packages_skip_test_passed=False, packages_skip_up_to=None, packages_start=None, packages_up_to=None, packages_up_to_regex=None, parallel_workers=4, paths=None, symlink_install=False, test_result_base=None, verb_extension=<colcon_core.verb.build.BuildVerb object at 0x7f56db24db20>, verb_name='build', verb_parser=<colcon_mixin.mixin.mixin_argument.MixinArgumentDecorator object at 0x7f56db25a130>)
[1.170s] Level 1:colcon.colcon_core.package_discovery:discover_packages(colcon_meta) check parameters
[1.172s] INFO:colcon.colcon_metadata.package_discovery.colcon_meta:Using configuration from '/root/.colcon/metadata/default/Gazebo.meta'
[1.174s] INFO:colcon.colcon_metadata.package_discovery.colcon_meta:Using configuration from '/root/.colcon/metadata/default/fastrtps.meta'
[1.175s] Level 1:colcon.colcon_core.package_discovery:discover_packages(recursive) check parameters
[1.176s] Level 1:colcon.colcon_core.package_discovery:discover_packages(ignore) check parameters
[1.176s] Level 1:colcon.colcon_core.package_discovery:discover_packages(path) check parameters
[1.176s] Level 1:colcon.colcon_core.package_discovery:discover_packages(colcon_meta) discover
[1.177s] Level 1:colcon.colcon_core.package_discovery:discover_packages(recursive) discover
[1.177s] INFO:colcon.colcon_core.package_discovery:Crawling recursively for packages in '/sim_ws'
[1.178s] Level 1:colcon.colcon_core.package_identification:_identify(.) by extensions ['ignore', 'ignore_ament_install']
[1.179s] Level 1:colcon.colcon_core.package_identification:_identify(.) by extension 'ignore'
[1.179s] Level 1:colcon.colcon_core.package_identification:_identify(.) by extension 'ignore_ament_install'
[1.179s] Level 1:colcon.colcon_core.package_identification:_identify(.) by extensions ['colcon_pkg']
[1.180s] Level 1:colcon.colcon_core.package_identification:_identify(.) by extension 'colcon_pkg'
[1.180s] Level 1:colcon.colcon_core.package_identification:_identify(.) by extensions ['colcon_meta']
[1.180s] Level 1:colcon.colcon_core.package_identification:_identify(.) by extension 'colcon_meta'
[1.180s] Level 1:colcon.colcon_core.package_identification:_identify(.) by extensions ['ros']
[1.181s] Level 1:colcon.colcon_core.package_identification:_identify(.) by extension 'ros'
[1.264s] Level 1:colcon.colcon_core.package_identification:_identify(.) by extensions ['cmake', 'python']
[1.264s] Level 1:colcon.colcon_core.package_identification:_identify(.) by extension 'cmake'
[1.264s] Level 1:colcon.colcon_core.package_identification:_identify(.) by extension 'python'
[1.265s] Level 1:colcon.colcon_core.package_identification:_identify(.) by extensions ['python_setup_py']
[1.265s] Level 1:colcon.colcon_core.package_identification:_identify(.) by extension 'python_setup_py'
[1.266s] Level 1:colcon.colcon_core.package_identification:_identify(build) by extensions ['ignore', 'ignore_ament_install']
[1.266s] Level 1:colcon.colcon_core.package_identification:_identify(build) by extension 'ignore'
[1.267s] Level 1:colcon.colcon_core.package_identification:_identify(build) ignored
[1.267s] Level 1:colcon.colcon_core.package_identification:_identify(install) by extensions ['ignore', 'ignore_ament_install']
[1.267s] Level 1:colcon.colcon_core.package_identification:_identify(install) by extension 'ignore'
[1.267s] Level 1:colcon.colcon_core.package_identification:_identify(install) ignored
[1.268s] Level 1:colcon.colcon_core.package_identification:_identify(log) by extensions ['ignore', 'ignore_ament_install']
[1.268s] Level 1:colcon.colcon_core.package_identification:_identify(log) by extension 'ignore'
[1.268s] Level 1:colcon.colcon_core.package_identification:_identify(log) ignored
[1.269s] Level 1:colcon.colcon_core.package_identification:_identify(src) by extensions ['ignore', 'ignore_ament_install']
[1.269s] Level 1:colcon.colcon_core.package_identification:_identify(src) by extension 'ignore'
[1.270s] Level 1:colcon.colcon_core.package_identification:_identify(src) by extension 'ignore_ament_install'
[1.270s] Level 1:colcon.colcon_core.package_identification:_identify(src) by extensions ['colcon_pkg']
[1.270s] Level 1:colcon.colcon_core.package_identification:_identify(src) by extension 'colcon_pkg'
[1.270s] Level 1:colcon.colcon_core.package_identification:_identify(src) by extensions ['colcon_meta']
[1.270s] Level 1:colcon.colcon_core.package_identification:_identify(src) by extension 'colcon_meta'
[1.271s] Level 1:colcon.colcon_core.package_identification:_identify(src) by extensions ['ros']
[1.271s] Level 1:colcon.colcon_core.package_identification:_identify(src) by extension 'ros'
[1.272s] Level 1:colcon.colcon_core.package_identification:_identify(src) by extensions ['cmake', 'python']
[1.272s] Level 1:colcon.colcon_core.package_identification:_identify(src) by extension 'cmake'
[1.272s] Level 1:colcon.colcon_core.package_identification:_identify(src) by extension 'python'
[1.273s] Level 1:colcon.colcon_core.package_identification:_identify(src) by extensions ['python_setup_py']
[1.273s] Level 1:colcon.colcon_core.package_identification:_identify(src) by extension 'python_setup_py'
[1.285s] Level 1:colcon.colcon_core.package_identification:_identify(src/f1tenth_gym_ros) by extensions ['ignore', 'ignore_ament_install']
[1.286s] Level 1:colcon.colcon_core.package_identification:_identify(src/f1tenth_gym_ros) by extension 'ignore'
[1.291s] Level 1:colcon.colcon_core.package_identification:_identify(src/f1tenth_gym_ros) by extension 'ignore_ament_install'
[1.292s] Level 1:colcon.colcon_core.package_identification:_identify(src/f1tenth_gym_ros) by extensions ['colcon_pkg']
[1.292s] Level 1:colcon.colcon_core.package_identification:_identify(src/f1tenth_gym_ros) by extension 'colcon_pkg'
[1.292s] Level 1:colcon.colcon_core.package_identification:_identify(src/f1tenth_gym_ros) by extensions ['colcon_meta']
[1.293s] Level 1:colcon.colcon_core.package_identification:_identify(src/f1tenth_gym_ros) by extension 'colcon_meta'
[1.293s] Level 1:colcon.colcon_core.package_identification:_identify(src/f1tenth_gym_ros) by extensions ['ros']
[1.293s] Level 1:colcon.colcon_core.package_identification:_identify(src/f1tenth_gym_ros) by extension 'ros'
[1.327s] DEBUG:colcon.colcon_core.package_identification:Package 'src/f1tenth_gym_ros' with type 'ros.ament_python' and name 'f1tenth_gym_ros'
[1.328s] Level 1:colcon.colcon_core.package_identification:_identify(src/safety_node) by extensions ['ignore', 'ignore_ament_install']
[1.328s] Level 1:colcon.colcon_core.package_identification:_identify(src/safety_node) by extension 'ignore'
[1.329s] Level 1:colcon.colcon_core.package_identification:_identify(src/safety_node) by extension 'ignore_ament_install'
[1.329s] Level 1:colcon.colcon_core.package_identification:_identify(src/safety_node) by extensions ['colcon_pkg']
[1.329s] Level 1:colcon.colcon_core.package_identification:_identify(src/safety_node) by extension 'colcon_pkg'
[1.329s] Level 1:colcon.colcon_core.package_identification:_identify(src/safety_node) by extensions ['colcon_meta']
[1.330s] Level 1:colcon.colcon_core.package_identification:_identify(src/safety_node) by extension 'colcon_meta'
[1.330s] Level 1:colcon.colcon_core.package_identification:_identify(src/safety_node) by extensions ['ros']
[1.330s] Level 1:colcon.colcon_core.package_identification:_identify(src/safety_node) by extension 'ros'
[1.340s] DEBUG:colcon.colcon_core.package_identification:Package 'src/safety_node' with type 'ros.ament_cmake' and name 'safety_node'
[1.340s] Level 1:colcon.colcon_core.package_identification:_identify(src/wall_follow) by extensions ['ignore', 'ignore_ament_install']
[1.341s] Level 1:colcon.colcon_core.package_identification:_identify(src/wall_follow) by extension 'ignore'
[1.342s] Level 1:colcon.colcon_core.package_identification:_identify(src/wall_follow) by extension 'ignore_ament_install'
[1.343s] Level 1:colcon.colcon_core.package_identification:_identify(src/wall_follow) by extensions ['colcon_pkg']
[1.343s] Level 1:colcon.colcon_core.package_identification:_identify(src/wall_follow) by extension 'colcon_pkg'
[1.343s] Level 1:colcon.colcon_core.package_identification:_identify(src/wall_follow) by extensions ['colcon_meta']
[1.344s] Level 1:colcon.colcon_core.package_identification:_identify(src/wall_follow) by extension 'colcon_meta'
[1.344s] Level 1:colcon.colcon_core.package_identification:_identify(src/wall_follow) by extensions ['ros']
[1.344s] Level 1:colcon.colcon_core.package_identification:_identify(src/wall_follow) by extension 'ros'
[1.350s] DEBUG:colcon.colcon_core.package_identification:Package 'src/wall_follow' with type 'ros.ament_cmake' and name 'wall_follow'
[1.350s] Level 1:colcon.colcon_core.package_discovery:discover_packages(recursive) using defaults
[1.351s] Level 1:colcon.colcon_core.package_discovery:discover_packages(ignore) discover
[1.351s] Level 1:colcon.colcon_core.package_discovery:discover_packages(ignore) using defaults
[1.351s] Level 1:colcon.colcon_core.package_discovery:discover_packages(path) discover
[1.351s] Level 1:colcon.colcon_core.package_discovery:discover_packages(path) using defaults
[1.411s] Level 5:colcon.colcon_core.verb:set package 'f1tenth_gym_ros' build argument 'cmake_args' from command line to 'None'
[1.411s] Level 5:colcon.colcon_core.verb:set package 'f1tenth_gym_ros' build argument 'cmake_target' from command line to 'None'
[1.411s] Level 5:colcon.colcon_core.verb:set package 'f1tenth_gym_ros' build argument 'cmake_target_skip_unavailable' from command line to 'False'
[1.412s] Level 5:colcon.colcon_core.verb:set package 'f1tenth_gym_ros' build argument 'cmake_clean_cache' from command line to 'False'
[1.413s] Level 5:colcon.colcon_core.verb:set package 'f1tenth_gym_ros' build argument 'cmake_clean_first' from command line to 'False'
[1.414s] Level 5:colcon.colcon_core.verb:set package 'f1tenth_gym_ros' build argument 'cmake_force_configure' from command line to 'False'
[1.414s] Level 5:colcon.colcon_core.verb:set package 'f1tenth_gym_ros' build argument 'ament_cmake_args' from command line to 'None'
[1.414s] Level 5:colcon.colcon_core.verb:set package 'f1tenth_gym_ros' build argument 'catkin_cmake_args' from command line to 'None'
[1.415s] Level 5:colcon.colcon_core.verb:set package 'f1tenth_gym_ros' build argument 'catkin_skip_building_tests' from command line to 'False'
[1.415s] DEBUG:colcon.colcon_core.verb:Building package 'f1tenth_gym_ros' with the following arguments: {'ament_cmake_args': None, 'build_base': '/sim_ws/build/f1tenth_gym_ros', 'catkin_cmake_args': None, 'catkin_skip_building_tests': False, 'cmake_args': None, 'cmake_clean_cache': False, 'cmake_clean_first': False, 'cmake_force_configure': False, 'cmake_target': None, 'cmake_target_skip_unavailable': False, 'install_base': '/sim_ws/install/f1tenth_gym_ros', 'merge_install': False, 'path': '/sim_ws/src/f1tenth_gym_ros', 'symlink_install': False, 'test_result_base': None}
[1.418s] Level 5:colcon.colcon_core.verb:set package 'safety_node' build argument 'cmake_args' from command line to 'None'
[1.418s] Level 5:colcon.colcon_core.verb:set package 'safety_node' build argument 'cmake_target' from command line to 'None'
[1.419s] Level 5:colcon.colcon_core.verb:set package 'safety_node' build argument 'cmake_target_skip_unavailable' from command line to 'False'
[1.419s] Level 5:colcon.colcon_core.verb:set package 'safety_node' build argument 'cmake_clean_cache' from command line to 'False'
[1.419s] Level 5:colcon.colcon_core.verb:set package 'safety_node' build argument 'cmake_clean_first' from command line to 'False'
[1.419s] Level 5:colcon.colcon_core.verb:set package 'safety_node' build argument 'cmake_force_configure' from command line to 'False'
[1.420s] Level 5:colcon.colcon_core.verb:set package 'safety_node' build argument 'ament_cmake_args' from command line to 'None'
[1.420s] Level 5:colcon.colcon_core.verb:set package 'safety_node' build argument 'catkin_cmake_args' from command line to 'None'
[1.420s] Level 5:colcon.colcon_core.verb:set package 'safety_node' build argument 'catkin_skip_building_tests' from command line to 'False'
[1.420s] DEBUG:colcon.colcon_core.verb:Building package 'safety_node' with the following arguments: {'ament_cmake_args': None, 'build_base': '/sim_ws/build/safety_node', 'catkin_cmake_args': None, 'catkin_skip_building_tests': False, 'cmake_args': None, 'cmake_clean_cache': False, 'cmake_clean_first': False, 'cmake_force_configure': False, 'cmake_target': None, 'cmake_target_skip_unavailable': False, 'install_base': '/sim_ws/install/safety_node', 'merge_install': False, 'path': '/sim_ws/src/safety_node', 'symlink_install': False, 'test_result_base': None}
[1.423s] Level 5:colcon.colcon_core.verb:set package 'wall_follow' build argument 'cmake_args' from command line to 'None'
[1.424s] Level 5:colcon.colcon_core.verb:set package 'wall_follow' build argument 'cmake_target' from command line to 'None'
[1.424s] Level 5:colcon.colcon_core.verb:set package 'wall_follow' build argument 'cmake_target_skip_unavailable' from command line to 'False'
[1.424s] Level 5:colcon.colcon_core.verb:set package 'wall_follow' build argument 'cmake_clean_cache' from command line to 'False'
[1.425s] Level 5:colcon.colcon_core.verb:set package 'wall_follow' build argument 'cmake_clean_first' from command line to 'False'
[1.425s] Level 5:colcon.colcon_core.verb:set package 'wall_follow' build argument 'cmake_force_configure' from command line to 'False'
[1.425s] Level 5:colcon.colcon_core.verb:set package 'wall_follow' build argument 'ament_cmake_args' from command line to 'None'
[1.425s] Level 5:colcon.colcon_core.verb:set package 'wall_follow' build argument 'catkin_cmake_args' from command line to 'None'
[1.426s] Level 5:colcon.colcon_core.verb:set package 'wall_follow' build argument 'catkin_skip_building_tests' from command line to 'False'
[1.426s] DEBUG:colcon.colcon_core.verb:Building package 'wall_follow' with the following arguments: {'ament_cmake_args': None, 'build_base': '/sim_ws/build/wall_follow', 'catkin_cmake_args': None, 'catkin_skip_building_tests': False, 'cmake_args': None, 'cmake_clean_cache': False, 'cmake_clean_first': False, 'cmake_force_configure': False, 'cmake_target': None, 'cmake_target_skip_unavailable': False, 'install_base': '/sim_ws/install/wall_follow', 'merge_install': False, 'path': '/sim_ws/src/wall_follow', 'symlink_install': False, 'test_result_base': None}
[1.428s] INFO:colcon.colcon_core.executor:Executing jobs using 'parallel' executor
[1.445s] DEBUG:colcon.colcon_parallel_executor.executor.parallel:run_until_complete
[1.446s] INFO:colcon.colcon_ros.task.ament_python.build:Building ROS package in '/sim_ws/src/f1tenth_gym_ros' with build type 'ament_python'
[1.446s] Level 1:colcon.colcon_core.shell:create_environment_hook('f1tenth_gym_ros', 'ament_prefix_path')
[1.459s] INFO:colcon.colcon_core.plugin_system:Skipping extension 'colcon_core.shell.bat': Not used on non-Windows systems
[1.466s] INFO:colcon.colcon_core.shell:Creating environment hook '/sim_ws/install/f1tenth_gym_ros/share/f1tenth_gym_ros/hook/ament_prefix_path.ps1'
[1.470s] INFO:colcon.colcon_core.shell:Creating environment descriptor '/sim_ws/install/f1tenth_gym_ros/share/f1tenth_gym_ros/hook/ament_prefix_path.dsv'
[1.471s] INFO:colcon.colcon_core.shell:Creating environment hook '/sim_ws/install/f1tenth_gym_ros/share/f1tenth_gym_ros/hook/ament_prefix_path.sh'
[1.478s] INFO:colcon.colcon_core.shell:Skip shell extension 'powershell' for command environment: Not usable outside of PowerShell
[1.479s] DEBUG:colcon.colcon_core.shell:Skip shell extension 'dsv' for command environment
[1.522s] INFO:colcon.colcon_ros.task.ament_cmake.build:Building ROS package in '/sim_ws/src/safety_node' with build type 'ament_cmake'
[1.523s] INFO:colcon.colcon_cmake.task.cmake.build:Building CMake package in '/sim_ws/src/safety_node'
[1.528s] INFO:colcon.colcon_core.shell:Skip shell extension 'powershell' for command environment: Not usable outside of PowerShell
[1.529s] DEBUG:colcon.colcon_core.shell:Skip shell extension 'dsv' for command environment
[1.555s] INFO:colcon.colcon_ros.task.ament_cmake.build:Building ROS package in '/sim_ws/src/wall_follow' with build type 'ament_cmake'
[1.556s] INFO:colcon.colcon_cmake.task.cmake.build:Building CMake package in '/sim_ws/src/wall_follow'
[1.560s] INFO:colcon.colcon_core.shell:Skip shell extension 'powershell' for command environment: Not usable outside of PowerShell
[1.561s] DEBUG:colcon.colcon_core.shell:Skip shell extension 'dsv' for command environment
[2.332s] INFO:colcon.colcon_core.task.python.build:Building Python package in '/sim_ws/src/f1tenth_gym_ros'
[2.336s] INFO:colcon.colcon_core.shell:Skip shell extension 'powershell' for command environment: Not usable outside of PowerShell
[2.336s] DEBUG:colcon.colcon_core.shell:Skip shell extension 'dsv' for command environment
[2.368s] DEBUG:colcon.colcon_core.event_handler.log_command:Invoking command in '/sim_ws/build/safety_node': CMAKE_PREFIX_PATH=${CMAKE_PREFIX_PATH}:/sim_ws/install/f1tenth_gym_ros:/opt/ros/foxy /usr/bin/cmake --build /sim_ws/build/safety_node -- -j4 -l4
[2.403s] DEBUG:colcon.colcon_core.event_handler.log_command:Invoking command in '/sim_ws/build/wall_follow': CMAKE_PREFIX_PATH=${CMAKE_PREFIX_PATH}:/sim_ws/install/f1tenth_gym_ros:/opt/ros/foxy /usr/bin/cmake --build /sim_ws/build/wall_follow -- -j4 -l4
[2.802s] DEBUG:colcon.colcon_core.event_handler.log_command:Invoked command in '/sim_ws/build/safety_node' returned '0': CMAKE_PREFIX_PATH=${CMAKE_PREFIX_PATH}:/sim_ws/install/f1tenth_gym_ros:/opt/ros/foxy /usr/bin/cmake --build /sim_ws/build/safety_node -- -j4 -l4
[3.193s] DEBUG:colcon.colcon_core.event_handler.log_command:Invoking command in '/sim_ws/build/safety_node': CMAKE_PREFIX_PATH=${CMAKE_PREFIX_PATH}:/sim_ws/install/f1tenth_gym_ros:/opt/ros/foxy /usr/bin/cmake --install /sim_ws/build/safety_node
[3.319s] Level 1:colcon.colcon_core.environment:create_environment_scripts_only(safety_node)
[3.329s] DEBUG:colcon.colcon_core.event_handler.log_command:Invoked command in '/sim_ws/build/safety_node' returned '0': CMAKE_PREFIX_PATH=${CMAKE_PREFIX_PATH}:/sim_ws/install/f1tenth_gym_ros:/opt/ros/foxy /usr/bin/cmake --install /sim_ws/build/safety_node
[3.352s] Level 1:colcon.colcon_core.environment:checking '/sim_ws/install/safety_node' for CMake module files
[3.354s] Level 1:colcon.colcon_core.environment:checking '/sim_ws/install/safety_node' for CMake config files
[3.356s] Level 1:colcon.colcon_core.shell:create_environment_hook('safety_node', 'cmake_prefix_path')
[3.360s] INFO:colcon.colcon_core.shell:Creating environment hook '/sim_ws/install/safety_node/share/safety_node/hook/cmake_prefix_path.ps1'
[3.373s] INFO:colcon.colcon_core.shell:Creating environment descriptor '/sim_ws/install/safety_node/share/safety_node/hook/cmake_prefix_path.dsv'
[3.374s] INFO:colcon.colcon_core.shell:Creating environment hook '/sim_ws/install/safety_node/share/safety_node/hook/cmake_prefix_path.sh'
[3.380s] Level 1:colcon.colcon_core.environment:checking '/sim_ws/install/safety_node/lib'
[3.380s] Level 1:colcon.colcon_core.environment:checking '/sim_ws/install/safety_node/bin'
[3.381s] Level 1:colcon.colcon_core.environment:checking '/sim_ws/install/safety_node/lib/pkgconfig/safety_node.pc'
[3.382s] Level 1:colcon.colcon_core.environment:checking '/sim_ws/install/safety_node/lib/python3.8/site-packages'
[3.382s] Level 1:colcon.colcon_core.shell:create_environment_hook('safety_node', 'pythonpath')
[3.388s] INFO:colcon.colcon_core.shell:Creating environment hook '/sim_ws/install/safety_node/share/safety_node/hook/pythonpath.ps1'
[3.390s] INFO:colcon.colcon_core.shell:Creating environment descriptor '/sim_ws/install/safety_node/share/safety_node/hook/pythonpath.dsv'
[3.409s] INFO:colcon.colcon_core.shell:Creating environment hook '/sim_ws/install/safety_node/share/safety_node/hook/pythonpath.sh'
[3.413s] Level 1:colcon.colcon_core.environment:checking '/sim_ws/install/safety_node/bin'
[3.419s] INFO:colcon.colcon_core.shell:Creating package script '/sim_ws/install/safety_node/share/safety_node/package.ps1'
[3.422s] INFO:colcon.colcon_core.shell:Creating package descriptor '/sim_ws/install/safety_node/share/safety_node/package.dsv'
[3.425s] INFO:colcon.colcon_core.shell:Creating package script '/sim_ws/install/safety_node/share/safety_node/package.sh'
[3.429s] INFO:colcon.colcon_core.shell:Creating package script '/sim_ws/install/safety_node/share/safety_node/package.bash'
[3.433s] INFO:colcon.colcon_core.shell:Creating package script '/sim_ws/install/safety_node/share/safety_node/package.zsh'
[3.438s] Level 1:colcon.colcon_core.environment:create_file_with_runtime_dependencies(/sim_ws/install/safety_node/share/colcon-core/packages/safety_node)
[3.625s] Level 1:colcon.colcon_core.environment:create_environment_scripts_only(safety_node)
[3.654s] Level 1:colcon.colcon_core.environment:checking '/sim_ws/install/safety_node' for CMake module files
[3.656s] Level 1:colcon.colcon_core.environment:checking '/sim_ws/install/safety_node' for CMake config files
[3.660s] Level 1:colcon.colcon_core.shell:create_environment_hook('safety_node', 'cmake_prefix_path')
[3.666s] INFO:colcon.colcon_core.shell:Creating environment hook '/sim_ws/install/safety_node/share/safety_node/hook/cmake_prefix_path.ps1'
[3.686s] INFO:colcon.colcon_core.shell:Creating environment descriptor '/sim_ws/install/safety_node/share/safety_node/hook/cmake_prefix_path.dsv'
[3.688s] INFO:colcon.colcon_core.shell:Creating environment hook '/sim_ws/install/safety_node/share/safety_node/hook/cmake_prefix_path.sh'
[3.691s] Level 1:colcon.colcon_core.environment:checking '/sim_ws/install/safety_node/lib'
[3.699s] Level 1:colcon.colcon_core.environment:checking '/sim_ws/install/safety_node/bin'
[3.700s] Level 1:colcon.colcon_core.environment:checking '/sim_ws/install/safety_node/lib/pkgconfig/safety_node.pc'
[3.701s] Level 1:colcon.colcon_core.environment:checking '/sim_ws/install/safety_node/lib/python3.8/site-packages'
[3.701s] Level 1:colcon.colcon_core.shell:create_environment_hook('safety_node', 'pythonpath')
[3.704s] INFO:colcon.colcon_core.shell:Creating environment hook '/sim_ws/install/safety_node/share/safety_node/hook/pythonpath.ps1'
[3.706s] INFO:colcon.colcon_core.shell:Creating environment descriptor '/sim_ws/install/safety_node/share/safety_node/hook/pythonpath.dsv'
[3.707s] INFO:colcon.colcon_core.shell:Creating environment hook '/sim_ws/install/safety_node/share/safety_node/hook/pythonpath.sh'
[3.714s] Level 1:colcon.colcon_core.environment:checking '/sim_ws/install/safety_node/bin'
[3.718s] INFO:colcon.colcon_core.shell:Creating package script '/sim_ws/install/safety_node/share/safety_node/package.ps1'
[3.731s] INFO:colcon.colcon_core.shell:Creating package descriptor '/sim_ws/install/safety_node/share/safety_node/package.dsv'
[3.733s] INFO:colcon.colcon_core.shell:Creating package script '/sim_ws/install/safety_node/share/safety_node/package.sh'
[3.735s] INFO:colcon.colcon_core.shell:Creating package script '/sim_ws/install/safety_node/share/safety_node/package.bash'
[3.738s] INFO:colcon.colcon_core.shell:Creating package script '/sim_ws/install/safety_node/share/safety_node/package.zsh'
[3.740s] Level 1:colcon.colcon_core.environment:create_file_with_runtime_dependencies(/sim_ws/install/safety_node/share/colcon-core/packages/safety_node)
[4.316s] DEBUG:colcon.colcon_core.event_handler.log_command:Invoking command in '/sim_ws/src/f1tenth_gym_ros': PYTHONPATH=/sim_ws/build/f1tenth_gym_ros/prefix_override:/sim_ws/install/f1tenth_gym_ros/lib/python3.8/site-packages:${PYTHONPATH} /usr/bin/python3 setup.py egg_info --egg-base ../../build/f1tenth_gym_ros build --build-base /sim_ws/build/f1tenth_gym_ros/build install --record /sim_ws/build/f1tenth_gym_ros/install.log --install-scripts $base/lib/f1tenth_gym_ros --single-version-externally-managed
[5.710s] Level 1:colcon.colcon_core.environment:checking '/sim_ws/install/f1tenth_gym_ros' for CMake module files
[5.713s] Level 1:colcon.colcon_core.environment:checking '/sim_ws/install/f1tenth_gym_ros' for CMake config files
[5.711s] DEBUG:colcon.colcon_core.event_handler.log_command:Invoked command in '/sim_ws/src/f1tenth_gym_ros' returned '0': PYTHONPATH=/sim_ws/build/f1tenth_gym_ros/prefix_override:/sim_ws/install/f1tenth_gym_ros/lib/python3.8/site-packages:${PYTHONPATH} /usr/bin/python3 setup.py egg_info --egg-base ../../build/f1tenth_gym_ros build --build-base /sim_ws/build/f1tenth_gym_ros/build install --record /sim_ws/build/f1tenth_gym_ros/install.log --install-scripts $base/lib/f1tenth_gym_ros --single-version-externally-managed
[5.716s] Level 1:colcon.colcon_core.environment:checking '/sim_ws/install/f1tenth_gym_ros/lib'
[5.717s] Level 1:colcon.colcon_core.environment:checking '/sim_ws/install/f1tenth_gym_ros/bin'
[5.718s] Level 1:colcon.colcon_core.environment:checking '/sim_ws/install/f1tenth_gym_ros/lib/pkgconfig/f1tenth_gym_ros.pc'
[5.725s] Level 1:colcon.colcon_core.environment:checking '/sim_ws/install/f1tenth_gym_ros/lib/python3.8/site-packages'
[5.725s] Level 1:colcon.colcon_core.shell:create_environment_hook('f1tenth_gym_ros', 'pythonpath')
[5.738s] INFO:colcon.colcon_core.shell:Creating environment hook '/sim_ws/install/f1tenth_gym_ros/share/f1tenth_gym_ros/hook/pythonpath.ps1'
[5.750s] INFO:colcon.colcon_core.shell:Creating environment descriptor '/sim_ws/install/f1tenth_gym_ros/share/f1tenth_gym_ros/hook/pythonpath.dsv'
[5.754s] INFO:colcon.colcon_core.shell:Creating environment hook '/sim_ws/install/f1tenth_gym_ros/share/f1tenth_gym_ros/hook/pythonpath.sh'
[5.757s] Level 1:colcon.colcon_core.environment:checking '/sim_ws/install/f1tenth_gym_ros/bin'
[5.757s] Level 1:colcon.colcon_core.environment:create_environment_scripts_only(f1tenth_gym_ros)
[5.761s] INFO:colcon.colcon_core.shell:Creating package script '/sim_ws/install/f1tenth_gym_ros/share/f1tenth_gym_ros/package.ps1'
[5.763s] INFO:colcon.colcon_core.shell:Creating package descriptor '/sim_ws/install/f1tenth_gym_ros/share/f1tenth_gym_ros/package.dsv'
[5.765s] INFO:colcon.colcon_core.shell:Creating package script '/sim_ws/install/f1tenth_gym_ros/share/f1tenth_gym_ros/package.sh'
[5.767s] INFO:colcon.colcon_core.shell:Creating package script '/sim_ws/install/f1tenth_gym_ros/share/f1tenth_gym_ros/package.bash'
[5.768s] INFO:colcon.colcon_core.shell:Creating package script '/sim_ws/install/f1tenth_gym_ros/share/f1tenth_gym_ros/package.zsh'
[5.769s] Level 1:colcon.colcon_core.environment:create_file_with_runtime_dependencies(/sim_ws/install/f1tenth_gym_ros/share/colcon-core/packages/f1tenth_gym_ros)
[23.386s] DEBUG:colcon.colcon_core.event_handler.log_command:Invoked command in '/sim_ws/build/wall_follow' returned '0': CMAKE_PREFIX_PATH=${CMAKE_PREFIX_PATH}:/sim_ws/install/f1tenth_gym_ros:/opt/ros/foxy /usr/bin/cmake --build /sim_ws/build/wall_follow -- -j4 -l4
[23.533s] DEBUG:colcon.colcon_core.event_handler.log_command:Invoking command in '/sim_ws/build/wall_follow': CMAKE_PREFIX_PATH=${CMAKE_PREFIX_PATH}:/sim_ws/install/f1tenth_gym_ros:/opt/ros/foxy /usr/bin/cmake --install /sim_ws/build/wall_follow
[23.664s] Level 1:colcon.colcon_core.environment:create_environment_scripts_only(wall_follow)
[23.673s] DEBUG:colcon.colcon_core.event_handler.log_command:Invoked command in '/sim_ws/build/wall_follow' returned '0': CMAKE_PREFIX_PATH=${CMAKE_PREFIX_PATH}:/sim_ws/install/f1tenth_gym_ros:/opt/ros/foxy /usr/bin/cmake --install /sim_ws/build/wall_follow
[23.758s] Level 1:colcon.colcon_core.environment:checking '/sim_ws/install/wall_follow' for CMake module files
[23.760s] Level 1:colcon.colcon_core.environment:checking '/sim_ws/install/wall_follow' for CMake config files
[23.799s] Level 1:colcon.colcon_core.shell:create_environment_hook('wall_follow', 'cmake_prefix_path')
[23.803s] INFO:colcon.colcon_core.shell:Creating environment hook '/sim_ws/install/wall_follow/share/wall_follow/hook/cmake_prefix_path.ps1'
[23.835s] INFO:colcon.colcon_core.shell:Creating environment descriptor '/sim_ws/install/wall_follow/share/wall_follow/hook/cmake_prefix_path.dsv'
[23.836s] INFO:colcon.colcon_core.shell:Creating environment hook '/sim_ws/install/wall_follow/share/wall_follow/hook/cmake_prefix_path.sh'
[23.839s] Level 1:colcon.colcon_core.environment:checking '/sim_ws/install/wall_follow/lib'
[23.839s] Level 1:colcon.colcon_core.environment:checking '/sim_ws/install/wall_follow/bin'
[23.840s] Level 1:colcon.colcon_core.environment:checking '/sim_ws/install/wall_follow/lib/pkgconfig/wall_follow.pc'
[23.841s] Level 1:colcon.colcon_core.environment:checking '/sim_ws/install/wall_follow/lib/python3.8/site-packages'
[23.841s] Level 1:colcon.colcon_core.shell:create_environment_hook('wall_follow', 'pythonpath')
[23.848s] INFO:colcon.colcon_core.shell:Creating environment hook '/sim_ws/install/wall_follow/share/wall_follow/hook/pythonpath.ps1'
[23.852s] INFO:colcon.colcon_core.shell:Creating environment descriptor '/sim_ws/install/wall_follow/share/wall_follow/hook/pythonpath.dsv'
[23.853s] INFO:colcon.colcon_core.shell:Creating environment hook '/sim_ws/install/wall_follow/share/wall_follow/hook/pythonpath.sh'
[23.855s] Level 1:colcon.colcon_core.environment:checking '/sim_ws/install/wall_follow/bin'
[23.864s] INFO:colcon.colcon_core.shell:Creating package script '/sim_ws/install/wall_follow/share/wall_follow/package.ps1'
[23.866s] INFO:colcon.colcon_core.shell:Creating package descriptor '/sim_ws/install/wall_follow/share/wall_follow/package.dsv'
[23.870s] INFO:colcon.colcon_core.shell:Creating package script '/sim_ws/install/wall_follow/share/wall_follow/package.sh'
[23.873s] INFO:colcon.colcon_core.shell:Creating package script '/sim_ws/install/wall_follow/share/wall_follow/package.bash'
[23.874s] INFO:colcon.colcon_core.shell:Creating package script '/sim_ws/install/wall_follow/share/wall_follow/package.zsh'
[23.879s] Level 1:colcon.colcon_core.environment:create_file_with_runtime_dependencies(/sim_ws/install/wall_follow/share/colcon-core/packages/wall_follow)
[24.272s] Level 1:colcon.colcon_core.environment:create_environment_scripts_only(wall_follow)
[24.278s] Level 1:colcon.colcon_core.environment:checking '/sim_ws/install/wall_follow' for CMake module files
[24.279s] Level 1:colcon.colcon_core.environment:checking '/sim_ws/install/wall_follow' for CMake config files
[24.281s] Level 1:colcon.colcon_core.shell:create_environment_hook('wall_follow', 'cmake_prefix_path')
[24.285s] INFO:colcon.colcon_core.shell:Creating environment hook '/sim_ws/install/wall_follow/share/wall_follow/hook/cmake_prefix_path.ps1'
[24.287s] INFO:colcon.colcon_core.shell:Creating environment descriptor '/sim_ws/install/wall_follow/share/wall_follow/hook/cmake_prefix_path.dsv'
[24.288s] INFO:colcon.colcon_core.shell:Creating environment hook '/sim_ws/install/wall_follow/share/wall_follow/hook/cmake_prefix_path.sh'
[24.290s] Level 1:colcon.colcon_core.environment:checking '/sim_ws/install/wall_follow/lib'
[24.290s] Level 1:colcon.colcon_core.environment:checking '/sim_ws/install/wall_follow/bin'
[24.291s] Level 1:colcon.colcon_core.environment:checking '/sim_ws/install/wall_follow/lib/pkgconfig/wall_follow.pc'
[24.291s] Level 1:colcon.colcon_core.environment:checking '/sim_ws/install/wall_follow/lib/python3.8/site-packages'
[24.292s] Level 1:colcon.colcon_core.shell:create_environment_hook('wall_follow', 'pythonpath')
[24.295s] INFO:colcon.colcon_core.shell:Creating environment hook '/sim_ws/install/wall_follow/share/wall_follow/hook/pythonpath.ps1'
[24.297s] INFO:colcon.colcon_core.shell:Creating environment descriptor '/sim_ws/install/wall_follow/share/wall_follow/hook/pythonpath.dsv'
[24.299s] INFO:colcon.colcon_core.shell:Creating environment hook '/sim_ws/install/wall_follow/share/wall_follow/hook/pythonpath.sh'
[24.301s] Level 1:colcon.colcon_core.environment:checking '/sim_ws/install/wall_follow/bin'
[24.309s] INFO:colcon.colcon_core.shell:Creating package script '/sim_ws/install/wall_follow/share/wall_follow/package.ps1'
[24.312s] INFO:colcon.colcon_core.shell:Creating package descriptor '/sim_ws/install/wall_follow/share/wall_follow/package.dsv'
[24.313s] INFO:colcon.colcon_core.shell:Creating package script '/sim_ws/install/wall_follow/share/wall_follow/package.sh'
[24.315s] INFO:colcon.colcon_core.shell:Creating package script '/sim_ws/install/wall_follow/share/wall_follow/package.bash'
[24.316s] INFO:colcon.colcon_core.shell:Creating package script '/sim_ws/install/wall_follow/share/wall_follow/package.zsh'
[24.317s] Level 1:colcon.colcon_core.environment:create_file_with_runtime_dependencies(/sim_ws/install/wall_follow/share/colcon-core/packages/wall_follow)
[24.320s] DEBUG:colcon.colcon_parallel_executor.executor.parallel:closing loop
[24.321s] DEBUG:colcon.colcon_parallel_executor.executor.parallel:loop closed
[24.322s] DEBUG:colcon.colcon_parallel_executor.executor.parallel:run_until_complete finished with '0'
[24.322s] DEBUG:colcon.colcon_core.event_reactor:joining thread
[24.340s] INFO:colcon.colcon_core.plugin_system:Skipping extension 'colcon_notification.desktop_notification.notify_send': Could not find 'notify-send'
[24.340s] INFO:colcon.colcon_core.plugin_system:Skipping extension 'colcon_notification.desktop_notification.terminal_notifier': Not used on non-Darwin systems
[24.341s] INFO:colcon.colcon_core.plugin_system:Skipping extension 'colcon_notification.desktop_notification.win32': Not used on non-Windows systems
[24.341s] INFO:colcon.colcon_notification.desktop_notification:Sending desktop notification using 'notify2'
[24.347s] DEBUG:colcon.colcon_notification.desktop_notification.notify2:Failed to initialize notify2: org.freedesktop.DBus.Error.Spawn.ExecFailed: /usr/bin/dbus-launch terminated abnormally without any error message
[24.348s] DEBUG:colcon.colcon_core.event_reactor:joined thread
[24.353s] INFO:colcon.colcon_core.shell:Creating prefix script '/sim_ws/install/local_setup.ps1'
[24.357s] INFO:colcon.colcon_core.shell:Creating prefix util module '/sim_ws/install/_local_setup_util_ps1.py'
[24.363s] INFO:colcon.colcon_core.shell:Creating prefix chain script '/sim_ws/install/setup.ps1'
[24.371s] INFO:colcon.colcon_core.shell:Creating prefix script '/sim_ws/install/local_setup.sh'
[24.373s] INFO:colcon.colcon_core.shell:Creating prefix util module '/sim_ws/install/_local_setup_util_sh.py'
[24.375s] INFO:colcon.colcon_core.shell:Creating prefix chain script '/sim_ws/install/setup.sh'
[24.379s] INFO:colcon.colcon_core.shell:Creating prefix script '/sim_ws/install/local_setup.bash'
[24.381s] INFO:colcon.colcon_core.shell:Creating prefix chain script '/sim_ws/install/setup.bash'
[24.386s] INFO:colcon.colcon_core.shell:Creating prefix script '/sim_ws/install/local_setup.zsh'
[24.388s] INFO:colcon.colcon_core.shell:Creating prefix chain script '/sim_ws/install/setup.zsh'
