[0.920s] Invoking command in '/sim_ws/build/safety_node': CMAKE_PREFIX_PATH=${CMAKE_PREFIX_PATH}:/sim_ws/install/f1tenth_gym_ros:/opt/ros/foxy /usr/bin/cmake --build /sim_ws/build/safety_node -- -j4 -l4
[1.172s] [100%] Built target safety_node
[1.243s] Invoked command in '/sim_ws/build/safety_node' returned '0': CMAKE_PREFIX_PATH=${CMAKE_PREFIX_PATH}:/sim_ws/install/f1tenth_gym_ros:/opt/ros/foxy /usr/bin/cmake --build /sim_ws/build/safety_node -- -j4 -l4
[1.679s] Invoking command in '/sim_ws/build/safety_node': CMAKE_PREFIX_PATH=${CMAKE_PREFIX_PATH}:/sim_ws/install/f1tenth_gym_ros:/opt/ros/foxy /usr/bin/cmake --install /sim_ws/build/safety_node
[1.746s] -- Install configuration: ""
[1.751s] -- Up-to-date: /sim_ws/install/safety_node/lib/safety_node/safety_node
[1.751s] -- Up-to-date: /sim_ws/install/safety_node/share/safety_node/environment/pythonpath.sh
[1.751s] -- Up-to-date: /sim_ws/install/safety_node/share/safety_node/environment/pythonpath.dsv
[1.752s] -- Up-to-date: /sim_ws/install/safety_node/lib/python3.8/site-packages/safety_node
[1.752s] -- Up-to-date: /sim_ws/install/safety_node/lib/python3.8/site-packages/safety_node/__init__.py
[1.920s] Listing '/sim_ws/install/safety_node/lib/python3.8/site-packages/safety_node'...
[1.929s] -- Up-to-date: /sim_ws/install/safety_node/lib/safety_node/safety_node.py
[1.930s] -- Up-to-date: /sim_ws/install/safety_node/share/ament_index/resource_index/package_run_dependencies/safety_node
[1.930s] -- Up-to-date: /sim_ws/install/safety_node/share/ament_index/resource_index/parent_prefix_path/safety_node
[1.931s] -- Up-to-date: /sim_ws/install/safety_node/share/safety_node/environment/ament_prefix_path.sh
[1.932s] -- Up-to-date: /sim_ws/install/safety_node/share/safety_node/environment/ament_prefix_path.dsv
[1.932s] -- Up-to-date: /sim_ws/install/safety_node/share/safety_node/environment/path.sh
[1.932s] -- Up-to-date: /sim_ws/install/safety_node/share/safety_node/environment/path.dsv
[1.933s] -- Up-to-date: /sim_ws/install/safety_node/share/safety_node/local_setup.bash
[1.933s] -- Up-to-date: /sim_ws/install/safety_node/share/safety_node/local_setup.sh
[1.938s] -- Up-to-date: /sim_ws/install/safety_node/share/safety_node/local_setup.zsh
[1.939s] -- Up-to-date: /sim_ws/install/safety_node/share/safety_node/local_setup.dsv
[1.939s] -- Installing: /sim_ws/install/safety_node/share/safety_node/package.dsv
[1.941s] -- Up-to-date: /sim_ws/install/safety_node/share/ament_index/resource_index/packages/safety_node
[1.942s] -- Up-to-date: /sim_ws/install/safety_node/share/safety_node/cmake/safety_nodeConfig.cmake
[1.942s] -- Up-to-date: /sim_ws/install/safety_node/share/safety_node/cmake/safety_nodeConfig-version.cmake
[1.942s] -- Up-to-date: /sim_ws/install/safety_node/share/safety_node/package.xml
[1.970s] Invoked command in '/sim_ws/build/safety_node' returned '0': CMAKE_PREFIX_PATH=${CMAKE_PREFIX_PATH}:/sim_ws/install/f1tenth_gym_ros:/opt/ros/foxy /usr/bin/cmake --install /sim_ws/build/safety_node
