[0.424s] Invoking command in '/sim_ws/build/safety_node': CMAKE_PREFIX_PATH=${CMAKE_PREFIX_PATH}:/sim_ws/install/f1tenth_gym_ros:/opt/ros/foxy /usr/bin/cmake --build /sim_ws/build/safety_node -- -j4 -l4
[0.589s] [100%] Built target safety_node
[0.613s] Invoked command in '/sim_ws/build/safety_node' returned '0': CMAKE_PREFIX_PATH=${CMAKE_PREFIX_PATH}:/sim_ws/install/f1tenth_gym_ros:/opt/ros/foxy /usr/bin/cmake --build /sim_ws/build/safety_node -- -j4 -l4
[0.737s] Invoking command in '/sim_ws/build/safety_node': CMAKE_PREFIX_PATH=${CMAKE_PREFIX_PATH}:/sim_ws/install/f1tenth_gym_ros:/opt/ros/foxy /usr/bin/cmake --install /sim_ws/build/safety_node
[0.809s] -- Install configuration: ""
[0.809s] -- Up-to-date: /sim_ws/install/safety_node/lib/safety_node/safety_node
[0.810s] -- Up-to-date: /sim_ws/install/safety_node/share/ament_index/resource_index/package_run_dependencies/safety_node
[0.812s] -- Up-to-date: /sim_ws/install/safety_node/share/ament_index/resource_index/parent_prefix_path/safety_node
[0.813s] -- Up-to-date: /sim_ws/install/safety_node/share/safety_node/environment/ament_prefix_path.sh
[0.814s] -- Up-to-date: /sim_ws/install/safety_node/share/safety_node/environment/ament_prefix_path.dsv
[0.815s] -- Up-to-date: /sim_ws/install/safety_node/share/safety_node/environment/path.sh
[0.817s] -- Up-to-date: /sim_ws/install/safety_node/share/safety_node/environment/path.dsv
[0.818s] -- Up-to-date: /sim_ws/install/safety_node/share/safety_node/local_setup.bash
[0.819s] -- Up-to-date: /sim_ws/install/safety_node/share/safety_node/local_setup.sh
[0.819s] -- Up-to-date: /sim_ws/install/safety_node/share/safety_node/local_setup.zsh
[0.820s] -- Up-to-date: /sim_ws/install/safety_node/share/safety_node/local_setup.dsv
[0.820s] -- Installing: /sim_ws/install/safety_node/share/safety_node/package.dsv
[0.822s] -- Up-to-date: /sim_ws/install/safety_node/share/ament_index/resource_index/packages/safety_node
[0.823s] -- Up-to-date: /sim_ws/install/safety_node/share/safety_node/cmake/safety_nodeConfig.cmake
[0.823s] -- Up-to-date: /sim_ws/install/safety_node/share/safety_node/cmake/safety_nodeConfig-version.cmake
[0.823s] -- Up-to-date: /sim_ws/install/safety_node/share/safety_node/package.xml
[0.835s] Invoked command in '/sim_ws/build/safety_node' returned '0': CMAKE_PREFIX_PATH=${CMAKE_PREFIX_PATH}:/sim_ws/install/f1tenth_gym_ros:/opt/ros/foxy /usr/bin/cmake --install /sim_ws/build/safety_node
