[0.347s] Invoking command in '/sim_ws/build/safety_node': CMAKE_PREFIX_PATH=${CMAKE_PREFIX_PATH}:/sim_ws/install/f1tenth_gym_ros:/opt/ros/foxy /usr/bin/cmake --build /sim_ws/build/safety_node -- -j4 -l4
[0.459s] [35m[1mScanning dependencies of target safety_node[0m
[0.530s] [ 50%] [32mBuilding CXX object CMakeFiles/safety_node.dir/src/safety_node.cpp.o[0m
[11.131s] [100%] [32m[1mLinking CXX executable safety_node[0m
[11.749s] [100%] Built target safety_node
[11.782s] Invoked command in '/sim_ws/build/safety_node' returned '0': CMAKE_PREFIX_PATH=${CMAKE_PREFIX_PATH}:/sim_ws/install/f1tenth_gym_ros:/opt/ros/foxy /usr/bin/cmake --build /sim_ws/build/safety_node -- -j4 -l4
[11.836s] Invoking command in '/sim_ws/build/safety_node': CMAKE_PREFIX_PATH=${CMAKE_PREFIX_PATH}:/sim_ws/install/f1tenth_gym_ros:/opt/ros/foxy /usr/bin/cmake --install /sim_ws/build/safety_node
[11.851s] -- Install configuration: ""
[11.851s] -- Installing: /sim_ws/install/safety_node/lib/safety_node/safety_node
[11.856s] -- Set runtime path of "/sim_ws/install/safety_node/lib/safety_node/safety_node" to ""
[11.857s] -- Up-to-date: /sim_ws/install/safety_node/share/safety_node/environment/pythonpath.sh
[11.857s] -- Up-to-date: /sim_ws/install/safety_node/share/safety_node/environment/pythonpath.dsv
[11.857s] -- Up-to-date: /sim_ws/install/safety_node/lib/python3.8/site-packages/safety_node
[11.857s] -- Up-to-date: /sim_ws/install/safety_node/lib/python3.8/site-packages/safety_node/__init__.py
[11.897s] Listing '/sim_ws/install/safety_node/lib/python3.8/site-packages/safety_node'...
[11.903s] -- Up-to-date: /sim_ws/install/safety_node/lib/safety_node/safety_node.py
[11.904s] -- Up-to-date: /sim_ws/install/safety_node/share/ament_index/resource_index/package_run_dependencies/safety_node
[11.904s] -- Up-to-date: /sim_ws/install/safety_node/share/ament_index/resource_index/parent_prefix_path/safety_node
[11.905s] -- Up-to-date: /sim_ws/install/safety_node/share/safety_node/environment/ament_prefix_path.sh
[11.906s] -- Up-to-date: /sim_ws/install/safety_node/share/safety_node/environment/ament_prefix_path.dsv
[11.906s] -- Up-to-date: /sim_ws/install/safety_node/share/safety_node/environment/path.sh
[11.906s] -- Up-to-date: /sim_ws/install/safety_node/share/safety_node/environment/path.dsv
[11.906s] -- Up-to-date: /sim_ws/install/safety_node/share/safety_node/local_setup.bash
[11.907s] -- Up-to-date: /sim_ws/install/safety_node/share/safety_node/local_setup.sh
[11.907s] -- Up-to-date: /sim_ws/install/safety_node/share/safety_node/local_setup.zsh
[11.907s] -- Up-to-date: /sim_ws/install/safety_node/share/safety_node/local_setup.dsv
[11.907s] -- Installing: /sim_ws/install/safety_node/share/safety_node/package.dsv
[11.908s] -- Up-to-date: /sim_ws/install/safety_node/share/ament_index/resource_index/packages/safety_node
[11.908s] -- Up-to-date: /sim_ws/install/safety_node/share/safety_node/cmake/safety_nodeConfig.cmake
[11.908s] -- Up-to-date: /sim_ws/install/safety_node/share/safety_node/cmake/safety_nodeConfig-version.cmake
[11.909s] -- Up-to-date: /sim_ws/install/safety_node/share/safety_node/package.xml
[11.915s] Invoked command in '/sim_ws/build/safety_node' returned '0': CMAKE_PREFIX_PATH=${CMAKE_PREFIX_PATH}:/sim_ws/install/f1tenth_gym_ros:/opt/ros/foxy /usr/bin/cmake --install /sim_ws/build/safety_node
