[0.805s] Invoking command in '/sim_ws/build/wall_follow': CMAKE_PREFIX_PATH=${CMAKE_PREFIX_PATH}:/sim_ws/install/f1tenth_gym_ros:/opt/ros/foxy /usr/bin/cmake --build /sim_ws/build/wall_follow -- -j4 -l4
[1.061s] [35m[1mScanning dependencies of target wall_follow_node[0m
[1.172s] [ 50%] [32mBuilding CXX object CMakeFiles/wall_follow_node.dir/src/wall_follow_node.cpp.o[0m
[19.791s] [100%] [32m[1mLinking CXX executable wall_follow_node[0m
[20.871s] [100%] Built target wall_follow_node
[21.012s] Invoked command in '/sim_ws/build/wall_follow' returned '0': CMAKE_PREFIX_PATH=${CMAKE_PREFIX_PATH}:/sim_ws/install/f1tenth_gym_ros:/opt/ros/foxy /usr/bin/cmake --build /sim_ws/build/wall_follow -- -j4 -l4
[21.213s] Invoking command in '/sim_ws/build/wall_follow': CMAKE_PREFIX_PATH=${CMAKE_PREFIX_PATH}:/sim_ws/install/f1tenth_gym_ros:/opt/ros/foxy /usr/bin/cmake --install /sim_ws/build/wall_follow
[21.235s] -- Install configuration: ""
[21.236s] -- Installing: /sim_ws/install/wall_follow/lib/wall_follow/wall_follow_node
[21.241s] -- Set runtime path of "/sim_ws/install/wall_follow/lib/wall_follow/wall_follow_node" to ""
[21.242s] -- Up-to-date: /sim_ws/install/wall_follow/share/ament_index/resource_index/package_run_dependencies/wall_follow
[21.242s] -- Up-to-date: /sim_ws/install/wall_follow/share/ament_index/resource_index/parent_prefix_path/wall_follow
[21.243s] -- Up-to-date: /sim_ws/install/wall_follow/share/wall_follow/environment/ament_prefix_path.sh
[21.243s] -- Installing: /sim_ws/install/wall_follow/share/wall_follow/environment/ament_prefix_path.dsv
[21.243s] -- Up-to-date: /sim_ws/install/wall_follow/share/wall_follow/environment/path.sh
[21.243s] -- Installing: /sim_ws/install/wall_follow/share/wall_follow/environment/path.dsv
[21.256s] -- Up-to-date: /sim_ws/install/wall_follow/share/wall_follow/local_setup.bash
[21.256s] -- Installing: /sim_ws/install/wall_follow/share/wall_follow/local_setup.sh
[21.256s] -- Up-to-date: /sim_ws/install/wall_follow/share/wall_follow/local_setup.zsh
[21.258s] -- Installing: /sim_ws/install/wall_follow/share/wall_follow/local_setup.dsv
[21.258s] -- Installing: /sim_ws/install/wall_follow/share/wall_follow/package.dsv
[21.258s] -- Up-to-date: /sim_ws/install/wall_follow/share/ament_index/resource_index/packages/wall_follow
[21.258s] -- Up-to-date: /sim_ws/install/wall_follow/share/wall_follow/cmake/wall_followConfig.cmake
[21.259s] -- Up-to-date: /sim_ws/install/wall_follow/share/wall_follow/cmake/wall_followConfig-version.cmake
[21.259s] -- Installing: /sim_ws/install/wall_follow/share/wall_follow/package.xml
[21.259s] -- Installing: /sim_ws/install/wall_follow/share/wall_follow//launch
[21.259s] -- Installing: /sim_ws/install/wall_follow/share/wall_follow//launch/wall_follow_launch.py
[21.260s] Invoked command in '/sim_ws/build/wall_follow' returned '0': CMAKE_PREFIX_PATH=${CMAKE_PREFIX_PATH}:/sim_ws/install/f1tenth_gym_ros:/opt/ros/foxy /usr/bin/cmake --install /sim_ws/build/wall_follow
