[0.885s] Invoking command in '/sim_ws/build/wall_follow': CMAKE_PREFIX_PATH=${CMAKE_PREFIX_PATH}:/sim_ws/install/f1tenth_gym_ros:/opt/ros/foxy /usr/bin/cmake --build /sim_ws/build/wall_follow -- -j4 -l4
[1.192s] [35m[1mScanning dependencies of target wall_follow_node[0m
[1.454s] [ 50%] [32mBuilding CXX object CMakeFiles/wall_follow_node.dir/src/wall_follow_node.cpp.o[0m
[17.238s] [100%] [32m[1mLinking CXX executable wall_follow_node[0m
[18.060s] [100%] Built target wall_follow_node
[18.108s] Invoked command in '/sim_ws/build/wall_follow' returned '0': CMAKE_PREFIX_PATH=${CMAKE_PREFIX_PATH}:/sim_ws/install/f1tenth_gym_ros:/opt/ros/foxy /usr/bin/cmake --build /sim_ws/build/wall_follow -- -j4 -l4
[18.231s] Invoking command in '/sim_ws/build/wall_follow': CMAKE_PREFIX_PATH=${CMAKE_PREFIX_PATH}:/sim_ws/install/f1tenth_gym_ros:/opt/ros/foxy /usr/bin/cmake --install /sim_ws/build/wall_follow
[18.266s] -- Install configuration: ""
[18.267s] -- Installing: /sim_ws/install/wall_follow/lib/wall_follow/wall_follow_node
[18.274s] -- Set runtime path of "/sim_ws/install/wall_follow/lib/wall_follow/wall_follow_node" to ""
[18.275s] -- Up-to-date: /sim_ws/install/wall_follow/share/ament_index/resource_index/package_run_dependencies/wall_follow
[18.275s] -- Up-to-date: /sim_ws/install/wall_follow/share/ament_index/resource_index/parent_prefix_path/wall_follow
[18.275s] -- Up-to-date: /sim_ws/install/wall_follow/share/wall_follow/environment/ament_prefix_path.sh
[18.275s] -- Up-to-date: /sim_ws/install/wall_follow/share/wall_follow/environment/ament_prefix_path.dsv
[18.275s] -- Up-to-date: /sim_ws/install/wall_follow/share/wall_follow/environment/path.sh
[18.276s] -- Up-to-date: /sim_ws/install/wall_follow/share/wall_follow/environment/path.dsv
[18.276s] -- Up-to-date: /sim_ws/install/wall_follow/share/wall_follow/local_setup.bash
[18.276s] -- Up-to-date: /sim_ws/install/wall_follow/share/wall_follow/local_setup.sh
[18.276s] -- Up-to-date: /sim_ws/install/wall_follow/share/wall_follow/local_setup.zsh
[18.277s] -- Up-to-date: /sim_ws/install/wall_follow/share/wall_follow/local_setup.dsv
[18.277s] -- Installing: /sim_ws/install/wall_follow/share/wall_follow/package.dsv
[18.278s] -- Up-to-date: /sim_ws/install/wall_follow/share/ament_index/resource_index/packages/wall_follow
[18.278s] -- Up-to-date: /sim_ws/install/wall_follow/share/wall_follow/cmake/wall_followConfig.cmake
[18.278s] -- Up-to-date: /sim_ws/install/wall_follow/share/wall_follow/cmake/wall_followConfig-version.cmake
[18.278s] -- Up-to-date: /sim_ws/install/wall_follow/share/wall_follow/package.xml
[18.278s] -- Up-to-date: /sim_ws/install/wall_follow/share/wall_follow//launch
[18.279s] -- Up-to-date: /sim_ws/install/wall_follow/share/wall_follow//launch/wall_follow_launch.py
[18.290s] Invoked command in '/sim_ws/build/wall_follow' returned '0': CMAKE_PREFIX_PATH=${CMAKE_PREFIX_PATH}:/sim_ws/install/f1tenth_gym_ros:/opt/ros/foxy /usr/bin/cmake --install /sim_ws/build/wall_follow
