[1.847s] Invoking command in '/sim_ws/build/safety_node': CMAKE_PREFIX_PATH=/sim_ws/install/f1tenth_gym_ros:/opt/ros/foxy /usr/bin/cmake --build /sim_ws/build/safety_node -- -j4 -l4
[2.371s] [35m[1mScanning dependencies of target safety_node[0m
[2.590s] [ 50%] [32mBuilding CXX object CMakeFiles/safety_node.dir/src/safety_node.cpp.o[0m
[8.893s] [01m[K/sim_ws/src/safety_node/src/safety_node.cpp:[m[K In member function ‘[01m[Kvoid Safety::drive_callback(nav_msgs::msg::Odometry_<std::allocator<void> >::ConstSharedPtr)[m[K’:
[8.893s] [01m[K/sim_ws/src/safety_node/src/safety_node.cpp:41:71:[m[K [01;35m[Kwarning: [m[Kunused parameter ‘[01m[Kmsg[m[K’ [[01;35m[K-Wunused-parameter[m[K]
[8.894s]    41 |     void drive_callback([01;35m[Kconst nav_msgs::msg::Odometry::ConstSharedPtr msg[m[K)
[8.894s]       |                         [01;35m[K~~~~~~~~~~~~~~~~~~~~~~~~~~~~~~~~~~~~~~~~~~~~~~^~~[m[K
[8.895s] [01m[K/sim_ws/src/safety_node/src/safety_node.cpp:[m[K In member function ‘[01m[Kvoid Safety::scan_callback(sensor_msgs::msg::LaserScan_<std::allocator<void> >::ConstSharedPtr)[m[K’:
[8.896s] [01m[K/sim_ws/src/safety_node/src/safety_node.cpp:47:74:[m[K [01;35m[Kwarning: [m[Kunused parameter ‘[01m[Kscan_msg[m[K’ [[01;35m[K-Wunused-parameter[m[K]
[8.900s]    47 |     void scan_callback([01;35m[Kconst sensor_msgs::msg::LaserScan::ConstSharedPtr scan_msg[m[K)
[8.901s]       |                        [01;35m[K~~~~~~~~~~~~~~~~~~~~~~~~~~~~~~~~~~~~~~~~~~~~~~~~~~^~~~~~~~[m[K
[32.723s] [100%] [32m[1mLinking CXX executable safety_node[0m
[33.883s] [100%] Built target safety_node
[33.914s] Invoked command in '/sim_ws/build/safety_node' returned '0': CMAKE_PREFIX_PATH=/sim_ws/install/f1tenth_gym_ros:/opt/ros/foxy /usr/bin/cmake --build /sim_ws/build/safety_node -- -j4 -l4
[34.089s] Invoking command in '/sim_ws/build/safety_node': CMAKE_PREFIX_PATH=/sim_ws/install/f1tenth_gym_ros:/opt/ros/foxy /usr/bin/cmake --install /sim_ws/build/safety_node
[34.121s] -- Install configuration: ""
[34.124s] -- Installing: /sim_ws/install/safety_node/lib/safety_node/safety_node
[34.129s] -- Set runtime path of "/sim_ws/install/safety_node/lib/safety_node/safety_node" to ""
[34.130s] -- Up-to-date: /sim_ws/install/safety_node/share/safety_node/environment/pythonpath.sh
[34.130s] -- Up-to-date: /sim_ws/install/safety_node/share/safety_node/environment/pythonpath.dsv
[34.130s] -- Up-to-date: /sim_ws/install/safety_node/lib/python3.8/site-packages/safety_node
[34.130s] -- Up-to-date: /sim_ws/install/safety_node/lib/python3.8/site-packages/safety_node/__init__.py
[34.287s] Listing '/sim_ws/install/safety_node/lib/python3.8/site-packages/safety_node'...
[34.295s] -- Installing: /sim_ws/install/safety_node/lib/safety_node/safety_node.py
[34.297s] -- Up-to-date: /sim_ws/install/safety_node/share/ament_index/resource_index/package_run_dependencies/safety_node
[34.298s] -- Up-to-date: /sim_ws/install/safety_node/share/ament_index/resource_index/parent_prefix_path/safety_node
[34.300s] -- Up-to-date: /sim_ws/install/safety_node/share/safety_node/environment/ament_prefix_path.sh
[34.301s] -- Up-to-date: /sim_ws/install/safety_node/share/safety_node/environment/ament_prefix_path.dsv
[34.304s] -- Up-to-date: /sim_ws/install/safety_node/share/safety_node/environment/path.sh
[34.306s] -- Up-to-date: /sim_ws/install/safety_node/share/safety_node/environment/path.dsv
[34.306s] -- Up-to-date: /sim_ws/install/safety_node/share/safety_node/local_setup.bash
[34.307s] -- Up-to-date: /sim_ws/install/safety_node/share/safety_node/local_setup.sh
[34.307s] -- Up-to-date: /sim_ws/install/safety_node/share/safety_node/local_setup.zsh
[34.307s] -- Up-to-date: /sim_ws/install/safety_node/share/safety_node/local_setup.dsv
[34.307s] -- Installing: /sim_ws/install/safety_node/share/safety_node/package.dsv
[34.310s] -- Up-to-date: /sim_ws/install/safety_node/share/ament_index/resource_index/packages/safety_node
[34.311s] -- Up-to-date: /sim_ws/install/safety_node/share/safety_node/cmake/safety_nodeConfig.cmake
[34.317s] -- Up-to-date: /sim_ws/install/safety_node/share/safety_node/cmake/safety_nodeConfig-version.cmake
[34.317s] -- Up-to-date: /sim_ws/install/safety_node/share/safety_node/package.xml
[34.340s] Invoked command in '/sim_ws/build/safety_node' returned '0': CMAKE_PREFIX_PATH=/sim_ws/install/f1tenth_gym_ros:/opt/ros/foxy /usr/bin/cmake --install /sim_ws/build/safety_node
