[1.462s] Invoking command in '/sim_ws/build/wall_follow': CMAKE_PREFIX_PATH=${CMAKE_PREFIX_PATH}:/sim_ws/install/f1tenth_gym_ros:/opt/ros/foxy /usr/bin/cmake --build /sim_ws/build/wall_follow -- -j4 -l4
[1.670s] [35m[1mScanning dependencies of target wall_follow_node[0m
[1.879s] [ 50%] [32mBuilding CXX object CMakeFiles/wall_follow_node.dir/src/wall_follow_node.cpp.o[0m
[22.893s] [100%] [32m[1mLinking CXX executable wall_follow_node[0m
[24.102s] [100%] Built target wall_follow_node
[24.142s] Invoked command in '/sim_ws/build/wall_follow' returned '0': CMAKE_PREFIX_PATH=${CMAKE_PREFIX_PATH}:/sim_ws/install/f1tenth_gym_ros:/opt/ros/foxy /usr/bin/cmake --build /sim_ws/build/wall_follow -- -j4 -l4
[24.309s] Invoking command in '/sim_ws/build/wall_follow': CMAKE_PREFIX_PATH=${CMAKE_PREFIX_PATH}:/sim_ws/install/f1tenth_gym_ros:/opt/ros/foxy /usr/bin/cmake --install /sim_ws/build/wall_follow
[24.389s] -- Install configuration: ""
[24.389s] -- Installing: /sim_ws/install/wall_follow/lib/wall_follow/wall_follow_node
[24.407s] -- Set runtime path of "/sim_ws/install/wall_follow/lib/wall_follow/wall_follow_node" to ""
[24.408s] -- Up-to-date: /sim_ws/install/wall_follow/share/wall_follow/environment/pythonpath.sh
[24.408s] -- Up-to-date: /sim_ws/install/wall_follow/share/wall_follow/environment/pythonpath.dsv
[24.409s] -- Up-to-date: /sim_ws/install/wall_follow/lib/python3.8/site-packages/wall_follow
[24.409s] -- Up-to-date: /sim_ws/install/wall_follow/lib/python3.8/site-packages/wall_follow/__init__.py
[24.523s] Listing '/sim_ws/install/wall_follow/lib/python3.8/site-packages/wall_follow'...
[24.542s] -- Up-to-date: /sim_ws/install/wall_follow/lib/wall_follow/wall_follow_node.py
[24.543s] -- Up-to-date: /sim_ws/install/wall_follow/share/ament_index/resource_index/package_run_dependencies/wall_follow
[24.543s] -- Up-to-date: /sim_ws/install/wall_follow/share/ament_index/resource_index/parent_prefix_path/wall_follow
[24.543s] -- Up-to-date: /sim_ws/install/wall_follow/share/wall_follow/environment/ament_prefix_path.sh
[24.543s] -- Up-to-date: /sim_ws/install/wall_follow/share/wall_follow/environment/ament_prefix_path.dsv
[24.543s] -- Up-to-date: /sim_ws/install/wall_follow/share/wall_follow/environment/path.sh
[24.547s] -- Up-to-date: /sim_ws/install/wall_follow/share/wall_follow/environment/path.dsv
[24.547s] -- Up-to-date: /sim_ws/install/wall_follow/share/wall_follow/local_setup.bash
[24.547s] -- Up-to-date: /sim_ws/install/wall_follow/share/wall_follow/local_setup.sh
[24.547s] -- Up-to-date: /sim_ws/install/wall_follow/share/wall_follow/local_setup.zsh
[24.548s] -- Up-to-date: /sim_ws/install/wall_follow/share/wall_follow/local_setup.dsv
[24.548s] -- Installing: /sim_ws/install/wall_follow/share/wall_follow/package.dsv
[24.548s] -- Up-to-date: /sim_ws/install/wall_follow/share/ament_index/resource_index/packages/wall_follow
[24.548s] -- Up-to-date: /sim_ws/install/wall_follow/share/wall_follow/cmake/wall_followConfig.cmake
[24.548s] -- Up-to-date: /sim_ws/install/wall_follow/share/wall_follow/cmake/wall_followConfig-version.cmake
[24.548s] -- Up-to-date: /sim_ws/install/wall_follow/share/wall_follow/package.xml
[24.564s] Invoked command in '/sim_ws/build/wall_follow' returned '0': CMAKE_PREFIX_PATH=${CMAKE_PREFIX_PATH}:/sim_ws/install/f1tenth_gym_ros:/opt/ros/foxy /usr/bin/cmake --install /sim_ws/build/wall_follow
