[1.019s] Invoking command in '/sim_ws/build/safety_node': CMAKE_PREFIX_PATH=${CMAKE_PREFIX_PATH}:/sim_ws/install/f1tenth_gym_ros:/opt/ros/foxy /usr/bin/cmake --build /sim_ws/build/safety_node -- -j4 -l4
[1.689s] [100%] Built target safety_node
[1.763s] Invoked command in '/sim_ws/build/safety_node' returned '0': CMAKE_PREFIX_PATH=${CMAKE_PREFIX_PATH}:/sim_ws/install/f1tenth_gym_ros:/opt/ros/foxy /usr/bin/cmake --build /sim_ws/build/safety_node -- -j4 -l4
[1.991s] Invoking command in '/sim_ws/build/safety_node': CMAKE_PREFIX_PATH=${CMAKE_PREFIX_PATH}:/sim_ws/install/f1tenth_gym_ros:/opt/ros/foxy /usr/bin/cmake --install /sim_ws/build/safety_node
[2.089s] -- Install configuration: ""
[2.090s] -- Up-to-date: /sim_ws/install/safety_node/lib/safety_node/safety_node
[2.092s] -- Up-to-date: /sim_ws/install/safety_node/share/ament_index/resource_index/package_run_dependencies/safety_node
[2.094s] -- Up-to-date: /sim_ws/install/safety_node/share/ament_index/resource_index/parent_prefix_path/safety_node
[2.095s] -- Up-to-date: /sim_ws/install/safety_node/share/safety_node/environment/ament_prefix_path.sh
[2.097s] -- Up-to-date: /sim_ws/install/safety_node/share/safety_node/environment/ament_prefix_path.dsv
[2.099s] -- Up-to-date: /sim_ws/install/safety_node/share/safety_node/environment/path.sh
[2.102s] -- Up-to-date: /sim_ws/install/safety_node/share/safety_node/environment/path.dsv
[2.103s] -- Up-to-date: /sim_ws/install/safety_node/share/safety_node/local_setup.bash
[2.103s] -- Up-to-date: /sim_ws/install/safety_node/share/safety_node/local_setup.sh
[2.104s] -- Up-to-date: /sim_ws/install/safety_node/share/safety_node/local_setup.zsh
[2.105s] -- Up-to-date: /sim_ws/install/safety_node/share/safety_node/local_setup.dsv
[2.108s] -- Installing: /sim_ws/install/safety_node/share/safety_node/package.dsv
[2.122s] -- Up-to-date: /sim_ws/install/safety_node/share/ament_index/resource_index/packages/safety_node
[2.122s] -- Up-to-date: /sim_ws/install/safety_node/share/safety_node/cmake/safety_nodeConfig.cmake
[2.122s] -- Up-to-date: /sim_ws/install/safety_node/share/safety_node/cmake/safety_nodeConfig-version.cmake
[2.122s] -- Up-to-date: /sim_ws/install/safety_node/share/safety_node/package.xml
[2.185s] Invoked command in '/sim_ws/build/safety_node' returned '0': CMAKE_PREFIX_PATH=${CMAKE_PREFIX_PATH}:/sim_ws/install/f1tenth_gym_ros:/opt/ros/foxy /usr/bin/cmake --install /sim_ws/build/safety_node
