[0.695s] Invoking command in '/sim_ws/build/safety_node': CMAKE_PREFIX_PATH=/sim_ws/install/f1tenth_gym_ros:/opt/ros/foxy /usr/bin/cmake --build /sim_ws/build/safety_node -- -j4 -l4
[0.860s] [35m[1mScanning dependencies of target safety_node[0m
[1.032s] [ 50%] [32mBuilding CXX object CMakeFiles/safety_node.dir/src/safety_node.cpp.o[0m
[31.393s] [100%] [32m[1mLinking CXX executable safety_node[0m
[32.543s] [100%] Built target safety_node
[32.589s] Invoked command in '/sim_ws/build/safety_node' returned '0': CMAKE_PREFIX_PATH=/sim_ws/install/f1tenth_gym_ros:/opt/ros/foxy /usr/bin/cmake --build /sim_ws/build/safety_node -- -j4 -l4
[32.783s] Invoking command in '/sim_ws/build/safety_node': CMAKE_PREFIX_PATH=/sim_ws/install/f1tenth_gym_ros:/opt/ros/foxy /usr/bin/cmake --install /sim_ws/build/safety_node
[32.812s] -- Install configuration: ""
[32.813s] -- Installing: /sim_ws/install/safety_node/lib/safety_node/safety_node
[32.821s] -- Set runtime path of "/sim_ws/install/safety_node/lib/safety_node/safety_node" to ""
[32.822s] -- Up-to-date: /sim_ws/install/safety_node/share/safety_node/environment/pythonpath.sh
[32.823s] -- Up-to-date: /sim_ws/install/safety_node/share/safety_node/environment/pythonpath.dsv
[32.825s] -- Up-to-date: /sim_ws/install/safety_node/lib/python3.8/site-packages/safety_node
[32.826s] -- Up-to-date: /sim_ws/install/safety_node/lib/python3.8/site-packages/safety_node/__init__.py
[32.892s] Listing '/sim_ws/install/safety_node/lib/python3.8/site-packages/safety_node'...
[32.902s] -- Up-to-date: /sim_ws/install/safety_node/lib/safety_node/safety_node.py
[32.904s] -- Up-to-date: /sim_ws/install/safety_node/share/ament_index/resource_index/package_run_dependencies/safety_node
[32.908s] -- Up-to-date: /sim_ws/install/safety_node/share/ament_index/resource_index/parent_prefix_path/safety_node
[32.909s] -- Up-to-date: /sim_ws/install/safety_node/share/safety_node/environment/ament_prefix_path.sh
[32.909s] -- Up-to-date: /sim_ws/install/safety_node/share/safety_node/environment/ament_prefix_path.dsv
[32.909s] -- Up-to-date: /sim_ws/install/safety_node/share/safety_node/environment/path.sh
[32.909s] -- Up-to-date: /sim_ws/install/safety_node/share/safety_node/environment/path.dsv
[32.910s] -- Up-to-date: /sim_ws/install/safety_node/share/safety_node/local_setup.bash
[32.910s] -- Up-to-date: /sim_ws/install/safety_node/share/safety_node/local_setup.sh
[32.915s] -- Up-to-date: /sim_ws/install/safety_node/share/safety_node/local_setup.zsh
[32.916s] -- Up-to-date: /sim_ws/install/safety_node/share/safety_node/local_setup.dsv
[32.916s] -- Installing: /sim_ws/install/safety_node/share/safety_node/package.dsv
[32.916s] -- Up-to-date: /sim_ws/install/safety_node/share/ament_index/resource_index/packages/safety_node
[32.916s] -- Up-to-date: /sim_ws/install/safety_node/share/safety_node/cmake/safety_nodeConfig.cmake
[32.918s] -- Up-to-date: /sim_ws/install/safety_node/share/safety_node/cmake/safety_nodeConfig-version.cmake
[32.918s] -- Up-to-date: /sim_ws/install/safety_node/share/safety_node/package.xml
[32.933s] Invoked command in '/sim_ws/build/safety_node' returned '0': CMAKE_PREFIX_PATH=/sim_ws/install/f1tenth_gym_ros:/opt/ros/foxy /usr/bin/cmake --install /sim_ws/build/safety_node
