[0.419s] Invoking command in '/sim_ws/build/safety_node': CMAKE_PREFIX_PATH=${CMAKE_PREFIX_PATH}:/sim_ws/install/f1tenth_gym_ros:/opt/ros/foxy /usr/bin/cmake --build /sim_ws/build/safety_node -- -j4 -l4
[0.563s] [100%] Built target safety_node
[0.595s] Invoked command in '/sim_ws/build/safety_node' returned '0': CMAKE_PREFIX_PATH=${CMAKE_PREFIX_PATH}:/sim_ws/install/f1tenth_gym_ros:/opt/ros/foxy /usr/bin/cmake --build /sim_ws/build/safety_node -- -j4 -l4
[0.813s] Invoking command in '/sim_ws/build/safety_node': CMAKE_PREFIX_PATH=${CMAKE_PREFIX_PATH}:/sim_ws/install/f1tenth_gym_ros:/opt/ros/foxy /usr/bin/cmake --install /sim_ws/build/safety_node
[0.834s] -- Install configuration: ""
[0.837s] -- Up-to-date: /sim_ws/install/safety_node/lib/safety_node/safety_node
[0.839s] -- Up-to-date: /sim_ws/install/safety_node/share/ament_index/resource_index/package_run_dependencies/safety_node
[0.845s] -- Up-to-date: /sim_ws/install/safety_node/share/ament_index/resource_index/parent_prefix_path/safety_node
[0.847s] -- Up-to-date: /sim_ws/install/safety_node/share/safety_node/environment/ament_prefix_path.sh
[0.849s] -- Up-to-date: /sim_ws/install/safety_node/share/safety_node/environment/ament_prefix_path.dsv
[0.850s] -- Up-to-date: /sim_ws/install/safety_node/share/safety_node/environment/path.sh
[0.854s] -- Up-to-date: /sim_ws/install/safety_node/share/safety_node/environment/path.dsv
[0.856s] -- Up-to-date: /sim_ws/install/safety_node/share/safety_node/local_setup.bash
[0.860s] -- Up-to-date: /sim_ws/install/safety_node/share/safety_node/local_setup.sh
[0.862s] -- Up-to-date: /sim_ws/install/safety_node/share/safety_node/local_setup.zsh
[0.863s] -- Up-to-date: /sim_ws/install/safety_node/share/safety_node/local_setup.dsv
[0.866s] -- Installing: /sim_ws/install/safety_node/share/safety_node/package.dsv
[0.868s] -- Up-to-date: /sim_ws/install/safety_node/share/ament_index/resource_index/packages/safety_node
[0.869s] -- Up-to-date: /sim_ws/install/safety_node/share/safety_node/cmake/safety_nodeConfig.cmake
[0.869s] -- Up-to-date: /sim_ws/install/safety_node/share/safety_node/cmake/safety_nodeConfig-version.cmake
[0.871s] -- Up-to-date: /sim_ws/install/safety_node/share/safety_node/package.xml
[0.875s] Invoked command in '/sim_ws/build/safety_node' returned '0': CMAKE_PREFIX_PATH=${CMAKE_PREFIX_PATH}:/sim_ws/install/f1tenth_gym_ros:/opt/ros/foxy /usr/bin/cmake --install /sim_ws/build/safety_node
