[0.473s] Invoking command in '/sim_ws/build/gap_follow': CMAKE_PREFIX_PATH=${CMAKE_PREFIX_PATH}:/sim_ws/install/f1tenth_gym_ros:/opt/ros/foxy /usr/bin/cmake --build /sim_ws/build/gap_follow -- -j4 -l4
[0.667s] [35m[1mScanning dependencies of target reactive_node[0m
[1.077s] [ 50%] [32mBuilding CXX object CMakeFiles/reactive_node.dir/src/reactive_node.cpp.o[0m
[4.337s] [01m[K/sim_ws/src/f1tenth_lab4/gap_follow/src/reactive_node.cpp:[m[K In member function ‘[01m[Kvoid ReactiveFollowGap::preprocess_lidar(float*)[m[K’:
[4.337s] [01m[K/sim_ws/src/f1tenth_lab4/gap_follow/src/reactive_node.cpp:24:34:[m[K [01;35m[Kwarning: [m[Kunused parameter ‘[01m[Kranges[m[K’ [[01;35m[K-Wunused-parameter[m[K]
[4.337s]    24 |     void preprocess_lidar([01;35m[Kfloat* ranges[m[K)
[4.337s]       |                           [01;35m[K~~~~~~~^~~~~~[m[K
[4.337s] [01m[K/sim_ws/src/f1tenth_lab4/gap_follow/src/reactive_node.cpp:[m[K In member function ‘[01m[Kvoid ReactiveFollowGap::find_max_gap(float*, int*)[m[K’:
[4.338s] [01m[K/sim_ws/src/f1tenth_lab4/gap_follow/src/reactive_node.cpp:32:30:[m[K [01;35m[Kwarning: [m[Kunused parameter ‘[01m[Kranges[m[K’ [[01;35m[K-Wunused-parameter[m[K]
[4.338s]    32 |     void find_max_gap([01;35m[Kfloat* ranges[m[K, int* indice)
[4.338s]       |                       [01;35m[K~~~~~~~^~~~~~[m[K
[4.338s] [01m[K/sim_ws/src/f1tenth_lab4/gap_follow/src/reactive_node.cpp:32:43:[m[K [01;35m[Kwarning: [m[Kunused parameter ‘[01m[Kindice[m[K’ [[01;35m[K-Wunused-parameter[m[K]
[4.338s]    32 |     void find_max_gap(float* ranges, [01;35m[Kint* indice[m[K)
[4.338s]       |                                      [01;35m[K~~~~~^~~~~~[m[K
[4.339s] [01m[K/sim_ws/src/f1tenth_lab4/gap_follow/src/reactive_node.cpp:[m[K In member function ‘[01m[Kvoid ReactiveFollowGap::find_best_point(float*, int*)[m[K’:
[4.339s] [01m[K/sim_ws/src/f1tenth_lab4/gap_follow/src/reactive_node.cpp:38:33:[m[K [01;35m[Kwarning: [m[Kunused parameter ‘[01m[Kranges[m[K’ [[01;35m[K-Wunused-parameter[m[K]
[4.339s]    38 |     void find_best_point([01;35m[Kfloat* ranges[m[K, int* indice)
[4.339s]       |                          [01;35m[K~~~~~~~^~~~~~[m[K
[4.339s] [01m[K/sim_ws/src/f1tenth_lab4/gap_follow/src/reactive_node.cpp:38:46:[m[K [01;35m[Kwarning: [m[Kunused parameter ‘[01m[Kindice[m[K’ [[01;35m[K-Wunused-parameter[m[K]
[4.339s]    38 |     void find_best_point(float* ranges, [01;35m[Kint* indice[m[K)
[4.340s]       |                                         [01;35m[K~~~~~^~~~~~[m[K
[4.345s] [01m[K/sim_ws/src/f1tenth_lab4/gap_follow/src/reactive_node.cpp:[m[K In member function ‘[01m[Kvoid ReactiveFollowGap::lidar_callback(sensor_msgs::msg::LaserScan_<std::allocator<void> >::ConstSharedPtr)[m[K’:
[4.345s] [01m[K/sim_ws/src/f1tenth_lab4/gap_follow/src/reactive_node.cpp:47:75:[m[K [01;35m[Kwarning: [m[Kunused parameter ‘[01m[Kscan_msg[m[K’ [[01;35m[K-Wunused-parameter[m[K]
[4.345s]    47 |     void lidar_callback([01;35m[Kconst sensor_msgs::msg::LaserScan::ConstSharedPtr scan_msg[m[K)
[4.345s]       |                         [01;35m[K~~~~~~~~~~~~~~~~~~~~~~~~~~~~~~~~~~~~~~~~~~~~~~~~~~^~~~~~~~[m[K
[5.537s] [100%] [32m[1mLinking CXX executable reactive_node[0m
[5.853s] [100%] Built target reactive_node
