[0.891s] Invoking command in '/sim_ws/build/wall_follow': /usr/bin/cmake /sim_ws/src/wall_follow -DCMAKE_INSTALL_PREFIX=/sim_ws/install/wall_follow
[1.511s] -- The C compiler identification is GNU 9.4.0
[1.918s] -- The CXX compiler identification is GNU 9.4.0
[1.943s] -- Check for working C compiler: /usr/bin/cc
[2.189s] -- Check for working C compiler: /usr/bin/cc -- works
[2.195s] -- Detecting C compiler ABI info
[2.399s] -- Detecting C compiler ABI info - done
[2.427s] -- Detecting C compile features
[2.428s] -- Detecting C compile features - done
[2.437s] -- Check for working CXX compiler: /usr/bin/c++
[2.775s] -- Check for working CXX compiler: /usr/bin/c++ -- works
[2.778s] -- Detecting CXX compiler ABI info
[3.070s] -- Detecting CXX compiler ABI info - done
[3.140s] -- Detecting CXX compile features
[3.141s] -- Detecting CXX compile features - done
[3.288s] CMake Error at CMakeLists.txt:25 (find_package):
[3.297s]   By not providing "Findament_cmake.cmake" in CMAKE_MODULE_PATH this project
[3.297s]   has asked CMake to find a package configuration file provided by
[3.299s]   "ament_cmake", but CMake did not find one.
[3.300s] 
[3.306s]   Could not find a package configuration file provided by "ament_cmake" with
[3.308s]   any of the following names:
[3.313s] 
[3.333s]     ament_cmakeConfig.cmake
[3.333s]     ament_cmake-config.cmake
[3.335s] 
[3.338s]   Add the installation prefix of "ament_cmake" to CMAKE_PREFIX_PATH or set
[3.354s]   "ament_cmake_DIR" to a directory containing one of the above files.  If
[3.364s]   "ament_cmake" provides a separate development package or SDK, be sure it
[3.365s]   has been installed.
[3.365s] 
[3.365s] 
[3.365s] -- Configuring incomplete, errors occurred!
[3.366s] See also "/sim_ws/build/wall_follow/CMakeFiles/CMakeOutput.log".
[3.366s] Invoked command in '/sim_ws/build/wall_follow' returned '1': /usr/bin/cmake /sim_ws/src/wall_follow -DCMAKE_INSTALL_PREFIX=/sim_ws/install/wall_follow
