[1.000s] Invoking command in '/sim_ws/build/safety_node': CMAKE_PREFIX_PATH=${CMAKE_PREFIX_PATH}:/sim_ws/install/f1tenth_gym_ros:/opt/ros/foxy /usr/bin/cmake --build /sim_ws/build/safety_node -- -j4 -l4
[1.309s] [35m[1mScanning dependencies of target safety_node[0m
[1.560s] [ 50%] [32mBuilding CXX object CMakeFiles/safety_node.dir/src/safety_node.cpp.o[0m
[25.865s] [100%] [32m[1mLinking CXX executable safety_node[0m
[27.078s] [100%] Built target safety_node
[27.108s] Invoked command in '/sim_ws/build/safety_node' returned '0': CMAKE_PREFIX_PATH=${CMAKE_PREFIX_PATH}:/sim_ws/install/f1tenth_gym_ros:/opt/ros/foxy /usr/bin/cmake --build /sim_ws/build/safety_node -- -j4 -l4
[27.237s] Invoking command in '/sim_ws/build/safety_node': CMAKE_PREFIX_PATH=${CMAKE_PREFIX_PATH}:/sim_ws/install/f1tenth_gym_ros:/opt/ros/foxy /usr/bin/cmake --install /sim_ws/build/safety_node
[27.284s] -- Install configuration: ""
[27.285s] -- Installing: /sim_ws/install/safety_node/lib/safety_node/safety_node
[27.292s] -- Set runtime path of "/sim_ws/install/safety_node/lib/safety_node/safety_node" to ""
[27.293s] -- Up-to-date: /sim_ws/install/safety_node/share/safety_node/environment/pythonpath.sh
[27.294s] -- Up-to-date: /sim_ws/install/safety_node/share/safety_node/environment/pythonpath.dsv
[27.294s] -- Up-to-date: /sim_ws/install/safety_node/lib/python3.8/site-packages/safety_node
[27.294s] -- Up-to-date: /sim_ws/install/safety_node/lib/python3.8/site-packages/safety_node/__init__.py
[27.397s] Listing '/sim_ws/install/safety_node/lib/python3.8/site-packages/safety_node'...
[27.412s] -- Up-to-date: /sim_ws/install/safety_node/lib/safety_node/safety_node.py
[27.413s] -- Up-to-date: /sim_ws/install/safety_node/share/ament_index/resource_index/package_run_dependencies/safety_node
[27.413s] -- Up-to-date: /sim_ws/install/safety_node/share/ament_index/resource_index/parent_prefix_path/safety_node
[27.414s] -- Up-to-date: /sim_ws/install/safety_node/share/safety_node/environment/ament_prefix_path.sh
[27.414s] -- Up-to-date: /sim_ws/install/safety_node/share/safety_node/environment/ament_prefix_path.dsv
[27.414s] -- Up-to-date: /sim_ws/install/safety_node/share/safety_node/environment/path.sh
[27.414s] -- Up-to-date: /sim_ws/install/safety_node/share/safety_node/environment/path.dsv
[27.414s] -- Up-to-date: /sim_ws/install/safety_node/share/safety_node/local_setup.bash
[27.430s] -- Up-to-date: /sim_ws/install/safety_node/share/safety_node/local_setup.sh
[27.430s] -- Up-to-date: /sim_ws/install/safety_node/share/safety_node/local_setup.zsh
[27.430s] -- Up-to-date: /sim_ws/install/safety_node/share/safety_node/local_setup.dsv
[27.431s] -- Installing: /sim_ws/install/safety_node/share/safety_node/package.dsv
[27.431s] -- Up-to-date: /sim_ws/install/safety_node/share/ament_index/resource_index/packages/safety_node
[27.431s] -- Up-to-date: /sim_ws/install/safety_node/share/safety_node/cmake/safety_nodeConfig.cmake
[27.431s] -- Up-to-date: /sim_ws/install/safety_node/share/safety_node/cmake/safety_nodeConfig-version.cmake
[27.432s] -- Up-to-date: /sim_ws/install/safety_node/share/safety_node/package.xml
[27.433s] Invoked command in '/sim_ws/build/safety_node' returned '0': CMAKE_PREFIX_PATH=${CMAKE_PREFIX_PATH}:/sim_ws/install/f1tenth_gym_ros:/opt/ros/foxy /usr/bin/cmake --install /sim_ws/build/safety_node
