[0.426s] Invoking command in '/sim_ws/build/wall_follow': CMAKE_PREFIX_PATH=${CMAKE_PREFIX_PATH}:/sim_ws/install/f1tenth_gym_ros:/opt/ros/foxy /usr/bin/cmake /sim_ws/src/f1tenth_lab3/wall_follow -DCMAKE_INSTALL_PREFIX=/sim_ws/install/wall_follow
[0.452s] -- Found ament_cmake: 0.9.12 (/opt/ros/foxy/share/ament_cmake/cmake)
[0.495s] -- Found PythonInterp: /usr/bin/python3 (found suitable version "3.8.10", minimum required is "3") 
[0.495s] -- Using PYTHON_EXECUTABLE: /usr/bin/python3
[0.875s] -- Found rclcpp: 2.4.3 (/opt/ros/foxy/share/rclcpp/cmake)
[0.966s] -- Using all available rosidl_typesupport_c: rosidl_typesupport_fastrtps_c;rosidl_typesupport_introspection_c
[0.985s] -- Found rosidl_adapter: 1.3.1 (/opt/ros/foxy/share/rosidl_adapter/cmake)
[1.174s] -- Found OpenSSL: /usr/lib/x86_64-linux-gnu/libcrypto.so (found version "1.1.1f")  
[1.214s] -- Found FastRTPS: /opt/ros/foxy/include  
[1.401s] -- Using all available rosidl_typesupport_cpp: rosidl_typesupport_fastrtps_cpp;rosidl_typesupport_introspection_cpp
[1.587s] -- Found rmw_implementation_cmake: 1.0.4 (/opt/ros/foxy/share/rmw_implementation_cmake/cmake)
[1.591s] -- Using RMW implementation 'rmw_fastrtps_cpp' as default
[1.594s] -- Looking for pthread.h
[1.772s] -- Looking for pthread.h - found
[1.773s] -- Performing Test CMAKE_HAVE_LIBC_PTHREAD
[1.928s] -- Performing Test CMAKE_HAVE_LIBC_PTHREAD - Failed
[1.928s] -- Looking for pthread_create in pthreads
[2.117s] -- Looking for pthread_create in pthreads - not found
[2.117s] -- Looking for pthread_create in pthread
[2.239s] -- Looking for pthread_create in pthread - found
[2.242s] -- Found Threads: TRUE  
[2.524s] -- Found rclpy: 1.0.13 (/opt/ros/foxy/share/rclpy/cmake)
[2.526s] -- Found geometry_msgs: 2.0.5 (/opt/ros/foxy/share/geometry_msgs/cmake)
[2.589s] -- Found nav_msgs: 2.0.5 (/opt/ros/foxy/share/nav_msgs/cmake)
[2.770s] -- Found ackermann_msgs: 2.0.2 (/opt/ros/foxy/share/ackermann_msgs/cmake)
[2.861s] -- Found sensor_msgs: 2.0.5 (/opt/ros/foxy/share/sensor_msgs/cmake)
[3.015s] -- Found ament_lint_auto: 0.9.8 (/opt/ros/foxy/share/ament_lint_auto/cmake)
[3.130s] -- Added test 'copyright' to check source files copyright and LICENSE
[3.133s] -- Added test 'cppcheck' to perform static code analysis on C / C++ code
[3.134s] -- Configured cppcheck include dirs: /sim_ws/src/f1tenth_lab3/wall_follow/include
[3.134s] -- Configured cppcheck exclude dirs and/or files: 
[3.137s] -- Added test 'cpplint' to check C / C++ code against the Google style
[3.137s] -- Configured cpplint exclude dirs and/or files: 
[3.138s] -- Added test 'flake8' to check Python code syntax and style conventions
[3.140s] -- Added test 'lint_cmake' to check CMake code style
[3.141s] -- Added test 'pep257' to check Python code against some of the style conventions in PEP 257
[3.143s] -- Added test 'uncrustify' to check C / C++ code style
[3.143s] -- Configured uncrustify additional arguments: 
[3.144s] -- Added test 'xmllint' to check XML markup files
[3.151s] -- Configuring done
[3.176s] -- Generating done
[3.178s] -- Build files have been written to: /sim_ws/build/wall_follow
[3.193s] Invoked command in '/sim_ws/build/wall_follow' returned '0': CMAKE_PREFIX_PATH=${CMAKE_PREFIX_PATH}:/sim_ws/install/f1tenth_gym_ros:/opt/ros/foxy /usr/bin/cmake /sim_ws/src/f1tenth_lab3/wall_follow -DCMAKE_INSTALL_PREFIX=/sim_ws/install/wall_follow
[3.203s] Invoking command in '/sim_ws/build/wall_follow': CMAKE_PREFIX_PATH=${CMAKE_PREFIX_PATH}:/sim_ws/install/f1tenth_gym_ros:/opt/ros/foxy /usr/bin/cmake --build /sim_ws/build/wall_follow -- -j4 -l4
[3.263s] [35m[1mScanning dependencies of target wall_follow_node[0m
[3.372s] [ 50%] [32mBuilding CXX object CMakeFiles/wall_follow_node.dir/src/wall_follow_node.cpp.o[0m
[15.659s] [100%] [32m[1mLinking CXX executable wall_follow_node[0m
[16.201s] [100%] Built target wall_follow_node
[16.218s] Invoked command in '/sim_ws/build/wall_follow' returned '0': CMAKE_PREFIX_PATH=${CMAKE_PREFIX_PATH}:/sim_ws/install/f1tenth_gym_ros:/opt/ros/foxy /usr/bin/cmake --build /sim_ws/build/wall_follow -- -j4 -l4
[16.279s] Invoking command in '/sim_ws/build/wall_follow': CMAKE_PREFIX_PATH=${CMAKE_PREFIX_PATH}:/sim_ws/install/f1tenth_gym_ros:/opt/ros/foxy /usr/bin/cmake --install /sim_ws/build/wall_follow
[16.292s] -- Install configuration: ""
[16.293s] -- Installing: /sim_ws/install/wall_follow/lib/wall_follow/wall_follow_node
[16.299s] -- Set runtime path of "/sim_ws/install/wall_follow/lib/wall_follow/wall_follow_node" to ""
[16.300s] -- Installing: /sim_ws/install/wall_follow/share/ament_index/resource_index/package_run_dependencies/wall_follow
[16.300s] -- Installing: /sim_ws/install/wall_follow/share/ament_index/resource_index/parent_prefix_path/wall_follow
[16.300s] -- Installing: /sim_ws/install/wall_follow/share/wall_follow/environment/ament_prefix_path.sh
[16.301s] -- Installing: /sim_ws/install/wall_follow/share/wall_follow/environment/ament_prefix_path.dsv
[16.301s] -- Installing: /sim_ws/install/wall_follow/share/wall_follow/environment/path.sh
[16.301s] -- Installing: /sim_ws/install/wall_follow/share/wall_follow/environment/path.dsv
[16.301s] -- Installing: /sim_ws/install/wall_follow/share/wall_follow/local_setup.bash
[16.302s] -- Installing: /sim_ws/install/wall_follow/share/wall_follow/local_setup.sh
[16.302s] -- Installing: /sim_ws/install/wall_follow/share/wall_follow/local_setup.zsh
[16.302s] -- Installing: /sim_ws/install/wall_follow/share/wall_follow/local_setup.dsv
[16.302s] -- Installing: /sim_ws/install/wall_follow/share/wall_follow/package.dsv
[16.303s] -- Installing: /sim_ws/install/wall_follow/share/ament_index/resource_index/packages/wall_follow
[16.303s] -- Installing: /sim_ws/install/wall_follow/share/wall_follow/cmake/wall_followConfig.cmake
[16.304s] -- Installing: /sim_ws/install/wall_follow/share/wall_follow/cmake/wall_followConfig-version.cmake
[16.304s] -- Installing: /sim_ws/install/wall_follow/share/wall_follow/package.xml
[16.307s] Invoked command in '/sim_ws/build/wall_follow' returned '0': CMAKE_PREFIX_PATH=${CMAKE_PREFIX_PATH}:/sim_ws/install/f1tenth_gym_ros:/opt/ros/foxy /usr/bin/cmake --install /sim_ws/build/wall_follow
