[0.795s] Invoking command in '/sim_ws/build/safety_node': CMAKE_PREFIX_PATH=${CMAKE_PREFIX_PATH}:/sim_ws/install/f1tenth_gym_ros:/opt/ros/foxy /usr/bin/cmake --build /sim_ws/build/safety_node -- -j4 -l4
[1.081s] [100%] Built target safety_node
[1.126s] Invoked command in '/sim_ws/build/safety_node' returned '0': CMAKE_PREFIX_PATH=${CMAKE_PREFIX_PATH}:/sim_ws/install/f1tenth_gym_ros:/opt/ros/foxy /usr/bin/cmake --build /sim_ws/build/safety_node -- -j4 -l4
[1.507s] Invoking command in '/sim_ws/build/safety_node': CMAKE_PREFIX_PATH=${CMAKE_PREFIX_PATH}:/sim_ws/install/f1tenth_gym_ros:/opt/ros/foxy /usr/bin/cmake --install /sim_ws/build/safety_node
[1.642s] -- Install configuration: ""
[1.644s] -- Up-to-date: /sim_ws/install/safety_node/lib/safety_node/safety_node
[1.644s] -- Up-to-date: /sim_ws/install/safety_node/share/safety_node/environment/pythonpath.sh
[1.647s] -- Up-to-date: /sim_ws/install/safety_node/share/safety_node/environment/pythonpath.dsv
[1.647s] -- Up-to-date: /sim_ws/install/safety_node/lib/python3.8/site-packages/safety_node
[1.648s] -- Up-to-date: /sim_ws/install/safety_node/lib/python3.8/site-packages/safety_node/__init__.py
[1.855s] Listing '/sim_ws/install/safety_node/lib/python3.8/site-packages/safety_node'...
[1.869s] -- Up-to-date: /sim_ws/install/safety_node/lib/safety_node/safety_node.py
[1.870s] -- Up-to-date: /sim_ws/install/safety_node/share/ament_index/resource_index/package_run_dependencies/safety_node
[1.872s] -- Up-to-date: /sim_ws/install/safety_node/share/ament_index/resource_index/parent_prefix_path/safety_node
[1.872s] -- Up-to-date: /sim_ws/install/safety_node/share/safety_node/environment/ament_prefix_path.sh
[1.873s] -- Up-to-date: /sim_ws/install/safety_node/share/safety_node/environment/ament_prefix_path.dsv
[1.873s] -- Up-to-date: /sim_ws/install/safety_node/share/safety_node/environment/path.sh
[1.874s] -- Up-to-date: /sim_ws/install/safety_node/share/safety_node/environment/path.dsv
[1.879s] -- Up-to-date: /sim_ws/install/safety_node/share/safety_node/local_setup.bash
[1.879s] -- Up-to-date: /sim_ws/install/safety_node/share/safety_node/local_setup.sh
[1.881s] -- Up-to-date: /sim_ws/install/safety_node/share/safety_node/local_setup.zsh
[1.881s] -- Up-to-date: /sim_ws/install/safety_node/share/safety_node/local_setup.dsv
[1.881s] -- Installing: /sim_ws/install/safety_node/share/safety_node/package.dsv
[1.882s] -- Up-to-date: /sim_ws/install/safety_node/share/ament_index/resource_index/packages/safety_node
[1.882s] -- Up-to-date: /sim_ws/install/safety_node/share/safety_node/cmake/safety_nodeConfig.cmake
[1.883s] -- Up-to-date: /sim_ws/install/safety_node/share/safety_node/cmake/safety_nodeConfig-version.cmake
[1.921s] -- Up-to-date: /sim_ws/install/safety_node/share/safety_node/package.xml
[1.922s] Invoked command in '/sim_ws/build/safety_node' returned '0': CMAKE_PREFIX_PATH=${CMAKE_PREFIX_PATH}:/sim_ws/install/f1tenth_gym_ros:/opt/ros/foxy /usr/bin/cmake --install /sim_ws/build/safety_node
