[0.364s] Invoking command in '/sim_ws/build/safety_node': CMAKE_PREFIX_PATH=${CMAKE_PREFIX_PATH}:/sim_ws/install/f1tenth_gym_ros:/opt/ros/foxy /usr/bin/cmake --build /sim_ws/build/safety_node -- -j4 -l4
[0.525s] [100%] Built target safety_node
[0.551s] Invoked command in '/sim_ws/build/safety_node' returned '0': CMAKE_PREFIX_PATH=${CMAKE_PREFIX_PATH}:/sim_ws/install/f1tenth_gym_ros:/opt/ros/foxy /usr/bin/cmake --build /sim_ws/build/safety_node -- -j4 -l4
[0.639s] Invoking command in '/sim_ws/build/safety_node': CMAKE_PREFIX_PATH=${CMAKE_PREFIX_PATH}:/sim_ws/install/f1tenth_gym_ros:/opt/ros/foxy /usr/bin/cmake --install /sim_ws/build/safety_node
[0.737s] -- Install configuration: ""
[0.742s] -- Up-to-date: /sim_ws/install/safety_node/lib/safety_node/safety_node
[0.745s] -- Up-to-date: /sim_ws/install/safety_node/share/ament_index/resource_index/package_run_dependencies/safety_node
[0.746s] -- Up-to-date: /sim_ws/install/safety_node/share/ament_index/resource_index/parent_prefix_path/safety_node
[0.748s] -- Up-to-date: /sim_ws/install/safety_node/share/safety_node/environment/ament_prefix_path.sh
[0.751s] -- Up-to-date: /sim_ws/install/safety_node/share/safety_node/environment/ament_prefix_path.dsv
[0.752s] -- Up-to-date: /sim_ws/install/safety_node/share/safety_node/environment/path.sh
[0.752s] -- Up-to-date: /sim_ws/install/safety_node/share/safety_node/environment/path.dsv
[0.753s] -- Up-to-date: /sim_ws/install/safety_node/share/safety_node/local_setup.bash
[0.754s] -- Up-to-date: /sim_ws/install/safety_node/share/safety_node/local_setup.sh
[0.754s] -- Up-to-date: /sim_ws/install/safety_node/share/safety_node/local_setup.zsh
[0.756s] -- Up-to-date: /sim_ws/install/safety_node/share/safety_node/local_setup.dsv
[0.758s] -- Installing: /sim_ws/install/safety_node/share/safety_node/package.dsv
[0.763s] -- Up-to-date: /sim_ws/install/safety_node/share/ament_index/resource_index/packages/safety_node
[0.765s] -- Up-to-date: /sim_ws/install/safety_node/share/safety_node/cmake/safety_nodeConfig.cmake
[0.766s] -- Up-to-date: /sim_ws/install/safety_node/share/safety_node/cmake/safety_nodeConfig-version.cmake
[0.772s] -- Up-to-date: /sim_ws/install/safety_node/share/safety_node/package.xml
[0.790s] Invoked command in '/sim_ws/build/safety_node' returned '0': CMAKE_PREFIX_PATH=${CMAKE_PREFIX_PATH}:/sim_ws/install/f1tenth_gym_ros:/opt/ros/foxy /usr/bin/cmake --install /sim_ws/build/safety_node
