[0.773s] DEBUG:colcon:Command line arguments: ['/usr/bin/colcon', 'build']
[0.773s] DEBUG:colcon:Parsed command line arguments: Namespace(ament_cmake_args=None, base_paths=['.'], build_base='build', catkin_cmake_args=None, catkin_skip_building_tests=False, cmake_args=None, cmake_clean_cache=False, cmake_clean_first=False, cmake_force_configure=False, cmake_target=None, cmake_target_skip_unavailable=False, continue_on_error=False, event_handlers=None, executor='parallel', ignore_user_meta=False, install_base='install', log_base=None, log_level=None, main=<bound method BuildVerb.main of <colcon_core.verb.build.BuildVerb object at 0x7fd4b3d9ddf0>>, merge_install=False, metas=['./colcon.meta'], mixin=None, mixin_files=None, mixin_verb=('build',), packages_above=None, packages_above_and_dependencies=None, packages_above_depth=None, packages_end=None, packages_ignore=None, packages_ignore_regex=None, packages_select=None, packages_select_build_failed=False, packages_select_by_dep=None, packages_select_regex=None, packages_select_test_failures=False, packages_skip=None, packages_skip_build_finished=False, packages_skip_by_dep=None, packages_skip_regex=None, packages_skip_test_passed=False, packages_skip_up_to=None, packages_start=None, packages_up_to=None, packages_up_to_regex=None, parallel_workers=4, paths=None, symlink_install=False, test_result_base=None, verb_extension=<colcon_core.verb.build.BuildVerb object at 0x7fd4b3d9ddf0>, verb_name='build', verb_parser=<colcon_mixin.mixin.mixin_argument.MixinArgumentDecorator object at 0x7fd4b3da9400>)
[0.840s] Level 1:colcon.colcon_core.package_discovery:discover_packages(colcon_meta) check parameters
[0.842s] INFO:colcon.colcon_metadata.package_discovery.colcon_meta:Using configuration from '/root/.colcon/metadata/default/Gazebo.meta'
[0.844s] INFO:colcon.colcon_metadata.package_discovery.colcon_meta:Using configuration from '/root/.colcon/metadata/default/fastrtps.meta'
[0.844s] Level 1:colcon.colcon_core.package_discovery:discover_packages(recursive) check parameters
[0.844s] Level 1:colcon.colcon_core.package_discovery:discover_packages(ignore) check parameters
[0.845s] Level 1:colcon.colcon_core.package_discovery:discover_packages(path) check parameters
[0.845s] Level 1:colcon.colcon_core.package_discovery:discover_packages(colcon_meta) discover
[0.845s] Level 1:colcon.colcon_core.package_discovery:discover_packages(recursive) discover
[0.845s] INFO:colcon.colcon_core.package_discovery:Crawling recursively for packages in '/sim_ws'
[0.846s] Level 1:colcon.colcon_core.package_identification:_identify(.) by extensions ['ignore', 'ignore_ament_install']
[0.846s] Level 1:colcon.colcon_core.package_identification:_identify(.) by extension 'ignore'
[0.846s] Level 1:colcon.colcon_core.package_identification:_identify(.) by extension 'ignore_ament_install'
[0.847s] Level 1:colcon.colcon_core.package_identification:_identify(.) by extensions ['colcon_pkg']
[0.847s] Level 1:colcon.colcon_core.package_identification:_identify(.) by extension 'colcon_pkg'
[0.847s] Level 1:colcon.colcon_core.package_identification:_identify(.) by extensions ['colcon_meta']
[0.847s] Level 1:colcon.colcon_core.package_identification:_identify(.) by extension 'colcon_meta'
[0.847s] Level 1:colcon.colcon_core.package_identification:_identify(.) by extensions ['ros']
[0.848s] Level 1:colcon.colcon_core.package_identification:_identify(.) by extension 'ros'
[0.898s] Level 1:colcon.colcon_core.package_identification:_identify(.) by extensions ['cmake', 'python']
[0.898s] Level 1:colcon.colcon_core.package_identification:_identify(.) by extension 'cmake'
[0.899s] Level 1:colcon.colcon_core.package_identification:_identify(.) by extension 'python'
[0.899s] Level 1:colcon.colcon_core.package_identification:_identify(.) by extensions ['python_setup_py']
[0.899s] Level 1:colcon.colcon_core.package_identification:_identify(.) by extension 'python_setup_py'
[0.900s] Level 1:colcon.colcon_core.package_identification:_identify(build) by extensions ['ignore', 'ignore_ament_install']
[0.900s] Level 1:colcon.colcon_core.package_identification:_identify(build) by extension 'ignore'
[0.900s] Level 1:colcon.colcon_core.package_identification:_identify(build) ignored
[0.901s] Level 1:colcon.colcon_core.package_identification:_identify(install) by extensions ['ignore', 'ignore_ament_install']
[0.901s] Level 1:colcon.colcon_core.package_identification:_identify(install) by extension 'ignore'
[0.901s] Level 1:colcon.colcon_core.package_identification:_identify(install) ignored
[0.902s] Level 1:colcon.colcon_core.package_identification:_identify(log) by extensions ['ignore', 'ignore_ament_install']
[0.902s] Level 1:colcon.colcon_core.package_identification:_identify(log) by extension 'ignore'
[0.903s] Level 1:colcon.colcon_core.package_identification:_identify(log) ignored
[0.903s] Level 1:colcon.colcon_core.package_identification:_identify(src) by extensions ['ignore', 'ignore_ament_install']
[0.903s] Level 1:colcon.colcon_core.package_identification:_identify(src) by extension 'ignore'
[0.904s] Level 1:colcon.colcon_core.package_identification:_identify(src) by extension 'ignore_ament_install'
[0.904s] Level 1:colcon.colcon_core.package_identification:_identify(src) by extensions ['colcon_pkg']
[0.904s] Level 1:colcon.colcon_core.package_identification:_identify(src) by extension 'colcon_pkg'
[0.904s] Level 1:colcon.colcon_core.package_identification:_identify(src) by extensions ['colcon_meta']
[0.905s] Level 1:colcon.colcon_core.package_identification:_identify(src) by extension 'colcon_meta'
[0.905s] Level 1:colcon.colcon_core.package_identification:_identify(src) by extensions ['ros']
[0.905s] Level 1:colcon.colcon_core.package_identification:_identify(src) by extension 'ros'
[0.905s] Level 1:colcon.colcon_core.package_identification:_identify(src) by extensions ['cmake', 'python']
[0.906s] Level 1:colcon.colcon_core.package_identification:_identify(src) by extension 'cmake'
[0.907s] Level 1:colcon.colcon_core.package_identification:_identify(src) by extension 'python'
[0.907s] Level 1:colcon.colcon_core.package_identification:_identify(src) by extensions ['python_setup_py']
[0.907s] Level 1:colcon.colcon_core.package_identification:_identify(src) by extension 'python_setup_py'
[0.912s] Level 1:colcon.colcon_core.package_identification:_identify(src/f1tenth_gym_ros) by extensions ['ignore', 'ignore_ament_install']
[0.914s] Level 1:colcon.colcon_core.package_identification:_identify(src/f1tenth_gym_ros) by extension 'ignore'
[0.914s] Level 1:colcon.colcon_core.package_identification:_identify(src/f1tenth_gym_ros) by extension 'ignore_ament_install'
[0.917s] Level 1:colcon.colcon_core.package_identification:_identify(src/f1tenth_gym_ros) by extensions ['colcon_pkg']
[0.917s] Level 1:colcon.colcon_core.package_identification:_identify(src/f1tenth_gym_ros) by extension 'colcon_pkg'
[0.918s] Level 1:colcon.colcon_core.package_identification:_identify(src/f1tenth_gym_ros) by extensions ['colcon_meta']
[0.918s] Level 1:colcon.colcon_core.package_identification:_identify(src/f1tenth_gym_ros) by extension 'colcon_meta'
[0.919s] Level 1:colcon.colcon_core.package_identification:_identify(src/f1tenth_gym_ros) by extensions ['ros']
[0.919s] Level 1:colcon.colcon_core.package_identification:_identify(src/f1tenth_gym_ros) by extension 'ros'
[0.974s] DEBUG:colcon.colcon_core.package_identification:Package 'src/f1tenth_gym_ros' with type 'ros.ament_python' and name 'f1tenth_gym_ros'
[0.974s] Level 1:colcon.colcon_core.package_identification:_identify(src/safety_node) by extensions ['ignore', 'ignore_ament_install']
[0.974s] Level 1:colcon.colcon_core.package_identification:_identify(src/safety_node) by extension 'ignore'
[0.974s] Level 1:colcon.colcon_core.package_identification:_identify(src/safety_node) by extension 'ignore_ament_install'
[0.975s] Level 1:colcon.colcon_core.package_identification:_identify(src/safety_node) by extensions ['colcon_pkg']
[0.975s] Level 1:colcon.colcon_core.package_identification:_identify(src/safety_node) by extension 'colcon_pkg'
[0.975s] Level 1:colcon.colcon_core.package_identification:_identify(src/safety_node) by extensions ['colcon_meta']
[0.975s] Level 1:colcon.colcon_core.package_identification:_identify(src/safety_node) by extension 'colcon_meta'
[0.975s] Level 1:colcon.colcon_core.package_identification:_identify(src/safety_node) by extensions ['ros']
[0.975s] Level 1:colcon.colcon_core.package_identification:_identify(src/safety_node) by extension 'ros'
[0.978s] DEBUG:colcon.colcon_core.package_identification:Package 'src/safety_node' with type 'ros.ament_cmake' and name 'safety_node'
[0.979s] Level 1:colcon.colcon_core.package_identification:_identify(src/wall_follow) by extensions ['ignore', 'ignore_ament_install']
[0.979s] Level 1:colcon.colcon_core.package_identification:_identify(src/wall_follow) by extension 'ignore'
[0.979s] Level 1:colcon.colcon_core.package_identification:_identify(src/wall_follow) by extension 'ignore_ament_install'
[0.979s] Level 1:colcon.colcon_core.package_identification:_identify(src/wall_follow) by extensions ['colcon_pkg']
[0.979s] Level 1:colcon.colcon_core.package_identification:_identify(src/wall_follow) by extension 'colcon_pkg'
[0.980s] Level 1:colcon.colcon_core.package_identification:_identify(src/wall_follow) by extensions ['colcon_meta']
[0.980s] Level 1:colcon.colcon_core.package_identification:_identify(src/wall_follow) by extension 'colcon_meta'
[0.980s] Level 1:colcon.colcon_core.package_identification:_identify(src/wall_follow) by extensions ['ros']
[0.980s] Level 1:colcon.colcon_core.package_identification:_identify(src/wall_follow) by extension 'ros'
[0.983s] DEBUG:colcon.colcon_core.package_identification:Package 'src/wall_follow' with type 'ros.ament_cmake' and name 'wall_follow'
[0.984s] Level 1:colcon.colcon_core.package_discovery:discover_packages(recursive) using defaults
[0.984s] Level 1:colcon.colcon_core.package_discovery:discover_packages(ignore) discover
[0.984s] Level 1:colcon.colcon_core.package_discovery:discover_packages(ignore) using defaults
[0.984s] Level 1:colcon.colcon_core.package_discovery:discover_packages(path) discover
[0.984s] Level 1:colcon.colcon_core.package_discovery:discover_packages(path) using defaults
[1.065s] Level 5:colcon.colcon_core.verb:set package 'f1tenth_gym_ros' build argument 'cmake_args' from command line to 'None'
[1.065s] Level 5:colcon.colcon_core.verb:set package 'f1tenth_gym_ros' build argument 'cmake_target' from command line to 'None'
[1.065s] Level 5:colcon.colcon_core.verb:set package 'f1tenth_gym_ros' build argument 'cmake_target_skip_unavailable' from command line to 'False'
[1.065s] Level 5:colcon.colcon_core.verb:set package 'f1tenth_gym_ros' build argument 'cmake_clean_cache' from command line to 'False'
[1.065s] Level 5:colcon.colcon_core.verb:set package 'f1tenth_gym_ros' build argument 'cmake_clean_first' from command line to 'False'
[1.065s] Level 5:colcon.colcon_core.verb:set package 'f1tenth_gym_ros' build argument 'cmake_force_configure' from command line to 'False'
[1.065s] Level 5:colcon.colcon_core.verb:set package 'f1tenth_gym_ros' build argument 'ament_cmake_args' from command line to 'None'
[1.065s] Level 5:colcon.colcon_core.verb:set package 'f1tenth_gym_ros' build argument 'catkin_cmake_args' from command line to 'None'
[1.066s] Level 5:colcon.colcon_core.verb:set package 'f1tenth_gym_ros' build argument 'catkin_skip_building_tests' from command line to 'False'
[1.066s] DEBUG:colcon.colcon_core.verb:Building package 'f1tenth_gym_ros' with the following arguments: {'ament_cmake_args': None, 'build_base': '/sim_ws/build/f1tenth_gym_ros', 'catkin_cmake_args': None, 'catkin_skip_building_tests': False, 'cmake_args': None, 'cmake_clean_cache': False, 'cmake_clean_first': False, 'cmake_force_configure': False, 'cmake_target': None, 'cmake_target_skip_unavailable': False, 'install_base': '/sim_ws/install/f1tenth_gym_ros', 'merge_install': False, 'path': '/sim_ws/src/f1tenth_gym_ros', 'symlink_install': False, 'test_result_base': None}
[1.069s] Level 5:colcon.colcon_core.verb:set package 'safety_node' build argument 'cmake_args' from command line to 'None'
[1.069s] Level 5:colcon.colcon_core.verb:set package 'safety_node' build argument 'cmake_target' from command line to 'None'
[1.069s] Level 5:colcon.colcon_core.verb:set package 'safety_node' build argument 'cmake_target_skip_unavailable' from command line to 'False'
[1.069s] Level 5:colcon.colcon_core.verb:set package 'safety_node' build argument 'cmake_clean_cache' from command line to 'False'
[1.069s] Level 5:colcon.colcon_core.verb:set package 'safety_node' build argument 'cmake_clean_first' from command line to 'False'
[1.069s] Level 5:colcon.colcon_core.verb:set package 'safety_node' build argument 'cmake_force_configure' from command line to 'False'
[1.070s] Level 5:colcon.colcon_core.verb:set package 'safety_node' build argument 'ament_cmake_args' from command line to 'None'
[1.070s] Level 5:colcon.colcon_core.verb:set package 'safety_node' build argument 'catkin_cmake_args' from command line to 'None'
[1.070s] Level 5:colcon.colcon_core.verb:set package 'safety_node' build argument 'catkin_skip_building_tests' from command line to 'False'
[1.070s] DEBUG:colcon.colcon_core.verb:Building package 'safety_node' with the following arguments: {'ament_cmake_args': None, 'build_base': '/sim_ws/build/safety_node', 'catkin_cmake_args': None, 'catkin_skip_building_tests': False, 'cmake_args': None, 'cmake_clean_cache': False, 'cmake_clean_first': False, 'cmake_force_configure': False, 'cmake_target': None, 'cmake_target_skip_unavailable': False, 'install_base': '/sim_ws/install/safety_node', 'merge_install': False, 'path': '/sim_ws/src/safety_node', 'symlink_install': False, 'test_result_base': None}
[1.073s] Level 5:colcon.colcon_core.verb:set package 'wall_follow' build argument 'cmake_args' from command line to 'None'
[1.074s] Level 5:colcon.colcon_core.verb:set package 'wall_follow' build argument 'cmake_target' from command line to 'None'
[1.074s] Level 5:colcon.colcon_core.verb:set package 'wall_follow' build argument 'cmake_target_skip_unavailable' from command line to 'False'
[1.074s] Level 5:colcon.colcon_core.verb:set package 'wall_follow' build argument 'cmake_clean_cache' from command line to 'False'
[1.074s] Level 5:colcon.colcon_core.verb:set package 'wall_follow' build argument 'cmake_clean_first' from command line to 'False'
[1.074s] Level 5:colcon.colcon_core.verb:set package 'wall_follow' build argument 'cmake_force_configure' from command line to 'False'
[1.074s] Level 5:colcon.colcon_core.verb:set package 'wall_follow' build argument 'ament_cmake_args' from command line to 'None'
[1.074s] Level 5:colcon.colcon_core.verb:set package 'wall_follow' build argument 'catkin_cmake_args' from command line to 'None'
[1.074s] Level 5:colcon.colcon_core.verb:set package 'wall_follow' build argument 'catkin_skip_building_tests' from command line to 'False'
[1.074s] DEBUG:colcon.colcon_core.verb:Building package 'wall_follow' with the following arguments: {'ament_cmake_args': None, 'build_base': '/sim_ws/build/wall_follow', 'catkin_cmake_args': None, 'catkin_skip_building_tests': False, 'cmake_args': None, 'cmake_clean_cache': False, 'cmake_clean_first': False, 'cmake_force_configure': False, 'cmake_target': None, 'cmake_target_skip_unavailable': False, 'install_base': '/sim_ws/install/wall_follow', 'merge_install': False, 'path': '/sim_ws/src/wall_follow', 'symlink_install': False, 'test_result_base': None}
[1.076s] INFO:colcon.colcon_core.executor:Executing jobs using 'parallel' executor
[1.085s] DEBUG:colcon.colcon_parallel_executor.executor.parallel:run_until_complete
[1.086s] INFO:colcon.colcon_ros.task.ament_python.build:Building ROS package in '/sim_ws/src/f1tenth_gym_ros' with build type 'ament_python'
[1.086s] Level 1:colcon.colcon_core.shell:create_environment_hook('f1tenth_gym_ros', 'ament_prefix_path')
[1.097s] INFO:colcon.colcon_core.plugin_system:Skipping extension 'colcon_core.shell.bat': Not used on non-Windows systems
[1.097s] INFO:colcon.colcon_core.shell:Creating environment hook '/sim_ws/install/f1tenth_gym_ros/share/f1tenth_gym_ros/hook/ament_prefix_path.ps1'
[1.099s] INFO:colcon.colcon_core.shell:Creating environment descriptor '/sim_ws/install/f1tenth_gym_ros/share/f1tenth_gym_ros/hook/ament_prefix_path.dsv'
[1.101s] INFO:colcon.colcon_core.shell:Creating environment hook '/sim_ws/install/f1tenth_gym_ros/share/f1tenth_gym_ros/hook/ament_prefix_path.sh'
[1.108s] INFO:colcon.colcon_core.shell:Skip shell extension 'powershell' for command environment: Not usable outside of PowerShell
[1.108s] DEBUG:colcon.colcon_core.shell:Skip shell extension 'dsv' for command environment
[1.130s] INFO:colcon.colcon_ros.task.ament_cmake.build:Building ROS package in '/sim_ws/src/safety_node' with build type 'ament_cmake'
[1.131s] INFO:colcon.colcon_cmake.task.cmake.build:Building CMake package in '/sim_ws/src/safety_node'
[1.139s] INFO:colcon.colcon_core.shell:Skip shell extension 'powershell' for command environment: Not usable outside of PowerShell
[1.139s] DEBUG:colcon.colcon_core.shell:Skip shell extension 'dsv' for command environment
[1.173s] INFO:colcon.colcon_ros.task.ament_cmake.build:Building ROS package in '/sim_ws/src/wall_follow' with build type 'ament_cmake'
[1.180s] INFO:colcon.colcon_cmake.task.cmake.build:Building CMake package in '/sim_ws/src/wall_follow'
[1.188s] INFO:colcon.colcon_core.shell:Skip shell extension 'powershell' for command environment: Not usable outside of PowerShell
[1.188s] DEBUG:colcon.colcon_core.shell:Skip shell extension 'dsv' for command environment
[2.561s] INFO:colcon.colcon_core.task.python.build:Building Python package in '/sim_ws/src/f1tenth_gym_ros'
[2.565s] INFO:colcon.colcon_core.shell:Skip shell extension 'powershell' for command environment: Not usable outside of PowerShell
[2.565s] DEBUG:colcon.colcon_core.shell:Skip shell extension 'dsv' for command environment
[2.605s] DEBUG:colcon.colcon_core.event_handler.log_command:Invoking command in '/sim_ws/build/safety_node': CMAKE_PREFIX_PATH=${CMAKE_PREFIX_PATH}:/sim_ws/install/f1tenth_gym_ros:/opt/ros/foxy /usr/bin/cmake --build /sim_ws/build/safety_node -- -j4 -l4
[2.642s] DEBUG:colcon.colcon_core.event_handler.log_command:Invoking command in '/sim_ws/build/wall_follow': CMAKE_PREFIX_PATH=${CMAKE_PREFIX_PATH}:/sim_ws/install/f1tenth_gym_ros:/opt/ros/foxy /usr/bin/cmake --build /sim_ws/build/wall_follow -- -j4 -l4
[3.012s] DEBUG:colcon.colcon_core.event_handler.log_command:Invoked command in '/sim_ws/build/safety_node' returned '0': CMAKE_PREFIX_PATH=${CMAKE_PREFIX_PATH}:/sim_ws/install/f1tenth_gym_ros:/opt/ros/foxy /usr/bin/cmake --build /sim_ws/build/safety_node -- -j4 -l4
[3.269s] DEBUG:colcon.colcon_core.event_handler.log_command:Invoking command in '/sim_ws/build/safety_node': CMAKE_PREFIX_PATH=${CMAKE_PREFIX_PATH}:/sim_ws/install/f1tenth_gym_ros:/opt/ros/foxy /usr/bin/cmake --install /sim_ws/build/safety_node
[3.511s] Level 1:colcon.colcon_core.environment:create_environment_scripts_only(safety_node)
[3.524s] Level 1:colcon.colcon_core.environment:checking '/sim_ws/install/safety_node' for CMake module files
[3.525s] Level 1:colcon.colcon_core.environment:checking '/sim_ws/install/safety_node' for CMake config files
[3.526s] Level 1:colcon.colcon_core.shell:create_environment_hook('safety_node', 'cmake_prefix_path')
[3.544s] INFO:colcon.colcon_core.shell:Creating environment hook '/sim_ws/install/safety_node/share/safety_node/hook/cmake_prefix_path.ps1'
[3.546s] DEBUG:colcon.colcon_core.event_handler.log_command:Invoked command in '/sim_ws/build/safety_node' returned '0': CMAKE_PREFIX_PATH=${CMAKE_PREFIX_PATH}:/sim_ws/install/f1tenth_gym_ros:/opt/ros/foxy /usr/bin/cmake --install /sim_ws/build/safety_node
[3.563s] INFO:colcon.colcon_core.shell:Creating environment descriptor '/sim_ws/install/safety_node/share/safety_node/hook/cmake_prefix_path.dsv'
[3.575s] INFO:colcon.colcon_core.shell:Creating environment hook '/sim_ws/install/safety_node/share/safety_node/hook/cmake_prefix_path.sh'
[3.587s] Level 1:colcon.colcon_core.environment:checking '/sim_ws/install/safety_node/lib'
[3.589s] Level 1:colcon.colcon_core.environment:checking '/sim_ws/install/safety_node/bin'
[3.591s] Level 1:colcon.colcon_core.environment:checking '/sim_ws/install/safety_node/lib/pkgconfig/safety_node.pc'
[3.592s] Level 1:colcon.colcon_core.environment:checking '/sim_ws/install/safety_node/lib/python3.8/site-packages'
[3.593s] Level 1:colcon.colcon_core.shell:create_environment_hook('safety_node', 'pythonpath')
[3.604s] INFO:colcon.colcon_core.shell:Creating environment hook '/sim_ws/install/safety_node/share/safety_node/hook/pythonpath.ps1'
[3.632s] INFO:colcon.colcon_core.shell:Creating environment descriptor '/sim_ws/install/safety_node/share/safety_node/hook/pythonpath.dsv'
[3.638s] INFO:colcon.colcon_core.shell:Creating environment hook '/sim_ws/install/safety_node/share/safety_node/hook/pythonpath.sh'
[3.643s] Level 1:colcon.colcon_core.environment:checking '/sim_ws/install/safety_node/bin'
[3.651s] INFO:colcon.colcon_core.shell:Creating package script '/sim_ws/install/safety_node/share/safety_node/package.ps1'
[3.662s] INFO:colcon.colcon_core.shell:Creating package descriptor '/sim_ws/install/safety_node/share/safety_node/package.dsv'
[3.667s] INFO:colcon.colcon_core.shell:Creating package script '/sim_ws/install/safety_node/share/safety_node/package.sh'
[3.673s] INFO:colcon.colcon_core.shell:Creating package script '/sim_ws/install/safety_node/share/safety_node/package.bash'
[3.678s] INFO:colcon.colcon_core.shell:Creating package script '/sim_ws/install/safety_node/share/safety_node/package.zsh'
[3.683s] Level 1:colcon.colcon_core.environment:create_file_with_runtime_dependencies(/sim_ws/install/safety_node/share/colcon-core/packages/safety_node)
[3.939s] Level 1:colcon.colcon_core.environment:create_environment_scripts_only(safety_node)
[3.947s] Level 1:colcon.colcon_core.environment:checking '/sim_ws/install/safety_node' for CMake module files
[3.949s] Level 1:colcon.colcon_core.environment:checking '/sim_ws/install/safety_node' for CMake config files
[3.950s] Level 1:colcon.colcon_core.shell:create_environment_hook('safety_node', 'cmake_prefix_path')
[3.956s] INFO:colcon.colcon_core.shell:Creating environment hook '/sim_ws/install/safety_node/share/safety_node/hook/cmake_prefix_path.ps1'
[3.964s] INFO:colcon.colcon_core.shell:Creating environment descriptor '/sim_ws/install/safety_node/share/safety_node/hook/cmake_prefix_path.dsv'
[3.966s] INFO:colcon.colcon_core.shell:Creating environment hook '/sim_ws/install/safety_node/share/safety_node/hook/cmake_prefix_path.sh'
[3.968s] Level 1:colcon.colcon_core.environment:checking '/sim_ws/install/safety_node/lib'
[3.969s] Level 1:colcon.colcon_core.environment:checking '/sim_ws/install/safety_node/bin'
[3.969s] Level 1:colcon.colcon_core.environment:checking '/sim_ws/install/safety_node/lib/pkgconfig/safety_node.pc'
[3.970s] Level 1:colcon.colcon_core.environment:checking '/sim_ws/install/safety_node/lib/python3.8/site-packages'
[3.972s] Level 1:colcon.colcon_core.shell:create_environment_hook('safety_node', 'pythonpath')
[3.979s] INFO:colcon.colcon_core.shell:Creating environment hook '/sim_ws/install/safety_node/share/safety_node/hook/pythonpath.ps1'
[3.986s] INFO:colcon.colcon_core.shell:Creating environment descriptor '/sim_ws/install/safety_node/share/safety_node/hook/pythonpath.dsv'
[3.993s] INFO:colcon.colcon_core.shell:Creating environment hook '/sim_ws/install/safety_node/share/safety_node/hook/pythonpath.sh'
[3.998s] Level 1:colcon.colcon_core.environment:checking '/sim_ws/install/safety_node/bin'
[4.004s] INFO:colcon.colcon_core.shell:Creating package script '/sim_ws/install/safety_node/share/safety_node/package.ps1'
[4.009s] INFO:colcon.colcon_core.shell:Creating package descriptor '/sim_ws/install/safety_node/share/safety_node/package.dsv'
[4.011s] INFO:colcon.colcon_core.shell:Creating package script '/sim_ws/install/safety_node/share/safety_node/package.sh'
[4.012s] INFO:colcon.colcon_core.shell:Creating package script '/sim_ws/install/safety_node/share/safety_node/package.bash'
[4.014s] INFO:colcon.colcon_core.shell:Creating package script '/sim_ws/install/safety_node/share/safety_node/package.zsh'
[4.015s] Level 1:colcon.colcon_core.environment:create_file_with_runtime_dependencies(/sim_ws/install/safety_node/share/colcon-core/packages/safety_node)
[4.095s] DEBUG:colcon.colcon_core.event_handler.log_command:Invoking command in '/sim_ws/src/f1tenth_gym_ros': PYTHONPATH=/sim_ws/build/f1tenth_gym_ros/prefix_override:/sim_ws/install/f1tenth_gym_ros/lib/python3.8/site-packages:${PYTHONPATH} /usr/bin/python3 setup.py egg_info --egg-base ../../build/f1tenth_gym_ros build --build-base /sim_ws/build/f1tenth_gym_ros/build install --record /sim_ws/build/f1tenth_gym_ros/install.log --install-scripts $base/lib/f1tenth_gym_ros --single-version-externally-managed
[5.316s] Level 1:colcon.colcon_core.environment:checking '/sim_ws/install/f1tenth_gym_ros' for CMake module files
[5.317s] DEBUG:colcon.colcon_core.event_handler.log_command:Invoked command in '/sim_ws/src/f1tenth_gym_ros' returned '0': PYTHONPATH=/sim_ws/build/f1tenth_gym_ros/prefix_override:/sim_ws/install/f1tenth_gym_ros/lib/python3.8/site-packages:${PYTHONPATH} /usr/bin/python3 setup.py egg_info --egg-base ../../build/f1tenth_gym_ros build --build-base /sim_ws/build/f1tenth_gym_ros/build install --record /sim_ws/build/f1tenth_gym_ros/install.log --install-scripts $base/lib/f1tenth_gym_ros --single-version-externally-managed
[5.319s] Level 1:colcon.colcon_core.environment:checking '/sim_ws/install/f1tenth_gym_ros' for CMake config files
[5.321s] Level 1:colcon.colcon_core.environment:checking '/sim_ws/install/f1tenth_gym_ros/lib'
[5.321s] Level 1:colcon.colcon_core.environment:checking '/sim_ws/install/f1tenth_gym_ros/bin'
[5.322s] Level 1:colcon.colcon_core.environment:checking '/sim_ws/install/f1tenth_gym_ros/lib/pkgconfig/f1tenth_gym_ros.pc'
[5.323s] Level 1:colcon.colcon_core.environment:checking '/sim_ws/install/f1tenth_gym_ros/lib/python3.8/site-packages'
[5.323s] Level 1:colcon.colcon_core.shell:create_environment_hook('f1tenth_gym_ros', 'pythonpath')
[5.328s] INFO:colcon.colcon_core.shell:Creating environment hook '/sim_ws/install/f1tenth_gym_ros/share/f1tenth_gym_ros/hook/pythonpath.ps1'
[5.335s] INFO:colcon.colcon_core.shell:Creating environment descriptor '/sim_ws/install/f1tenth_gym_ros/share/f1tenth_gym_ros/hook/pythonpath.dsv'
[5.344s] INFO:colcon.colcon_core.shell:Creating environment hook '/sim_ws/install/f1tenth_gym_ros/share/f1tenth_gym_ros/hook/pythonpath.sh'
[5.346s] Level 1:colcon.colcon_core.environment:checking '/sim_ws/install/f1tenth_gym_ros/bin'
[5.346s] Level 1:colcon.colcon_core.environment:create_environment_scripts_only(f1tenth_gym_ros)
[5.350s] INFO:colcon.colcon_core.shell:Creating package script '/sim_ws/install/f1tenth_gym_ros/share/f1tenth_gym_ros/package.ps1'
[5.352s] INFO:colcon.colcon_core.shell:Creating package descriptor '/sim_ws/install/f1tenth_gym_ros/share/f1tenth_gym_ros/package.dsv'
[5.355s] INFO:colcon.colcon_core.shell:Creating package script '/sim_ws/install/f1tenth_gym_ros/share/f1tenth_gym_ros/package.sh'
[5.356s] INFO:colcon.colcon_core.shell:Creating package script '/sim_ws/install/f1tenth_gym_ros/share/f1tenth_gym_ros/package.bash'
[5.358s] INFO:colcon.colcon_core.shell:Creating package script '/sim_ws/install/f1tenth_gym_ros/share/f1tenth_gym_ros/package.zsh'
[5.361s] Level 1:colcon.colcon_core.environment:create_file_with_runtime_dependencies(/sim_ws/install/f1tenth_gym_ros/share/colcon-core/packages/f1tenth_gym_ros)
[25.323s] DEBUG:colcon.colcon_core.event_handler.log_command:Invoked command in '/sim_ws/build/wall_follow' returned '0': CMAKE_PREFIX_PATH=${CMAKE_PREFIX_PATH}:/sim_ws/install/f1tenth_gym_ros:/opt/ros/foxy /usr/bin/cmake --build /sim_ws/build/wall_follow -- -j4 -l4
[25.490s] DEBUG:colcon.colcon_core.event_handler.log_command:Invoking command in '/sim_ws/build/wall_follow': CMAKE_PREFIX_PATH=${CMAKE_PREFIX_PATH}:/sim_ws/install/f1tenth_gym_ros:/opt/ros/foxy /usr/bin/cmake --install /sim_ws/build/wall_follow
[25.731s] Level 1:colcon.colcon_core.environment:create_environment_scripts_only(wall_follow)
[25.743s] Level 1:colcon.colcon_core.environment:checking '/sim_ws/install/wall_follow' for CMake module files
[25.745s] DEBUG:colcon.colcon_core.event_handler.log_command:Invoked command in '/sim_ws/build/wall_follow' returned '0': CMAKE_PREFIX_PATH=${CMAKE_PREFIX_PATH}:/sim_ws/install/f1tenth_gym_ros:/opt/ros/foxy /usr/bin/cmake --install /sim_ws/build/wall_follow
[25.746s] Level 1:colcon.colcon_core.environment:checking '/sim_ws/install/wall_follow' for CMake config files
[25.747s] Level 1:colcon.colcon_core.shell:create_environment_hook('wall_follow', 'cmake_prefix_path')
[25.758s] INFO:colcon.colcon_core.shell:Creating environment hook '/sim_ws/install/wall_follow/share/wall_follow/hook/cmake_prefix_path.ps1'
[25.760s] INFO:colcon.colcon_core.shell:Creating environment descriptor '/sim_ws/install/wall_follow/share/wall_follow/hook/cmake_prefix_path.dsv'
[25.760s] INFO:colcon.colcon_core.shell:Creating environment hook '/sim_ws/install/wall_follow/share/wall_follow/hook/cmake_prefix_path.sh'
[25.761s] Level 1:colcon.colcon_core.environment:checking '/sim_ws/install/wall_follow/lib'
[25.761s] Level 1:colcon.colcon_core.environment:checking '/sim_ws/install/wall_follow/bin'
[25.762s] Level 1:colcon.colcon_core.environment:checking '/sim_ws/install/wall_follow/lib/pkgconfig/wall_follow.pc'
[25.762s] Level 1:colcon.colcon_core.environment:checking '/sim_ws/install/wall_follow/lib/python3.8/site-packages'
[25.762s] Level 1:colcon.colcon_core.shell:create_environment_hook('wall_follow', 'pythonpath')
[25.769s] INFO:colcon.colcon_core.shell:Creating environment hook '/sim_ws/install/wall_follow/share/wall_follow/hook/pythonpath.ps1'
[25.769s] INFO:colcon.colcon_core.shell:Creating environment descriptor '/sim_ws/install/wall_follow/share/wall_follow/hook/pythonpath.dsv'
[25.770s] INFO:colcon.colcon_core.shell:Creating environment hook '/sim_ws/install/wall_follow/share/wall_follow/hook/pythonpath.sh'
[25.771s] Level 1:colcon.colcon_core.environment:checking '/sim_ws/install/wall_follow/bin'
[25.862s] INFO:colcon.colcon_core.shell:Creating package script '/sim_ws/install/wall_follow/share/wall_follow/package.ps1'
[25.864s] INFO:colcon.colcon_core.shell:Creating package descriptor '/sim_ws/install/wall_follow/share/wall_follow/package.dsv'
[25.866s] INFO:colcon.colcon_core.shell:Creating package script '/sim_ws/install/wall_follow/share/wall_follow/package.sh'
[25.867s] INFO:colcon.colcon_core.shell:Creating package script '/sim_ws/install/wall_follow/share/wall_follow/package.bash'
[25.869s] INFO:colcon.colcon_core.shell:Creating package script '/sim_ws/install/wall_follow/share/wall_follow/package.zsh'
[25.870s] Level 1:colcon.colcon_core.environment:create_file_with_runtime_dependencies(/sim_ws/install/wall_follow/share/colcon-core/packages/wall_follow)
[26.156s] Level 1:colcon.colcon_core.environment:create_environment_scripts_only(wall_follow)
[26.163s] Level 1:colcon.colcon_core.environment:checking '/sim_ws/install/wall_follow' for CMake module files
[26.167s] Level 1:colcon.colcon_core.environment:checking '/sim_ws/install/wall_follow' for CMake config files
[26.168s] Level 1:colcon.colcon_core.shell:create_environment_hook('wall_follow', 'cmake_prefix_path')
[26.175s] INFO:colcon.colcon_core.shell:Creating environment hook '/sim_ws/install/wall_follow/share/wall_follow/hook/cmake_prefix_path.ps1'
[26.185s] INFO:colcon.colcon_core.shell:Creating environment descriptor '/sim_ws/install/wall_follow/share/wall_follow/hook/cmake_prefix_path.dsv'
[26.187s] INFO:colcon.colcon_core.shell:Creating environment hook '/sim_ws/install/wall_follow/share/wall_follow/hook/cmake_prefix_path.sh'
[26.190s] Level 1:colcon.colcon_core.environment:checking '/sim_ws/install/wall_follow/lib'
[26.191s] Level 1:colcon.colcon_core.environment:checking '/sim_ws/install/wall_follow/bin'
[26.191s] Level 1:colcon.colcon_core.environment:checking '/sim_ws/install/wall_follow/lib/pkgconfig/wall_follow.pc'
[26.192s] Level 1:colcon.colcon_core.environment:checking '/sim_ws/install/wall_follow/lib/python3.8/site-packages'
[26.193s] Level 1:colcon.colcon_core.shell:create_environment_hook('wall_follow', 'pythonpath')
[26.201s] INFO:colcon.colcon_core.shell:Creating environment hook '/sim_ws/install/wall_follow/share/wall_follow/hook/pythonpath.ps1'
[26.204s] INFO:colcon.colcon_core.shell:Creating environment descriptor '/sim_ws/install/wall_follow/share/wall_follow/hook/pythonpath.dsv'
[26.206s] INFO:colcon.colcon_core.shell:Creating environment hook '/sim_ws/install/wall_follow/share/wall_follow/hook/pythonpath.sh'
[26.219s] Level 1:colcon.colcon_core.environment:checking '/sim_ws/install/wall_follow/bin'
[26.228s] INFO:colcon.colcon_core.shell:Creating package script '/sim_ws/install/wall_follow/share/wall_follow/package.ps1'
[26.236s] INFO:colcon.colcon_core.shell:Creating package descriptor '/sim_ws/install/wall_follow/share/wall_follow/package.dsv'
[26.256s] INFO:colcon.colcon_core.shell:Creating package script '/sim_ws/install/wall_follow/share/wall_follow/package.sh'
[26.262s] INFO:colcon.colcon_core.shell:Creating package script '/sim_ws/install/wall_follow/share/wall_follow/package.bash'
[26.267s] INFO:colcon.colcon_core.shell:Creating package script '/sim_ws/install/wall_follow/share/wall_follow/package.zsh'
[26.272s] Level 1:colcon.colcon_core.environment:create_file_with_runtime_dependencies(/sim_ws/install/wall_follow/share/colcon-core/packages/wall_follow)
[26.285s] DEBUG:colcon.colcon_parallel_executor.executor.parallel:closing loop
[26.290s] DEBUG:colcon.colcon_parallel_executor.executor.parallel:loop closed
[26.291s] DEBUG:colcon.colcon_parallel_executor.executor.parallel:run_until_complete finished with '0'
[26.292s] DEBUG:colcon.colcon_core.event_reactor:joining thread
[26.382s] INFO:colcon.colcon_core.plugin_system:Skipping extension 'colcon_notification.desktop_notification.notify_send': Could not find 'notify-send'
[26.383s] INFO:colcon.colcon_core.plugin_system:Skipping extension 'colcon_notification.desktop_notification.terminal_notifier': Not used on non-Darwin systems
[26.384s] INFO:colcon.colcon_core.plugin_system:Skipping extension 'colcon_notification.desktop_notification.win32': Not used on non-Windows systems
[26.384s] INFO:colcon.colcon_notification.desktop_notification:Sending desktop notification using 'notify2'
[26.399s] DEBUG:colcon.colcon_notification.desktop_notification.notify2:Failed to initialize notify2: org.freedesktop.DBus.Error.Spawn.ExecFailed: /usr/bin/dbus-launch terminated abnormally without any error message
[26.401s] DEBUG:colcon.colcon_core.event_reactor:joined thread
[26.504s] INFO:colcon.colcon_core.shell:Creating prefix script '/sim_ws/install/local_setup.ps1'
[26.516s] INFO:colcon.colcon_core.shell:Creating prefix util module '/sim_ws/install/_local_setup_util_ps1.py'
[26.541s] INFO:colcon.colcon_core.shell:Creating prefix chain script '/sim_ws/install/setup.ps1'
[26.563s] INFO:colcon.colcon_core.shell:Creating prefix script '/sim_ws/install/local_setup.sh'
[26.566s] INFO:colcon.colcon_core.shell:Creating prefix util module '/sim_ws/install/_local_setup_util_sh.py'
[26.569s] INFO:colcon.colcon_core.shell:Creating prefix chain script '/sim_ws/install/setup.sh'
[26.573s] INFO:colcon.colcon_core.shell:Creating prefix script '/sim_ws/install/local_setup.bash'
[26.575s] INFO:colcon.colcon_core.shell:Creating prefix chain script '/sim_ws/install/setup.bash'
[26.586s] INFO:colcon.colcon_core.shell:Creating prefix script '/sim_ws/install/local_setup.zsh'
[26.590s] INFO:colcon.colcon_core.shell:Creating prefix chain script '/sim_ws/install/setup.zsh'
