[1.020s] Invoking command in '/sim_ws/build/safety_node': CMAKE_PREFIX_PATH=${CMAKE_PREFIX_PATH}:/sim_ws/install/f1tenth_gym_ros:/opt/ros/foxy /usr/bin/cmake --build /sim_ws/build/safety_node -- -j4 -l4
[1.525s] [100%] Built target safety_node
[1.826s] Invoked command in '/sim_ws/build/safety_node' returned '0': CMAKE_PREFIX_PATH=${CMAKE_PREFIX_PATH}:/sim_ws/install/f1tenth_gym_ros:/opt/ros/foxy /usr/bin/cmake --build /sim_ws/build/safety_node -- -j4 -l4
[2.190s] Invoking command in '/sim_ws/build/safety_node': CMAKE_PREFIX_PATH=${CMAKE_PREFIX_PATH}:/sim_ws/install/f1tenth_gym_ros:/opt/ros/foxy /usr/bin/cmake --install /sim_ws/build/safety_node
[2.493s] -- Install configuration: ""
[2.495s] -- Up-to-date: /sim_ws/install/safety_node/lib/safety_node/safety_node
[2.499s] -- Up-to-date: /sim_ws/install/safety_node/share/ament_index/resource_index/package_run_dependencies/safety_node
[2.500s] -- Up-to-date: /sim_ws/install/safety_node/share/ament_index/resource_index/parent_prefix_path/safety_node
[2.501s] -- Up-to-date: /sim_ws/install/safety_node/share/safety_node/environment/ament_prefix_path.sh
[2.501s] -- Up-to-date: /sim_ws/install/safety_node/share/safety_node/environment/ament_prefix_path.dsv
[2.513s] -- Up-to-date: /sim_ws/install/safety_node/share/safety_node/environment/path.sh
[2.513s] -- Up-to-date: /sim_ws/install/safety_node/share/safety_node/environment/path.dsv
[2.513s] -- Up-to-date: /sim_ws/install/safety_node/share/safety_node/local_setup.bash
[2.513s] -- Up-to-date: /sim_ws/install/safety_node/share/safety_node/local_setup.sh
[2.514s] -- Up-to-date: /sim_ws/install/safety_node/share/safety_node/local_setup.zsh
[2.514s] -- Up-to-date: /sim_ws/install/safety_node/share/safety_node/local_setup.dsv
[2.514s] -- Installing: /sim_ws/install/safety_node/share/safety_node/package.dsv
[2.514s] -- Up-to-date: /sim_ws/install/safety_node/share/ament_index/resource_index/packages/safety_node
[2.515s] -- Up-to-date: /sim_ws/install/safety_node/share/safety_node/cmake/safety_nodeConfig.cmake
[2.515s] -- Up-to-date: /sim_ws/install/safety_node/share/safety_node/cmake/safety_nodeConfig-version.cmake
[2.515s] -- Up-to-date: /sim_ws/install/safety_node/share/safety_node/package.xml
[2.516s] Invoked command in '/sim_ws/build/safety_node' returned '0': CMAKE_PREFIX_PATH=${CMAKE_PREFIX_PATH}:/sim_ws/install/f1tenth_gym_ros:/opt/ros/foxy /usr/bin/cmake --install /sim_ws/build/safety_node
