[0.396s] Invoking command in '/sim_ws/build/wall_follow': CMAKE_PREFIX_PATH=${CMAKE_PREFIX_PATH}:/sim_ws/install/f1tenth_gym_ros:/opt/ros/foxy /usr/bin/cmake --build /sim_ws/build/wall_follow -- -j4 -l4
[0.479s] [35m[1mScanning dependencies of target wall_follow_node[0m
[0.552s] [ 50%] [32mBuilding CXX object CMakeFiles/wall_follow_node.dir/src/wall_follow_node.cpp.o[0m
[13.395s] [100%] [32m[1mLinking CXX executable wall_follow_node[0m
[14.151s] [100%] Built target wall_follow_node
[14.223s] Invoked command in '/sim_ws/build/wall_follow' returned '0': CMAKE_PREFIX_PATH=${CMAKE_PREFIX_PATH}:/sim_ws/install/f1tenth_gym_ros:/opt/ros/foxy /usr/bin/cmake --build /sim_ws/build/wall_follow -- -j4 -l4
[14.293s] Invoking command in '/sim_ws/build/wall_follow': CMAKE_PREFIX_PATH=${CMAKE_PREFIX_PATH}:/sim_ws/install/f1tenth_gym_ros:/opt/ros/foxy /usr/bin/cmake --install /sim_ws/build/wall_follow
[14.311s] -- Install configuration: ""
[14.313s] -- Installing: /sim_ws/install/wall_follow/lib/wall_follow/wall_follow_node
[14.322s] -- Set runtime path of "/sim_ws/install/wall_follow/lib/wall_follow/wall_follow_node" to ""
[14.323s] -- Up-to-date: /sim_ws/install/wall_follow/share/ament_index/resource_index/package_run_dependencies/wall_follow
[14.324s] -- Up-to-date: /sim_ws/install/wall_follow/share/ament_index/resource_index/parent_prefix_path/wall_follow
[14.324s] -- Up-to-date: /sim_ws/install/wall_follow/share/wall_follow/environment/ament_prefix_path.sh
[14.324s] -- Up-to-date: /sim_ws/install/wall_follow/share/wall_follow/environment/ament_prefix_path.dsv
[14.325s] -- Up-to-date: /sim_ws/install/wall_follow/share/wall_follow/environment/path.sh
[14.325s] -- Up-to-date: /sim_ws/install/wall_follow/share/wall_follow/environment/path.dsv
[14.325s] -- Up-to-date: /sim_ws/install/wall_follow/share/wall_follow/local_setup.bash
[14.325s] -- Up-to-date: /sim_ws/install/wall_follow/share/wall_follow/local_setup.sh
[14.326s] -- Up-to-date: /sim_ws/install/wall_follow/share/wall_follow/local_setup.zsh
[14.326s] -- Up-to-date: /sim_ws/install/wall_follow/share/wall_follow/local_setup.dsv
[14.330s] -- Installing: /sim_ws/install/wall_follow/share/wall_follow/package.dsv
[14.330s] -- Up-to-date: /sim_ws/install/wall_follow/share/ament_index/resource_index/packages/wall_follow
[14.331s] -- Up-to-date: /sim_ws/install/wall_follow/share/wall_follow/cmake/wall_followConfig.cmake
[14.331s] -- Up-to-date: /sim_ws/install/wall_follow/share/wall_follow/cmake/wall_followConfig-version.cmake
[14.331s] -- Up-to-date: /sim_ws/install/wall_follow/share/wall_follow/package.xml
[14.331s] -- Up-to-date: /sim_ws/install/wall_follow/share/wall_follow//launch
[14.331s] -- Installing: /sim_ws/install/wall_follow/share/wall_follow//launch/wall_follow_launch.py
[14.346s] Invoked command in '/sim_ws/build/wall_follow' returned '0': CMAKE_PREFIX_PATH=${CMAKE_PREFIX_PATH}:/sim_ws/install/f1tenth_gym_ros:/opt/ros/foxy /usr/bin/cmake --install /sim_ws/build/wall_follow
