[0.427s] Invoking command in '/sim_ws/build/wall_follow': CMAKE_PREFIX_PATH=${CMAKE_PREFIX_PATH}:/sim_ws/install/f1tenth_gym_ros:/opt/ros/foxy /usr/bin/cmake --build /sim_ws/build/wall_follow -- -j4 -l4
[0.666s] [35m[1mScanning dependencies of target wall_follow_node[0m
[0.754s] [ 50%] [32mBuilding CXX object CMakeFiles/wall_follow_node.dir/src/wall_follow_node.cpp.o[0m
[18.062s] [100%] [32m[1mLinking CXX executable wall_follow_node[0m
[20.135s] [100%] Built target wall_follow_node
[20.193s] Invoked command in '/sim_ws/build/wall_follow' returned '0': CMAKE_PREFIX_PATH=${CMAKE_PREFIX_PATH}:/sim_ws/install/f1tenth_gym_ros:/opt/ros/foxy /usr/bin/cmake --build /sim_ws/build/wall_follow -- -j4 -l4
[20.343s] Invoking command in '/sim_ws/build/wall_follow': CMAKE_PREFIX_PATH=${CMAKE_PREFIX_PATH}:/sim_ws/install/f1tenth_gym_ros:/opt/ros/foxy /usr/bin/cmake --install /sim_ws/build/wall_follow
[20.374s] -- Install configuration: ""
[20.377s] -- Installing: /sim_ws/install/wall_follow/lib/wall_follow/wall_follow_node
[20.392s] -- Set runtime path of "/sim_ws/install/wall_follow/lib/wall_follow/wall_follow_node" to ""
[20.400s] -- Up-to-date: /sim_ws/install/wall_follow/share/ament_index/resource_index/package_run_dependencies/wall_follow
[20.400s] -- Up-to-date: /sim_ws/install/wall_follow/share/ament_index/resource_index/parent_prefix_path/wall_follow
[20.400s] -- Up-to-date: /sim_ws/install/wall_follow/share/wall_follow/environment/ament_prefix_path.sh
[20.400s] -- Up-to-date: /sim_ws/install/wall_follow/share/wall_follow/environment/ament_prefix_path.dsv
[20.400s] -- Up-to-date: /sim_ws/install/wall_follow/share/wall_follow/environment/path.sh
[20.401s] -- Up-to-date: /sim_ws/install/wall_follow/share/wall_follow/environment/path.dsv
[20.401s] -- Up-to-date: /sim_ws/install/wall_follow/share/wall_follow/local_setup.bash
[20.401s] -- Up-to-date: /sim_ws/install/wall_follow/share/wall_follow/local_setup.sh
[20.401s] -- Up-to-date: /sim_ws/install/wall_follow/share/wall_follow/local_setup.zsh
[20.401s] -- Up-to-date: /sim_ws/install/wall_follow/share/wall_follow/local_setup.dsv
[20.401s] -- Installing: /sim_ws/install/wall_follow/share/wall_follow/package.dsv
[20.402s] -- Up-to-date: /sim_ws/install/wall_follow/share/ament_index/resource_index/packages/wall_follow
[20.402s] -- Up-to-date: /sim_ws/install/wall_follow/share/wall_follow/cmake/wall_followConfig.cmake
[20.402s] -- Up-to-date: /sim_ws/install/wall_follow/share/wall_follow/cmake/wall_followConfig-version.cmake
[20.402s] -- Up-to-date: /sim_ws/install/wall_follow/share/wall_follow/package.xml
[20.402s] -- Up-to-date: /sim_ws/install/wall_follow/share/wall_follow//launch
[20.402s] -- Up-to-date: /sim_ws/install/wall_follow/share/wall_follow//launch/wall_follow_launch.py
[20.411s] Invoked command in '/sim_ws/build/wall_follow' returned '0': CMAKE_PREFIX_PATH=${CMAKE_PREFIX_PATH}:/sim_ws/install/f1tenth_gym_ros:/opt/ros/foxy /usr/bin/cmake --install /sim_ws/build/wall_follow
