[2.238s] Invoking command in '/sim_ws/src/f1tenth_gym_ros': PYTHONPATH=/sim_ws/build/f1tenth_gym_ros/prefix_override:/sim_ws/install/f1tenth_gym_ros/lib/python3.8/site-packages:${PYTHONPATH} /usr/bin/python3 setup.py egg_info --egg-base ../../build/f1tenth_gym_ros build --build-base /sim_ws/build/f1tenth_gym_ros/build install --record /sim_ws/build/f1tenth_gym_ros/install.log --install-scripts $base/lib/f1tenth_gym_ros --single-version-externally-managed
[2.942s] running egg_info
[2.944s] writing ../../build/f1tenth_gym_ros/f1tenth_gym_ros.egg-info/PKG-INFO
[2.945s] writing dependency_links to ../../build/f1tenth_gym_ros/f1tenth_gym_ros.egg-info/dependency_links.txt
[2.948s] writing entry points to ../../build/f1tenth_gym_ros/f1tenth_gym_ros.egg-info/entry_points.txt
[2.948s] writing requirements to ../../build/f1tenth_gym_ros/f1tenth_gym_ros.egg-info/requires.txt
[2.948s] writing top-level names to ../../build/f1tenth_gym_ros/f1tenth_gym_ros.egg-info/top_level.txt
[3.175s] reading manifest file '../../build/f1tenth_gym_ros/f1tenth_gym_ros.egg-info/SOURCES.txt'
[3.179s] writing manifest file '../../build/f1tenth_gym_ros/f1tenth_gym_ros.egg-info/SOURCES.txt'
[3.180s] running build
[3.180s] running build_py
[3.182s] running install
[3.184s] running install_lib
[3.218s] running install_data
[3.224s] running install_egg_info
[3.229s] removing '/sim_ws/install/f1tenth_gym_ros/lib/python3.8/site-packages/f1tenth_gym_ros-0.0.0-py3.8.egg-info' (and everything under it)
[3.229s] Copying ../../build/f1tenth_gym_ros/f1tenth_gym_ros.egg-info to /sim_ws/install/f1tenth_gym_ros/lib/python3.8/site-packages/f1tenth_gym_ros-0.0.0-py3.8.egg-info
[3.255s] running install_scripts
[3.345s] Installing gym_bridge script to /sim_ws/install/f1tenth_gym_ros/lib/f1tenth_gym_ros
[3.350s] writing list of installed files to '/sim_ws/build/f1tenth_gym_ros/install.log'
[3.400s] Invoked command in '/sim_ws/src/f1tenth_gym_ros' returned '0': PYTHONPATH=/sim_ws/build/f1tenth_gym_ros/prefix_override:/sim_ws/install/f1tenth_gym_ros/lib/python3.8/site-packages:${PYTHONPATH} /usr/bin/python3 setup.py egg_info --egg-base ../../build/f1tenth_gym_ros build --build-base /sim_ws/build/f1tenth_gym_ros/build install --record /sim_ws/build/f1tenth_gym_ros/install.log --install-scripts $base/lib/f1tenth_gym_ros --single-version-externally-managed
