[0.901s] Invoking command in '/sim_ws/build/safety_node': CMAKE_PREFIX_PATH=${CMAKE_PREFIX_PATH}:/sim_ws/install/f1tenth_gym_ros:/opt/ros/foxy /usr/bin/cmake --build /sim_ws/build/safety_node -- -j4 -l4
[1.147s] [35m[1mScanning dependencies of target safety_node[0m
[1.354s] [ 50%] [32mBuilding CXX object CMakeFiles/safety_node.dir/src/safety_node.cpp.o[0m
[26.116s] [100%] [32m[1mLinking CXX executable safety_node[0m
[27.053s] [100%] Built target safety_node
[27.107s] Invoked command in '/sim_ws/build/safety_node' returned '0': CMAKE_PREFIX_PATH=${CMAKE_PREFIX_PATH}:/sim_ws/install/f1tenth_gym_ros:/opt/ros/foxy /usr/bin/cmake --build /sim_ws/build/safety_node -- -j4 -l4
[27.259s] Invoking command in '/sim_ws/build/safety_node': CMAKE_PREFIX_PATH=${CMAKE_PREFIX_PATH}:/sim_ws/install/f1tenth_gym_ros:/opt/ros/foxy /usr/bin/cmake --install /sim_ws/build/safety_node
[27.305s] -- Install configuration: ""
[27.305s] -- Installing: /sim_ws/install/safety_node/lib/safety_node/safety_node
[27.317s] -- Set runtime path of "/sim_ws/install/safety_node/lib/safety_node/safety_node" to ""
[27.325s] -- Up-to-date: /sim_ws/install/safety_node/share/safety_node/environment/pythonpath.sh
[27.326s] -- Up-to-date: /sim_ws/install/safety_node/share/safety_node/environment/pythonpath.dsv
[27.328s] -- Up-to-date: /sim_ws/install/safety_node/lib/python3.8/site-packages/safety_node
[27.330s] -- Up-to-date: /sim_ws/install/safety_node/lib/python3.8/site-packages/safety_node/__init__.py
[27.447s] Listing '/sim_ws/install/safety_node/lib/python3.8/site-packages/safety_node'...
[27.465s] -- Up-to-date: /sim_ws/install/safety_node/lib/safety_node/safety_node.py
[27.466s] -- Up-to-date: /sim_ws/install/safety_node/share/ament_index/resource_index/package_run_dependencies/safety_node
[27.467s] -- Up-to-date: /sim_ws/install/safety_node/share/ament_index/resource_index/parent_prefix_path/safety_node
[27.467s] -- Up-to-date: /sim_ws/install/safety_node/share/safety_node/environment/ament_prefix_path.sh
[27.467s] -- Up-to-date: /sim_ws/install/safety_node/share/safety_node/environment/ament_prefix_path.dsv
[27.468s] -- Up-to-date: /sim_ws/install/safety_node/share/safety_node/environment/path.sh
[27.477s] -- Up-to-date: /sim_ws/install/safety_node/share/safety_node/environment/path.dsv
[27.484s] -- Up-to-date: /sim_ws/install/safety_node/share/safety_node/local_setup.bash
[27.486s] -- Up-to-date: /sim_ws/install/safety_node/share/safety_node/local_setup.sh
[27.488s] -- Up-to-date: /sim_ws/install/safety_node/share/safety_node/local_setup.zsh
[27.489s] -- Up-to-date: /sim_ws/install/safety_node/share/safety_node/local_setup.dsv
[27.489s] -- Installing: /sim_ws/install/safety_node/share/safety_node/package.dsv
[27.491s] -- Up-to-date: /sim_ws/install/safety_node/share/ament_index/resource_index/packages/safety_node
[27.492s] -- Up-to-date: /sim_ws/install/safety_node/share/safety_node/cmake/safety_nodeConfig.cmake
[27.493s] -- Up-to-date: /sim_ws/install/safety_node/share/safety_node/cmake/safety_nodeConfig-version.cmake
[27.494s] -- Up-to-date: /sim_ws/install/safety_node/share/safety_node/package.xml
[27.516s] Invoked command in '/sim_ws/build/safety_node' returned '0': CMAKE_PREFIX_PATH=${CMAKE_PREFIX_PATH}:/sim_ws/install/f1tenth_gym_ros:/opt/ros/foxy /usr/bin/cmake --install /sim_ws/build/safety_node
