[0.571s] Invoking command in '/sim_ws/build/wall_follow': CMAKE_PREFIX_PATH=${CMAKE_PREFIX_PATH}:/sim_ws/install/f1tenth_gym_ros:/opt/ros/foxy /usr/bin/cmake --build /sim_ws/build/wall_follow -- -j4 -l4
[0.808s] [35m[1mScanning dependencies of target wall_follow_node[0m
[1.071s] [ 50%] [32mBuilding CXX object CMakeFiles/wall_follow_node.dir/src/wall_follow_node.cpp.o[0m
[18.149s] [100%] [32m[1mLinking CXX executable wall_follow_node[0m
[19.147s] [100%] Built target wall_follow_node
[19.188s] Invoked command in '/sim_ws/build/wall_follow' returned '0': CMAKE_PREFIX_PATH=${CMAKE_PREFIX_PATH}:/sim_ws/install/f1tenth_gym_ros:/opt/ros/foxy /usr/bin/cmake --build /sim_ws/build/wall_follow -- -j4 -l4
[19.646s] Invoking command in '/sim_ws/build/wall_follow': CMAKE_PREFIX_PATH=${CMAKE_PREFIX_PATH}:/sim_ws/install/f1tenth_gym_ros:/opt/ros/foxy /usr/bin/cmake --install /sim_ws/build/wall_follow
[19.675s] -- Install configuration: ""
[19.676s] -- Installing: /sim_ws/install/wall_follow/lib/wall_follow/wall_follow_node
[19.681s] -- Set runtime path of "/sim_ws/install/wall_follow/lib/wall_follow/wall_follow_node" to ""
[19.681s] -- Up-to-date: /sim_ws/install/wall_follow/share/ament_index/resource_index/package_run_dependencies/wall_follow
[19.694s] -- Up-to-date: /sim_ws/install/wall_follow/share/ament_index/resource_index/parent_prefix_path/wall_follow
[19.694s] -- Up-to-date: /sim_ws/install/wall_follow/share/wall_follow/environment/ament_prefix_path.sh
[19.694s] -- Up-to-date: /sim_ws/install/wall_follow/share/wall_follow/environment/ament_prefix_path.dsv
[19.695s] -- Up-to-date: /sim_ws/install/wall_follow/share/wall_follow/environment/path.sh
[19.695s] -- Up-to-date: /sim_ws/install/wall_follow/share/wall_follow/environment/path.dsv
[19.695s] -- Up-to-date: /sim_ws/install/wall_follow/share/wall_follow/local_setup.bash
[19.695s] -- Up-to-date: /sim_ws/install/wall_follow/share/wall_follow/local_setup.sh
[19.695s] -- Up-to-date: /sim_ws/install/wall_follow/share/wall_follow/local_setup.zsh
[19.695s] -- Up-to-date: /sim_ws/install/wall_follow/share/wall_follow/local_setup.dsv
[19.696s] -- Installing: /sim_ws/install/wall_follow/share/wall_follow/package.dsv
[19.696s] -- Up-to-date: /sim_ws/install/wall_follow/share/ament_index/resource_index/packages/wall_follow
[19.696s] -- Up-to-date: /sim_ws/install/wall_follow/share/wall_follow/cmake/wall_followConfig.cmake
[19.696s] -- Up-to-date: /sim_ws/install/wall_follow/share/wall_follow/cmake/wall_followConfig-version.cmake
[19.696s] -- Up-to-date: /sim_ws/install/wall_follow/share/wall_follow/package.xml
[19.696s] -- Up-to-date: /sim_ws/install/wall_follow/share/wall_follow//launch
[19.696s] -- Up-to-date: /sim_ws/install/wall_follow/share/wall_follow//launch/wall_follow_launch.py
[19.757s] Invoked command in '/sim_ws/build/wall_follow' returned '0': CMAKE_PREFIX_PATH=${CMAKE_PREFIX_PATH}:/sim_ws/install/f1tenth_gym_ros:/opt/ros/foxy /usr/bin/cmake --install /sim_ws/build/wall_follow
