[0.385s] Invoking command in '/sim_ws/build/wall_follow': CMAKE_PREFIX_PATH=${CMAKE_PREFIX_PATH}:/sim_ws/install/f1tenth_gym_ros:/opt/ros/foxy /usr/bin/cmake /sim_ws/src/wall_follow -DCMAKE_INSTALL_PREFIX=/sim_ws/install/wall_follow
[0.560s] -- The C compiler identification is GNU 9.4.0
[0.685s] -- The CXX compiler identification is GNU 9.4.0
[0.698s] -- Check for working C compiler: /usr/bin/cc
[0.876s] -- Check for working C compiler: /usr/bin/cc -- works
[0.878s] -- Detecting C compiler ABI info
[1.081s] -- Detecting C compiler ABI info - done
[1.140s] -- Detecting C compile features
[1.141s] -- Detecting C compile features - done
[1.147s] -- Check for working CXX compiler: /usr/bin/c++
[1.344s] -- Check for working CXX compiler: /usr/bin/c++ -- works
[1.348s] -- Detecting CXX compiler ABI info
[1.542s] -- Detecting CXX compiler ABI info - done
[1.578s] -- Detecting CXX compile features
[1.580s] -- Detecting CXX compile features - done
[1.584s] -- Found ament_cmake: 0.9.12 (/opt/ros/foxy/share/ament_cmake/cmake)
[1.631s] -- Found PythonInterp: /usr/bin/python3 (found suitable version "3.8.10", minimum required is "3") 
[1.631s] -- Using PYTHON_EXECUTABLE: /usr/bin/python3
[2.003s] -- Found rclcpp: 2.4.3 (/opt/ros/foxy/share/rclcpp/cmake)
[2.092s] -- Using all available rosidl_typesupport_c: rosidl_typesupport_fastrtps_c;rosidl_typesupport_introspection_c
[2.102s] -- Found rosidl_adapter: 1.3.1 (/opt/ros/foxy/share/rosidl_adapter/cmake)
[2.227s] -- Found OpenSSL: /usr/lib/x86_64-linux-gnu/libcrypto.so (found version "1.1.1f")  
[2.264s] -- Found FastRTPS: /opt/ros/foxy/include  
[2.379s] -- Using all available rosidl_typesupport_cpp: rosidl_typesupport_fastrtps_cpp;rosidl_typesupport_introspection_cpp
[2.493s] -- Found rmw_implementation_cmake: 1.0.4 (/opt/ros/foxy/share/rmw_implementation_cmake/cmake)
[2.493s] -- Using RMW implementation 'rmw_fastrtps_cpp' as default
[2.494s] -- Looking for pthread.h
[2.651s] -- Looking for pthread.h - found
[2.652s] -- Performing Test CMAKE_HAVE_LIBC_PTHREAD
[2.788s] -- Performing Test CMAKE_HAVE_LIBC_PTHREAD - Failed
[2.789s] -- Looking for pthread_create in pthreads
[2.926s] -- Looking for pthread_create in pthreads - not found
[2.930s] -- Looking for pthread_create in pthread
[3.094s] -- Looking for pthread_create in pthread - found
[3.097s] -- Found Threads: TRUE  
[3.407s] -- Found rclpy: 1.0.13 (/opt/ros/foxy/share/rclpy/cmake)
[3.414s] -- Found geometry_msgs: 2.0.5 (/opt/ros/foxy/share/geometry_msgs/cmake)
[3.476s] -- Found nav_msgs: 2.0.5 (/opt/ros/foxy/share/nav_msgs/cmake)
[3.618s] -- Found ackermann_msgs: 2.0.2 (/opt/ros/foxy/share/ackermann_msgs/cmake)
[3.680s] -- Found sensor_msgs: 2.0.5 (/opt/ros/foxy/share/sensor_msgs/cmake)
[3.827s] -- Found ament_lint_auto: 0.9.8 (/opt/ros/foxy/share/ament_lint_auto/cmake)
[3.969s] -- Added test 'copyright' to check source files copyright and LICENSE
[3.973s] -- Added test 'cppcheck' to perform static code analysis on C / C++ code
[3.974s] -- Configured cppcheck include dirs: /sim_ws/src/wall_follow/include
[3.975s] -- Configured cppcheck exclude dirs and/or files: 
[3.977s] -- Added test 'cpplint' to check C / C++ code against the Google style
[3.978s] -- Configured cpplint exclude dirs and/or files: 
[3.978s] -- Added test 'flake8' to check Python code syntax and style conventions
[3.980s] -- Added test 'lint_cmake' to check CMake code style
[3.984s] -- Added test 'pep257' to check Python code against some of the style conventions in PEP 257
[3.986s] -- Added test 'uncrustify' to check C / C++ code style
[3.987s] -- Configured uncrustify additional arguments: 
[3.988s] -- Added test 'xmllint' to check XML markup files
[3.994s] -- Configuring done
[4.020s] -- Generating done
[4.025s] -- Build files have been written to: /sim_ws/build/wall_follow
[4.042s] Invoked command in '/sim_ws/build/wall_follow' returned '0': CMAKE_PREFIX_PATH=${CMAKE_PREFIX_PATH}:/sim_ws/install/f1tenth_gym_ros:/opt/ros/foxy /usr/bin/cmake /sim_ws/src/wall_follow -DCMAKE_INSTALL_PREFIX=/sim_ws/install/wall_follow
[4.048s] Invoking command in '/sim_ws/build/wall_follow': CMAKE_PREFIX_PATH=${CMAKE_PREFIX_PATH}:/sim_ws/install/f1tenth_gym_ros:/opt/ros/foxy /usr/bin/cmake --build /sim_ws/build/wall_follow -- -j4 -l4
[4.121s] [35m[1mScanning dependencies of target wall_follow_node[0m
[4.208s] [ 50%] [32mBuilding CXX object CMakeFiles/wall_follow_node.dir/src/wall_follow_node.cpp.o[0m
[17.650s] [100%] [32m[1mLinking CXX executable wall_follow_node[0m
[18.147s] [100%] Built target wall_follow_node
[18.169s] Invoked command in '/sim_ws/build/wall_follow' returned '0': CMAKE_PREFIX_PATH=${CMAKE_PREFIX_PATH}:/sim_ws/install/f1tenth_gym_ros:/opt/ros/foxy /usr/bin/cmake --build /sim_ws/build/wall_follow -- -j4 -l4
[18.235s] Invoking command in '/sim_ws/build/wall_follow': CMAKE_PREFIX_PATH=${CMAKE_PREFIX_PATH}:/sim_ws/install/f1tenth_gym_ros:/opt/ros/foxy /usr/bin/cmake --install /sim_ws/build/wall_follow
[18.253s] -- Install configuration: ""
[18.254s] -- Installing: /sim_ws/install/wall_follow/lib/wall_follow/wall_follow_node
[18.258s] -- Set runtime path of "/sim_ws/install/wall_follow/lib/wall_follow/wall_follow_node" to ""
[18.259s] -- Installing: /sim_ws/install/wall_follow/share/ament_index/resource_index/package_run_dependencies/wall_follow
[18.259s] -- Installing: /sim_ws/install/wall_follow/share/ament_index/resource_index/parent_prefix_path/wall_follow
[18.260s] -- Installing: /sim_ws/install/wall_follow/share/wall_follow/environment/ament_prefix_path.sh
[18.260s] -- Installing: /sim_ws/install/wall_follow/share/wall_follow/environment/ament_prefix_path.dsv
[18.260s] -- Installing: /sim_ws/install/wall_follow/share/wall_follow/environment/path.sh
[18.261s] -- Installing: /sim_ws/install/wall_follow/share/wall_follow/environment/path.dsv
[18.261s] -- Installing: /sim_ws/install/wall_follow/share/wall_follow/local_setup.bash
[18.261s] -- Installing: /sim_ws/install/wall_follow/share/wall_follow/local_setup.sh
[18.262s] -- Installing: /sim_ws/install/wall_follow/share/wall_follow/local_setup.zsh
[18.262s] -- Installing: /sim_ws/install/wall_follow/share/wall_follow/local_setup.dsv
[18.262s] -- Installing: /sim_ws/install/wall_follow/share/wall_follow/package.dsv
[18.262s] -- Installing: /sim_ws/install/wall_follow/share/ament_index/resource_index/packages/wall_follow
[18.263s] -- Installing: /sim_ws/install/wall_follow/share/wall_follow/cmake/wall_followConfig.cmake
[18.263s] -- Installing: /sim_ws/install/wall_follow/share/wall_follow/cmake/wall_followConfig-version.cmake
[18.263s] -- Installing: /sim_ws/install/wall_follow/share/wall_follow/package.xml
[18.273s] Invoked command in '/sim_ws/build/wall_follow' returned '0': CMAKE_PREFIX_PATH=${CMAKE_PREFIX_PATH}:/sim_ws/install/f1tenth_gym_ros:/opt/ros/foxy /usr/bin/cmake --install /sim_ws/build/wall_follow
