[0.775s] Invoking command in '/sim_ws/build/wall_follow': CMAKE_PREFIX_PATH=${CMAKE_PREFIX_PATH}:/sim_ws/install/f1tenth_gym_ros:/opt/ros/foxy /usr/bin/cmake --build /sim_ws/build/wall_follow -- -j4 -l4
[1.117s] [35m[1mScanning dependencies of target wall_follow_node[0m
[1.321s] [ 50%] [32mBuilding CXX object CMakeFiles/wall_follow_node.dir/src/wall_follow_node.cpp.o[0m
[18.396s] [100%] [32m[1mLinking CXX executable wall_follow_node[0m
[19.157s] [100%] Built target wall_follow_node
[19.191s] Invoked command in '/sim_ws/build/wall_follow' returned '0': CMAKE_PREFIX_PATH=${CMAKE_PREFIX_PATH}:/sim_ws/install/f1tenth_gym_ros:/opt/ros/foxy /usr/bin/cmake --build /sim_ws/build/wall_follow -- -j4 -l4
[19.310s] Invoking command in '/sim_ws/build/wall_follow': CMAKE_PREFIX_PATH=${CMAKE_PREFIX_PATH}:/sim_ws/install/f1tenth_gym_ros:/opt/ros/foxy /usr/bin/cmake --install /sim_ws/build/wall_follow
[19.343s] -- Install configuration: ""
[19.344s] -- Installing: /sim_ws/install/wall_follow/lib/wall_follow/wall_follow_node
[19.349s] -- Set runtime path of "/sim_ws/install/wall_follow/lib/wall_follow/wall_follow_node" to ""
[19.349s] -- Up-to-date: /sim_ws/install/wall_follow/share/ament_index/resource_index/package_run_dependencies/wall_follow
[19.350s] -- Up-to-date: /sim_ws/install/wall_follow/share/ament_index/resource_index/parent_prefix_path/wall_follow
[19.350s] -- Up-to-date: /sim_ws/install/wall_follow/share/wall_follow/environment/ament_prefix_path.sh
[19.351s] -- Up-to-date: /sim_ws/install/wall_follow/share/wall_follow/environment/ament_prefix_path.dsv
[19.351s] -- Up-to-date: /sim_ws/install/wall_follow/share/wall_follow/environment/path.sh
[19.351s] -- Up-to-date: /sim_ws/install/wall_follow/share/wall_follow/environment/path.dsv
[19.352s] -- Up-to-date: /sim_ws/install/wall_follow/share/wall_follow/local_setup.bash
[19.352s] -- Up-to-date: /sim_ws/install/wall_follow/share/wall_follow/local_setup.sh
[19.353s] -- Up-to-date: /sim_ws/install/wall_follow/share/wall_follow/local_setup.zsh
[19.353s] -- Up-to-date: /sim_ws/install/wall_follow/share/wall_follow/local_setup.dsv
[19.353s] -- Installing: /sim_ws/install/wall_follow/share/wall_follow/package.dsv
[19.354s] -- Up-to-date: /sim_ws/install/wall_follow/share/ament_index/resource_index/packages/wall_follow
[19.355s] -- Up-to-date: /sim_ws/install/wall_follow/share/wall_follow/cmake/wall_followConfig.cmake
[19.355s] -- Up-to-date: /sim_ws/install/wall_follow/share/wall_follow/cmake/wall_followConfig-version.cmake
[19.356s] -- Up-to-date: /sim_ws/install/wall_follow/share/wall_follow/package.xml
[19.356s] -- Up-to-date: /sim_ws/install/wall_follow/share/wall_follow//launch
[19.356s] -- Up-to-date: /sim_ws/install/wall_follow/share/wall_follow//launch/wall_follow_launch.py
[19.369s] Invoked command in '/sim_ws/build/wall_follow' returned '0': CMAKE_PREFIX_PATH=${CMAKE_PREFIX_PATH}:/sim_ws/install/f1tenth_gym_ros:/opt/ros/foxy /usr/bin/cmake --install /sim_ws/build/wall_follow
