[0.836s] Invoking command in '/sim_ws/build/wall_follow': CMAKE_PREFIX_PATH=${CMAKE_PREFIX_PATH}:/sim_ws/install/f1tenth_gym_ros:/opt/ros/foxy /usr/bin/cmake --build /sim_ws/build/wall_follow -- -j4 -l4
[1.217s] [35m[1mScanning dependencies of target wall_follow_node[0m
[1.419s] [ 50%] [32mBuilding CXX object CMakeFiles/wall_follow_node.dir/src/wall_follow_node.cpp.o[0m
[19.847s] [100%] [32m[1mLinking CXX executable wall_follow_node[0m
[20.810s] [100%] Built target wall_follow_node
[20.874s] Invoked command in '/sim_ws/build/wall_follow' returned '0': CMAKE_PREFIX_PATH=${CMAKE_PREFIX_PATH}:/sim_ws/install/f1tenth_gym_ros:/opt/ros/foxy /usr/bin/cmake --build /sim_ws/build/wall_follow -- -j4 -l4
[20.961s] Invoking command in '/sim_ws/build/wall_follow': CMAKE_PREFIX_PATH=${CMAKE_PREFIX_PATH}:/sim_ws/install/f1tenth_gym_ros:/opt/ros/foxy /usr/bin/cmake --install /sim_ws/build/wall_follow
[21.005s] -- Install configuration: ""
[21.006s] -- Installing: /sim_ws/install/wall_follow/lib/wall_follow/wall_follow_node
[21.012s] -- Set runtime path of "/sim_ws/install/wall_follow/lib/wall_follow/wall_follow_node" to ""
[21.012s] -- Up-to-date: /sim_ws/install/wall_follow/share/wall_follow/environment/pythonpath.sh
[21.013s] -- Up-to-date: /sim_ws/install/wall_follow/share/wall_follow/environment/pythonpath.dsv
[21.015s] -- Up-to-date: /sim_ws/install/wall_follow/lib/python3.8/site-packages/wall_follow
[21.016s] -- Up-to-date: /sim_ws/install/wall_follow/lib/python3.8/site-packages/wall_follow/__init__.py
[21.115s] Listing '/sim_ws/install/wall_follow/lib/python3.8/site-packages/wall_follow'...
[21.127s] -- Up-to-date: /sim_ws/install/wall_follow/lib/wall_follow/wall_follow_node.py
[21.128s] -- Up-to-date: /sim_ws/install/wall_follow/share/ament_index/resource_index/package_run_dependencies/wall_follow
[21.130s] -- Up-to-date: /sim_ws/install/wall_follow/share/ament_index/resource_index/parent_prefix_path/wall_follow
[21.131s] -- Up-to-date: /sim_ws/install/wall_follow/share/wall_follow/environment/ament_prefix_path.sh
[21.138s] -- Up-to-date: /sim_ws/install/wall_follow/share/wall_follow/environment/ament_prefix_path.dsv
[21.138s] -- Up-to-date: /sim_ws/install/wall_follow/share/wall_follow/environment/path.sh
[21.142s] -- Up-to-date: /sim_ws/install/wall_follow/share/wall_follow/environment/path.dsv
[21.143s] -- Up-to-date: /sim_ws/install/wall_follow/share/wall_follow/local_setup.bash
[21.143s] -- Up-to-date: /sim_ws/install/wall_follow/share/wall_follow/local_setup.sh
[21.143s] -- Up-to-date: /sim_ws/install/wall_follow/share/wall_follow/local_setup.zsh
[21.144s] -- Up-to-date: /sim_ws/install/wall_follow/share/wall_follow/local_setup.dsv
[21.145s] -- Installing: /sim_ws/install/wall_follow/share/wall_follow/package.dsv
[21.149s] -- Up-to-date: /sim_ws/install/wall_follow/share/ament_index/resource_index/packages/wall_follow
[21.154s] -- Up-to-date: /sim_ws/install/wall_follow/share/wall_follow/cmake/wall_followConfig.cmake
[21.154s] -- Up-to-date: /sim_ws/install/wall_follow/share/wall_follow/cmake/wall_followConfig-version.cmake
[21.155s] -- Up-to-date: /sim_ws/install/wall_follow/share/wall_follow/package.xml
[21.189s] Invoked command in '/sim_ws/build/wall_follow' returned '0': CMAKE_PREFIX_PATH=${CMAKE_PREFIX_PATH}:/sim_ws/install/f1tenth_gym_ros:/opt/ros/foxy /usr/bin/cmake --install /sim_ws/build/wall_follow
