[0.491s] Invoking command in '/sim_ws/build/wall_follow': /usr/bin/cmake /sim_ws/src/f1tenth_lab3/wall_follow -DCMAKE_INSTALL_PREFIX=/sim_ws/install/wall_follow
[0.847s] -- The C compiler identification is GNU 9.4.0
[1.022s] -- The CXX compiler identification is GNU 9.4.0
[1.038s] -- Check for working C compiler: /usr/bin/cc
[1.200s] -- Check for working C compiler: /usr/bin/cc -- works
[1.203s] -- Detecting C compiler ABI info
[1.397s] -- Detecting C compiler ABI info - done
[1.430s] -- Detecting C compile features
[1.431s] -- Detecting C compile features - done
[1.456s] -- Check for working CXX compiler: /usr/bin/c++
[1.671s] -- Check for working CXX compiler: /usr/bin/c++ -- works
[1.698s] -- Detecting CXX compiler ABI info
[2.004s] -- Detecting CXX compiler ABI info - done
[2.070s] -- Detecting CXX compile features
[2.072s] -- Detecting CXX compile features - done
[2.092s] CMake Error at CMakeLists.txt:25 (find_package):
[2.092s]   By not providing "Findament_cmake.cmake" in CMAKE_MODULE_PATH this project
[2.093s]   has asked CMake to find a package configuration file provided by
[2.093s]   "ament_cmake", but CMake did not find one.
[2.093s] 
[2.094s]   Could not find a package configuration file provided by "ament_cmake" with
[2.094s]   any of the following names:
[2.095s] 
[2.095s]     ament_cmakeConfig.cmake
[2.095s]     ament_cmake-config.cmake
[2.096s] 
[2.096s]   Add the installation prefix of "ament_cmake" to CMAKE_PREFIX_PATH or set
[2.096s]   "ament_cmake_DIR" to a directory containing one of the above files.  If
[2.097s]   "ament_cmake" provides a separate development package or SDK, be sure it
[2.097s]   has been installed.
[2.097s] 
[2.097s] 
[2.097s] -- Configuring incomplete, errors occurred!
[2.097s] See also "/sim_ws/build/wall_follow/CMakeFiles/CMakeOutput.log".
[2.104s] Invoked command in '/sim_ws/build/wall_follow' returned '1': /usr/bin/cmake /sim_ws/src/f1tenth_lab3/wall_follow -DCMAKE_INSTALL_PREFIX=/sim_ws/install/wall_follow
