[0.824s] Invoking command in '/sim_ws/src/f1tenth_gym_ros': PYTHONPATH=/sim_ws/build/f1tenth_gym_ros/prefix_override:/sim_ws/install/f1tenth_gym_ros/lib/python3.8/site-packages:${PYTHONPATH} /usr/bin/python3 setup.py egg_info --egg-base ../../build/f1tenth_gym_ros build --build-base /sim_ws/build/f1tenth_gym_ros/build install --record /sim_ws/build/f1tenth_gym_ros/install.log --install-scripts $base/lib/f1tenth_gym_ros --single-version-externally-managed
[1.041s] running egg_info
[1.043s] creating ../../build/f1tenth_gym_ros/f1tenth_gym_ros.egg-info
[1.043s] writing ../../build/f1tenth_gym_ros/f1tenth_gym_ros.egg-info/PKG-INFO
[1.044s] writing dependency_links to ../../build/f1tenth_gym_ros/f1tenth_gym_ros.egg-info/dependency_links.txt
[1.044s] writing entry points to ../../build/f1tenth_gym_ros/f1tenth_gym_ros.egg-info/entry_points.txt
[1.044s] writing requirements to ../../build/f1tenth_gym_ros/f1tenth_gym_ros.egg-info/requires.txt
[1.044s] writing top-level names to ../../build/f1tenth_gym_ros/f1tenth_gym_ros.egg-info/top_level.txt
[1.046s] writing manifest file '../../build/f1tenth_gym_ros/f1tenth_gym_ros.egg-info/SOURCES.txt'
[1.103s] reading manifest file '../../build/f1tenth_gym_ros/f1tenth_gym_ros.egg-info/SOURCES.txt'
[1.105s] writing manifest file '../../build/f1tenth_gym_ros/f1tenth_gym_ros.egg-info/SOURCES.txt'
[1.105s] running build
[1.106s] running build_py
[1.106s] creating /sim_ws/build/f1tenth_gym_ros/build
[1.106s] creating /sim_ws/build/f1tenth_gym_ros/build/lib
[1.107s] creating /sim_ws/build/f1tenth_gym_ros/build/lib/f1tenth_gym_ros
[1.107s] copying f1tenth_gym_ros/gym_bridge.py -> /sim_ws/build/f1tenth_gym_ros/build/lib/f1tenth_gym_ros
[1.107s] copying f1tenth_gym_ros/__init__.py -> /sim_ws/build/f1tenth_gym_ros/build/lib/f1tenth_gym_ros
[1.108s] running install
[1.108s] running install_lib
[1.108s] creating /sim_ws/install/f1tenth_gym_ros/lib/python3.8/site-packages/f1tenth_gym_ros
[1.109s] copying /sim_ws/build/f1tenth_gym_ros/build/lib/f1tenth_gym_ros/gym_bridge.py -> /sim_ws/install/f1tenth_gym_ros/lib/python3.8/site-packages/f1tenth_gym_ros
[1.109s] copying /sim_ws/build/f1tenth_gym_ros/build/lib/f1tenth_gym_ros/__init__.py -> /sim_ws/install/f1tenth_gym_ros/lib/python3.8/site-packages/f1tenth_gym_ros
[1.110s] byte-compiling /sim_ws/install/f1tenth_gym_ros/lib/python3.8/site-packages/f1tenth_gym_ros/gym_bridge.py to gym_bridge.cpython-38.pyc
[1.115s] byte-compiling /sim_ws/install/f1tenth_gym_ros/lib/python3.8/site-packages/f1tenth_gym_ros/__init__.py to __init__.cpython-38.pyc
[1.115s] running install_data
[1.117s] creating /sim_ws/install/f1tenth_gym_ros/share/ament_index
[1.117s] creating /sim_ws/install/f1tenth_gym_ros/share/ament_index/resource_index
[1.118s] creating /sim_ws/install/f1tenth_gym_ros/share/ament_index/resource_index/packages
[1.118s] copying resource/f1tenth_gym_ros -> /sim_ws/install/f1tenth_gym_ros/share/ament_index/resource_index/packages
[1.118s] copying package.xml -> /sim_ws/install/f1tenth_gym_ros/share/f1tenth_gym_ros
[1.118s] creating /sim_ws/install/f1tenth_gym_ros/share/f1tenth_gym_ros/launch
[1.118s] copying launch/gym_bridge_launch.py -> /sim_ws/install/f1tenth_gym_ros/share/f1tenth_gym_ros/launch
[1.118s] copying launch/opp_racecar.xacro -> /sim_ws/install/f1tenth_gym_ros/share/f1tenth_gym_ros/launch
[1.118s] copying launch/ego_racecar.xacro -> /sim_ws/install/f1tenth_gym_ros/share/f1tenth_gym_ros/launch
[1.118s] copying launch/gym_bridge.rviz -> /sim_ws/install/f1tenth_gym_ros/share/f1tenth_gym_ros/launch
[1.118s] creating /sim_ws/install/f1tenth_gym_ros/share/f1tenth_gym_ros/config
[1.119s] copying config/sim.yaml -> /sim_ws/install/f1tenth_gym_ros/share/f1tenth_gym_ros/config
[1.119s] running install_egg_info
[1.120s] Copying ../../build/f1tenth_gym_ros/f1tenth_gym_ros.egg-info to /sim_ws/install/f1tenth_gym_ros/lib/python3.8/site-packages/f1tenth_gym_ros-0.0.0-py3.8.egg-info
[1.121s] running install_scripts
[1.145s] Installing gym_bridge script to /sim_ws/install/f1tenth_gym_ros/lib/f1tenth_gym_ros
[1.145s] writing list of installed files to '/sim_ws/build/f1tenth_gym_ros/install.log'
[1.171s] Invoked command in '/sim_ws/src/f1tenth_gym_ros' returned '0': PYTHONPATH=/sim_ws/build/f1tenth_gym_ros/prefix_override:/sim_ws/install/f1tenth_gym_ros/lib/python3.8/site-packages:${PYTHONPATH} /usr/bin/python3 setup.py egg_info --egg-base ../../build/f1tenth_gym_ros build --build-base /sim_ws/build/f1tenth_gym_ros/build install --record /sim_ws/build/f1tenth_gym_ros/install.log --install-scripts $base/lib/f1tenth_gym_ros --single-version-externally-managed
