[0.779s] Invoking command in '/sim_ws/build/safety_node': CMAKE_PREFIX_PATH=${CMAKE_PREFIX_PATH}:/sim_ws/install/f1tenth_gym_ros:/opt/ros/foxy /usr/bin/cmake --build /sim_ws/build/safety_node -- -j4 -l4
[1.062s] [100%] Built target safety_node
[1.166s] Invoked command in '/sim_ws/build/safety_node' returned '0': CMAKE_PREFIX_PATH=${CMAKE_PREFIX_PATH}:/sim_ws/install/f1tenth_gym_ros:/opt/ros/foxy /usr/bin/cmake --build /sim_ws/build/safety_node -- -j4 -l4
[1.477s] Invoking command in '/sim_ws/build/safety_node': CMAKE_PREFIX_PATH=${CMAKE_PREFIX_PATH}:/sim_ws/install/f1tenth_gym_ros:/opt/ros/foxy /usr/bin/cmake --install /sim_ws/build/safety_node
[1.507s] -- Install configuration: ""
[1.509s] -- Up-to-date: /sim_ws/install/safety_node/lib/safety_node/safety_node
[1.511s] -- Up-to-date: /sim_ws/install/safety_node/share/ament_index/resource_index/package_run_dependencies/safety_node
[1.513s] -- Up-to-date: /sim_ws/install/safety_node/share/ament_index/resource_index/parent_prefix_path/safety_node
[1.514s] -- Up-to-date: /sim_ws/install/safety_node/share/safety_node/environment/ament_prefix_path.sh
[1.518s] -- Up-to-date: /sim_ws/install/safety_node/share/safety_node/environment/ament_prefix_path.dsv
[1.519s] -- Up-to-date: /sim_ws/install/safety_node/share/safety_node/environment/path.sh
[1.523s] -- Up-to-date: /sim_ws/install/safety_node/share/safety_node/environment/path.dsv
[1.524s] -- Up-to-date: /sim_ws/install/safety_node/share/safety_node/local_setup.bash
[1.528s] -- Up-to-date: /sim_ws/install/safety_node/share/safety_node/local_setup.sh
[1.529s] -- Up-to-date: /sim_ws/install/safety_node/share/safety_node/local_setup.zsh
[1.530s] -- Up-to-date: /sim_ws/install/safety_node/share/safety_node/local_setup.dsv
[1.533s] -- Installing: /sim_ws/install/safety_node/share/safety_node/package.dsv
[1.538s] -- Up-to-date: /sim_ws/install/safety_node/share/ament_index/resource_index/packages/safety_node
[1.541s] -- Up-to-date: /sim_ws/install/safety_node/share/safety_node/cmake/safety_nodeConfig.cmake
[1.542s] -- Up-to-date: /sim_ws/install/safety_node/share/safety_node/cmake/safety_nodeConfig-version.cmake
[1.542s] -- Up-to-date: /sim_ws/install/safety_node/share/safety_node/package.xml
[1.555s] Invoked command in '/sim_ws/build/safety_node' returned '0': CMAKE_PREFIX_PATH=${CMAKE_PREFIX_PATH}:/sim_ws/install/f1tenth_gym_ros:/opt/ros/foxy /usr/bin/cmake --install /sim_ws/build/safety_node
