[1.049s] Invoking command in '/sim_ws/build/wall_follow': CMAKE_PREFIX_PATH=${CMAKE_PREFIX_PATH}:/sim_ws/install/f1tenth_gym_ros:/opt/ros/foxy /usr/bin/cmake --build /sim_ws/build/wall_follow -- -j4 -l4
[1.372s] [100%] Built target wall_follow_node
[1.444s] Invoked command in '/sim_ws/build/wall_follow' returned '0': CMAKE_PREFIX_PATH=${CMAKE_PREFIX_PATH}:/sim_ws/install/f1tenth_gym_ros:/opt/ros/foxy /usr/bin/cmake --build /sim_ws/build/wall_follow -- -j4 -l4
[1.776s] Invoking command in '/sim_ws/build/wall_follow': CMAKE_PREFIX_PATH=${CMAKE_PREFIX_PATH}:/sim_ws/install/f1tenth_gym_ros:/opt/ros/foxy /usr/bin/cmake --install /sim_ws/build/wall_follow
[1.802s] -- Install configuration: ""
[1.803s] -- Up-to-date: /sim_ws/install/wall_follow/lib/wall_follow/wall_follow_node
[1.807s] -- Up-to-date: /sim_ws/install/wall_follow/share/wall_follow/environment/pythonpath.sh
[1.809s] -- Up-to-date: /sim_ws/install/wall_follow/share/wall_follow/environment/pythonpath.dsv
[1.810s] -- Up-to-date: /sim_ws/install/wall_follow/lib/python3.8/site-packages/wall_follow
[1.811s] -- Up-to-date: /sim_ws/install/wall_follow/lib/python3.8/site-packages/wall_follow/__init__.py
[2.021s] Listing '/sim_ws/install/wall_follow/lib/python3.8/site-packages/wall_follow'...
[2.054s] -- Up-to-date: /sim_ws/install/wall_follow/lib/wall_follow/wall_follow_node.py
[2.054s] -- Up-to-date: /sim_ws/install/wall_follow/share/ament_index/resource_index/package_run_dependencies/wall_follow
[2.054s] -- Up-to-date: /sim_ws/install/wall_follow/share/ament_index/resource_index/parent_prefix_path/wall_follow
[2.062s] -- Up-to-date: /sim_ws/install/wall_follow/share/wall_follow/environment/ament_prefix_path.sh
[2.063s] -- Up-to-date: /sim_ws/install/wall_follow/share/wall_follow/environment/ament_prefix_path.dsv
[2.063s] -- Up-to-date: /sim_ws/install/wall_follow/share/wall_follow/environment/path.sh
[2.063s] -- Up-to-date: /sim_ws/install/wall_follow/share/wall_follow/environment/path.dsv
[2.063s] -- Up-to-date: /sim_ws/install/wall_follow/share/wall_follow/local_setup.bash
[2.063s] -- Up-to-date: /sim_ws/install/wall_follow/share/wall_follow/local_setup.sh
[2.063s] -- Up-to-date: /sim_ws/install/wall_follow/share/wall_follow/local_setup.zsh
[2.064s] -- Up-to-date: /sim_ws/install/wall_follow/share/wall_follow/local_setup.dsv
[2.064s] -- Installing: /sim_ws/install/wall_follow/share/wall_follow/package.dsv
[2.064s] -- Up-to-date: /sim_ws/install/wall_follow/share/ament_index/resource_index/packages/wall_follow
[2.064s] -- Up-to-date: /sim_ws/install/wall_follow/share/wall_follow/cmake/wall_followConfig.cmake
[2.064s] -- Up-to-date: /sim_ws/install/wall_follow/share/wall_follow/cmake/wall_followConfig-version.cmake
[2.064s] -- Up-to-date: /sim_ws/install/wall_follow/share/wall_follow/package.xml
[2.222s] Invoked command in '/sim_ws/build/wall_follow' returned '0': CMAKE_PREFIX_PATH=${CMAKE_PREFIX_PATH}:/sim_ws/install/f1tenth_gym_ros:/opt/ros/foxy /usr/bin/cmake --install /sim_ws/build/wall_follow
