[0.766s] Invoking command in '/sim_ws/build/wall_follow': CMAKE_PREFIX_PATH=${CMAKE_PREFIX_PATH}:/sim_ws/install/f1tenth_gym_ros:/opt/ros/foxy /usr/bin/cmake --build /sim_ws/build/wall_follow -- -j4 -l4
[1.097s] [35m[1mScanning dependencies of target wall_follow_node[0m
[1.339s] [ 50%] [32mBuilding CXX object CMakeFiles/wall_follow_node.dir/src/wall_follow_node.cpp.o[0m
[6.215s] [01m[K/sim_ws/src/wall_follow/src/wall_follow_node.cpp:[m[K In constructor ‘[01m[KWallFollow::WallFollow()[m[K’:
[6.215s] [01m[K/sim_ws/src/wall_follow/src/wall_follow_node.cpp:17:117:[m[K [01;31m[Kerror: [m[K‘[01m[KSafety[m[K’ has not been declared
[6.216s]    17 | >create_subscription<sensor_msgs::msg::LaserScan>(lidarscan_topic, 10, std::bind(&[01;31m[KSafety[m[K::scan_callback, this, _1));
[6.216s]       |                                                                                   [01;31m[K^~~~~~[m[K
[6.216s] 
[6.218s] [01m[K/sim_ws/src/wall_follow/src/wall_follow_node.cpp:[m[K In member function ‘[01m[Kdouble WallFollow::get_range(float*, double, double, double)[m[K’:
[6.218s] [01m[K/sim_ws/src/wall_follow/src/wall_follow_node.cpp:69:54:[m[K [01;35m[Kwarning: [m[Kdivision ‘[01m[Ksizeof (float*) / sizeof (float)[m[K’ does not compute the number of array elements [[01;35m[K-Wsizeof-pointer-div[m[K]
[6.218s]    69 |         if (index >= 0 && index < [01;35m[Ksizeof(range_data) / sizeof(range_data[0])[m[K)
[6.219s]       |                                   [01;35m[K~~~~~~~~~~~~~~~~~~~^~~~~~~~~~~~~~~~~~~~~~~[m[K
[6.220s] [01m[K/sim_ws/src/wall_follow/src/wall_follow_node.cpp:48:29:[m[K [01;36m[Knote: [m[Kfirst ‘[01m[Ksizeof[m[K’ operand was declared here
[6.220s]    48 |     double get_range([01;36m[Kfloat* range_data[m[K, double angle, double angle_min, double angle_increment)
[6.220s]       |                      [01;36m[K~~~~~~~^~~~~~~~~~[m[K
[6.221s] [01m[K/sim_ws/src/wall_follow/src/wall_follow_node.cpp:69:33:[m[K [01;35m[Kwarning: [m[Kcomparison of integer expressions of different signedness: ‘[01m[Kint[m[K’ and ‘[01m[Klong unsigned int[m[K’ [[01;35m[K-Wsign-compare[m[K]
[6.221s]    69 |         if (index >= 0 && [01;35m[Kindex < sizeof(range_data) / sizeof(range_data[0])[m[K)
[6.221s]       |                           [01;35m[K~~~~~~^~~~~~~~~~~~~~~~~~~~~~~~~~~~~~~~~~~~~~~~~~~~[m[K
[6.246s] [01m[K/sim_ws/src/wall_follow/src/wall_follow_node.cpp:[m[K In member function ‘[01m[Kvoid WallFollow::scan_callback(sensor_msgs::msg::LaserScan_<std::allocator<void> >::ConstSharedPtr)[m[K’:
[6.247s] [01m[K/sim_ws/src/wall_follow/src/wall_follow_node.cpp:167:44:[m[K [01;31m[Kerror: [m[Kcannot convert ‘[01m[Kconst _ranges_type[m[K’ {aka ‘[01m[Kconst std::vector<float>[m[K’} to ‘[01m[Kfloat*[m[K’
[6.247s]   167 |         double error = get_error([01;31m[Kscan_msg->ranges[m[K, scan_msg->angle_min, scan_msg->angle_increment);
[6.247s]       |                                  [01;31m[K~~~~~~~~~~^~~~~~[m[K
[6.247s]       |                                            [01;31m[K|[m[K
[6.248s]       |                                            [01;31m[Kconst _ranges_type {aka const std::vector<float>}[m[K
[6.248s] [01m[K/sim_ws/src/wall_follow/src/wall_follow_node.cpp:84:29:[m[K [01;36m[Knote: [m[K  initializing argument 1 of ‘[01m[Kdouble WallFollow::get_error(float*, double, double)[m[K’
[6.248s]    84 |     double get_error([01;36m[Kfloat* range_data[m[K, double angle_min, double angle_increment)
[6.248s]       |                      [01;36m[K~~~~~~~^~~~~~~~~~[m[K
[8.768s] make[2]: *** [CMakeFiles/wall_follow_node.dir/build.make:63: CMakeFiles/wall_follow_node.dir/src/wall_follow_node.cpp.o] Error 1
[8.769s] make[1]: *** [CMakeFiles/Makefile2:78: CMakeFiles/wall_follow_node.dir/all] Error 2
[8.770s] make: *** [Makefile:141: all] Error 2
[8.775s] Invoked command in '/sim_ws/build/wall_follow' returned '2': CMAKE_PREFIX_PATH=${CMAKE_PREFIX_PATH}:/sim_ws/install/f1tenth_gym_ros:/opt/ros/foxy /usr/bin/cmake --build /sim_ws/build/wall_follow -- -j4 -l4
