[1.069s] Invoking command in '/sim_ws/build/wall_follow': CMAKE_PREFIX_PATH=${CMAKE_PREFIX_PATH}:/sim_ws/install/f1tenth_gym_ros:/opt/ros/foxy /usr/bin/cmake --build /sim_ws/build/wall_follow -- -j4 -l4
[1.400s] [35m[1mScanning dependencies of target wall_follow_node[0m
[1.636s] [ 50%] [32mBuilding CXX object CMakeFiles/wall_follow_node.dir/src/wall_follow_node.cpp.o[0m
[24.680s] [100%] [32m[1mLinking CXX executable wall_follow_node[0m
[25.661s] [100%] Built target wall_follow_node
[25.711s] Invoked command in '/sim_ws/build/wall_follow' returned '0': CMAKE_PREFIX_PATH=${CMAKE_PREFIX_PATH}:/sim_ws/install/f1tenth_gym_ros:/opt/ros/foxy /usr/bin/cmake --build /sim_ws/build/wall_follow -- -j4 -l4
[25.875s] Invoking command in '/sim_ws/build/wall_follow': CMAKE_PREFIX_PATH=${CMAKE_PREFIX_PATH}:/sim_ws/install/f1tenth_gym_ros:/opt/ros/foxy /usr/bin/cmake --install /sim_ws/build/wall_follow
[25.905s] -- Install configuration: ""
[25.906s] -- Installing: /sim_ws/install/wall_follow/lib/wall_follow/wall_follow_node
[25.906s] -- Set runtime path of "/sim_ws/install/wall_follow/lib/wall_follow/wall_follow_node" to ""
[25.906s] -- Up-to-date: /sim_ws/install/wall_follow/share/ament_index/resource_index/package_run_dependencies/wall_follow
[25.907s] -- Up-to-date: /sim_ws/install/wall_follow/share/ament_index/resource_index/parent_prefix_path/wall_follow
[25.907s] -- Up-to-date: /sim_ws/install/wall_follow/share/wall_follow/environment/ament_prefix_path.sh
[25.907s] -- Up-to-date: /sim_ws/install/wall_follow/share/wall_follow/environment/ament_prefix_path.dsv
[25.907s] -- Up-to-date: /sim_ws/install/wall_follow/share/wall_follow/environment/path.sh
[25.907s] -- Up-to-date: /sim_ws/install/wall_follow/share/wall_follow/environment/path.dsv
[25.908s] -- Up-to-date: /sim_ws/install/wall_follow/share/wall_follow/local_setup.bash
[25.908s] -- Up-to-date: /sim_ws/install/wall_follow/share/wall_follow/local_setup.sh
[25.908s] -- Up-to-date: /sim_ws/install/wall_follow/share/wall_follow/local_setup.zsh
[25.908s] -- Up-to-date: /sim_ws/install/wall_follow/share/wall_follow/local_setup.dsv
[25.908s] -- Installing: /sim_ws/install/wall_follow/share/wall_follow/package.dsv
[25.909s] -- Up-to-date: /sim_ws/install/wall_follow/share/ament_index/resource_index/packages/wall_follow
[25.909s] -- Up-to-date: /sim_ws/install/wall_follow/share/wall_follow/cmake/wall_followConfig.cmake
[25.909s] -- Up-to-date: /sim_ws/install/wall_follow/share/wall_follow/cmake/wall_followConfig-version.cmake
[25.909s] -- Up-to-date: /sim_ws/install/wall_follow/share/wall_follow/package.xml
[25.909s] -- Up-to-date: /sim_ws/install/wall_follow/share/wall_follow//launch
[25.910s] -- Up-to-date: /sim_ws/install/wall_follow/share/wall_follow//launch/wall_follow_launch.py
[25.928s] Invoked command in '/sim_ws/build/wall_follow' returned '0': CMAKE_PREFIX_PATH=${CMAKE_PREFIX_PATH}:/sim_ws/install/f1tenth_gym_ros:/opt/ros/foxy /usr/bin/cmake --install /sim_ws/build/wall_follow
