[0.847s] Invoking command in '/sim_ws/build/wall_follow': CMAKE_PREFIX_PATH=${CMAKE_PREFIX_PATH}:/sim_ws/install/f1tenth_gym_ros:/opt/ros/foxy /usr/bin/cmake --build /sim_ws/build/wall_follow -- -j4 -l4
[1.106s] [35m[1mScanning dependencies of target wall_follow_node[0m
[1.395s] [ 50%] [32mBuilding CXX object CMakeFiles/wall_follow_node.dir/src/wall_follow_node.cpp.o[0m
[20.660s] [100%] [32m[1mLinking CXX executable wall_follow_node[0m
[21.751s] [100%] Built target wall_follow_node
[21.830s] Invoked command in '/sim_ws/build/wall_follow' returned '0': CMAKE_PREFIX_PATH=${CMAKE_PREFIX_PATH}:/sim_ws/install/f1tenth_gym_ros:/opt/ros/foxy /usr/bin/cmake --build /sim_ws/build/wall_follow -- -j4 -l4
[21.977s] Invoking command in '/sim_ws/build/wall_follow': CMAKE_PREFIX_PATH=${CMAKE_PREFIX_PATH}:/sim_ws/install/f1tenth_gym_ros:/opt/ros/foxy /usr/bin/cmake --install /sim_ws/build/wall_follow
[22.014s] -- Install configuration: ""
[22.017s] -- Installing: /sim_ws/install/wall_follow/lib/wall_follow/wall_follow_node
[22.035s] -- Set runtime path of "/sim_ws/install/wall_follow/lib/wall_follow/wall_follow_node" to ""
[22.036s] -- Up-to-date: /sim_ws/install/wall_follow/share/ament_index/resource_index/package_run_dependencies/wall_follow
[22.040s] -- Up-to-date: /sim_ws/install/wall_follow/share/ament_index/resource_index/parent_prefix_path/wall_follow
[22.042s] -- Up-to-date: /sim_ws/install/wall_follow/share/wall_follow/environment/ament_prefix_path.sh
[22.045s] -- Up-to-date: /sim_ws/install/wall_follow/share/wall_follow/environment/ament_prefix_path.dsv
[22.046s] -- Up-to-date: /sim_ws/install/wall_follow/share/wall_follow/environment/path.sh
[22.047s] -- Up-to-date: /sim_ws/install/wall_follow/share/wall_follow/environment/path.dsv
[22.058s] -- Up-to-date: /sim_ws/install/wall_follow/share/wall_follow/local_setup.bash
[22.060s] -- Up-to-date: /sim_ws/install/wall_follow/share/wall_follow/local_setup.sh
[22.101s] -- Up-to-date: /sim_ws/install/wall_follow/share/wall_follow/local_setup.zsh
[22.101s] -- Up-to-date: /sim_ws/install/wall_follow/share/wall_follow/local_setup.dsv
[22.101s] -- Installing: /sim_ws/install/wall_follow/share/wall_follow/package.dsv
[22.102s] -- Up-to-date: /sim_ws/install/wall_follow/share/ament_index/resource_index/packages/wall_follow
[22.102s] -- Up-to-date: /sim_ws/install/wall_follow/share/wall_follow/cmake/wall_followConfig.cmake
[22.102s] -- Up-to-date: /sim_ws/install/wall_follow/share/wall_follow/cmake/wall_followConfig-version.cmake
[22.102s] -- Up-to-date: /sim_ws/install/wall_follow/share/wall_follow/package.xml
[22.102s] -- Up-to-date: /sim_ws/install/wall_follow/share/wall_follow//launch
[22.102s] -- Up-to-date: /sim_ws/install/wall_follow/share/wall_follow//launch/wall_follow_launch.py
[22.118s] Invoked command in '/sim_ws/build/wall_follow' returned '0': CMAKE_PREFIX_PATH=${CMAKE_PREFIX_PATH}:/sim_ws/install/f1tenth_gym_ros:/opt/ros/foxy /usr/bin/cmake --install /sim_ws/build/wall_follow
