[0.818s] Invoking command in '/sim_ws/build/safety_node': CMAKE_PREFIX_PATH=${CMAKE_PREFIX_PATH}:/sim_ws/install/f1tenth_gym_ros:/opt/ros/foxy /usr/bin/cmake --build /sim_ws/build/safety_node -- -j4 -l4
[1.175s] [100%] Built target safety_node
[1.228s] Invoked command in '/sim_ws/build/safety_node' returned '0': CMAKE_PREFIX_PATH=${CMAKE_PREFIX_PATH}:/sim_ws/install/f1tenth_gym_ros:/opt/ros/foxy /usr/bin/cmake --build /sim_ws/build/safety_node -- -j4 -l4
[1.530s] Invoking command in '/sim_ws/build/safety_node': CMAKE_PREFIX_PATH=${CMAKE_PREFIX_PATH}:/sim_ws/install/f1tenth_gym_ros:/opt/ros/foxy /usr/bin/cmake --install /sim_ws/build/safety_node
[1.587s] -- Install configuration: ""
[1.589s] -- Up-to-date: /sim_ws/install/safety_node/lib/safety_node/safety_node
[1.589s] -- Up-to-date: /sim_ws/install/safety_node/share/safety_node/environment/pythonpath.sh
[1.589s] -- Up-to-date: /sim_ws/install/safety_node/share/safety_node/environment/pythonpath.dsv
[1.590s] -- Up-to-date: /sim_ws/install/safety_node/lib/python3.8/site-packages/safety_node
[1.590s] -- Up-to-date: /sim_ws/install/safety_node/lib/python3.8/site-packages/safety_node/__init__.py
[1.691s] Listing '/sim_ws/install/safety_node/lib/python3.8/site-packages/safety_node'...
[1.701s] -- Up-to-date: /sim_ws/install/safety_node/lib/safety_node/safety_node.py
[1.702s] -- Up-to-date: /sim_ws/install/safety_node/share/ament_index/resource_index/package_run_dependencies/safety_node
[1.707s] -- Up-to-date: /sim_ws/install/safety_node/share/ament_index/resource_index/parent_prefix_path/safety_node
[1.708s] -- Up-to-date: /sim_ws/install/safety_node/share/safety_node/environment/ament_prefix_path.sh
[1.709s] -- Up-to-date: /sim_ws/install/safety_node/share/safety_node/environment/ament_prefix_path.dsv
[1.709s] -- Up-to-date: /sim_ws/install/safety_node/share/safety_node/environment/path.sh
[1.710s] -- Up-to-date: /sim_ws/install/safety_node/share/safety_node/environment/path.dsv
[1.710s] -- Up-to-date: /sim_ws/install/safety_node/share/safety_node/local_setup.bash
[1.713s] -- Up-to-date: /sim_ws/install/safety_node/share/safety_node/local_setup.sh
[1.714s] -- Up-to-date: /sim_ws/install/safety_node/share/safety_node/local_setup.zsh
[1.714s] -- Up-to-date: /sim_ws/install/safety_node/share/safety_node/local_setup.dsv
[1.715s] -- Installing: /sim_ws/install/safety_node/share/safety_node/package.dsv
[1.720s] -- Up-to-date: /sim_ws/install/safety_node/share/ament_index/resource_index/packages/safety_node
[1.720s] -- Up-to-date: /sim_ws/install/safety_node/share/safety_node/cmake/safety_nodeConfig.cmake
[1.720s] -- Up-to-date: /sim_ws/install/safety_node/share/safety_node/cmake/safety_nodeConfig-version.cmake
[1.721s] -- Up-to-date: /sim_ws/install/safety_node/share/safety_node/package.xml
[1.721s] Invoked command in '/sim_ws/build/safety_node' returned '0': CMAKE_PREFIX_PATH=${CMAKE_PREFIX_PATH}:/sim_ws/install/f1tenth_gym_ros:/opt/ros/foxy /usr/bin/cmake --install /sim_ws/build/safety_node
