[0.865s] Invoking command in '/sim_ws/build/wall_follow': CMAKE_PREFIX_PATH=${CMAKE_PREFIX_PATH}:/sim_ws/install/f1tenth_gym_ros:/opt/ros/foxy /usr/bin/cmake --build /sim_ws/build/wall_follow -- -j4 -l4
[0.962s] -- Found ament_cmake: 0.9.12 (/opt/ros/foxy/share/ament_cmake/cmake)
[1.008s] -- Using PYTHON_EXECUTABLE: /usr/bin/python3
[1.979s] -- Found rclcpp: 2.4.3 (/opt/ros/foxy/share/rclcpp/cmake)
[2.196s] -- Using all available rosidl_typesupport_c: rosidl_typesupport_fastrtps_c;rosidl_typesupport_introspection_c
[2.229s] -- Found rosidl_adapter: 1.3.1 (/opt/ros/foxy/share/rosidl_adapter/cmake)
[2.773s] -- Using all available rosidl_typesupport_cpp: rosidl_typesupport_fastrtps_cpp;rosidl_typesupport_introspection_cpp
[3.108s] -- Found rmw_implementation_cmake: 1.0.4 (/opt/ros/foxy/share/rmw_implementation_cmake/cmake)
[3.118s] -- Using RMW implementation 'rmw_fastrtps_cpp' as default
[4.419s] -- Found rclpy: 1.0.13 (/opt/ros/foxy/share/rclpy/cmake)
[4.419s] -- Found geometry_msgs: 2.0.5 (/opt/ros/foxy/share/geometry_msgs/cmake)
[4.555s] -- Found nav_msgs: 2.0.5 (/opt/ros/foxy/share/nav_msgs/cmake)
[4.967s] -- Found ackermann_msgs: 2.0.2 (/opt/ros/foxy/share/ackermann_msgs/cmake)
[5.102s] -- Found sensor_msgs: 2.0.5 (/opt/ros/foxy/share/sensor_msgs/cmake)
[5.428s] -- Found ament_lint_auto: 0.9.8 (/opt/ros/foxy/share/ament_lint_auto/cmake)
[5.766s] -- Added test 'copyright' to check source files copyright and LICENSE
[5.780s] -- Added test 'cppcheck' to perform static code analysis on C / C++ code
[5.781s] -- Configured cppcheck include dirs: /sim_ws/src/wall_follow/include
[5.782s] -- Configured cppcheck exclude dirs and/or files: 
[5.785s] -- Added test 'cpplint' to check C / C++ code against the Google style
[5.785s] -- Configured cpplint exclude dirs and/or files: 
[5.787s] -- Added test 'flake8' to check Python code syntax and style conventions
[5.790s] -- Added test 'lint_cmake' to check CMake code style
[5.791s] -- Added test 'pep257' to check Python code against some of the style conventions in PEP 257
[5.794s] -- Added test 'uncrustify' to check C / C++ code style
[5.795s] -- Configured uncrustify additional arguments: 
[5.798s] -- Added test 'xmllint' to check XML markup files
[5.806s] -- Configuring done
[5.843s] -- Generating done
[5.850s] -- Build files have been written to: /sim_ws/build/wall_follow
[5.942s] [35m[1mScanning dependencies of target wall_follow_node[0m
[6.128s] [ 50%] [32mBuilding CXX object CMakeFiles/wall_follow_node.dir/src/wall_follow_node.cpp.o[0m
[10.902s] [01m[K/sim_ws/src/wall_follow/src/wall_follow_node.cpp:[m[K In member function ‘[01m[Kdouble WallFollow::get_error(const float*, double, double)[m[K’:
[10.902s] [01m[K/sim_ws/src/wall_follow/src/wall_follow_node.cpp:102:69:[m[K [01;31m[Kerror: [m[Kno matching function for call to ‘[01m[Katan2(double)[m[K’
[10.902s]   102 |             double alpha = atan2((a*cos(theta) - b) / (a*sin(theta))[01;31m[K)[m[K;
[10.903s]       |                                                                     [01;31m[K^[m[K
[10.908s] In file included from [01m[K/usr/include/features.h:461[m[K,
[10.908s]                  from [01m[K/usr/include/x86_64-linux-gnu/c++/9/bits/os_defines.h:39[m[K,
[10.909s]                  from [01m[K/usr/include/x86_64-linux-gnu/c++/9/bits/c++config.h:528[m[K,
[10.909s]                  from [01m[K/usr/include/c++/9/csignal:41[m[K,
[10.909s]                  from [01m[K/opt/ros/foxy/include/rclcpp/rclcpp.hpp:143[m[K,
[10.909s]                  from [01m[K/sim_ws/src/wall_follow/src/wall_follow_node.cpp:1[m[K:
[10.909s] [01m[K/usr/include/x86_64-linux-gnu/bits/mathcalls.h:59:1:[m[K [01;36m[Knote: [m[Kcandidate: ‘[01m[Kdouble atan2(double, double)[m[K’
[10.910s]    59 | [01;36m[K__MATHCALL[m[K (atan2,, (_Mdouble_ __y, _Mdouble_ __x));
[10.910s]       | [01;36m[K^~~~~~~~~~[m[K
[10.911s] [01m[K/usr/include/x86_64-linux-gnu/bits/mathcalls.h:59:1:[m[K [01;36m[Knote: [m[K  candidate expects 2 arguments, 1 provided
[10.911s] In file included from [01m[K/opt/ros/foxy/include/libstatistics_collector/moving_average_statistics/types.hpp:18[m[K,
[10.911s]                  from [01m[K/opt/ros/foxy/include/libstatistics_collector/collector/generate_statistics_message.hpp:24[m[K,
[10.912s]                  from [01m[K/opt/ros/foxy/include/rclcpp/topic_statistics/subscription_topic_statistics.hpp:23[m[K,
[10.912s]                  from [01m[K/opt/ros/foxy/include/rclcpp/subscription.hpp:50[m[K,
[10.912s]                  from [01m[K/opt/ros/foxy/include/rclcpp/any_executable.hpp:25[m[K,
[10.912s]                  from [01m[K/opt/ros/foxy/include/rclcpp/memory_strategy.hpp:24[m[K,
[10.913s]                  from [01m[K/opt/ros/foxy/include/rclcpp/memory_strategies.hpp:18[m[K,
[10.913s]                  from [01m[K/opt/ros/foxy/include/rclcpp/executor_options.hpp:20[m[K,
[10.913s]                  from [01m[K/opt/ros/foxy/include/rclcpp/executor.hpp:33[m[K,
[10.913s]                  from [01m[K/opt/ros/foxy/include/rclcpp/executors/multi_threaded_executor.hpp:26[m[K,
[10.913s]                  from [01m[K/opt/ros/foxy/include/rclcpp/executors.hpp:21[m[K,
[10.922s]                  from [01m[K/opt/ros/foxy/include/rclcpp/rclcpp.hpp:146[m[K,
[10.927s]                  from [01m[K/sim_ws/src/wall_follow/src/wall_follow_node.cpp:1[m[K:
[10.928s] [01m[K/usr/include/c++/9/cmath:155:5:[m[K [01;36m[Knote: [m[Kcandidate: ‘[01m[Ktemplate<class _Tp, class _Up> constexpr typename __gnu_cxx::__promote_2<_Tp, _Up>::__type std::atan2(_Tp, _Up)[m[K’
[10.928s]   155 |     [01;36m[Katan2[m[K(_Tp __y, _Up __x)
[10.939s]       |     [01;36m[K^~~~~[m[K
[10.939s] [01m[K/usr/include/c++/9/cmath:155:5:[m[K [01;36m[Knote: [m[K  template argument deduction/substitution failed:
[10.939s] [01m[K/sim_ws/src/wall_follow/src/wall_follow_node.cpp:102:69:[m[K [01;36m[Knote: [m[K  candidate expects 2 arguments, 1 provided
[10.939s]   102 |             double alpha = atan2((a*cos(theta) - b) / (a*sin(theta))[01;36m[K)[m[K;
[10.940s]       |                                                                     [01;36m[K^[m[K
[10.940s] In file included from [01m[K/opt/ros/foxy/include/libstatistics_collector/moving_average_statistics/types.hpp:18[m[K,
[10.941s]                  from [01m[K/opt/ros/foxy/include/libstatistics_collector/collector/generate_statistics_message.hpp:24[m[K,
[10.941s]                  from [01m[K/opt/ros/foxy/include/rclcpp/topic_statistics/subscription_topic_statistics.hpp:23[m[K,
[10.941s]                  from [01m[K/opt/ros/foxy/include/rclcpp/subscription.hpp:50[m[K,
[10.941s]                  from [01m[K/opt/ros/foxy/include/rclcpp/any_executable.hpp:25[m[K,
[10.942s]                  from [01m[K/opt/ros/foxy/include/rclcpp/memory_strategy.hpp:24[m[K,
[10.942s]                  from [01m[K/opt/ros/foxy/include/rclcpp/memory_strategies.hpp:18[m[K,
[10.943s]                  from [01m[K/opt/ros/foxy/include/rclcpp/executor_options.hpp:20[m[K,
[10.943s]                  from [01m[K/opt/ros/foxy/include/rclcpp/executor.hpp:33[m[K,
[10.943s]                  from [01m[K/opt/ros/foxy/include/rclcpp/executors/multi_threaded_executor.hpp:26[m[K,
[10.943s]                  from [01m[K/opt/ros/foxy/include/rclcpp/executors.hpp:21[m[K,
[10.943s]                  from [01m[K/opt/ros/foxy/include/rclcpp/rclcpp.hpp:146[m[K,
[10.944s]                  from [01m[K/sim_ws/src/wall_follow/src/wall_follow_node.cpp:1[m[K:
[10.944s] [01m[K/usr/include/c++/9/cmath:148:3:[m[K [01;36m[Knote: [m[Kcandidate: ‘[01m[Kconstexpr long double std::atan2(long double, long double)[m[K’
[10.944s]   148 |   [01;36m[Katan2[m[K(long double __y, long double __x)
[10.944s]       |   [01;36m[K^~~~~[m[K
[10.944s] [01m[K/usr/include/c++/9/cmath:148:3:[m[K [01;36m[Knote: [m[K  candidate expects 2 arguments, 1 provided
[10.945s] [01m[K/usr/include/c++/9/cmath:144:3:[m[K [01;36m[Knote: [m[Kcandidate: ‘[01m[Kconstexpr float std::atan2(float, float)[m[K’
[10.945s]   144 |   [01;36m[Katan2[m[K(float __y, float __x)
[10.945s]       |   [01;36m[K^~~~~[m[K
[10.945s] [01m[K/usr/include/c++/9/cmath:144:3:[m[K [01;36m[Knote: [m[K  candidate expects 2 arguments, 1 provided
[17.350s] make[2]: *** [CMakeFiles/wall_follow_node.dir/build.make:63: CMakeFiles/wall_follow_node.dir/src/wall_follow_node.cpp.o] Error 1
[17.351s] make[1]: *** [CMakeFiles/Makefile2:78: CMakeFiles/wall_follow_node.dir/all] Error 2
[17.351s] make: *** [Makefile:141: all] Error 2
[17.356s] Invoked command in '/sim_ws/build/wall_follow' returned '2': CMAKE_PREFIX_PATH=${CMAKE_PREFIX_PATH}:/sim_ws/install/f1tenth_gym_ros:/opt/ros/foxy /usr/bin/cmake --build /sim_ws/build/wall_follow -- -j4 -l4
