[0.913s] Invoking command in '/sim_ws/build/safety_node': CMAKE_PREFIX_PATH=${CMAKE_PREFIX_PATH}:/sim_ws/install/f1tenth_gym_ros:/opt/ros/foxy /usr/bin/cmake --build /sim_ws/build/safety_node -- -j4 -l4
[1.155s] [100%] Built target safety_node
[1.190s] Invoked command in '/sim_ws/build/safety_node' returned '0': CMAKE_PREFIX_PATH=${CMAKE_PREFIX_PATH}:/sim_ws/install/f1tenth_gym_ros:/opt/ros/foxy /usr/bin/cmake --build /sim_ws/build/safety_node -- -j4 -l4
[1.286s] Invoking command in '/sim_ws/build/safety_node': CMAKE_PREFIX_PATH=${CMAKE_PREFIX_PATH}:/sim_ws/install/f1tenth_gym_ros:/opt/ros/foxy /usr/bin/cmake --install /sim_ws/build/safety_node
[1.335s] -- Install configuration: ""
[1.337s] -- Up-to-date: /sim_ws/install/safety_node/lib/safety_node/safety_node
[1.341s] -- Up-to-date: /sim_ws/install/safety_node/share/ament_index/resource_index/package_run_dependencies/safety_node
[1.343s] -- Up-to-date: /sim_ws/install/safety_node/share/ament_index/resource_index/parent_prefix_path/safety_node
[1.344s] -- Up-to-date: /sim_ws/install/safety_node/share/safety_node/environment/ament_prefix_path.sh
[1.345s] -- Up-to-date: /sim_ws/install/safety_node/share/safety_node/environment/ament_prefix_path.dsv
[1.345s] -- Up-to-date: /sim_ws/install/safety_node/share/safety_node/environment/path.sh
[1.347s] -- Up-to-date: /sim_ws/install/safety_node/share/safety_node/environment/path.dsv
[1.347s] -- Up-to-date: /sim_ws/install/safety_node/share/safety_node/local_setup.bash
[1.348s] -- Up-to-date: /sim_ws/install/safety_node/share/safety_node/local_setup.sh
[1.349s] -- Up-to-date: /sim_ws/install/safety_node/share/safety_node/local_setup.zsh
[1.349s] -- Up-to-date: /sim_ws/install/safety_node/share/safety_node/local_setup.dsv
[1.353s] -- Installing: /sim_ws/install/safety_node/share/safety_node/package.dsv
[1.363s] -- Up-to-date: /sim_ws/install/safety_node/share/ament_index/resource_index/packages/safety_node
[1.363s] -- Up-to-date: /sim_ws/install/safety_node/share/safety_node/cmake/safety_nodeConfig.cmake
[1.364s] -- Up-to-date: /sim_ws/install/safety_node/share/safety_node/cmake/safety_nodeConfig-version.cmake
[1.366s] -- Up-to-date: /sim_ws/install/safety_node/share/safety_node/package.xml
[1.379s] Invoked command in '/sim_ws/build/safety_node' returned '0': CMAKE_PREFIX_PATH=${CMAKE_PREFIX_PATH}:/sim_ws/install/f1tenth_gym_ros:/opt/ros/foxy /usr/bin/cmake --install /sim_ws/build/safety_node
