[0.922s] Invoking command in '/sim_ws/build/safety_node': CMAKE_PREFIX_PATH=${CMAKE_PREFIX_PATH}:/sim_ws/install/f1tenth_gym_ros:/opt/ros/foxy /usr/bin/cmake --build /sim_ws/build/safety_node -- -j4 -l4
[1.340s] [100%] Built target safety_node
[1.436s] Invoked command in '/sim_ws/build/safety_node' returned '0': CMAKE_PREFIX_PATH=${CMAKE_PREFIX_PATH}:/sim_ws/install/f1tenth_gym_ros:/opt/ros/foxy /usr/bin/cmake --build /sim_ws/build/safety_node -- -j4 -l4
[1.768s] Invoking command in '/sim_ws/build/safety_node': CMAKE_PREFIX_PATH=${CMAKE_PREFIX_PATH}:/sim_ws/install/f1tenth_gym_ros:/opt/ros/foxy /usr/bin/cmake --install /sim_ws/build/safety_node
[1.833s] -- Install configuration: ""
[1.841s] -- Up-to-date: /sim_ws/install/safety_node/lib/safety_node/safety_node
[1.843s] -- Up-to-date: /sim_ws/install/safety_node/share/safety_node/environment/pythonpath.sh
[1.844s] -- Up-to-date: /sim_ws/install/safety_node/share/safety_node/environment/pythonpath.dsv
[1.844s] -- Up-to-date: /sim_ws/install/safety_node/lib/python3.8/site-packages/safety_node
[1.846s] -- Up-to-date: /sim_ws/install/safety_node/lib/python3.8/site-packages/safety_node/__init__.py
[2.004s] Listing '/sim_ws/install/safety_node/lib/python3.8/site-packages/safety_node'...
[2.096s] -- Up-to-date: /sim_ws/install/safety_node/lib/safety_node/safety_node.py
[2.101s] -- Up-to-date: /sim_ws/install/safety_node/share/ament_index/resource_index/package_run_dependencies/safety_node
[2.101s] -- Up-to-date: /sim_ws/install/safety_node/share/ament_index/resource_index/parent_prefix_path/safety_node
[2.101s] -- Up-to-date: /sim_ws/install/safety_node/share/safety_node/environment/ament_prefix_path.sh
[2.102s] -- Up-to-date: /sim_ws/install/safety_node/share/safety_node/environment/ament_prefix_path.dsv
[2.102s] -- Up-to-date: /sim_ws/install/safety_node/share/safety_node/environment/path.sh
[2.102s] -- Up-to-date: /sim_ws/install/safety_node/share/safety_node/environment/path.dsv
[2.102s] -- Up-to-date: /sim_ws/install/safety_node/share/safety_node/local_setup.bash
[2.104s] -- Up-to-date: /sim_ws/install/safety_node/share/safety_node/local_setup.sh
[2.104s] -- Up-to-date: /sim_ws/install/safety_node/share/safety_node/local_setup.zsh
[2.104s] -- Up-to-date: /sim_ws/install/safety_node/share/safety_node/local_setup.dsv
[2.105s] -- Installing: /sim_ws/install/safety_node/share/safety_node/package.dsv
[2.105s] -- Up-to-date: /sim_ws/install/safety_node/share/ament_index/resource_index/packages/safety_node
[2.105s] -- Up-to-date: /sim_ws/install/safety_node/share/safety_node/cmake/safety_nodeConfig.cmake
[2.107s] -- Up-to-date: /sim_ws/install/safety_node/share/safety_node/cmake/safety_nodeConfig-version.cmake
[2.108s] -- Up-to-date: /sim_ws/install/safety_node/share/safety_node/package.xml
[2.121s] Invoked command in '/sim_ws/build/safety_node' returned '0': CMAKE_PREFIX_PATH=${CMAKE_PREFIX_PATH}:/sim_ws/install/f1tenth_gym_ros:/opt/ros/foxy /usr/bin/cmake --install /sim_ws/build/safety_node
