[1.429s] Invoking command in '/sim_ws/build/safety_node': CMAKE_PREFIX_PATH=/sim_ws/install/f1tenth_gym_ros:/opt/ros/foxy /usr/bin/cmake /sim_ws/src/safety_node -DCMAKE_INSTALL_PREFIX=/sim_ws/install/safety_node
[2.175s] -- The C compiler identification is GNU 9.4.0
[3.599s] -- The CXX compiler identification is GNU 9.4.0
[3.785s] -- Check for working C compiler: /usr/bin/cc
[4.430s] -- Check for working C compiler: /usr/bin/cc -- works
[4.434s] -- Detecting C compiler ABI info
[5.028s] -- Detecting C compiler ABI info - done
[5.116s] -- Detecting C compile features
[5.120s] -- Detecting C compile features - done
[5.130s] -- Check for working CXX compiler: /usr/bin/c++
[6.362s] -- Check for working CXX compiler: /usr/bin/c++ -- works
[6.381s] -- Detecting CXX compiler ABI info
[7.171s] -- Detecting CXX compiler ABI info - done
[7.239s] -- Detecting CXX compile features
[7.246s] -- Detecting CXX compile features - done
[7.280s] -- Found ament_cmake: 0.9.12 (/opt/ros/foxy/share/ament_cmake/cmake)
[7.439s] -- Found PythonInterp: /usr/bin/python3 (found suitable version "3.8.10", minimum required is "3") 
[7.445s] -- Using PYTHON_EXECUTABLE: /usr/bin/python3
[8.425s] -- Found rclcpp: 2.4.3 (/opt/ros/foxy/share/rclcpp/cmake)
[8.702s] -- Using all available rosidl_typesupport_c: rosidl_typesupport_fastrtps_c;rosidl_typesupport_introspection_c
[8.782s] -- Found rosidl_adapter: 1.3.1 (/opt/ros/foxy/share/rosidl_adapter/cmake)
[9.499s] -- Found OpenSSL: /usr/lib/x86_64-linux-gnu/libcrypto.so (found version "1.1.1f")  
[9.608s] -- Found FastRTPS: /opt/ros/foxy/include  
[10.590s] -- Using all available rosidl_typesupport_cpp: rosidl_typesupport_fastrtps_cpp;rosidl_typesupport_introspection_cpp
[11.775s] -- Found rmw_implementation_cmake: 1.0.4 (/opt/ros/foxy/share/rmw_implementation_cmake/cmake)
[11.809s] -- Using RMW implementation 'rmw_fastrtps_cpp' as default
[11.818s] -- Looking for pthread.h
[12.597s] -- Looking for pthread.h - found
[12.598s] -- Performing Test CMAKE_HAVE_LIBC_PTHREAD
[13.083s] -- Performing Test CMAKE_HAVE_LIBC_PTHREAD - Failed
[13.085s] -- Looking for pthread_create in pthreads
[13.449s] -- Looking for pthread_create in pthreads - not found
[13.450s] -- Looking for pthread_create in pthread
[14.026s] -- Looking for pthread_create in pthread - found
[14.040s] -- Found Threads: TRUE  
[15.581s] -- Found rclpy: 1.0.13 (/opt/ros/foxy/share/rclpy/cmake)
[15.618s] -- Found nav_msgs: 2.0.5 (/opt/ros/foxy/share/nav_msgs/cmake)
[16.471s] -- Found ackermann_msgs: 2.0.2 (/opt/ros/foxy/share/ackermann_msgs/cmake)
[16.662s] -- Found sensor_msgs: 2.0.5 (/opt/ros/foxy/share/sensor_msgs/cmake)
[17.462s] -- Found ament_lint_auto: 0.9.8 (/opt/ros/foxy/share/ament_lint_auto/cmake)
[17.876s] -- Added test 'copyright' to check source files copyright and LICENSE
[17.882s] -- Added test 'cppcheck' to perform static code analysis on C / C++ code
[17.883s] -- Configured cppcheck include dirs: /sim_ws/src/safety_node/include
[17.884s] -- Configured cppcheck exclude dirs and/or files: 
[17.899s] -- Added test 'cpplint' to check C / C++ code against the Google style
[17.900s] -- Configured cpplint exclude dirs and/or files: 
[17.904s] -- Added test 'flake8' to check Python code syntax and style conventions
[17.906s] -- Added test 'lint_cmake' to check CMake code style
[17.909s] -- Added test 'pep257' to check Python code against some of the style conventions in PEP 257
[17.912s] -- Added test 'uncrustify' to check C / C++ code style
[17.912s] -- Configured uncrustify additional arguments: 
[17.915s] -- Added test 'xmllint' to check XML markup files
[17.949s] -- Configuring done
[18.004s] -- Generating done
[18.013s] -- Build files have been written to: /sim_ws/build/safety_node
[18.042s] Invoked command in '/sim_ws/build/safety_node' returned '0': CMAKE_PREFIX_PATH=/sim_ws/install/f1tenth_gym_ros:/opt/ros/foxy /usr/bin/cmake /sim_ws/src/safety_node -DCMAKE_INSTALL_PREFIX=/sim_ws/install/safety_node
[18.046s] Invoking command in '/sim_ws/build/safety_node': CMAKE_PREFIX_PATH=/sim_ws/install/f1tenth_gym_ros:/opt/ros/foxy /usr/bin/cmake --build /sim_ws/build/safety_node -- -j4 -l4
[18.475s] [35m[1mScanning dependencies of target safety_node[0m
[19.477s] [ 50%] [32mBuilding CXX object CMakeFiles/safety_node.dir/src/safety_node.cpp.o[0m
[31.619s] [01m[K/sim_ws/src/safety_node/src/safety_node.cpp:[m[K In member function ‘[01m[Kvoid Safety::drive_callback(nav_msgs::msg::Odometry_<std::allocator<void> >::ConstSharedPtr)[m[K’:
[31.620s] [01m[K/sim_ws/src/safety_node/src/safety_node.cpp:33:71:[m[K [01;35m[Kwarning: [m[Kunused parameter ‘[01m[Kmsg[m[K’ [[01;35m[K-Wunused-parameter[m[K]
[31.620s]    33 | callback([01;35m[Kconst nav_msgs::msg::Odometry::ConstSharedPtr msg[m[K)
[31.620s]       |          [01;35m[K~~~~~~~~~~~~~~~~~~~~~~~~~~~~~~~~~~~~~~~~~~~~~~^~~[m[K
[31.620s] 
[31.635s] [01m[K/sim_ws/src/safety_node/src/safety_node.cpp:[m[K In member function ‘[01m[Kvoid Safety::scan_callback(sensor_msgs::msg::LaserScan_<std::allocator<void> >::ConstSharedPtr)[m[K’:
[31.637s] [01m[K/sim_ws/src/safety_node/src/safety_node.cpp:38:74:[m[K [01;35m[Kwarning: [m[Kunused parameter ‘[01m[Kscan_msg[m[K’ [[01;35m[K-Wunused-parameter[m[K]
[31.638s]    38 | can_callback([01;35m[Kconst sensor_msgs::msg::LaserScan::ConstSharedPtr scan_msg[m[K)
[31.638s]       |              [01;35m[K~~~~~~~~~~~~~~~~~~~~~~~~~~~~~~~~~~~~~~~~~~~~~~~~~~^~~~~~~~[m[K
[31.638s] 
[36.275s] [100%] [32m[1mLinking CXX executable safety_node[0m
[36.972s] [100%] Built target safety_node
[37.024s] Invoked command in '/sim_ws/build/safety_node' returned '0': CMAKE_PREFIX_PATH=/sim_ws/install/f1tenth_gym_ros:/opt/ros/foxy /usr/bin/cmake --build /sim_ws/build/safety_node -- -j4 -l4
[37.264s] Invoking command in '/sim_ws/build/safety_node': CMAKE_PREFIX_PATH=/sim_ws/install/f1tenth_gym_ros:/opt/ros/foxy /usr/bin/cmake --install /sim_ws/build/safety_node
[37.291s] -- Install configuration: ""
[37.292s] -- Installing: /sim_ws/install/safety_node/lib/safety_node/safety_node
[37.293s] -- Set runtime path of "/sim_ws/install/safety_node/lib/safety_node/safety_node" to ""
[37.294s] -- Installing: /sim_ws/install/safety_node/share/safety_node/environment/pythonpath.sh
[37.294s] -- Installing: /sim_ws/install/safety_node/share/safety_node/environment/pythonpath.dsv
[37.296s] -- Installing: /sim_ws/install/safety_node/lib/python3.8/site-packages/safety_node
[37.297s] -- Installing: /sim_ws/install/safety_node/lib/python3.8/site-packages/safety_node/__init__.py
[37.450s] Listing '/sim_ws/install/safety_node/lib/python3.8/site-packages/safety_node'...
[37.450s] Compiling '/sim_ws/install/safety_node/lib/python3.8/site-packages/safety_node/__init__.py'...
[37.514s] -- Installing: /sim_ws/install/safety_node/lib/safety_node/safety_node.py
[37.517s] -- Installing: /sim_ws/install/safety_node/share/ament_index/resource_index/package_run_dependencies/safety_node
[37.519s] -- Installing: /sim_ws/install/safety_node/share/ament_index/resource_index/parent_prefix_path/safety_node
[37.522s] -- Installing: /sim_ws/install/safety_node/share/safety_node/environment/ament_prefix_path.sh
[37.522s] -- Installing: /sim_ws/install/safety_node/share/safety_node/environment/ament_prefix_path.dsv
[37.522s] -- Installing: /sim_ws/install/safety_node/share/safety_node/environment/path.sh
[37.522s] -- Installing: /sim_ws/install/safety_node/share/safety_node/environment/path.dsv
[37.522s] -- Installing: /sim_ws/install/safety_node/share/safety_node/local_setup.bash
[37.523s] -- Installing: /sim_ws/install/safety_node/share/safety_node/local_setup.sh
[37.523s] -- Installing: /sim_ws/install/safety_node/share/safety_node/local_setup.zsh
[37.523s] -- Installing: /sim_ws/install/safety_node/share/safety_node/local_setup.dsv
[37.523s] -- Installing: /sim_ws/install/safety_node/share/safety_node/package.dsv
[37.523s] -- Installing: /sim_ws/install/safety_node/share/ament_index/resource_index/packages/safety_node
[37.532s] -- Installing: /sim_ws/install/safety_node/share/safety_node/cmake/safety_nodeConfig.cmake
[37.532s] -- Installing: /sim_ws/install/safety_node/share/safety_node/cmake/safety_nodeConfig-version.cmake
[37.612s] -- Installing: /sim_ws/install/safety_node/share/safety_node/package.xml
[37.614s] Invoked command in '/sim_ws/build/safety_node' returned '0': CMAKE_PREFIX_PATH=/sim_ws/install/f1tenth_gym_ros:/opt/ros/foxy /usr/bin/cmake --install /sim_ws/build/safety_node
