[0.617s] Invoking command in '/sim_ws/build/safety_node': CMAKE_PREFIX_PATH=${CMAKE_PREFIX_PATH}:/sim_ws/install/f1tenth_gym_ros:/opt/ros/foxy /usr/bin/cmake --build /sim_ws/build/safety_node -- -j4 -l4
[0.876s] [35m[1mScanning dependencies of target safety_node[0m
[0.968s] [ 50%] [32mBuilding CXX object CMakeFiles/safety_node.dir/src/safety_node.cpp.o[0m
[22.299s] [100%] [32m[1mLinking CXX executable safety_node[0m
[23.275s] [100%] Built target safety_node
[23.336s] Invoked command in '/sim_ws/build/safety_node' returned '0': CMAKE_PREFIX_PATH=${CMAKE_PREFIX_PATH}:/sim_ws/install/f1tenth_gym_ros:/opt/ros/foxy /usr/bin/cmake --build /sim_ws/build/safety_node -- -j4 -l4
[23.502s] Invoking command in '/sim_ws/build/safety_node': CMAKE_PREFIX_PATH=${CMAKE_PREFIX_PATH}:/sim_ws/install/f1tenth_gym_ros:/opt/ros/foxy /usr/bin/cmake --install /sim_ws/build/safety_node
[23.535s] -- Install configuration: ""
[23.536s] -- Installing: /sim_ws/install/safety_node/lib/safety_node/safety_node
[23.547s] -- Set runtime path of "/sim_ws/install/safety_node/lib/safety_node/safety_node" to ""
[23.547s] -- Up-to-date: /sim_ws/install/safety_node/share/safety_node/environment/pythonpath.sh
[23.547s] -- Up-to-date: /sim_ws/install/safety_node/share/safety_node/environment/pythonpath.dsv
[23.548s] -- Up-to-date: /sim_ws/install/safety_node/lib/python3.8/site-packages/safety_node
[23.551s] -- Up-to-date: /sim_ws/install/safety_node/lib/python3.8/site-packages/safety_node/__init__.py
[23.628s] Listing '/sim_ws/install/safety_node/lib/python3.8/site-packages/safety_node'...
[23.641s] -- Up-to-date: /sim_ws/install/safety_node/lib/safety_node/safety_node.py
[23.641s] -- Up-to-date: /sim_ws/install/safety_node/share/ament_index/resource_index/package_run_dependencies/safety_node
[23.641s] -- Up-to-date: /sim_ws/install/safety_node/share/ament_index/resource_index/parent_prefix_path/safety_node
[23.642s] -- Up-to-date: /sim_ws/install/safety_node/share/safety_node/environment/ament_prefix_path.sh
[23.642s] -- Up-to-date: /sim_ws/install/safety_node/share/safety_node/environment/ament_prefix_path.dsv
[23.642s] -- Up-to-date: /sim_ws/install/safety_node/share/safety_node/environment/path.sh
[23.643s] -- Up-to-date: /sim_ws/install/safety_node/share/safety_node/environment/path.dsv
[23.643s] -- Up-to-date: /sim_ws/install/safety_node/share/safety_node/local_setup.bash
[23.644s] -- Up-to-date: /sim_ws/install/safety_node/share/safety_node/local_setup.sh
[23.651s] -- Up-to-date: /sim_ws/install/safety_node/share/safety_node/local_setup.zsh
[23.653s] -- Up-to-date: /sim_ws/install/safety_node/share/safety_node/local_setup.dsv
[23.653s] -- Installing: /sim_ws/install/safety_node/share/safety_node/package.dsv
[23.654s] -- Up-to-date: /sim_ws/install/safety_node/share/ament_index/resource_index/packages/safety_node
[23.654s] -- Up-to-date: /sim_ws/install/safety_node/share/safety_node/cmake/safety_nodeConfig.cmake
[23.654s] -- Up-to-date: /sim_ws/install/safety_node/share/safety_node/cmake/safety_nodeConfig-version.cmake
[23.654s] -- Up-to-date: /sim_ws/install/safety_node/share/safety_node/package.xml
[23.655s] Invoked command in '/sim_ws/build/safety_node' returned '0': CMAKE_PREFIX_PATH=${CMAKE_PREFIX_PATH}:/sim_ws/install/f1tenth_gym_ros:/opt/ros/foxy /usr/bin/cmake --install /sim_ws/build/safety_node
