[0.945s] Invoking command in '/sim_ws/build/wall_follow': CMAKE_PREFIX_PATH=${CMAKE_PREFIX_PATH}:/sim_ws/install/f1tenth_gym_ros:/opt/ros/foxy /usr/bin/cmake --build /sim_ws/build/wall_follow -- -j4 -l4
[1.180s] [35m[1mScanning dependencies of target wall_follow_node[0m
[1.389s] [ 50%] [32mBuilding CXX object CMakeFiles/wall_follow_node.dir/src/wall_follow_node.cpp.o[0m
[20.026s] [100%] [32m[1mLinking CXX executable wall_follow_node[0m
[20.858s] [100%] Built target wall_follow_node
[20.898s] Invoked command in '/sim_ws/build/wall_follow' returned '0': CMAKE_PREFIX_PATH=${CMAKE_PREFIX_PATH}:/sim_ws/install/f1tenth_gym_ros:/opt/ros/foxy /usr/bin/cmake --build /sim_ws/build/wall_follow -- -j4 -l4
[20.967s] Invoking command in '/sim_ws/build/wall_follow': CMAKE_PREFIX_PATH=${CMAKE_PREFIX_PATH}:/sim_ws/install/f1tenth_gym_ros:/opt/ros/foxy /usr/bin/cmake --install /sim_ws/build/wall_follow
[20.991s] -- Install configuration: ""
[20.992s] -- Installing: /sim_ws/install/wall_follow/lib/wall_follow/wall_follow_node
[20.999s] -- Set runtime path of "/sim_ws/install/wall_follow/lib/wall_follow/wall_follow_node" to ""
[21.000s] -- Up-to-date: /sim_ws/install/wall_follow/share/wall_follow/environment/pythonpath.sh
[21.000s] -- Up-to-date: /sim_ws/install/wall_follow/share/wall_follow/environment/pythonpath.dsv
[21.001s] -- Up-to-date: /sim_ws/install/wall_follow/lib/python3.8/site-packages/wall_follow
[21.001s] -- Up-to-date: /sim_ws/install/wall_follow/lib/python3.8/site-packages/wall_follow/__init__.py
[21.133s] Listing '/sim_ws/install/wall_follow/lib/python3.8/site-packages/wall_follow'...
[21.147s] -- Up-to-date: /sim_ws/install/wall_follow/lib/wall_follow/wall_follow_node.py
[21.147s] -- Up-to-date: /sim_ws/install/wall_follow/share/ament_index/resource_index/package_run_dependencies/wall_follow
[21.147s] -- Up-to-date: /sim_ws/install/wall_follow/share/ament_index/resource_index/parent_prefix_path/wall_follow
[21.148s] -- Up-to-date: /sim_ws/install/wall_follow/share/wall_follow/environment/ament_prefix_path.sh
[21.149s] -- Up-to-date: /sim_ws/install/wall_follow/share/wall_follow/environment/ament_prefix_path.dsv
[21.150s] -- Up-to-date: /sim_ws/install/wall_follow/share/wall_follow/environment/path.sh
[21.155s] -- Up-to-date: /sim_ws/install/wall_follow/share/wall_follow/environment/path.dsv
[21.155s] -- Up-to-date: /sim_ws/install/wall_follow/share/wall_follow/local_setup.bash
[21.155s] -- Up-to-date: /sim_ws/install/wall_follow/share/wall_follow/local_setup.sh
[21.156s] -- Up-to-date: /sim_ws/install/wall_follow/share/wall_follow/local_setup.zsh
[21.156s] -- Up-to-date: /sim_ws/install/wall_follow/share/wall_follow/local_setup.dsv
[21.156s] -- Installing: /sim_ws/install/wall_follow/share/wall_follow/package.dsv
[21.159s] -- Up-to-date: /sim_ws/install/wall_follow/share/ament_index/resource_index/packages/wall_follow
[21.167s] -- Up-to-date: /sim_ws/install/wall_follow/share/wall_follow/cmake/wall_followConfig.cmake
[21.167s] -- Up-to-date: /sim_ws/install/wall_follow/share/wall_follow/cmake/wall_followConfig-version.cmake
[21.167s] -- Up-to-date: /sim_ws/install/wall_follow/share/wall_follow/package.xml
[21.167s] Invoked command in '/sim_ws/build/wall_follow' returned '0': CMAKE_PREFIX_PATH=${CMAKE_PREFIX_PATH}:/sim_ws/install/f1tenth_gym_ros:/opt/ros/foxy /usr/bin/cmake --install /sim_ws/build/wall_follow
