[0.450s] Invoking command in '/sim_ws/build/safety_node': CMAKE_PREFIX_PATH=${CMAKE_PREFIX_PATH}:/sim_ws/install/f1tenth_gym_ros:/opt/ros/foxy /usr/bin/cmake --build /sim_ws/build/safety_node -- -j4 -l4
[0.567s] [100%] Built target safety_node
[0.600s] Invoked command in '/sim_ws/build/safety_node' returned '0': CMAKE_PREFIX_PATH=${CMAKE_PREFIX_PATH}:/sim_ws/install/f1tenth_gym_ros:/opt/ros/foxy /usr/bin/cmake --build /sim_ws/build/safety_node -- -j4 -l4
[0.697s] Invoking command in '/sim_ws/build/safety_node': CMAKE_PREFIX_PATH=${CMAKE_PREFIX_PATH}:/sim_ws/install/f1tenth_gym_ros:/opt/ros/foxy /usr/bin/cmake --install /sim_ws/build/safety_node
[0.733s] -- Install configuration: ""
[0.735s] -- Up-to-date: /sim_ws/install/safety_node/lib/safety_node/safety_node
[0.741s] -- Up-to-date: /sim_ws/install/safety_node/share/ament_index/resource_index/package_run_dependencies/safety_node
[0.742s] -- Up-to-date: /sim_ws/install/safety_node/share/ament_index/resource_index/parent_prefix_path/safety_node
[0.743s] -- Up-to-date: /sim_ws/install/safety_node/share/safety_node/environment/ament_prefix_path.sh
[0.748s] -- Up-to-date: /sim_ws/install/safety_node/share/safety_node/environment/ament_prefix_path.dsv
[0.749s] -- Up-to-date: /sim_ws/install/safety_node/share/safety_node/environment/path.sh
[0.751s] -- Up-to-date: /sim_ws/install/safety_node/share/safety_node/environment/path.dsv
[0.752s] -- Up-to-date: /sim_ws/install/safety_node/share/safety_node/local_setup.bash
[0.753s] -- Up-to-date: /sim_ws/install/safety_node/share/safety_node/local_setup.sh
[0.754s] -- Up-to-date: /sim_ws/install/safety_node/share/safety_node/local_setup.zsh
[0.754s] -- Up-to-date: /sim_ws/install/safety_node/share/safety_node/local_setup.dsv
[0.755s] -- Installing: /sim_ws/install/safety_node/share/safety_node/package.dsv
[0.759s] -- Up-to-date: /sim_ws/install/safety_node/share/ament_index/resource_index/packages/safety_node
[0.759s] -- Up-to-date: /sim_ws/install/safety_node/share/safety_node/cmake/safety_nodeConfig.cmake
[0.760s] -- Up-to-date: /sim_ws/install/safety_node/share/safety_node/cmake/safety_nodeConfig-version.cmake
[0.761s] -- Up-to-date: /sim_ws/install/safety_node/share/safety_node/package.xml
[0.776s] Invoked command in '/sim_ws/build/safety_node' returned '0': CMAKE_PREFIX_PATH=${CMAKE_PREFIX_PATH}:/sim_ws/install/f1tenth_gym_ros:/opt/ros/foxy /usr/bin/cmake --install /sim_ws/build/safety_node
