[0.428s] DEBUG:colcon:Command line arguments: ['/usr/bin/colcon', 'build']
[0.428s] DEBUG:colcon:Parsed command line arguments: Namespace(ament_cmake_args=None, base_paths=['.'], build_base='build', catkin_cmake_args=None, catkin_skip_building_tests=False, cmake_args=None, cmake_clean_cache=False, cmake_clean_first=False, cmake_force_configure=False, cmake_target=None, cmake_target_skip_unavailable=False, continue_on_error=False, event_handlers=None, executor='parallel', ignore_user_meta=False, install_base='install', log_base=None, log_level=None, main=<bound method BuildVerb.main of <colcon_core.verb.build.BuildVerb object at 0x7f24e1d39520>>, merge_install=False, metas=['./colcon.meta'], mixin=None, mixin_files=None, mixin_verb=('build',), packages_above=None, packages_above_and_dependencies=None, packages_above_depth=None, packages_end=None, packages_ignore=None, packages_ignore_regex=None, packages_select=None, packages_select_build_failed=False, packages_select_by_dep=None, packages_select_regex=None, packages_select_test_failures=False, packages_skip=None, packages_skip_build_finished=False, packages_skip_by_dep=None, packages_skip_regex=None, packages_skip_test_passed=False, packages_skip_up_to=None, packages_start=None, packages_up_to=None, packages_up_to_regex=None, parallel_workers=4, paths=None, symlink_install=False, test_result_base=None, verb_extension=<colcon_core.verb.build.BuildVerb object at 0x7f24e1d39520>, verb_name='build', verb_parser=<colcon_mixin.mixin.mixin_argument.MixinArgumentDecorator object at 0x7f24e1d39b80>)
[0.473s] Level 1:colcon.colcon_core.package_discovery:discover_packages(colcon_meta) check parameters
[0.474s] INFO:colcon.colcon_metadata.package_discovery.colcon_meta:Using configuration from '/root/.colcon/metadata/default/Gazebo.meta'
[0.475s] INFO:colcon.colcon_metadata.package_discovery.colcon_meta:Using configuration from '/root/.colcon/metadata/default/fastrtps.meta'
[0.475s] Level 1:colcon.colcon_core.package_discovery:discover_packages(recursive) check parameters
[0.475s] Level 1:colcon.colcon_core.package_discovery:discover_packages(ignore) check parameters
[0.475s] Level 1:colcon.colcon_core.package_discovery:discover_packages(path) check parameters
[0.475s] Level 1:colcon.colcon_core.package_discovery:discover_packages(colcon_meta) discover
[0.475s] Level 1:colcon.colcon_core.package_discovery:discover_packages(recursive) discover
[0.476s] INFO:colcon.colcon_core.package_discovery:Crawling recursively for packages in '/sim_ws'
[0.476s] Level 1:colcon.colcon_core.package_identification:_identify(.) by extensions ['ignore', 'ignore_ament_install']
[0.476s] Level 1:colcon.colcon_core.package_identification:_identify(.) by extension 'ignore'
[0.476s] Level 1:colcon.colcon_core.package_identification:_identify(.) by extension 'ignore_ament_install'
[0.476s] Level 1:colcon.colcon_core.package_identification:_identify(.) by extensions ['colcon_pkg']
[0.476s] Level 1:colcon.colcon_core.package_identification:_identify(.) by extension 'colcon_pkg'
[0.476s] Level 1:colcon.colcon_core.package_identification:_identify(.) by extensions ['colcon_meta']
[0.476s] Level 1:colcon.colcon_core.package_identification:_identify(.) by extension 'colcon_meta'
[0.477s] Level 1:colcon.colcon_core.package_identification:_identify(.) by extensions ['ros']
[0.477s] Level 1:colcon.colcon_core.package_identification:_identify(.) by extension 'ros'
[0.494s] Level 1:colcon.colcon_core.package_identification:_identify(.) by extensions ['cmake', 'python']
[0.494s] Level 1:colcon.colcon_core.package_identification:_identify(.) by extension 'cmake'
[0.494s] Level 1:colcon.colcon_core.package_identification:_identify(.) by extension 'python'
[0.495s] Level 1:colcon.colcon_core.package_identification:_identify(.) by extensions ['python_setup_py']
[0.495s] Level 1:colcon.colcon_core.package_identification:_identify(.) by extension 'python_setup_py'
[0.495s] Level 1:colcon.colcon_core.package_identification:_identify(build) by extensions ['ignore', 'ignore_ament_install']
[0.495s] Level 1:colcon.colcon_core.package_identification:_identify(build) by extension 'ignore'
[0.495s] Level 1:colcon.colcon_core.package_identification:_identify(build) ignored
[0.495s] Level 1:colcon.colcon_core.package_identification:_identify(install) by extensions ['ignore', 'ignore_ament_install']
[0.496s] Level 1:colcon.colcon_core.package_identification:_identify(install) by extension 'ignore'
[0.496s] Level 1:colcon.colcon_core.package_identification:_identify(install) ignored
[0.496s] Level 1:colcon.colcon_core.package_identification:_identify(log) by extensions ['ignore', 'ignore_ament_install']
[0.496s] Level 1:colcon.colcon_core.package_identification:_identify(log) by extension 'ignore'
[0.497s] Level 1:colcon.colcon_core.package_identification:_identify(log) ignored
[0.497s] Level 1:colcon.colcon_core.package_identification:_identify(src) by extensions ['ignore', 'ignore_ament_install']
[0.497s] Level 1:colcon.colcon_core.package_identification:_identify(src) by extension 'ignore'
[0.497s] Level 1:colcon.colcon_core.package_identification:_identify(src) by extension 'ignore_ament_install'
[0.497s] Level 1:colcon.colcon_core.package_identification:_identify(src) by extensions ['colcon_pkg']
[0.497s] Level 1:colcon.colcon_core.package_identification:_identify(src) by extension 'colcon_pkg'
[0.497s] Level 1:colcon.colcon_core.package_identification:_identify(src) by extensions ['colcon_meta']
[0.497s] Level 1:colcon.colcon_core.package_identification:_identify(src) by extension 'colcon_meta'
[0.498s] Level 1:colcon.colcon_core.package_identification:_identify(src) by extensions ['ros']
[0.498s] Level 1:colcon.colcon_core.package_identification:_identify(src) by extension 'ros'
[0.498s] Level 1:colcon.colcon_core.package_identification:_identify(src) by extensions ['cmake', 'python']
[0.498s] Level 1:colcon.colcon_core.package_identification:_identify(src) by extension 'cmake'
[0.498s] Level 1:colcon.colcon_core.package_identification:_identify(src) by extension 'python'
[0.498s] Level 1:colcon.colcon_core.package_identification:_identify(src) by extensions ['python_setup_py']
[0.498s] Level 1:colcon.colcon_core.package_identification:_identify(src) by extension 'python_setup_py'
[0.502s] Level 1:colcon.colcon_core.package_identification:_identify(src/f1tenth_gym_ros) by extensions ['ignore', 'ignore_ament_install']
[0.502s] Level 1:colcon.colcon_core.package_identification:_identify(src/f1tenth_gym_ros) by extension 'ignore'
[0.503s] Level 1:colcon.colcon_core.package_identification:_identify(src/f1tenth_gym_ros) by extension 'ignore_ament_install'
[0.504s] Level 1:colcon.colcon_core.package_identification:_identify(src/f1tenth_gym_ros) by extensions ['colcon_pkg']
[0.504s] Level 1:colcon.colcon_core.package_identification:_identify(src/f1tenth_gym_ros) by extension 'colcon_pkg'
[0.504s] Level 1:colcon.colcon_core.package_identification:_identify(src/f1tenth_gym_ros) by extensions ['colcon_meta']
[0.504s] Level 1:colcon.colcon_core.package_identification:_identify(src/f1tenth_gym_ros) by extension 'colcon_meta'
[0.504s] Level 1:colcon.colcon_core.package_identification:_identify(src/f1tenth_gym_ros) by extensions ['ros']
[0.504s] Level 1:colcon.colcon_core.package_identification:_identify(src/f1tenth_gym_ros) by extension 'ros'
[0.527s] DEBUG:colcon.colcon_core.package_identification:Package 'src/f1tenth_gym_ros' with type 'ros.ament_python' and name 'f1tenth_gym_ros'
[0.527s] Level 1:colcon.colcon_core.package_identification:_identify(src/f1tenth_lab2) by extensions ['ignore', 'ignore_ament_install']
[0.527s] Level 1:colcon.colcon_core.package_identification:_identify(src/f1tenth_lab2) by extension 'ignore'
[0.528s] Level 1:colcon.colcon_core.package_identification:_identify(src/f1tenth_lab2) by extension 'ignore_ament_install'
[0.528s] Level 1:colcon.colcon_core.package_identification:_identify(src/f1tenth_lab2) by extensions ['colcon_pkg']
[0.528s] Level 1:colcon.colcon_core.package_identification:_identify(src/f1tenth_lab2) by extension 'colcon_pkg'
[0.528s] Level 1:colcon.colcon_core.package_identification:_identify(src/f1tenth_lab2) by extensions ['colcon_meta']
[0.528s] Level 1:colcon.colcon_core.package_identification:_identify(src/f1tenth_lab2) by extension 'colcon_meta'
[0.528s] Level 1:colcon.colcon_core.package_identification:_identify(src/f1tenth_lab2) by extensions ['ros']
[0.528s] Level 1:colcon.colcon_core.package_identification:_identify(src/f1tenth_lab2) by extension 'ros'
[0.528s] Level 1:colcon.colcon_core.package_identification:_identify(src/f1tenth_lab2) by extensions ['cmake', 'python']
[0.528s] Level 1:colcon.colcon_core.package_identification:_identify(src/f1tenth_lab2) by extension 'cmake'
[0.528s] Level 1:colcon.colcon_core.package_identification:_identify(src/f1tenth_lab2) by extension 'python'
[0.529s] Level 1:colcon.colcon_core.package_identification:_identify(src/f1tenth_lab2) by extensions ['python_setup_py']
[0.529s] Level 1:colcon.colcon_core.package_identification:_identify(src/f1tenth_lab2) by extension 'python_setup_py'
[0.529s] Level 1:colcon.colcon_core.package_identification:_identify(src/f1tenth_lab2/safety_node) by extensions ['ignore', 'ignore_ament_install']
[0.529s] Level 1:colcon.colcon_core.package_identification:_identify(src/f1tenth_lab2/safety_node) by extension 'ignore'
[0.529s] Level 1:colcon.colcon_core.package_identification:_identify(src/f1tenth_lab2/safety_node) by extension 'ignore_ament_install'
[0.529s] Level 1:colcon.colcon_core.package_identification:_identify(src/f1tenth_lab2/safety_node) by extensions ['colcon_pkg']
[0.529s] Level 1:colcon.colcon_core.package_identification:_identify(src/f1tenth_lab2/safety_node) by extension 'colcon_pkg'
[0.529s] Level 1:colcon.colcon_core.package_identification:_identify(src/f1tenth_lab2/safety_node) by extensions ['colcon_meta']
[0.529s] Level 1:colcon.colcon_core.package_identification:_identify(src/f1tenth_lab2/safety_node) by extension 'colcon_meta'
[0.529s] Level 1:colcon.colcon_core.package_identification:_identify(src/f1tenth_lab2/safety_node) by extensions ['ros']
[0.529s] Level 1:colcon.colcon_core.package_identification:_identify(src/f1tenth_lab2/safety_node) by extension 'ros'
[0.533s] DEBUG:colcon.colcon_core.package_identification:Package 'src/f1tenth_lab2/safety_node' with type 'ros.ament_cmake' and name 'safety_node'
[0.533s] Level 1:colcon.colcon_core.package_identification:_identify(src/f1tenth_lab3) by extensions ['ignore', 'ignore_ament_install']
[0.533s] Level 1:colcon.colcon_core.package_identification:_identify(src/f1tenth_lab3) by extension 'ignore'
[0.534s] Level 1:colcon.colcon_core.package_identification:_identify(src/f1tenth_lab3) by extension 'ignore_ament_install'
[0.534s] Level 1:colcon.colcon_core.package_identification:_identify(src/f1tenth_lab3) by extensions ['colcon_pkg']
[0.534s] Level 1:colcon.colcon_core.package_identification:_identify(src/f1tenth_lab3) by extension 'colcon_pkg'
[0.534s] Level 1:colcon.colcon_core.package_identification:_identify(src/f1tenth_lab3) by extensions ['colcon_meta']
[0.534s] Level 1:colcon.colcon_core.package_identification:_identify(src/f1tenth_lab3) by extension 'colcon_meta'
[0.534s] Level 1:colcon.colcon_core.package_identification:_identify(src/f1tenth_lab3) by extensions ['ros']
[0.534s] Level 1:colcon.colcon_core.package_identification:_identify(src/f1tenth_lab3) by extension 'ros'
[0.534s] Level 1:colcon.colcon_core.package_identification:_identify(src/f1tenth_lab3) by extensions ['cmake', 'python']
[0.535s] Level 1:colcon.colcon_core.package_identification:_identify(src/f1tenth_lab3) by extension 'cmake'
[0.535s] Level 1:colcon.colcon_core.package_identification:_identify(src/f1tenth_lab3) by extension 'python'
[0.535s] Level 1:colcon.colcon_core.package_identification:_identify(src/f1tenth_lab3) by extensions ['python_setup_py']
[0.535s] Level 1:colcon.colcon_core.package_identification:_identify(src/f1tenth_lab3) by extension 'python_setup_py'
[0.535s] Level 1:colcon.colcon_core.package_identification:_identify(src/f1tenth_lab3/img) by extensions ['ignore', 'ignore_ament_install']
[0.535s] Level 1:colcon.colcon_core.package_identification:_identify(src/f1tenth_lab3/img) by extension 'ignore'
[0.535s] Level 1:colcon.colcon_core.package_identification:_identify(src/f1tenth_lab3/img) by extension 'ignore_ament_install'
[0.535s] Level 1:colcon.colcon_core.package_identification:_identify(src/f1tenth_lab3/img) by extensions ['colcon_pkg']
[0.536s] Level 1:colcon.colcon_core.package_identification:_identify(src/f1tenth_lab3/img) by extension 'colcon_pkg'
[0.536s] Level 1:colcon.colcon_core.package_identification:_identify(src/f1tenth_lab3/img) by extensions ['colcon_meta']
[0.536s] Level 1:colcon.colcon_core.package_identification:_identify(src/f1tenth_lab3/img) by extension 'colcon_meta'
[0.536s] Level 1:colcon.colcon_core.package_identification:_identify(src/f1tenth_lab3/img) by extensions ['ros']
[0.536s] Level 1:colcon.colcon_core.package_identification:_identify(src/f1tenth_lab3/img) by extension 'ros'
[0.536s] Level 1:colcon.colcon_core.package_identification:_identify(src/f1tenth_lab3/img) by extensions ['cmake', 'python']
[0.536s] Level 1:colcon.colcon_core.package_identification:_identify(src/f1tenth_lab3/img) by extension 'cmake'
[0.536s] Level 1:colcon.colcon_core.package_identification:_identify(src/f1tenth_lab3/img) by extension 'python'
[0.536s] Level 1:colcon.colcon_core.package_identification:_identify(src/f1tenth_lab3/img) by extensions ['python_setup_py']
[0.536s] Level 1:colcon.colcon_core.package_identification:_identify(src/f1tenth_lab3/img) by extension 'python_setup_py'
[0.536s] Level 1:colcon.colcon_core.package_identification:_identify(src/f1tenth_lab3/wall_follow) by extensions ['ignore', 'ignore_ament_install']
[0.537s] Level 1:colcon.colcon_core.package_identification:_identify(src/f1tenth_lab3/wall_follow) by extension 'ignore'
[0.537s] Level 1:colcon.colcon_core.package_identification:_identify(src/f1tenth_lab3/wall_follow) by extension 'ignore_ament_install'
[0.537s] Level 1:colcon.colcon_core.package_identification:_identify(src/f1tenth_lab3/wall_follow) by extensions ['colcon_pkg']
[0.537s] Level 1:colcon.colcon_core.package_identification:_identify(src/f1tenth_lab3/wall_follow) by extension 'colcon_pkg'
[0.537s] Level 1:colcon.colcon_core.package_identification:_identify(src/f1tenth_lab3/wall_follow) by extensions ['colcon_meta']
[0.537s] Level 1:colcon.colcon_core.package_identification:_identify(src/f1tenth_lab3/wall_follow) by extension 'colcon_meta'
[0.537s] Level 1:colcon.colcon_core.package_identification:_identify(src/f1tenth_lab3/wall_follow) by extensions ['ros']
[0.538s] Level 1:colcon.colcon_core.package_identification:_identify(src/f1tenth_lab3/wall_follow) by extension 'ros'
[0.540s] DEBUG:colcon.colcon_core.package_identification:Package 'src/f1tenth_lab3/wall_follow' with type 'ros.ament_cmake' and name 'wall_follow'
[0.540s] Level 1:colcon.colcon_core.package_discovery:discover_packages(recursive) using defaults
[0.540s] Level 1:colcon.colcon_core.package_discovery:discover_packages(ignore) discover
[0.540s] Level 1:colcon.colcon_core.package_discovery:discover_packages(ignore) using defaults
[0.540s] Level 1:colcon.colcon_core.package_discovery:discover_packages(path) discover
[0.540s] Level 1:colcon.colcon_core.package_discovery:discover_packages(path) using defaults
[0.573s] Level 5:colcon.colcon_core.verb:set package 'f1tenth_gym_ros' build argument 'cmake_args' from command line to 'None'
[0.573s] Level 5:colcon.colcon_core.verb:set package 'f1tenth_gym_ros' build argument 'cmake_target' from command line to 'None'
[0.573s] Level 5:colcon.colcon_core.verb:set package 'f1tenth_gym_ros' build argument 'cmake_target_skip_unavailable' from command line to 'False'
[0.574s] Level 5:colcon.colcon_core.verb:set package 'f1tenth_gym_ros' build argument 'cmake_clean_cache' from command line to 'False'
[0.574s] Level 5:colcon.colcon_core.verb:set package 'f1tenth_gym_ros' build argument 'cmake_clean_first' from command line to 'False'
[0.574s] Level 5:colcon.colcon_core.verb:set package 'f1tenth_gym_ros' build argument 'cmake_force_configure' from command line to 'False'
[0.574s] Level 5:colcon.colcon_core.verb:set package 'f1tenth_gym_ros' build argument 'ament_cmake_args' from command line to 'None'
[0.574s] Level 5:colcon.colcon_core.verb:set package 'f1tenth_gym_ros' build argument 'catkin_cmake_args' from command line to 'None'
[0.574s] Level 5:colcon.colcon_core.verb:set package 'f1tenth_gym_ros' build argument 'catkin_skip_building_tests' from command line to 'False'
[0.574s] DEBUG:colcon.colcon_core.verb:Building package 'f1tenth_gym_ros' with the following arguments: {'ament_cmake_args': None, 'build_base': '/sim_ws/build/f1tenth_gym_ros', 'catkin_cmake_args': None, 'catkin_skip_building_tests': False, 'cmake_args': None, 'cmake_clean_cache': False, 'cmake_clean_first': False, 'cmake_force_configure': False, 'cmake_target': None, 'cmake_target_skip_unavailable': False, 'install_base': '/sim_ws/install/f1tenth_gym_ros', 'merge_install': False, 'path': '/sim_ws/src/f1tenth_gym_ros', 'symlink_install': False, 'test_result_base': None}
[0.576s] Level 5:colcon.colcon_core.verb:set package 'safety_node' build argument 'cmake_args' from command line to 'None'
[0.576s] Level 5:colcon.colcon_core.verb:set package 'safety_node' build argument 'cmake_target' from command line to 'None'
[0.576s] Level 5:colcon.colcon_core.verb:set package 'safety_node' build argument 'cmake_target_skip_unavailable' from command line to 'False'
[0.576s] Level 5:colcon.colcon_core.verb:set package 'safety_node' build argument 'cmake_clean_cache' from command line to 'False'
[0.576s] Level 5:colcon.colcon_core.verb:set package 'safety_node' build argument 'cmake_clean_first' from command line to 'False'
[0.576s] Level 5:colcon.colcon_core.verb:set package 'safety_node' build argument 'cmake_force_configure' from command line to 'False'
[0.576s] Level 5:colcon.colcon_core.verb:set package 'safety_node' build argument 'ament_cmake_args' from command line to 'None'
[0.576s] Level 5:colcon.colcon_core.verb:set package 'safety_node' build argument 'catkin_cmake_args' from command line to 'None'
[0.576s] Level 5:colcon.colcon_core.verb:set package 'safety_node' build argument 'catkin_skip_building_tests' from command line to 'False'
[0.576s] DEBUG:colcon.colcon_core.verb:Building package 'safety_node' with the following arguments: {'ament_cmake_args': None, 'build_base': '/sim_ws/build/safety_node', 'catkin_cmake_args': None, 'catkin_skip_building_tests': False, 'cmake_args': None, 'cmake_clean_cache': False, 'cmake_clean_first': False, 'cmake_force_configure': False, 'cmake_target': None, 'cmake_target_skip_unavailable': False, 'install_base': '/sim_ws/install/safety_node', 'merge_install': False, 'path': '/sim_ws/src/f1tenth_lab2/safety_node', 'symlink_install': False, 'test_result_base': None}
[0.578s] Level 5:colcon.colcon_core.verb:set package 'wall_follow' build argument 'cmake_args' from command line to 'None'
[0.578s] Level 5:colcon.colcon_core.verb:set package 'wall_follow' build argument 'cmake_target' from command line to 'None'
[0.578s] Level 5:colcon.colcon_core.verb:set package 'wall_follow' build argument 'cmake_target_skip_unavailable' from command line to 'False'
[0.578s] Level 5:colcon.colcon_core.verb:set package 'wall_follow' build argument 'cmake_clean_cache' from command line to 'False'
[0.578s] Level 5:colcon.colcon_core.verb:set package 'wall_follow' build argument 'cmake_clean_first' from command line to 'False'
[0.578s] Level 5:colcon.colcon_core.verb:set package 'wall_follow' build argument 'cmake_force_configure' from command line to 'False'
[0.578s] Level 5:colcon.colcon_core.verb:set package 'wall_follow' build argument 'ament_cmake_args' from command line to 'None'
[0.578s] Level 5:colcon.colcon_core.verb:set package 'wall_follow' build argument 'catkin_cmake_args' from command line to 'None'
[0.578s] Level 5:colcon.colcon_core.verb:set package 'wall_follow' build argument 'catkin_skip_building_tests' from command line to 'False'
[0.578s] DEBUG:colcon.colcon_core.verb:Building package 'wall_follow' with the following arguments: {'ament_cmake_args': None, 'build_base': '/sim_ws/build/wall_follow', 'catkin_cmake_args': None, 'catkin_skip_building_tests': False, 'cmake_args': None, 'cmake_clean_cache': False, 'cmake_clean_first': False, 'cmake_force_configure': False, 'cmake_target': None, 'cmake_target_skip_unavailable': False, 'install_base': '/sim_ws/install/wall_follow', 'merge_install': False, 'path': '/sim_ws/src/f1tenth_lab3/wall_follow', 'symlink_install': False, 'test_result_base': None}
[0.579s] INFO:colcon.colcon_core.executor:Executing jobs using 'parallel' executor
[0.585s] DEBUG:colcon.colcon_parallel_executor.executor.parallel:run_until_complete
[0.586s] INFO:colcon.colcon_ros.task.ament_python.build:Building ROS package in '/sim_ws/src/f1tenth_gym_ros' with build type 'ament_python'
[0.586s] Level 1:colcon.colcon_core.shell:create_environment_hook('f1tenth_gym_ros', 'ament_prefix_path')
[0.594s] INFO:colcon.colcon_core.plugin_system:Skipping extension 'colcon_core.shell.bat': Not used on non-Windows systems
[0.595s] INFO:colcon.colcon_core.shell:Creating environment hook '/sim_ws/install/f1tenth_gym_ros/share/f1tenth_gym_ros/hook/ament_prefix_path.ps1'
[0.596s] INFO:colcon.colcon_core.shell:Creating environment descriptor '/sim_ws/install/f1tenth_gym_ros/share/f1tenth_gym_ros/hook/ament_prefix_path.dsv'
[0.604s] INFO:colcon.colcon_core.shell:Creating environment hook '/sim_ws/install/f1tenth_gym_ros/share/f1tenth_gym_ros/hook/ament_prefix_path.sh'
[0.613s] INFO:colcon.colcon_core.shell:Skip shell extension 'powershell' for command environment: Not usable outside of PowerShell
[0.614s] DEBUG:colcon.colcon_core.shell:Skip shell extension 'dsv' for command environment
[0.629s] INFO:colcon.colcon_ros.task.ament_cmake.build:Building ROS package in '/sim_ws/src/f1tenth_lab2/safety_node' with build type 'ament_cmake'
[0.638s] INFO:colcon.colcon_cmake.task.cmake.build:Building CMake package in '/sim_ws/src/f1tenth_lab2/safety_node'
[0.644s] INFO:colcon.colcon_core.shell:Skip shell extension 'powershell' for command environment: Not usable outside of PowerShell
[0.644s] DEBUG:colcon.colcon_core.shell:Skip shell extension 'dsv' for command environment
[0.675s] INFO:colcon.colcon_ros.task.ament_cmake.build:Building ROS package in '/sim_ws/src/f1tenth_lab3/wall_follow' with build type 'ament_cmake'
[0.677s] INFO:colcon.colcon_cmake.task.cmake.build:Building CMake package in '/sim_ws/src/f1tenth_lab3/wall_follow'
[0.682s] INFO:colcon.colcon_core.shell:Skip shell extension 'powershell' for command environment: Not usable outside of PowerShell
[0.682s] DEBUG:colcon.colcon_core.shell:Skip shell extension 'dsv' for command environment
[1.133s] INFO:colcon.colcon_core.task.python.build:Building Python package in '/sim_ws/src/f1tenth_gym_ros'
[1.136s] INFO:colcon.colcon_core.shell:Skip shell extension 'powershell' for command environment: Not usable outside of PowerShell
[1.136s] DEBUG:colcon.colcon_core.shell:Skip shell extension 'dsv' for command environment
[1.155s] DEBUG:colcon.colcon_core.event_handler.log_command:Invoking command in '/sim_ws/build/safety_node': /usr/bin/cmake /sim_ws/src/f1tenth_lab2/safety_node -DCMAKE_INSTALL_PREFIX=/sim_ws/install/safety_node
[1.169s] DEBUG:colcon.colcon_core.event_handler.log_command:Invoking command in '/sim_ws/build/wall_follow': /usr/bin/cmake /sim_ws/src/f1tenth_lab3/wall_follow -DCMAKE_INSTALL_PREFIX=/sim_ws/install/wall_follow
[2.131s] DEBUG:colcon.colcon_core.event_handler.log_command:Invoking command in '/sim_ws/src/f1tenth_gym_ros': PYTHONPATH=/sim_ws/build/f1tenth_gym_ros/prefix_override:/sim_ws/install/f1tenth_gym_ros/lib/python3.8/site-packages: /usr/bin/python3 setup.py egg_info --egg-base ../../build/f1tenth_gym_ros build --build-base /sim_ws/build/f1tenth_gym_ros/build install --record /sim_ws/build/f1tenth_gym_ros/install.log --install-scripts $base/lib/f1tenth_gym_ros --single-version-externally-managed
[2.781s] DEBUG:colcon.colcon_core.event_handler.log_command:Invoked command in '/sim_ws/build/wall_follow' returned '1': /usr/bin/cmake /sim_ws/src/f1tenth_lab3/wall_follow -DCMAKE_INSTALL_PREFIX=/sim_ws/install/wall_follow
[2.793s] DEBUG:colcon.colcon_core.event_handler.log_command:Invoked command in '/sim_ws/build/safety_node' returned '1': /usr/bin/cmake /sim_ws/src/f1tenth_lab2/safety_node -DCMAKE_INSTALL_PREFIX=/sim_ws/install/safety_node
[2.805s] Level 1:colcon.colcon_core.environment:create_environment_scripts_only(wall_follow)
[2.831s] Level 1:colcon.colcon_core.environment:checking '/sim_ws/install/wall_follow' for CMake module files
[2.832s] Level 1:colcon.colcon_core.environment:checking '/sim_ws/install/wall_follow' for CMake config files
[2.833s] Level 1:colcon.colcon_core.environment:checking '/sim_ws/install/wall_follow/bin'
[2.834s] Level 1:colcon.colcon_core.environment:checking '/sim_ws/install/wall_follow/lib/pkgconfig/wall_follow.pc'
[2.834s] Level 1:colcon.colcon_core.environment:checking '/sim_ws/install/wall_follow/lib/python3.8/site-packages'
[2.835s] Level 1:colcon.colcon_core.environment:checking '/sim_ws/install/wall_follow/bin'
[2.840s] INFO:colcon.colcon_core.shell:Creating package script '/sim_ws/install/wall_follow/share/wall_follow/package.ps1'
[2.845s] INFO:colcon.colcon_core.shell:Creating package descriptor '/sim_ws/install/wall_follow/share/wall_follow/package.dsv'
[2.846s] INFO:colcon.colcon_core.shell:Creating package script '/sim_ws/install/wall_follow/share/wall_follow/package.sh'
[2.848s] INFO:colcon.colcon_core.shell:Creating package script '/sim_ws/install/wall_follow/share/wall_follow/package.bash'
[2.849s] INFO:colcon.colcon_core.shell:Creating package script '/sim_ws/install/wall_follow/share/wall_follow/package.zsh'
[2.850s] Level 1:colcon.colcon_core.environment:create_file_with_runtime_dependencies(/sim_ws/install/wall_follow/share/colcon-core/packages/wall_follow)
[2.983s] DEBUG:colcon.colcon_parallel_executor.executor.parallel:closing loop
[2.984s] DEBUG:colcon.colcon_parallel_executor.executor.parallel:loop closed
[2.984s] DEBUG:colcon.colcon_parallel_executor.executor.parallel:run_until_complete finished with '1'
[2.984s] DEBUG:colcon.colcon_core.event_reactor:joining thread
[3.009s] INFO:colcon.colcon_core.plugin_system:Skipping extension 'colcon_notification.desktop_notification.notify_send': Could not find 'notify-send'
[3.009s] INFO:colcon.colcon_core.plugin_system:Skipping extension 'colcon_notification.desktop_notification.terminal_notifier': Not used on non-Darwin systems
[3.009s] INFO:colcon.colcon_core.plugin_system:Skipping extension 'colcon_notification.desktop_notification.win32': Not used on non-Windows systems
[3.009s] INFO:colcon.colcon_notification.desktop_notification:Sending desktop notification using 'notify2'
[3.016s] DEBUG:colcon.colcon_notification.desktop_notification.notify2:Failed to initialize notify2: org.freedesktop.DBus.Error.Spawn.ExecFailed: /usr/bin/dbus-launch terminated abnormally without any error message
[3.016s] DEBUG:colcon.colcon_core.event_reactor:joined thread
[3.022s] INFO:colcon.colcon_core.shell:Creating prefix script '/sim_ws/install/local_setup.ps1'
[3.028s] INFO:colcon.colcon_core.shell:Creating prefix util module '/sim_ws/install/_local_setup_util_ps1.py'
[3.031s] INFO:colcon.colcon_core.shell:Creating prefix chain script '/sim_ws/install/setup.ps1'
[3.037s] INFO:colcon.colcon_core.shell:Creating prefix script '/sim_ws/install/local_setup.sh'
[3.039s] INFO:colcon.colcon_core.shell:Creating prefix util module '/sim_ws/install/_local_setup_util_sh.py'
[3.042s] INFO:colcon.colcon_core.shell:Creating prefix chain script '/sim_ws/install/setup.sh'
[3.045s] INFO:colcon.colcon_core.shell:Creating prefix script '/sim_ws/install/local_setup.bash'
[3.045s] INFO:colcon.colcon_core.shell:Creating prefix chain script '/sim_ws/install/setup.bash'
[3.047s] INFO:colcon.colcon_core.shell:Creating prefix script '/sim_ws/install/local_setup.zsh'
[3.048s] INFO:colcon.colcon_core.shell:Creating prefix chain script '/sim_ws/install/setup.zsh'
