[0.834s] Invoking command in '/sim_ws/build/safety_node': CMAKE_PREFIX_PATH=${CMAKE_PREFIX_PATH}:/sim_ws/install/f1tenth_gym_ros:/opt/ros/foxy /usr/bin/cmake --build /sim_ws/build/safety_node -- -j4 -l4
[1.185s] [100%] Built target safety_node
[1.257s] Invoked command in '/sim_ws/build/safety_node' returned '0': CMAKE_PREFIX_PATH=${CMAKE_PREFIX_PATH}:/sim_ws/install/f1tenth_gym_ros:/opt/ros/foxy /usr/bin/cmake --build /sim_ws/build/safety_node -- -j4 -l4
[1.615s] Invoking command in '/sim_ws/build/safety_node': CMAKE_PREFIX_PATH=${CMAKE_PREFIX_PATH}:/sim_ws/install/f1tenth_gym_ros:/opt/ros/foxy /usr/bin/cmake --install /sim_ws/build/safety_node
[1.680s] -- Install configuration: ""
[1.682s] -- Up-to-date: /sim_ws/install/safety_node/lib/safety_node/safety_node
[1.684s] -- Up-to-date: /sim_ws/install/safety_node/share/safety_node/environment/pythonpath.sh
[1.685s] -- Up-to-date: /sim_ws/install/safety_node/share/safety_node/environment/pythonpath.dsv
[1.687s] -- Up-to-date: /sim_ws/install/safety_node/lib/python3.8/site-packages/safety_node
[1.689s] -- Up-to-date: /sim_ws/install/safety_node/lib/python3.8/site-packages/safety_node/__init__.py
[1.767s] Listing '/sim_ws/install/safety_node/lib/python3.8/site-packages/safety_node'...
[1.777s] -- Up-to-date: /sim_ws/install/safety_node/lib/safety_node/safety_node.py
[1.779s] -- Up-to-date: /sim_ws/install/safety_node/share/ament_index/resource_index/package_run_dependencies/safety_node
[1.780s] -- Up-to-date: /sim_ws/install/safety_node/share/ament_index/resource_index/parent_prefix_path/safety_node
[1.782s] -- Up-to-date: /sim_ws/install/safety_node/share/safety_node/environment/ament_prefix_path.sh
[1.783s] -- Up-to-date: /sim_ws/install/safety_node/share/safety_node/environment/ament_prefix_path.dsv
[1.784s] -- Up-to-date: /sim_ws/install/safety_node/share/safety_node/environment/path.sh
[1.784s] -- Up-to-date: /sim_ws/install/safety_node/share/safety_node/environment/path.dsv
[1.791s] -- Up-to-date: /sim_ws/install/safety_node/share/safety_node/local_setup.bash
[1.791s] -- Up-to-date: /sim_ws/install/safety_node/share/safety_node/local_setup.sh
[1.792s] -- Up-to-date: /sim_ws/install/safety_node/share/safety_node/local_setup.zsh
[1.792s] -- Up-to-date: /sim_ws/install/safety_node/share/safety_node/local_setup.dsv
[1.792s] -- Installing: /sim_ws/install/safety_node/share/safety_node/package.dsv
[1.794s] -- Up-to-date: /sim_ws/install/safety_node/share/ament_index/resource_index/packages/safety_node
[1.794s] -- Up-to-date: /sim_ws/install/safety_node/share/safety_node/cmake/safety_nodeConfig.cmake
[1.794s] -- Up-to-date: /sim_ws/install/safety_node/share/safety_node/cmake/safety_nodeConfig-version.cmake
[1.794s] -- Up-to-date: /sim_ws/install/safety_node/share/safety_node/package.xml
[1.818s] Invoked command in '/sim_ws/build/safety_node' returned '0': CMAKE_PREFIX_PATH=${CMAKE_PREFIX_PATH}:/sim_ws/install/f1tenth_gym_ros:/opt/ros/foxy /usr/bin/cmake --install /sim_ws/build/safety_node
