[0.921s] Invoking command in '/sim_ws/build/wall_follow': CMAKE_PREFIX_PATH=${CMAKE_PREFIX_PATH}:/sim_ws/install/f1tenth_gym_ros:/opt/ros/foxy /usr/bin/cmake --build /sim_ws/build/wall_follow -- -j4 -l4
[1.948s] -- Found ament_cmake: 0.9.12 (/opt/ros/foxy/share/ament_cmake/cmake)
[2.293s] -- Using PYTHON_EXECUTABLE: /usr/bin/python3
[3.193s] -- Found rclcpp: 2.4.3 (/opt/ros/foxy/share/rclcpp/cmake)
[3.432s] -- Using all available rosidl_typesupport_c: rosidl_typesupport_fastrtps_c;rosidl_typesupport_introspection_c
[3.452s] -- Found rosidl_adapter: 1.3.1 (/opt/ros/foxy/share/rosidl_adapter/cmake)
[3.915s] -- Using all available rosidl_typesupport_cpp: rosidl_typesupport_fastrtps_cpp;rosidl_typesupport_introspection_cpp
[4.315s] -- Found rmw_implementation_cmake: 1.0.4 (/opt/ros/foxy/share/rmw_implementation_cmake/cmake)
[4.336s] -- Using RMW implementation 'rmw_fastrtps_cpp' as default
[5.672s] -- Found rclpy: 1.0.13 (/opt/ros/foxy/share/rclpy/cmake)
[5.674s] -- Found geometry_msgs: 2.0.5 (/opt/ros/foxy/share/geometry_msgs/cmake)
[5.829s] -- Found nav_msgs: 2.0.5 (/opt/ros/foxy/share/nav_msgs/cmake)
[6.048s] -- Found ackermann_msgs: 2.0.2 (/opt/ros/foxy/share/ackermann_msgs/cmake)
[6.221s] -- Found sensor_msgs: 2.0.5 (/opt/ros/foxy/share/sensor_msgs/cmake)
[6.595s] -- Found ament_lint_auto: 0.9.8 (/opt/ros/foxy/share/ament_lint_auto/cmake)
[6.898s] -- Added test 'copyright' to check source files copyright and LICENSE
[6.902s] -- Added test 'cppcheck' to perform static code analysis on C / C++ code
[6.903s] -- Configured cppcheck include dirs: /sim_ws/src/wall_follow/include
[6.903s] -- Configured cppcheck exclude dirs and/or files: 
[6.907s] -- Added test 'cpplint' to check C / C++ code against the Google style
[6.908s] -- Configured cpplint exclude dirs and/or files: 
[6.910s] -- Added test 'flake8' to check Python code syntax and style conventions
[6.911s] -- Added test 'lint_cmake' to check CMake code style
[6.912s] -- Added test 'pep257' to check Python code against some of the style conventions in PEP 257
[6.915s] -- Added test 'uncrustify' to check C / C++ code style
[6.915s] -- Configured uncrustify additional arguments: 
[6.917s] -- Added test 'xmllint' to check XML markup files
[6.926s] -- Configuring done
[7.253s] -- Generating done
[7.261s] -- Build files have been written to: /sim_ws/build/wall_follow
[7.458s] [100%] Built target wall_follow_node
[7.563s] Invoked command in '/sim_ws/build/wall_follow' returned '0': CMAKE_PREFIX_PATH=${CMAKE_PREFIX_PATH}:/sim_ws/install/f1tenth_gym_ros:/opt/ros/foxy /usr/bin/cmake --build /sim_ws/build/wall_follow -- -j4 -l4
[7.704s] Invoking command in '/sim_ws/build/wall_follow': CMAKE_PREFIX_PATH=${CMAKE_PREFIX_PATH}:/sim_ws/install/f1tenth_gym_ros:/opt/ros/foxy /usr/bin/cmake --install /sim_ws/build/wall_follow
[7.737s] -- Install configuration: ""
[7.740s] -- Up-to-date: /sim_ws/install/wall_follow/lib/wall_follow/wall_follow_node
[7.741s] -- Up-to-date: /sim_ws/install/wall_follow/share/ament_index/resource_index/package_run_dependencies/wall_follow
[7.742s] -- Up-to-date: /sim_ws/install/wall_follow/share/ament_index/resource_index/parent_prefix_path/wall_follow
[7.742s] -- Up-to-date: /sim_ws/install/wall_follow/share/wall_follow/environment/ament_prefix_path.sh
[7.743s] -- Installing: /sim_ws/install/wall_follow/share/wall_follow/environment/ament_prefix_path.dsv
[7.745s] -- Up-to-date: /sim_ws/install/wall_follow/share/wall_follow/environment/path.sh
[7.746s] -- Installing: /sim_ws/install/wall_follow/share/wall_follow/environment/path.dsv
[7.746s] -- Up-to-date: /sim_ws/install/wall_follow/share/wall_follow/local_setup.bash
[7.746s] -- Up-to-date: /sim_ws/install/wall_follow/share/wall_follow/local_setup.sh
[7.747s] -- Up-to-date: /sim_ws/install/wall_follow/share/wall_follow/local_setup.zsh
[7.747s] -- Installing: /sim_ws/install/wall_follow/share/wall_follow/local_setup.dsv
[7.749s] -- Installing: /sim_ws/install/wall_follow/share/wall_follow/package.dsv
[7.751s] -- Up-to-date: /sim_ws/install/wall_follow/share/ament_index/resource_index/packages/wall_follow
[7.752s] -- Up-to-date: /sim_ws/install/wall_follow/share/wall_follow/cmake/wall_followConfig.cmake
[7.753s] -- Up-to-date: /sim_ws/install/wall_follow/share/wall_follow/cmake/wall_followConfig-version.cmake
[7.753s] -- Installing: /sim_ws/install/wall_follow/share/wall_follow/package.xml
[7.771s] Invoked command in '/sim_ws/build/wall_follow' returned '0': CMAKE_PREFIX_PATH=${CMAKE_PREFIX_PATH}:/sim_ws/install/f1tenth_gym_ros:/opt/ros/foxy /usr/bin/cmake --install /sim_ws/build/wall_follow
