[1.010s] DEBUG:colcon:Command line arguments: ['/usr/bin/colcon', 'build']
[1.010s] DEBUG:colcon:Parsed command line arguments: Namespace(ament_cmake_args=None, base_paths=['.'], build_base='build', catkin_cmake_args=None, catkin_skip_building_tests=False, cmake_args=None, cmake_clean_cache=False, cmake_clean_first=False, cmake_force_configure=False, cmake_target=None, cmake_target_skip_unavailable=False, continue_on_error=False, event_handlers=None, executor='parallel', ignore_user_meta=False, install_base='install', log_base=None, log_level=None, main=<bound method BuildVerb.main of <colcon_core.verb.build.BuildVerb object at 0x7f1ed4f8a880>>, merge_install=False, metas=['./colcon.meta'], mixin=None, mixin_files=None, mixin_verb=('build',), packages_above=None, packages_above_and_dependencies=None, packages_above_depth=None, packages_end=None, packages_ignore=None, packages_ignore_regex=None, packages_select=None, packages_select_build_failed=False, packages_select_by_dep=None, packages_select_regex=None, packages_select_test_failures=False, packages_skip=None, packages_skip_build_finished=False, packages_skip_by_dep=None, packages_skip_regex=None, packages_skip_test_passed=False, packages_skip_up_to=None, packages_start=None, packages_up_to=None, packages_up_to_regex=None, parallel_workers=4, paths=None, symlink_install=False, test_result_base=None, verb_extension=<colcon_core.verb.build.BuildVerb object at 0x7f1ed4f8a880>, verb_name='build', verb_parser=<colcon_mixin.mixin.mixin_argument.MixinArgumentDecorator object at 0x7f1ed4f8ae50>)
[1.100s] Level 1:colcon.colcon_core.package_discovery:discover_packages(colcon_meta) check parameters
[1.104s] INFO:colcon.colcon_metadata.package_discovery.colcon_meta:Using configuration from '/root/.colcon/metadata/default/Gazebo.meta'
[1.106s] INFO:colcon.colcon_metadata.package_discovery.colcon_meta:Using configuration from '/root/.colcon/metadata/default/fastrtps.meta'
[1.107s] Level 1:colcon.colcon_core.package_discovery:discover_packages(recursive) check parameters
[1.107s] Level 1:colcon.colcon_core.package_discovery:discover_packages(ignore) check parameters
[1.108s] Level 1:colcon.colcon_core.package_discovery:discover_packages(path) check parameters
[1.108s] Level 1:colcon.colcon_core.package_discovery:discover_packages(colcon_meta) discover
[1.118s] Level 1:colcon.colcon_core.package_discovery:discover_packages(recursive) discover
[1.119s] INFO:colcon.colcon_core.package_discovery:Crawling recursively for packages in '/sim_ws'
[1.120s] Level 1:colcon.colcon_core.package_identification:_identify(.) by extensions ['ignore', 'ignore_ament_install']
[1.120s] Level 1:colcon.colcon_core.package_identification:_identify(.) by extension 'ignore'
[1.121s] Level 1:colcon.colcon_core.package_identification:_identify(.) by extension 'ignore_ament_install'
[1.121s] Level 1:colcon.colcon_core.package_identification:_identify(.) by extensions ['colcon_pkg']
[1.122s] Level 1:colcon.colcon_core.package_identification:_identify(.) by extension 'colcon_pkg'
[1.122s] Level 1:colcon.colcon_core.package_identification:_identify(.) by extensions ['colcon_meta']
[1.123s] Level 1:colcon.colcon_core.package_identification:_identify(.) by extension 'colcon_meta'
[1.124s] Level 1:colcon.colcon_core.package_identification:_identify(.) by extensions ['ros']
[1.125s] Level 1:colcon.colcon_core.package_identification:_identify(.) by extension 'ros'
[1.180s] Level 1:colcon.colcon_core.package_identification:_identify(.) by extensions ['cmake', 'python']
[1.180s] Level 1:colcon.colcon_core.package_identification:_identify(.) by extension 'cmake'
[1.187s] Level 1:colcon.colcon_core.package_identification:_identify(.) by extension 'python'
[1.188s] Level 1:colcon.colcon_core.package_identification:_identify(.) by extensions ['python_setup_py']
[1.189s] Level 1:colcon.colcon_core.package_identification:_identify(.) by extension 'python_setup_py'
[1.194s] Level 1:colcon.colcon_core.package_identification:_identify(build) by extensions ['ignore', 'ignore_ament_install']
[1.198s] Level 1:colcon.colcon_core.package_identification:_identify(build) by extension 'ignore'
[1.199s] Level 1:colcon.colcon_core.package_identification:_identify(build) ignored
[1.200s] Level 1:colcon.colcon_core.package_identification:_identify(install) by extensions ['ignore', 'ignore_ament_install']
[1.200s] Level 1:colcon.colcon_core.package_identification:_identify(install) by extension 'ignore'
[1.201s] Level 1:colcon.colcon_core.package_identification:_identify(install) ignored
[1.202s] Level 1:colcon.colcon_core.package_identification:_identify(log) by extensions ['ignore', 'ignore_ament_install']
[1.203s] Level 1:colcon.colcon_core.package_identification:_identify(log) by extension 'ignore'
[1.203s] Level 1:colcon.colcon_core.package_identification:_identify(log) ignored
[1.204s] Level 1:colcon.colcon_core.package_identification:_identify(src) by extensions ['ignore', 'ignore_ament_install']
[1.204s] Level 1:colcon.colcon_core.package_identification:_identify(src) by extension 'ignore'
[1.205s] Level 1:colcon.colcon_core.package_identification:_identify(src) by extension 'ignore_ament_install'
[1.205s] Level 1:colcon.colcon_core.package_identification:_identify(src) by extensions ['colcon_pkg']
[1.205s] Level 1:colcon.colcon_core.package_identification:_identify(src) by extension 'colcon_pkg'
[1.206s] Level 1:colcon.colcon_core.package_identification:_identify(src) by extensions ['colcon_meta']
[1.206s] Level 1:colcon.colcon_core.package_identification:_identify(src) by extension 'colcon_meta'
[1.207s] Level 1:colcon.colcon_core.package_identification:_identify(src) by extensions ['ros']
[1.207s] Level 1:colcon.colcon_core.package_identification:_identify(src) by extension 'ros'
[1.208s] Level 1:colcon.colcon_core.package_identification:_identify(src) by extensions ['cmake', 'python']
[1.208s] Level 1:colcon.colcon_core.package_identification:_identify(src) by extension 'cmake'
[1.208s] Level 1:colcon.colcon_core.package_identification:_identify(src) by extension 'python'
[1.209s] Level 1:colcon.colcon_core.package_identification:_identify(src) by extensions ['python_setup_py']
[1.209s] Level 1:colcon.colcon_core.package_identification:_identify(src) by extension 'python_setup_py'
[1.213s] Level 1:colcon.colcon_core.package_identification:_identify(src/f1tenth_gym_ros) by extensions ['ignore', 'ignore_ament_install']
[1.214s] Level 1:colcon.colcon_core.package_identification:_identify(src/f1tenth_gym_ros) by extension 'ignore'
[1.215s] Level 1:colcon.colcon_core.package_identification:_identify(src/f1tenth_gym_ros) by extension 'ignore_ament_install'
[1.216s] Level 1:colcon.colcon_core.package_identification:_identify(src/f1tenth_gym_ros) by extensions ['colcon_pkg']
[1.216s] Level 1:colcon.colcon_core.package_identification:_identify(src/f1tenth_gym_ros) by extension 'colcon_pkg'
[1.217s] Level 1:colcon.colcon_core.package_identification:_identify(src/f1tenth_gym_ros) by extensions ['colcon_meta']
[1.218s] Level 1:colcon.colcon_core.package_identification:_identify(src/f1tenth_gym_ros) by extension 'colcon_meta'
[1.218s] Level 1:colcon.colcon_core.package_identification:_identify(src/f1tenth_gym_ros) by extensions ['ros']
[1.219s] Level 1:colcon.colcon_core.package_identification:_identify(src/f1tenth_gym_ros) by extension 'ros'
[1.277s] DEBUG:colcon.colcon_core.package_identification:Package 'src/f1tenth_gym_ros' with type 'ros.ament_python' and name 'f1tenth_gym_ros'
[1.277s] Level 1:colcon.colcon_core.package_identification:_identify(src/safety_node) by extensions ['ignore', 'ignore_ament_install']
[1.277s] Level 1:colcon.colcon_core.package_identification:_identify(src/safety_node) by extension 'ignore'
[1.277s] Level 1:colcon.colcon_core.package_identification:_identify(src/safety_node) by extension 'ignore_ament_install'
[1.278s] Level 1:colcon.colcon_core.package_identification:_identify(src/safety_node) by extensions ['colcon_pkg']
[1.278s] Level 1:colcon.colcon_core.package_identification:_identify(src/safety_node) by extension 'colcon_pkg'
[1.278s] Level 1:colcon.colcon_core.package_identification:_identify(src/safety_node) by extensions ['colcon_meta']
[1.278s] Level 1:colcon.colcon_core.package_identification:_identify(src/safety_node) by extension 'colcon_meta'
[1.278s] Level 1:colcon.colcon_core.package_identification:_identify(src/safety_node) by extensions ['ros']
[1.278s] Level 1:colcon.colcon_core.package_identification:_identify(src/safety_node) by extension 'ros'
[1.281s] DEBUG:colcon.colcon_core.package_identification:Package 'src/safety_node' with type 'ros.ament_cmake' and name 'safety_node'
[1.281s] Level 1:colcon.colcon_core.package_identification:_identify(src/wall_follow) by extensions ['ignore', 'ignore_ament_install']
[1.282s] Level 1:colcon.colcon_core.package_identification:_identify(src/wall_follow) by extension 'ignore'
[1.282s] Level 1:colcon.colcon_core.package_identification:_identify(src/wall_follow) by extension 'ignore_ament_install'
[1.282s] Level 1:colcon.colcon_core.package_identification:_identify(src/wall_follow) by extensions ['colcon_pkg']
[1.282s] Level 1:colcon.colcon_core.package_identification:_identify(src/wall_follow) by extension 'colcon_pkg'
[1.282s] Level 1:colcon.colcon_core.package_identification:_identify(src/wall_follow) by extensions ['colcon_meta']
[1.283s] Level 1:colcon.colcon_core.package_identification:_identify(src/wall_follow) by extension 'colcon_meta'
[1.283s] Level 1:colcon.colcon_core.package_identification:_identify(src/wall_follow) by extensions ['ros']
[1.283s] Level 1:colcon.colcon_core.package_identification:_identify(src/wall_follow) by extension 'ros'
[1.287s] DEBUG:colcon.colcon_core.package_identification:Package 'src/wall_follow' with type 'ros.ament_cmake' and name 'wall_follow'
[1.287s] Level 1:colcon.colcon_core.package_discovery:discover_packages(recursive) using defaults
[1.287s] Level 1:colcon.colcon_core.package_discovery:discover_packages(ignore) discover
[1.288s] Level 1:colcon.colcon_core.package_discovery:discover_packages(ignore) using defaults
[1.288s] Level 1:colcon.colcon_core.package_discovery:discover_packages(path) discover
[1.288s] Level 1:colcon.colcon_core.package_discovery:discover_packages(path) using defaults
[1.394s] Level 5:colcon.colcon_core.verb:set package 'f1tenth_gym_ros' build argument 'cmake_args' from command line to 'None'
[1.397s] Level 5:colcon.colcon_core.verb:set package 'f1tenth_gym_ros' build argument 'cmake_target' from command line to 'None'
[1.397s] Level 5:colcon.colcon_core.verb:set package 'f1tenth_gym_ros' build argument 'cmake_target_skip_unavailable' from command line to 'False'
[1.397s] Level 5:colcon.colcon_core.verb:set package 'f1tenth_gym_ros' build argument 'cmake_clean_cache' from command line to 'False'
[1.397s] Level 5:colcon.colcon_core.verb:set package 'f1tenth_gym_ros' build argument 'cmake_clean_first' from command line to 'False'
[1.397s] Level 5:colcon.colcon_core.verb:set package 'f1tenth_gym_ros' build argument 'cmake_force_configure' from command line to 'False'
[1.398s] Level 5:colcon.colcon_core.verb:set package 'f1tenth_gym_ros' build argument 'ament_cmake_args' from command line to 'None'
[1.398s] Level 5:colcon.colcon_core.verb:set package 'f1tenth_gym_ros' build argument 'catkin_cmake_args' from command line to 'None'
[1.398s] Level 5:colcon.colcon_core.verb:set package 'f1tenth_gym_ros' build argument 'catkin_skip_building_tests' from command line to 'False'
[1.398s] DEBUG:colcon.colcon_core.verb:Building package 'f1tenth_gym_ros' with the following arguments: {'ament_cmake_args': None, 'build_base': '/sim_ws/build/f1tenth_gym_ros', 'catkin_cmake_args': None, 'catkin_skip_building_tests': False, 'cmake_args': None, 'cmake_clean_cache': False, 'cmake_clean_first': False, 'cmake_force_configure': False, 'cmake_target': None, 'cmake_target_skip_unavailable': False, 'install_base': '/sim_ws/install/f1tenth_gym_ros', 'merge_install': False, 'path': '/sim_ws/src/f1tenth_gym_ros', 'symlink_install': False, 'test_result_base': None}
[1.402s] Level 5:colcon.colcon_core.verb:set package 'safety_node' build argument 'cmake_args' from command line to 'None'
[1.403s] Level 5:colcon.colcon_core.verb:set package 'safety_node' build argument 'cmake_target' from command line to 'None'
[1.403s] Level 5:colcon.colcon_core.verb:set package 'safety_node' build argument 'cmake_target_skip_unavailable' from command line to 'False'
[1.403s] Level 5:colcon.colcon_core.verb:set package 'safety_node' build argument 'cmake_clean_cache' from command line to 'False'
[1.403s] Level 5:colcon.colcon_core.verb:set package 'safety_node' build argument 'cmake_clean_first' from command line to 'False'
[1.403s] Level 5:colcon.colcon_core.verb:set package 'safety_node' build argument 'cmake_force_configure' from command line to 'False'
[1.403s] Level 5:colcon.colcon_core.verb:set package 'safety_node' build argument 'ament_cmake_args' from command line to 'None'
[1.403s] Level 5:colcon.colcon_core.verb:set package 'safety_node' build argument 'catkin_cmake_args' from command line to 'None'
[1.403s] Level 5:colcon.colcon_core.verb:set package 'safety_node' build argument 'catkin_skip_building_tests' from command line to 'False'
[1.403s] DEBUG:colcon.colcon_core.verb:Building package 'safety_node' with the following arguments: {'ament_cmake_args': None, 'build_base': '/sim_ws/build/safety_node', 'catkin_cmake_args': None, 'catkin_skip_building_tests': False, 'cmake_args': None, 'cmake_clean_cache': False, 'cmake_clean_first': False, 'cmake_force_configure': False, 'cmake_target': None, 'cmake_target_skip_unavailable': False, 'install_base': '/sim_ws/install/safety_node', 'merge_install': False, 'path': '/sim_ws/src/safety_node', 'symlink_install': False, 'test_result_base': None}
[1.407s] Level 5:colcon.colcon_core.verb:set package 'wall_follow' build argument 'cmake_args' from command line to 'None'
[1.407s] Level 5:colcon.colcon_core.verb:set package 'wall_follow' build argument 'cmake_target' from command line to 'None'
[1.407s] Level 5:colcon.colcon_core.verb:set package 'wall_follow' build argument 'cmake_target_skip_unavailable' from command line to 'False'
[1.407s] Level 5:colcon.colcon_core.verb:set package 'wall_follow' build argument 'cmake_clean_cache' from command line to 'False'
[1.407s] Level 5:colcon.colcon_core.verb:set package 'wall_follow' build argument 'cmake_clean_first' from command line to 'False'
[1.408s] Level 5:colcon.colcon_core.verb:set package 'wall_follow' build argument 'cmake_force_configure' from command line to 'False'
[1.408s] Level 5:colcon.colcon_core.verb:set package 'wall_follow' build argument 'ament_cmake_args' from command line to 'None'
[1.408s] Level 5:colcon.colcon_core.verb:set package 'wall_follow' build argument 'catkin_cmake_args' from command line to 'None'
[1.408s] Level 5:colcon.colcon_core.verb:set package 'wall_follow' build argument 'catkin_skip_building_tests' from command line to 'False'
[1.408s] DEBUG:colcon.colcon_core.verb:Building package 'wall_follow' with the following arguments: {'ament_cmake_args': None, 'build_base': '/sim_ws/build/wall_follow', 'catkin_cmake_args': None, 'catkin_skip_building_tests': False, 'cmake_args': None, 'cmake_clean_cache': False, 'cmake_clean_first': False, 'cmake_force_configure': False, 'cmake_target': None, 'cmake_target_skip_unavailable': False, 'install_base': '/sim_ws/install/wall_follow', 'merge_install': False, 'path': '/sim_ws/src/wall_follow', 'symlink_install': False, 'test_result_base': None}
[1.411s] INFO:colcon.colcon_core.executor:Executing jobs using 'parallel' executor
[1.424s] DEBUG:colcon.colcon_parallel_executor.executor.parallel:run_until_complete
[1.425s] INFO:colcon.colcon_ros.task.ament_python.build:Building ROS package in '/sim_ws/src/f1tenth_gym_ros' with build type 'ament_python'
[1.425s] Level 1:colcon.colcon_core.shell:create_environment_hook('f1tenth_gym_ros', 'ament_prefix_path')
[1.441s] INFO:colcon.colcon_core.plugin_system:Skipping extension 'colcon_core.shell.bat': Not used on non-Windows systems
[1.443s] INFO:colcon.colcon_core.shell:Creating environment hook '/sim_ws/install/f1tenth_gym_ros/share/f1tenth_gym_ros/hook/ament_prefix_path.ps1'
[1.446s] INFO:colcon.colcon_core.shell:Creating environment descriptor '/sim_ws/install/f1tenth_gym_ros/share/f1tenth_gym_ros/hook/ament_prefix_path.dsv'
[1.448s] INFO:colcon.colcon_core.shell:Creating environment hook '/sim_ws/install/f1tenth_gym_ros/share/f1tenth_gym_ros/hook/ament_prefix_path.sh'
[1.453s] INFO:colcon.colcon_core.shell:Skip shell extension 'powershell' for command environment: Not usable outside of PowerShell
[1.454s] DEBUG:colcon.colcon_core.shell:Skip shell extension 'dsv' for command environment
[1.481s] INFO:colcon.colcon_ros.task.ament_cmake.build:Building ROS package in '/sim_ws/src/safety_node' with build type 'ament_cmake'
[1.482s] INFO:colcon.colcon_cmake.task.cmake.build:Building CMake package in '/sim_ws/src/safety_node'
[1.487s] INFO:colcon.colcon_core.shell:Skip shell extension 'powershell' for command environment: Not usable outside of PowerShell
[1.488s] DEBUG:colcon.colcon_core.shell:Skip shell extension 'dsv' for command environment
[1.530s] INFO:colcon.colcon_ros.task.ament_cmake.build:Building ROS package in '/sim_ws/src/wall_follow' with build type 'ament_cmake'
[1.532s] INFO:colcon.colcon_cmake.task.cmake.build:Building CMake package in '/sim_ws/src/wall_follow'
[1.538s] INFO:colcon.colcon_core.shell:Skip shell extension 'powershell' for command environment: Not usable outside of PowerShell
[1.539s] DEBUG:colcon.colcon_core.shell:Skip shell extension 'dsv' for command environment
[2.448s] INFO:colcon.colcon_core.task.python.build:Building Python package in '/sim_ws/src/f1tenth_gym_ros'
[2.453s] INFO:colcon.colcon_core.shell:Skip shell extension 'powershell' for command environment: Not usable outside of PowerShell
[2.457s] DEBUG:colcon.colcon_core.shell:Skip shell extension 'dsv' for command environment
[2.502s] DEBUG:colcon.colcon_core.event_handler.log_command:Invoking command in '/sim_ws/build/safety_node': CMAKE_PREFIX_PATH=${CMAKE_PREFIX_PATH}:/sim_ws/install/f1tenth_gym_ros:/opt/ros/foxy /usr/bin/cmake --build /sim_ws/build/safety_node -- -j4 -l4
[2.538s] DEBUG:colcon.colcon_core.event_handler.log_command:Invoking command in '/sim_ws/build/wall_follow': CMAKE_PREFIX_PATH=${CMAKE_PREFIX_PATH}:/sim_ws/install/f1tenth_gym_ros:/opt/ros/foxy /usr/bin/cmake --build /sim_ws/build/wall_follow -- -j4 -l4
[2.890s] DEBUG:colcon.colcon_core.event_handler.log_command:Invoked command in '/sim_ws/build/safety_node' returned '0': CMAKE_PREFIX_PATH=${CMAKE_PREFIX_PATH}:/sim_ws/install/f1tenth_gym_ros:/opt/ros/foxy /usr/bin/cmake --build /sim_ws/build/safety_node -- -j4 -l4
[3.129s] DEBUG:colcon.colcon_core.event_handler.log_command:Invoking command in '/sim_ws/build/safety_node': CMAKE_PREFIX_PATH=${CMAKE_PREFIX_PATH}:/sim_ws/install/f1tenth_gym_ros:/opt/ros/foxy /usr/bin/cmake --install /sim_ws/build/safety_node
[3.209s] Level 1:colcon.colcon_core.environment:create_environment_scripts_only(safety_node)
[3.217s] DEBUG:colcon.colcon_core.event_handler.log_command:Invoked command in '/sim_ws/build/safety_node' returned '0': CMAKE_PREFIX_PATH=${CMAKE_PREFIX_PATH}:/sim_ws/install/f1tenth_gym_ros:/opt/ros/foxy /usr/bin/cmake --install /sim_ws/build/safety_node
[3.227s] Level 1:colcon.colcon_core.environment:checking '/sim_ws/install/safety_node' for CMake module files
[3.230s] Level 1:colcon.colcon_core.environment:checking '/sim_ws/install/safety_node' for CMake config files
[3.230s] Level 1:colcon.colcon_core.shell:create_environment_hook('safety_node', 'cmake_prefix_path')
[3.236s] INFO:colcon.colcon_core.shell:Creating environment hook '/sim_ws/install/safety_node/share/safety_node/hook/cmake_prefix_path.ps1'
[3.237s] INFO:colcon.colcon_core.shell:Creating environment descriptor '/sim_ws/install/safety_node/share/safety_node/hook/cmake_prefix_path.dsv'
[3.239s] INFO:colcon.colcon_core.shell:Creating environment hook '/sim_ws/install/safety_node/share/safety_node/hook/cmake_prefix_path.sh'
[3.241s] Level 1:colcon.colcon_core.environment:checking '/sim_ws/install/safety_node/lib'
[3.241s] Level 1:colcon.colcon_core.environment:checking '/sim_ws/install/safety_node/bin'
[3.242s] Level 1:colcon.colcon_core.environment:checking '/sim_ws/install/safety_node/lib/pkgconfig/safety_node.pc'
[3.243s] Level 1:colcon.colcon_core.environment:checking '/sim_ws/install/safety_node/lib/python3.8/site-packages'
[3.243s] Level 1:colcon.colcon_core.shell:create_environment_hook('safety_node', 'pythonpath')
[3.247s] INFO:colcon.colcon_core.shell:Creating environment hook '/sim_ws/install/safety_node/share/safety_node/hook/pythonpath.ps1'
[3.248s] INFO:colcon.colcon_core.shell:Creating environment descriptor '/sim_ws/install/safety_node/share/safety_node/hook/pythonpath.dsv'
[3.249s] INFO:colcon.colcon_core.shell:Creating environment hook '/sim_ws/install/safety_node/share/safety_node/hook/pythonpath.sh'
[3.252s] Level 1:colcon.colcon_core.environment:checking '/sim_ws/install/safety_node/bin'
[3.257s] INFO:colcon.colcon_core.shell:Creating package script '/sim_ws/install/safety_node/share/safety_node/package.ps1'
[3.260s] INFO:colcon.colcon_core.shell:Creating package descriptor '/sim_ws/install/safety_node/share/safety_node/package.dsv'
[3.262s] INFO:colcon.colcon_core.shell:Creating package script '/sim_ws/install/safety_node/share/safety_node/package.sh'
[3.264s] INFO:colcon.colcon_core.shell:Creating package script '/sim_ws/install/safety_node/share/safety_node/package.bash'
[3.266s] INFO:colcon.colcon_core.shell:Creating package script '/sim_ws/install/safety_node/share/safety_node/package.zsh'
[3.267s] Level 1:colcon.colcon_core.environment:create_file_with_runtime_dependencies(/sim_ws/install/safety_node/share/colcon-core/packages/safety_node)
[3.667s] Level 1:colcon.colcon_core.environment:create_environment_scripts_only(safety_node)
[3.682s] Level 1:colcon.colcon_core.environment:checking '/sim_ws/install/safety_node' for CMake module files
[3.685s] Level 1:colcon.colcon_core.environment:checking '/sim_ws/install/safety_node' for CMake config files
[3.686s] Level 1:colcon.colcon_core.shell:create_environment_hook('safety_node', 'cmake_prefix_path')
[3.708s] INFO:colcon.colcon_core.shell:Creating environment hook '/sim_ws/install/safety_node/share/safety_node/hook/cmake_prefix_path.ps1'
[3.710s] INFO:colcon.colcon_core.shell:Creating environment descriptor '/sim_ws/install/safety_node/share/safety_node/hook/cmake_prefix_path.dsv'
[3.713s] INFO:colcon.colcon_core.shell:Creating environment hook '/sim_ws/install/safety_node/share/safety_node/hook/cmake_prefix_path.sh'
[3.716s] Level 1:colcon.colcon_core.environment:checking '/sim_ws/install/safety_node/lib'
[3.716s] Level 1:colcon.colcon_core.environment:checking '/sim_ws/install/safety_node/bin'
[3.717s] Level 1:colcon.colcon_core.environment:checking '/sim_ws/install/safety_node/lib/pkgconfig/safety_node.pc'
[3.718s] Level 1:colcon.colcon_core.environment:checking '/sim_ws/install/safety_node/lib/python3.8/site-packages'
[3.718s] Level 1:colcon.colcon_core.shell:create_environment_hook('safety_node', 'pythonpath')
[3.720s] INFO:colcon.colcon_core.shell:Creating environment hook '/sim_ws/install/safety_node/share/safety_node/hook/pythonpath.ps1'
[3.725s] INFO:colcon.colcon_core.shell:Creating environment descriptor '/sim_ws/install/safety_node/share/safety_node/hook/pythonpath.dsv'
[3.727s] INFO:colcon.colcon_core.shell:Creating environment hook '/sim_ws/install/safety_node/share/safety_node/hook/pythonpath.sh'
[3.732s] Level 1:colcon.colcon_core.environment:checking '/sim_ws/install/safety_node/bin'
[3.746s] INFO:colcon.colcon_core.shell:Creating package script '/sim_ws/install/safety_node/share/safety_node/package.ps1'
[3.757s] INFO:colcon.colcon_core.shell:Creating package descriptor '/sim_ws/install/safety_node/share/safety_node/package.dsv'
[3.763s] INFO:colcon.colcon_core.shell:Creating package script '/sim_ws/install/safety_node/share/safety_node/package.sh'
[3.765s] INFO:colcon.colcon_core.shell:Creating package script '/sim_ws/install/safety_node/share/safety_node/package.bash'
[3.771s] INFO:colcon.colcon_core.shell:Creating package script '/sim_ws/install/safety_node/share/safety_node/package.zsh'
[3.776s] Level 1:colcon.colcon_core.environment:create_file_with_runtime_dependencies(/sim_ws/install/safety_node/share/colcon-core/packages/safety_node)
[4.640s] DEBUG:colcon.colcon_core.event_handler.log_command:Invoking command in '/sim_ws/src/f1tenth_gym_ros': PYTHONPATH=/sim_ws/build/f1tenth_gym_ros/prefix_override:/sim_ws/install/f1tenth_gym_ros/lib/python3.8/site-packages:${PYTHONPATH} /usr/bin/python3 setup.py egg_info --egg-base ../../build/f1tenth_gym_ros build --build-base /sim_ws/build/f1tenth_gym_ros/build install --record /sim_ws/build/f1tenth_gym_ros/install.log --install-scripts $base/lib/f1tenth_gym_ros --single-version-externally-managed
[5.720s] Level 1:colcon.colcon_core.environment:checking '/sim_ws/install/f1tenth_gym_ros' for CMake module files
[5.721s] DEBUG:colcon.colcon_core.event_handler.log_command:Invoked command in '/sim_ws/src/f1tenth_gym_ros' returned '0': PYTHONPATH=/sim_ws/build/f1tenth_gym_ros/prefix_override:/sim_ws/install/f1tenth_gym_ros/lib/python3.8/site-packages:${PYTHONPATH} /usr/bin/python3 setup.py egg_info --egg-base ../../build/f1tenth_gym_ros build --build-base /sim_ws/build/f1tenth_gym_ros/build install --record /sim_ws/build/f1tenth_gym_ros/install.log --install-scripts $base/lib/f1tenth_gym_ros --single-version-externally-managed
[5.726s] Level 1:colcon.colcon_core.environment:checking '/sim_ws/install/f1tenth_gym_ros' for CMake config files
[5.727s] Level 1:colcon.colcon_core.environment:checking '/sim_ws/install/f1tenth_gym_ros/lib'
[5.728s] Level 1:colcon.colcon_core.environment:checking '/sim_ws/install/f1tenth_gym_ros/bin'
[5.728s] Level 1:colcon.colcon_core.environment:checking '/sim_ws/install/f1tenth_gym_ros/lib/pkgconfig/f1tenth_gym_ros.pc'
[5.729s] Level 1:colcon.colcon_core.environment:checking '/sim_ws/install/f1tenth_gym_ros/lib/python3.8/site-packages'
[5.729s] Level 1:colcon.colcon_core.shell:create_environment_hook('f1tenth_gym_ros', 'pythonpath')
[5.732s] INFO:colcon.colcon_core.shell:Creating environment hook '/sim_ws/install/f1tenth_gym_ros/share/f1tenth_gym_ros/hook/pythonpath.ps1'
[5.735s] INFO:colcon.colcon_core.shell:Creating environment descriptor '/sim_ws/install/f1tenth_gym_ros/share/f1tenth_gym_ros/hook/pythonpath.dsv'
[5.738s] INFO:colcon.colcon_core.shell:Creating environment hook '/sim_ws/install/f1tenth_gym_ros/share/f1tenth_gym_ros/hook/pythonpath.sh'
[5.740s] Level 1:colcon.colcon_core.environment:checking '/sim_ws/install/f1tenth_gym_ros/bin'
[5.741s] Level 1:colcon.colcon_core.environment:create_environment_scripts_only(f1tenth_gym_ros)
[5.746s] INFO:colcon.colcon_core.shell:Creating package script '/sim_ws/install/f1tenth_gym_ros/share/f1tenth_gym_ros/package.ps1'
[5.748s] INFO:colcon.colcon_core.shell:Creating package descriptor '/sim_ws/install/f1tenth_gym_ros/share/f1tenth_gym_ros/package.dsv'
[5.750s] INFO:colcon.colcon_core.shell:Creating package script '/sim_ws/install/f1tenth_gym_ros/share/f1tenth_gym_ros/package.sh'
[5.753s] INFO:colcon.colcon_core.shell:Creating package script '/sim_ws/install/f1tenth_gym_ros/share/f1tenth_gym_ros/package.bash'
[5.755s] INFO:colcon.colcon_core.shell:Creating package script '/sim_ws/install/f1tenth_gym_ros/share/f1tenth_gym_ros/package.zsh'
[5.757s] Level 1:colcon.colcon_core.environment:create_file_with_runtime_dependencies(/sim_ws/install/f1tenth_gym_ros/share/colcon-core/packages/f1tenth_gym_ros)
[20.855s] DEBUG:colcon.colcon_core.event_handler.log_command:Invoked command in '/sim_ws/build/wall_follow' returned '0': CMAKE_PREFIX_PATH=${CMAKE_PREFIX_PATH}:/sim_ws/install/f1tenth_gym_ros:/opt/ros/foxy /usr/bin/cmake --build /sim_ws/build/wall_follow -- -j4 -l4
[20.916s] DEBUG:colcon.colcon_core.event_handler.log_command:Invoking command in '/sim_ws/build/wall_follow': CMAKE_PREFIX_PATH=${CMAKE_PREFIX_PATH}:/sim_ws/install/f1tenth_gym_ros:/opt/ros/foxy /usr/bin/cmake --install /sim_ws/build/wall_follow
[20.965s] Level 1:colcon.colcon_core.environment:create_environment_scripts_only(wall_follow)
[20.966s] DEBUG:colcon.colcon_core.event_handler.log_command:Invoked command in '/sim_ws/build/wall_follow' returned '0': CMAKE_PREFIX_PATH=${CMAKE_PREFIX_PATH}:/sim_ws/install/f1tenth_gym_ros:/opt/ros/foxy /usr/bin/cmake --install /sim_ws/build/wall_follow
[20.972s] Level 1:colcon.colcon_core.environment:checking '/sim_ws/install/wall_follow' for CMake module files
[20.975s] Level 1:colcon.colcon_core.environment:checking '/sim_ws/install/wall_follow' for CMake config files
[20.977s] Level 1:colcon.colcon_core.shell:create_environment_hook('wall_follow', 'cmake_prefix_path')
[20.980s] INFO:colcon.colcon_core.shell:Creating environment hook '/sim_ws/install/wall_follow/share/wall_follow/hook/cmake_prefix_path.ps1'
[20.981s] INFO:colcon.colcon_core.shell:Creating environment descriptor '/sim_ws/install/wall_follow/share/wall_follow/hook/cmake_prefix_path.dsv'
[20.982s] INFO:colcon.colcon_core.shell:Creating environment hook '/sim_ws/install/wall_follow/share/wall_follow/hook/cmake_prefix_path.sh'
[20.990s] Level 1:colcon.colcon_core.environment:checking '/sim_ws/install/wall_follow/lib'
[20.991s] Level 1:colcon.colcon_core.environment:checking '/sim_ws/install/wall_follow/bin'
[20.991s] Level 1:colcon.colcon_core.environment:checking '/sim_ws/install/wall_follow/lib/pkgconfig/wall_follow.pc'
[20.992s] Level 1:colcon.colcon_core.environment:checking '/sim_ws/install/wall_follow/lib/python3.8/site-packages'
[20.992s] Level 1:colcon.colcon_core.shell:create_environment_hook('wall_follow', 'pythonpath')
[20.996s] INFO:colcon.colcon_core.shell:Creating environment hook '/sim_ws/install/wall_follow/share/wall_follow/hook/pythonpath.ps1'
[20.998s] INFO:colcon.colcon_core.shell:Creating environment descriptor '/sim_ws/install/wall_follow/share/wall_follow/hook/pythonpath.dsv'
[20.999s] INFO:colcon.colcon_core.shell:Creating environment hook '/sim_ws/install/wall_follow/share/wall_follow/hook/pythonpath.sh'
[21.000s] Level 1:colcon.colcon_core.environment:checking '/sim_ws/install/wall_follow/bin'
[21.004s] INFO:colcon.colcon_core.shell:Creating package script '/sim_ws/install/wall_follow/share/wall_follow/package.ps1'
[21.005s] INFO:colcon.colcon_core.shell:Creating package descriptor '/sim_ws/install/wall_follow/share/wall_follow/package.dsv'
[21.006s] INFO:colcon.colcon_core.shell:Creating package script '/sim_ws/install/wall_follow/share/wall_follow/package.sh'
[21.007s] INFO:colcon.colcon_core.shell:Creating package script '/sim_ws/install/wall_follow/share/wall_follow/package.bash'
[21.008s] INFO:colcon.colcon_core.shell:Creating package script '/sim_ws/install/wall_follow/share/wall_follow/package.zsh'
[21.010s] Level 1:colcon.colcon_core.environment:create_file_with_runtime_dependencies(/sim_ws/install/wall_follow/share/colcon-core/packages/wall_follow)
[21.141s] Level 1:colcon.colcon_core.environment:create_environment_scripts_only(wall_follow)
[21.146s] Level 1:colcon.colcon_core.environment:checking '/sim_ws/install/wall_follow' for CMake module files
[21.148s] Level 1:colcon.colcon_core.environment:checking '/sim_ws/install/wall_follow' for CMake config files
[21.152s] Level 1:colcon.colcon_core.shell:create_environment_hook('wall_follow', 'cmake_prefix_path')
[21.157s] INFO:colcon.colcon_core.shell:Creating environment hook '/sim_ws/install/wall_follow/share/wall_follow/hook/cmake_prefix_path.ps1'
[21.159s] INFO:colcon.colcon_core.shell:Creating environment descriptor '/sim_ws/install/wall_follow/share/wall_follow/hook/cmake_prefix_path.dsv'
[21.160s] INFO:colcon.colcon_core.shell:Creating environment hook '/sim_ws/install/wall_follow/share/wall_follow/hook/cmake_prefix_path.sh'
[21.163s] Level 1:colcon.colcon_core.environment:checking '/sim_ws/install/wall_follow/lib'
[21.165s] Level 1:colcon.colcon_core.environment:checking '/sim_ws/install/wall_follow/bin'
[21.165s] Level 1:colcon.colcon_core.environment:checking '/sim_ws/install/wall_follow/lib/pkgconfig/wall_follow.pc'
[21.166s] Level 1:colcon.colcon_core.environment:checking '/sim_ws/install/wall_follow/lib/python3.8/site-packages'
[21.166s] Level 1:colcon.colcon_core.shell:create_environment_hook('wall_follow', 'pythonpath')
[21.171s] INFO:colcon.colcon_core.shell:Creating environment hook '/sim_ws/install/wall_follow/share/wall_follow/hook/pythonpath.ps1'
[21.172s] INFO:colcon.colcon_core.shell:Creating environment descriptor '/sim_ws/install/wall_follow/share/wall_follow/hook/pythonpath.dsv'
[21.172s] INFO:colcon.colcon_core.shell:Creating environment hook '/sim_ws/install/wall_follow/share/wall_follow/hook/pythonpath.sh'
[21.174s] Level 1:colcon.colcon_core.environment:checking '/sim_ws/install/wall_follow/bin'
[21.177s] INFO:colcon.colcon_core.shell:Creating package script '/sim_ws/install/wall_follow/share/wall_follow/package.ps1'
[21.191s] INFO:colcon.colcon_core.shell:Creating package descriptor '/sim_ws/install/wall_follow/share/wall_follow/package.dsv'
[21.193s] INFO:colcon.colcon_core.shell:Creating package script '/sim_ws/install/wall_follow/share/wall_follow/package.sh'
[21.195s] INFO:colcon.colcon_core.shell:Creating package script '/sim_ws/install/wall_follow/share/wall_follow/package.bash'
[21.196s] INFO:colcon.colcon_core.shell:Creating package script '/sim_ws/install/wall_follow/share/wall_follow/package.zsh'
[21.198s] Level 1:colcon.colcon_core.environment:create_file_with_runtime_dependencies(/sim_ws/install/wall_follow/share/colcon-core/packages/wall_follow)
[21.205s] DEBUG:colcon.colcon_parallel_executor.executor.parallel:closing loop
[21.206s] DEBUG:colcon.colcon_parallel_executor.executor.parallel:loop closed
[21.206s] DEBUG:colcon.colcon_parallel_executor.executor.parallel:run_until_complete finished with '0'
[21.207s] DEBUG:colcon.colcon_core.event_reactor:joining thread
[21.215s] INFO:colcon.colcon_core.plugin_system:Skipping extension 'colcon_notification.desktop_notification.notify_send': Could not find 'notify-send'
[21.216s] INFO:colcon.colcon_core.plugin_system:Skipping extension 'colcon_notification.desktop_notification.terminal_notifier': Not used on non-Darwin systems
[21.216s] INFO:colcon.colcon_core.plugin_system:Skipping extension 'colcon_notification.desktop_notification.win32': Not used on non-Windows systems
[21.216s] INFO:colcon.colcon_notification.desktop_notification:Sending desktop notification using 'notify2'
[21.231s] DEBUG:colcon.colcon_notification.desktop_notification.notify2:Failed to initialize notify2: org.freedesktop.DBus.Error.Spawn.ExecFailed: /usr/bin/dbus-launch terminated abnormally without any error message
[21.231s] DEBUG:colcon.colcon_core.event_reactor:joined thread
[21.235s] INFO:colcon.colcon_core.shell:Creating prefix script '/sim_ws/install/local_setup.ps1'
[21.238s] INFO:colcon.colcon_core.shell:Creating prefix util module '/sim_ws/install/_local_setup_util_ps1.py'
[21.242s] INFO:colcon.colcon_core.shell:Creating prefix chain script '/sim_ws/install/setup.ps1'
[21.247s] INFO:colcon.colcon_core.shell:Creating prefix script '/sim_ws/install/local_setup.sh'
[21.249s] INFO:colcon.colcon_core.shell:Creating prefix util module '/sim_ws/install/_local_setup_util_sh.py'
[21.250s] INFO:colcon.colcon_core.shell:Creating prefix chain script '/sim_ws/install/setup.sh'
[21.255s] INFO:colcon.colcon_core.shell:Creating prefix script '/sim_ws/install/local_setup.bash'
[21.257s] INFO:colcon.colcon_core.shell:Creating prefix chain script '/sim_ws/install/setup.bash'
[21.265s] INFO:colcon.colcon_core.shell:Creating prefix script '/sim_ws/install/local_setup.zsh'
[21.266s] INFO:colcon.colcon_core.shell:Creating prefix chain script '/sim_ws/install/setup.zsh'
