[1.720s] Invoking command in '/sim_ws/build/safety_node': CMAKE_PREFIX_PATH=${CMAKE_PREFIX_PATH}:/sim_ws/install/f1tenth_gym_ros:/opt/ros/foxy /usr/bin/cmake --build /sim_ws/build/safety_node -- -j4 -l4
[2.504s] [100%] Built target safety_node
[2.612s] Invoked command in '/sim_ws/build/safety_node' returned '0': CMAKE_PREFIX_PATH=${CMAKE_PREFIX_PATH}:/sim_ws/install/f1tenth_gym_ros:/opt/ros/foxy /usr/bin/cmake --build /sim_ws/build/safety_node -- -j4 -l4
[3.337s] Invoking command in '/sim_ws/build/safety_node': CMAKE_PREFIX_PATH=${CMAKE_PREFIX_PATH}:/sim_ws/install/f1tenth_gym_ros:/opt/ros/foxy /usr/bin/cmake --install /sim_ws/build/safety_node
[3.592s] -- Install configuration: ""
[3.596s] -- Up-to-date: /sim_ws/install/safety_node/lib/safety_node/safety_node
[3.597s] -- Up-to-date: /sim_ws/install/safety_node/share/ament_index/resource_index/package_run_dependencies/safety_node
[3.598s] -- Up-to-date: /sim_ws/install/safety_node/share/ament_index/resource_index/parent_prefix_path/safety_node
[3.599s] -- Up-to-date: /sim_ws/install/safety_node/share/safety_node/environment/ament_prefix_path.sh
[3.599s] -- Up-to-date: /sim_ws/install/safety_node/share/safety_node/environment/ament_prefix_path.dsv
[3.599s] -- Up-to-date: /sim_ws/install/safety_node/share/safety_node/environment/path.sh
[3.599s] -- Up-to-date: /sim_ws/install/safety_node/share/safety_node/environment/path.dsv
[3.601s] -- Up-to-date: /sim_ws/install/safety_node/share/safety_node/local_setup.bash
[3.601s] -- Up-to-date: /sim_ws/install/safety_node/share/safety_node/local_setup.sh
[3.602s] -- Up-to-date: /sim_ws/install/safety_node/share/safety_node/local_setup.zsh
[3.602s] -- Up-to-date: /sim_ws/install/safety_node/share/safety_node/local_setup.dsv
[3.602s] -- Installing: /sim_ws/install/safety_node/share/safety_node/package.dsv
[3.625s] -- Up-to-date: /sim_ws/install/safety_node/share/ament_index/resource_index/packages/safety_node
[3.625s] -- Up-to-date: /sim_ws/install/safety_node/share/safety_node/cmake/safety_nodeConfig.cmake
[3.628s] -- Up-to-date: /sim_ws/install/safety_node/share/safety_node/cmake/safety_nodeConfig-version.cmake
[3.629s] -- Up-to-date: /sim_ws/install/safety_node/share/safety_node/package.xml
[3.629s] Invoked command in '/sim_ws/build/safety_node' returned '0': CMAKE_PREFIX_PATH=${CMAKE_PREFIX_PATH}:/sim_ws/install/f1tenth_gym_ros:/opt/ros/foxy /usr/bin/cmake --install /sim_ws/build/safety_node
