[1.121s] Invoking command in '/sim_ws/build/wall_follow': CMAKE_PREFIX_PATH=${CMAKE_PREFIX_PATH}:/sim_ws/install/f1tenth_gym_ros:/opt/ros/foxy /usr/bin/cmake --build /sim_ws/build/wall_follow -- -j4 -l4
[1.408s] [35m[1mScanning dependencies of target wall_follow_node[0m
[1.777s] [ 50%] [32mBuilding CXX object CMakeFiles/wall_follow_node.dir/src/wall_follow_node.cpp.o[0m
[26.518s] [100%] [32m[1mLinking CXX executable wall_follow_node[0m
[27.597s] [100%] Built target wall_follow_node
[27.639s] Invoked command in '/sim_ws/build/wall_follow' returned '0': CMAKE_PREFIX_PATH=${CMAKE_PREFIX_PATH}:/sim_ws/install/f1tenth_gym_ros:/opt/ros/foxy /usr/bin/cmake --build /sim_ws/build/wall_follow -- -j4 -l4
[27.762s] Invoking command in '/sim_ws/build/wall_follow': CMAKE_PREFIX_PATH=${CMAKE_PREFIX_PATH}:/sim_ws/install/f1tenth_gym_ros:/opt/ros/foxy /usr/bin/cmake --install /sim_ws/build/wall_follow
[27.785s] -- Install configuration: ""
[27.785s] -- Installing: /sim_ws/install/wall_follow/lib/wall_follow/wall_follow_node
[27.792s] -- Set runtime path of "/sim_ws/install/wall_follow/lib/wall_follow/wall_follow_node" to ""
[27.793s] -- Up-to-date: /sim_ws/install/wall_follow/share/ament_index/resource_index/package_run_dependencies/wall_follow
[27.793s] -- Up-to-date: /sim_ws/install/wall_follow/share/ament_index/resource_index/parent_prefix_path/wall_follow
[27.794s] -- Up-to-date: /sim_ws/install/wall_follow/share/wall_follow/environment/ament_prefix_path.sh
[27.794s] -- Up-to-date: /sim_ws/install/wall_follow/share/wall_follow/environment/ament_prefix_path.dsv
[27.794s] -- Up-to-date: /sim_ws/install/wall_follow/share/wall_follow/environment/path.sh
[27.795s] -- Up-to-date: /sim_ws/install/wall_follow/share/wall_follow/environment/path.dsv
[27.795s] -- Up-to-date: /sim_ws/install/wall_follow/share/wall_follow/local_setup.bash
[27.795s] -- Up-to-date: /sim_ws/install/wall_follow/share/wall_follow/local_setup.sh
[27.795s] -- Up-to-date: /sim_ws/install/wall_follow/share/wall_follow/local_setup.zsh
[27.796s] -- Up-to-date: /sim_ws/install/wall_follow/share/wall_follow/local_setup.dsv
[27.796s] -- Installing: /sim_ws/install/wall_follow/share/wall_follow/package.dsv
[27.796s] -- Up-to-date: /sim_ws/install/wall_follow/share/ament_index/resource_index/packages/wall_follow
[27.796s] -- Up-to-date: /sim_ws/install/wall_follow/share/wall_follow/cmake/wall_followConfig.cmake
[27.796s] -- Up-to-date: /sim_ws/install/wall_follow/share/wall_follow/cmake/wall_followConfig-version.cmake
[27.796s] -- Up-to-date: /sim_ws/install/wall_follow/share/wall_follow/package.xml
[27.800s] -- Up-to-date: /sim_ws/install/wall_follow/share/wall_follow//launch
[27.800s] -- Up-to-date: /sim_ws/install/wall_follow/share/wall_follow//launch/wall_follow_launch.py
[27.809s] Invoked command in '/sim_ws/build/wall_follow' returned '0': CMAKE_PREFIX_PATH=${CMAKE_PREFIX_PATH}:/sim_ws/install/f1tenth_gym_ros:/opt/ros/foxy /usr/bin/cmake --install /sim_ws/build/wall_follow
