[0.442s] Invoking command in '/sim_ws/build/wall_follow': CMAKE_PREFIX_PATH=${CMAKE_PREFIX_PATH}:/sim_ws/install/f1tenth_gym_ros:/opt/ros/foxy /usr/bin/cmake --build /sim_ws/build/wall_follow -- -j4 -l4
[0.567s] [35m[1mScanning dependencies of target wall_follow_node[0m
[0.649s] [ 50%] [32mBuilding CXX object CMakeFiles/wall_follow_node.dir/src/wall_follow_node.cpp.o[0m
[50.689s] [100%] [32m[1mLinking CXX executable wall_follow_node[0m
[51.600s] [100%] Built target wall_follow_node
[51.628s] Invoked command in '/sim_ws/build/wall_follow' returned '0': CMAKE_PREFIX_PATH=${CMAKE_PREFIX_PATH}:/sim_ws/install/f1tenth_gym_ros:/opt/ros/foxy /usr/bin/cmake --build /sim_ws/build/wall_follow -- -j4 -l4
[51.793s] Invoking command in '/sim_ws/build/wall_follow': CMAKE_PREFIX_PATH=${CMAKE_PREFIX_PATH}:/sim_ws/install/f1tenth_gym_ros:/opt/ros/foxy /usr/bin/cmake --install /sim_ws/build/wall_follow
[51.849s] -- Install configuration: ""
[51.850s] -- Installing: /sim_ws/install/wall_follow/lib/wall_follow/wall_follow_node
[52.356s] -- Set runtime path of "/sim_ws/install/wall_follow/lib/wall_follow/wall_follow_node" to ""
[52.397s] -- Up-to-date: /sim_ws/install/wall_follow/share/ament_index/resource_index/package_run_dependencies/wall_follow
[52.397s] -- Up-to-date: /sim_ws/install/wall_follow/share/ament_index/resource_index/parent_prefix_path/wall_follow
[52.397s] -- Up-to-date: /sim_ws/install/wall_follow/share/wall_follow/environment/ament_prefix_path.sh
[52.398s] -- Up-to-date: /sim_ws/install/wall_follow/share/wall_follow/environment/ament_prefix_path.dsv
[52.398s] -- Up-to-date: /sim_ws/install/wall_follow/share/wall_follow/environment/path.sh
[52.398s] -- Up-to-date: /sim_ws/install/wall_follow/share/wall_follow/environment/path.dsv
[52.398s] -- Up-to-date: /sim_ws/install/wall_follow/share/wall_follow/local_setup.bash
[52.399s] -- Up-to-date: /sim_ws/install/wall_follow/share/wall_follow/local_setup.sh
[52.399s] -- Up-to-date: /sim_ws/install/wall_follow/share/wall_follow/local_setup.zsh
[52.399s] -- Up-to-date: /sim_ws/install/wall_follow/share/wall_follow/local_setup.dsv
[52.399s] -- Installing: /sim_ws/install/wall_follow/share/wall_follow/package.dsv
[52.399s] -- Up-to-date: /sim_ws/install/wall_follow/share/ament_index/resource_index/packages/wall_follow
[52.400s] -- Up-to-date: /sim_ws/install/wall_follow/share/wall_follow/cmake/wall_followConfig.cmake
[52.400s] -- Up-to-date: /sim_ws/install/wall_follow/share/wall_follow/cmake/wall_followConfig-version.cmake
[52.400s] -- Up-to-date: /sim_ws/install/wall_follow/share/wall_follow/package.xml
[52.400s] -- Up-to-date: /sim_ws/install/wall_follow/share/wall_follow//launch
[52.431s] -- Up-to-date: /sim_ws/install/wall_follow/share/wall_follow//launch/wall_follow_launch.py
[52.432s] Invoked command in '/sim_ws/build/wall_follow' returned '0': CMAKE_PREFIX_PATH=${CMAKE_PREFIX_PATH}:/sim_ws/install/f1tenth_gym_ros:/opt/ros/foxy /usr/bin/cmake --install /sim_ws/build/wall_follow
