[0.824s] Invoking command in '/sim_ws/build/safety_node': CMAKE_PREFIX_PATH=${CMAKE_PREFIX_PATH}:/sim_ws/install/f1tenth_gym_ros:/opt/ros/foxy /usr/bin/cmake --build /sim_ws/build/safety_node -- -j4 -l4
[1.246s] [100%] Built target safety_node
[1.286s] Invoked command in '/sim_ws/build/safety_node' returned '0': CMAKE_PREFIX_PATH=${CMAKE_PREFIX_PATH}:/sim_ws/install/f1tenth_gym_ros:/opt/ros/foxy /usr/bin/cmake --build /sim_ws/build/safety_node -- -j4 -l4
[1.799s] Invoking command in '/sim_ws/build/safety_node': CMAKE_PREFIX_PATH=${CMAKE_PREFIX_PATH}:/sim_ws/install/f1tenth_gym_ros:/opt/ros/foxy /usr/bin/cmake --install /sim_ws/build/safety_node
[1.877s] -- Install configuration: ""
[1.877s] -- Up-to-date: /sim_ws/install/safety_node/lib/safety_node/safety_node
[1.878s] -- Up-to-date: /sim_ws/install/safety_node/share/safety_node/environment/pythonpath.sh
[1.879s] -- Up-to-date: /sim_ws/install/safety_node/share/safety_node/environment/pythonpath.dsv
[1.879s] -- Up-to-date: /sim_ws/install/safety_node/lib/python3.8/site-packages/safety_node
[1.879s] -- Up-to-date: /sim_ws/install/safety_node/lib/python3.8/site-packages/safety_node/__init__.py
[2.065s] Listing '/sim_ws/install/safety_node/lib/python3.8/site-packages/safety_node'...
[2.090s] -- Up-to-date: /sim_ws/install/safety_node/lib/safety_node/safety_node.py
[2.091s] -- Up-to-date: /sim_ws/install/safety_node/share/ament_index/resource_index/package_run_dependencies/safety_node
[2.093s] -- Up-to-date: /sim_ws/install/safety_node/share/ament_index/resource_index/parent_prefix_path/safety_node
[2.094s] -- Up-to-date: /sim_ws/install/safety_node/share/safety_node/environment/ament_prefix_path.sh
[2.094s] -- Up-to-date: /sim_ws/install/safety_node/share/safety_node/environment/ament_prefix_path.dsv
[2.095s] -- Up-to-date: /sim_ws/install/safety_node/share/safety_node/environment/path.sh
[2.099s] -- Up-to-date: /sim_ws/install/safety_node/share/safety_node/environment/path.dsv
[2.099s] -- Up-to-date: /sim_ws/install/safety_node/share/safety_node/local_setup.bash
[2.100s] -- Up-to-date: /sim_ws/install/safety_node/share/safety_node/local_setup.sh
[2.101s] -- Up-to-date: /sim_ws/install/safety_node/share/safety_node/local_setup.zsh
[2.102s] -- Up-to-date: /sim_ws/install/safety_node/share/safety_node/local_setup.dsv
[2.103s] -- Installing: /sim_ws/install/safety_node/share/safety_node/package.dsv
[2.109s] -- Up-to-date: /sim_ws/install/safety_node/share/ament_index/resource_index/packages/safety_node
[2.109s] -- Up-to-date: /sim_ws/install/safety_node/share/safety_node/cmake/safety_nodeConfig.cmake
[2.110s] -- Up-to-date: /sim_ws/install/safety_node/share/safety_node/cmake/safety_nodeConfig-version.cmake
[2.110s] -- Up-to-date: /sim_ws/install/safety_node/share/safety_node/package.xml
[2.116s] Invoked command in '/sim_ws/build/safety_node' returned '0': CMAKE_PREFIX_PATH=${CMAKE_PREFIX_PATH}:/sim_ws/install/f1tenth_gym_ros:/opt/ros/foxy /usr/bin/cmake --install /sim_ws/build/safety_node
