[0.823s] Invoking command in '/sim_ws/build/safety_node': CMAKE_PREFIX_PATH=${CMAKE_PREFIX_PATH}:/sim_ws/install/f1tenth_gym_ros:/opt/ros/foxy /usr/bin/cmake --build /sim_ws/build/safety_node -- -j4 -l4
[1.033s] [35m[1mScanning dependencies of target safety_node[0m
[1.206s] [ 50%] [32mBuilding CXX object CMakeFiles/safety_node.dir/src/safety_node.cpp.o[0m
[38.212s] [100%] [32m[1mLinking CXX executable safety_node[0m
[39.199s] [100%] Built target safety_node
[39.275s] Invoked command in '/sim_ws/build/safety_node' returned '0': CMAKE_PREFIX_PATH=${CMAKE_PREFIX_PATH}:/sim_ws/install/f1tenth_gym_ros:/opt/ros/foxy /usr/bin/cmake --build /sim_ws/build/safety_node -- -j4 -l4
[39.470s] Invoking command in '/sim_ws/build/safety_node': CMAKE_PREFIX_PATH=${CMAKE_PREFIX_PATH}:/sim_ws/install/f1tenth_gym_ros:/opt/ros/foxy /usr/bin/cmake --install /sim_ws/build/safety_node
[39.497s] -- Install configuration: ""
[39.497s] -- Installing: /sim_ws/install/safety_node/lib/safety_node/safety_node
[39.514s] -- Set runtime path of "/sim_ws/install/safety_node/lib/safety_node/safety_node" to ""
[39.514s] -- Up-to-date: /sim_ws/install/safety_node/share/safety_node/environment/pythonpath.sh
[39.514s] -- Up-to-date: /sim_ws/install/safety_node/share/safety_node/environment/pythonpath.dsv
[39.514s] -- Up-to-date: /sim_ws/install/safety_node/lib/python3.8/site-packages/safety_node
[39.515s] -- Up-to-date: /sim_ws/install/safety_node/lib/python3.8/site-packages/safety_node/__init__.py
[39.617s] Listing '/sim_ws/install/safety_node/lib/python3.8/site-packages/safety_node'...
[39.630s] -- Up-to-date: /sim_ws/install/safety_node/lib/safety_node/safety_node.py
[39.630s] -- Up-to-date: /sim_ws/install/safety_node/share/ament_index/resource_index/package_run_dependencies/safety_node
[39.630s] -- Up-to-date: /sim_ws/install/safety_node/share/ament_index/resource_index/parent_prefix_path/safety_node
[39.630s] -- Up-to-date: /sim_ws/install/safety_node/share/safety_node/environment/ament_prefix_path.sh
[39.630s] -- Up-to-date: /sim_ws/install/safety_node/share/safety_node/environment/ament_prefix_path.dsv
[39.630s] -- Up-to-date: /sim_ws/install/safety_node/share/safety_node/environment/path.sh
[39.630s] -- Up-to-date: /sim_ws/install/safety_node/share/safety_node/environment/path.dsv
[39.631s] -- Up-to-date: /sim_ws/install/safety_node/share/safety_node/local_setup.bash
[39.638s] -- Up-to-date: /sim_ws/install/safety_node/share/safety_node/local_setup.sh
[39.638s] -- Up-to-date: /sim_ws/install/safety_node/share/safety_node/local_setup.zsh
[39.638s] -- Up-to-date: /sim_ws/install/safety_node/share/safety_node/local_setup.dsv
[39.639s] -- Installing: /sim_ws/install/safety_node/share/safety_node/package.dsv
[39.647s] -- Up-to-date: /sim_ws/install/safety_node/share/ament_index/resource_index/packages/safety_node
[39.647s] -- Up-to-date: /sim_ws/install/safety_node/share/safety_node/cmake/safety_nodeConfig.cmake
[39.647s] -- Up-to-date: /sim_ws/install/safety_node/share/safety_node/cmake/safety_nodeConfig-version.cmake
[39.648s] -- Up-to-date: /sim_ws/install/safety_node/share/safety_node/package.xml
[39.675s] Invoked command in '/sim_ws/build/safety_node' returned '0': CMAKE_PREFIX_PATH=${CMAKE_PREFIX_PATH}:/sim_ws/install/f1tenth_gym_ros:/opt/ros/foxy /usr/bin/cmake --install /sim_ws/build/safety_node
