[2.211s] Invoking command in '/sim_ws/build/safety_node': CMAKE_PREFIX_PATH=${CMAKE_PREFIX_PATH}:/sim_ws/install/f1tenth_gym_ros:/opt/ros/foxy /usr/bin/cmake --build /sim_ws/build/safety_node -- -j4 -l4
[2.905s] [100%] Built target safety_node
[3.004s] Invoked command in '/sim_ws/build/safety_node' returned '0': CMAKE_PREFIX_PATH=${CMAKE_PREFIX_PATH}:/sim_ws/install/f1tenth_gym_ros:/opt/ros/foxy /usr/bin/cmake --build /sim_ws/build/safety_node -- -j4 -l4
[4.249s] Invoking command in '/sim_ws/build/safety_node': CMAKE_PREFIX_PATH=${CMAKE_PREFIX_PATH}:/sim_ws/install/f1tenth_gym_ros:/opt/ros/foxy /usr/bin/cmake --install /sim_ws/build/safety_node
[4.362s] -- Install configuration: ""
[4.363s] -- Up-to-date: /sim_ws/install/safety_node/lib/safety_node/safety_node
[4.394s] -- Up-to-date: /sim_ws/install/safety_node/share/ament_index/resource_index/package_run_dependencies/safety_node
[4.407s] -- Up-to-date: /sim_ws/install/safety_node/share/ament_index/resource_index/parent_prefix_path/safety_node
[4.408s] -- Up-to-date: /sim_ws/install/safety_node/share/safety_node/environment/ament_prefix_path.sh
[4.408s] -- Up-to-date: /sim_ws/install/safety_node/share/safety_node/environment/ament_prefix_path.dsv
[4.408s] -- Up-to-date: /sim_ws/install/safety_node/share/safety_node/environment/path.sh
[4.409s] -- Up-to-date: /sim_ws/install/safety_node/share/safety_node/environment/path.dsv
[4.409s] -- Up-to-date: /sim_ws/install/safety_node/share/safety_node/local_setup.bash
[4.526s] -- Up-to-date: /sim_ws/install/safety_node/share/safety_node/local_setup.sh
[4.526s] -- Up-to-date: /sim_ws/install/safety_node/share/safety_node/local_setup.zsh
[4.526s] -- Up-to-date: /sim_ws/install/safety_node/share/safety_node/local_setup.dsv
[4.526s] -- Installing: /sim_ws/install/safety_node/share/safety_node/package.dsv
[4.527s] -- Up-to-date: /sim_ws/install/safety_node/share/ament_index/resource_index/packages/safety_node
[4.527s] -- Up-to-date: /sim_ws/install/safety_node/share/safety_node/cmake/safety_nodeConfig.cmake
[4.527s] -- Up-to-date: /sim_ws/install/safety_node/share/safety_node/cmake/safety_nodeConfig-version.cmake
[4.527s] -- Up-to-date: /sim_ws/install/safety_node/share/safety_node/package.xml
[4.527s] Invoked command in '/sim_ws/build/safety_node' returned '0': CMAKE_PREFIX_PATH=${CMAKE_PREFIX_PATH}:/sim_ws/install/f1tenth_gym_ros:/opt/ros/foxy /usr/bin/cmake --install /sim_ws/build/safety_node
