[0.000000] (-) TimerEvent: {}
[0.000166] (f1tenth_gym_ros) JobQueued: {'identifier': 'f1tenth_gym_ros', 'dependencies': OrderedDict()}
[0.000273] (f1tenth_gym_ros) JobStarted: {'identifier': 'f1tenth_gym_ros'}
[0.098001] (-) TimerEvent: {}
[0.198362] (-) TimerEvent: {}
[0.298693] (-) TimerEvent: {}
[0.399106] (-) TimerEvent: {}
[0.499692] (-) TimerEvent: {}
[0.600165] (-) TimerEvent: {}
[0.700622] (-) TimerEvent: {}
[0.801088] (-) TimerEvent: {}
[0.821957] (f1tenth_gym_ros) Command: {'cmd': ['/usr/bin/python3', 'setup.py', 'egg_info', '--egg-base', '../../build/f1tenth_gym_ros', 'build', '--build-base', '/sim_ws/build/f1tenth_gym_ros/build', 'install', '--record', '/sim_ws/build/f1tenth_gym_ros/install.log', '--install-scripts', '$base/lib/f1tenth_gym_ros', '--single-version-externally-managed'], 'cwd': '/sim_ws/src/f1tenth_gym_ros', 'env': {'SHLVL': '0', 'LD_LIBRARY_PATH': '/opt/ros/foxy/opt/yaml_cpp_vendor/lib:/opt/ros/foxy/opt/rviz_ogre_vendor/lib:/opt/ros/foxy/lib/x86_64-linux-gnu:/opt/ros/foxy/lib', 'HOME': '/root', 'OLDPWD': '/', 'ROS_PYTHON_VERSION': '3', 'ROS_DISTRO': 'foxy', '_': '/usr/bin/colcon', 'ROS_VERSION': '2', 'ROS_LOCALHOST_ONLY': '0', 'PATH': '/opt/ros/foxy/bin:/usr/local/sbin:/usr/local/bin:/usr/sbin:/usr/bin:/sbin:/bin', 'LANG': 'C.UTF-8', 'AMENT_PREFIX_PATH': '/opt/ros/foxy', 'PWD': '/sim_ws/build/f1tenth_gym_ros', 'LC_ALL': 'C.UTF-8', 'PYTHONPATH': '/sim_ws/build/f1tenth_gym_ros/prefix_override:/sim_ws/install/f1tenth_gym_ros/lib/python3.8/site-packages:/opt/ros/foxy/lib/python3.8/site-packages', 'COLCON': '1'}, 'shell': False}
[0.901521] (-) TimerEvent: {}
[1.001944] (-) TimerEvent: {}
[1.041197] (f1tenth_gym_ros) StdoutLine: {'line': b'running egg_info\n'}
[1.042612] (f1tenth_gym_ros) StdoutLine: {'line': b'creating ../../build/f1tenth_gym_ros/f1tenth_gym_ros.egg-info\n'}
[1.042914] (f1tenth_gym_ros) StdoutLine: {'line': b'writing ../../build/f1tenth_gym_ros/f1tenth_gym_ros.egg-info/PKG-INFO\n'}
[1.043786] (f1tenth_gym_ros) StdoutLine: {'line': b'writing dependency_links to ../../build/f1tenth_gym_ros/f1tenth_gym_ros.egg-info/dependency_links.txt\n'}
[1.043973] (f1tenth_gym_ros) StdoutLine: {'line': b'writing entry points to ../../build/f1tenth_gym_ros/f1tenth_gym_ros.egg-info/entry_points.txt\n'}
[1.044096] (f1tenth_gym_ros) StdoutLine: {'line': b'writing requirements to ../../build/f1tenth_gym_ros/f1tenth_gym_ros.egg-info/requires.txt\n'}
[1.044187] (f1tenth_gym_ros) StdoutLine: {'line': b'writing top-level names to ../../build/f1tenth_gym_ros/f1tenth_gym_ros.egg-info/top_level.txt\n'}
[1.046118] (f1tenth_gym_ros) StdoutLine: {'line': b"writing manifest file '../../build/f1tenth_gym_ros/f1tenth_gym_ros.egg-info/SOURCES.txt'\n"}
[1.102260] (-) TimerEvent: {}
[1.103185] (f1tenth_gym_ros) StdoutLine: {'line': b"reading manifest file '../../build/f1tenth_gym_ros/f1tenth_gym_ros.egg-info/SOURCES.txt'\n"}
[1.104358] (f1tenth_gym_ros) StdoutLine: {'line': b"writing manifest file '../../build/f1tenth_gym_ros/f1tenth_gym_ros.egg-info/SOURCES.txt'\n"}
[1.105103] (f1tenth_gym_ros) StdoutLine: {'line': b'running build\n'}
[1.105558] (f1tenth_gym_ros) StdoutLine: {'line': b'running build_py\n'}
[1.105894] (f1tenth_gym_ros) StdoutLine: {'line': b'creating /sim_ws/build/f1tenth_gym_ros/build\n'}
[1.106225] (f1tenth_gym_ros) StdoutLine: {'line': b'creating /sim_ws/build/f1tenth_gym_ros/build/lib\n'}
[1.106808] (f1tenth_gym_ros) StdoutLine: {'line': b'creating /sim_ws/build/f1tenth_gym_ros/build/lib/f1tenth_gym_ros\n'}
[1.107489] (f1tenth_gym_ros) StdoutLine: {'line': b'copying f1tenth_gym_ros/gym_bridge.py -> /sim_ws/build/f1tenth_gym_ros/build/lib/f1tenth_gym_ros\n'}
[1.107646] (f1tenth_gym_ros) StdoutLine: {'line': b'copying f1tenth_gym_ros/__init__.py -> /sim_ws/build/f1tenth_gym_ros/build/lib/f1tenth_gym_ros\n'}
[1.107740] (f1tenth_gym_ros) StdoutLine: {'line': b'running install\n'}
[1.107826] (f1tenth_gym_ros) StdoutLine: {'line': b'running install_lib\n'}
[1.108322] (f1tenth_gym_ros) StdoutLine: {'line': b'creating /sim_ws/install/f1tenth_gym_ros/lib/python3.8/site-packages/f1tenth_gym_ros\n'}
[1.108510] (f1tenth_gym_ros) StdoutLine: {'line': b'copying /sim_ws/build/f1tenth_gym_ros/build/lib/f1tenth_gym_ros/gym_bridge.py -> /sim_ws/install/f1tenth_gym_ros/lib/python3.8/site-packages/f1tenth_gym_ros\n'}
[1.108945] (f1tenth_gym_ros) StdoutLine: {'line': b'copying /sim_ws/build/f1tenth_gym_ros/build/lib/f1tenth_gym_ros/__init__.py -> /sim_ws/install/f1tenth_gym_ros/lib/python3.8/site-packages/f1tenth_gym_ros\n'}
[1.109674] (f1tenth_gym_ros) StdoutLine: {'line': b'byte-compiling /sim_ws/install/f1tenth_gym_ros/lib/python3.8/site-packages/f1tenth_gym_ros/gym_bridge.py to gym_bridge.cpython-38.pyc\n'}
[1.115092] (f1tenth_gym_ros) StdoutLine: {'line': b'byte-compiling /sim_ws/install/f1tenth_gym_ros/lib/python3.8/site-packages/f1tenth_gym_ros/__init__.py to __init__.cpython-38.pyc\n'}
[1.115279] (f1tenth_gym_ros) StdoutLine: {'line': b'running install_data\n'}
[1.116078] (f1tenth_gym_ros) StdoutLine: {'line': b'creating /sim_ws/install/f1tenth_gym_ros/share/ament_index\n'}
[1.117007] (f1tenth_gym_ros) StdoutLine: {'line': b'creating /sim_ws/install/f1tenth_gym_ros/share/ament_index/resource_index\n'}
[1.117804] (f1tenth_gym_ros) StdoutLine: {'line': b'creating /sim_ws/install/f1tenth_gym_ros/share/ament_index/resource_index/packages\n'}
[1.117977] (f1tenth_gym_ros) StdoutLine: {'line': b'copying resource/f1tenth_gym_ros -> /sim_ws/install/f1tenth_gym_ros/share/ament_index/resource_index/packages\n'}
[1.118073] (f1tenth_gym_ros) StdoutLine: {'line': b'copying package.xml -> /sim_ws/install/f1tenth_gym_ros/share/f1tenth_gym_ros\n'}
[1.118160] (f1tenth_gym_ros) StdoutLine: {'line': b'creating /sim_ws/install/f1tenth_gym_ros/share/f1tenth_gym_ros/launch\n'}
[1.118245] (f1tenth_gym_ros) StdoutLine: {'line': b'copying launch/gym_bridge_launch.py -> /sim_ws/install/f1tenth_gym_ros/share/f1tenth_gym_ros/launch\n'}
[1.118415] (f1tenth_gym_ros) StdoutLine: {'line': b'copying launch/opp_racecar.xacro -> /sim_ws/install/f1tenth_gym_ros/share/f1tenth_gym_ros/launch\n'}
[1.118504] (f1tenth_gym_ros) StdoutLine: {'line': b'copying launch/ego_racecar.xacro -> /sim_ws/install/f1tenth_gym_ros/share/f1tenth_gym_ros/launch\n'}
[1.118588] (f1tenth_gym_ros) StdoutLine: {'line': b'copying launch/gym_bridge.rviz -> /sim_ws/install/f1tenth_gym_ros/share/f1tenth_gym_ros/launch\n'}
[1.118670] (f1tenth_gym_ros) StdoutLine: {'line': b'creating /sim_ws/install/f1tenth_gym_ros/share/f1tenth_gym_ros/config\n'}
[1.118752] (f1tenth_gym_ros) StdoutLine: {'line': b'copying config/sim.yaml -> /sim_ws/install/f1tenth_gym_ros/share/f1tenth_gym_ros/config\n'}
[1.118835] (f1tenth_gym_ros) StdoutLine: {'line': b'running install_egg_info\n'}
[1.120098] (f1tenth_gym_ros) StdoutLine: {'line': b'Copying ../../build/f1tenth_gym_ros/f1tenth_gym_ros.egg-info to /sim_ws/install/f1tenth_gym_ros/lib/python3.8/site-packages/f1tenth_gym_ros-0.0.0-py3.8.egg-info\n'}
[1.121432] (f1tenth_gym_ros) StdoutLine: {'line': b'running install_scripts\n'}
[1.145024] (f1tenth_gym_ros) StdoutLine: {'line': b'Installing gym_bridge script to /sim_ws/install/f1tenth_gym_ros/lib/f1tenth_gym_ros\n'}
[1.145667] (f1tenth_gym_ros) StdoutLine: {'line': b"writing list of installed files to '/sim_ws/build/f1tenth_gym_ros/install.log'\n"}
[1.170911] (f1tenth_gym_ros) CommandEnded: {'returncode': 0}
[1.196543] (f1tenth_gym_ros) JobEnded: {'identifier': 'f1tenth_gym_ros', 'rc': 0}
[1.197271] (-) EventReactorShutdown: {}
