[0.679s] Invoking command in '/sim_ws/build/safety_node': CMAKE_PREFIX_PATH=${CMAKE_PREFIX_PATH}:/sim_ws/install/f1tenth_gym_ros:/opt/ros/foxy /usr/bin/cmake --build /sim_ws/build/safety_node -- -j4 -l4
[1.108s] [35m[1mScanning dependencies of target safety_node[0m
[1.375s] [ 50%] [32mBuilding CXX object CMakeFiles/safety_node.dir/src/safety_node.cpp.o[0m
[24.893s] [100%] [32m[1mLinking CXX executable safety_node[0m
[25.856s] [100%] Built target safety_node
[25.886s] Invoked command in '/sim_ws/build/safety_node' returned '0': CMAKE_PREFIX_PATH=${CMAKE_PREFIX_PATH}:/sim_ws/install/f1tenth_gym_ros:/opt/ros/foxy /usr/bin/cmake --build /sim_ws/build/safety_node -- -j4 -l4
[26.100s] Invoking command in '/sim_ws/build/safety_node': CMAKE_PREFIX_PATH=${CMAKE_PREFIX_PATH}:/sim_ws/install/f1tenth_gym_ros:/opt/ros/foxy /usr/bin/cmake --install /sim_ws/build/safety_node
[26.151s] -- Install configuration: ""
[26.153s] -- Installing: /sim_ws/install/safety_node/lib/safety_node/safety_node
[26.160s] -- Set runtime path of "/sim_ws/install/safety_node/lib/safety_node/safety_node" to ""
[26.161s] -- Up-to-date: /sim_ws/install/safety_node/share/safety_node/environment/pythonpath.sh
[26.161s] -- Up-to-date: /sim_ws/install/safety_node/share/safety_node/environment/pythonpath.dsv
[26.161s] -- Up-to-date: /sim_ws/install/safety_node/lib/python3.8/site-packages/safety_node
[26.162s] -- Up-to-date: /sim_ws/install/safety_node/lib/python3.8/site-packages/safety_node/__init__.py
[26.284s] Listing '/sim_ws/install/safety_node/lib/python3.8/site-packages/safety_node'...
[26.293s] -- Up-to-date: /sim_ws/install/safety_node/lib/safety_node/safety_node.py
[26.293s] -- Up-to-date: /sim_ws/install/safety_node/share/ament_index/resource_index/package_run_dependencies/safety_node
[26.294s] -- Up-to-date: /sim_ws/install/safety_node/share/ament_index/resource_index/parent_prefix_path/safety_node
[26.294s] -- Up-to-date: /sim_ws/install/safety_node/share/safety_node/environment/ament_prefix_path.sh
[26.294s] -- Up-to-date: /sim_ws/install/safety_node/share/safety_node/environment/ament_prefix_path.dsv
[26.295s] -- Up-to-date: /sim_ws/install/safety_node/share/safety_node/environment/path.sh
[26.295s] -- Up-to-date: /sim_ws/install/safety_node/share/safety_node/environment/path.dsv
[26.296s] -- Up-to-date: /sim_ws/install/safety_node/share/safety_node/local_setup.bash
[26.296s] -- Up-to-date: /sim_ws/install/safety_node/share/safety_node/local_setup.sh
[26.297s] -- Up-to-date: /sim_ws/install/safety_node/share/safety_node/local_setup.zsh
[26.298s] -- Up-to-date: /sim_ws/install/safety_node/share/safety_node/local_setup.dsv
[26.298s] -- Installing: /sim_ws/install/safety_node/share/safety_node/package.dsv
[26.298s] -- Up-to-date: /sim_ws/install/safety_node/share/ament_index/resource_index/packages/safety_node
[26.299s] -- Up-to-date: /sim_ws/install/safety_node/share/safety_node/cmake/safety_nodeConfig.cmake
[26.300s] -- Up-to-date: /sim_ws/install/safety_node/share/safety_node/cmake/safety_nodeConfig-version.cmake
[26.300s] -- Up-to-date: /sim_ws/install/safety_node/share/safety_node/package.xml
[26.314s] Invoked command in '/sim_ws/build/safety_node' returned '0': CMAKE_PREFIX_PATH=${CMAKE_PREFIX_PATH}:/sim_ws/install/f1tenth_gym_ros:/opt/ros/foxy /usr/bin/cmake --install /sim_ws/build/safety_node
