[4.741s] Invoking command in '/sim_ws/src/f1tenth_gym_ros': PYTHONPATH=/sim_ws/build/f1tenth_gym_ros/prefix_override:/sim_ws/install/f1tenth_gym_ros/lib/python3.8/site-packages:${PYTHONPATH} /usr/bin/python3 setup.py egg_info --egg-base ../../build/f1tenth_gym_ros build --build-base /sim_ws/build/f1tenth_gym_ros/build install --record /sim_ws/build/f1tenth_gym_ros/install.log --install-scripts $base/lib/f1tenth_gym_ros --single-version-externally-managed
[5.990s] running egg_info
[5.992s] writing ../../build/f1tenth_gym_ros/f1tenth_gym_ros.egg-info/PKG-INFO
[5.992s] writing dependency_links to ../../build/f1tenth_gym_ros/f1tenth_gym_ros.egg-info/dependency_links.txt
[6.008s] writing entry points to ../../build/f1tenth_gym_ros/f1tenth_gym_ros.egg-info/entry_points.txt
[6.008s] writing requirements to ../../build/f1tenth_gym_ros/f1tenth_gym_ros.egg-info/requires.txt
[6.008s] writing top-level names to ../../build/f1tenth_gym_ros/f1tenth_gym_ros.egg-info/top_level.txt
[6.149s] reading manifest file '../../build/f1tenth_gym_ros/f1tenth_gym_ros.egg-info/SOURCES.txt'
[6.153s] writing manifest file '../../build/f1tenth_gym_ros/f1tenth_gym_ros.egg-info/SOURCES.txt'
[6.155s] running build
[6.156s] running build_py
[6.164s] running install
[6.172s] running install_lib
[6.191s] running install_data
[6.194s] running install_egg_info
[6.204s] removing '/sim_ws/install/f1tenth_gym_ros/lib/python3.8/site-packages/f1tenth_gym_ros-0.0.0-py3.8.egg-info' (and everything under it)
[6.215s] Copying ../../build/f1tenth_gym_ros/f1tenth_gym_ros.egg-info to /sim_ws/install/f1tenth_gym_ros/lib/python3.8/site-packages/f1tenth_gym_ros-0.0.0-py3.8.egg-info
[6.237s] running install_scripts
[6.302s] Installing gym_bridge script to /sim_ws/install/f1tenth_gym_ros/lib/f1tenth_gym_ros
[6.308s] writing list of installed files to '/sim_ws/build/f1tenth_gym_ros/install.log'
[6.392s] Invoked command in '/sim_ws/src/f1tenth_gym_ros' returned '0': PYTHONPATH=/sim_ws/build/f1tenth_gym_ros/prefix_override:/sim_ws/install/f1tenth_gym_ros/lib/python3.8/site-packages:${PYTHONPATH} /usr/bin/python3 setup.py egg_info --egg-base ../../build/f1tenth_gym_ros build --build-base /sim_ws/build/f1tenth_gym_ros/build install --record /sim_ws/build/f1tenth_gym_ros/install.log --install-scripts $base/lib/f1tenth_gym_ros --single-version-externally-managed
