[0.665s] Invoking command in '/sim_ws/build/safety_node': CMAKE_PREFIX_PATH=${CMAKE_PREFIX_PATH}:/sim_ws/install/f1tenth_gym_ros:/opt/ros/foxy /usr/bin/cmake --build /sim_ws/build/safety_node -- -j4 -l4
[0.937s] [35m[1mScanning dependencies of target safety_node[0m
[1.142s] [ 50%] [32mBuilding CXX object CMakeFiles/safety_node.dir/src/safety_node.cpp.o[0m
[31.853s] [100%] [32m[1mLinking CXX executable safety_node[0m
[33.720s] [100%] Built target safety_node
[33.820s] Invoked command in '/sim_ws/build/safety_node' returned '0': CMAKE_PREFIX_PATH=${CMAKE_PREFIX_PATH}:/sim_ws/install/f1tenth_gym_ros:/opt/ros/foxy /usr/bin/cmake --build /sim_ws/build/safety_node -- -j4 -l4
[34.143s] Invoking command in '/sim_ws/build/safety_node': CMAKE_PREFIX_PATH=${CMAKE_PREFIX_PATH}:/sim_ws/install/f1tenth_gym_ros:/opt/ros/foxy /usr/bin/cmake --install /sim_ws/build/safety_node
[34.240s] -- Install configuration: ""
[34.242s] -- Installing: /sim_ws/install/safety_node/lib/safety_node/safety_node
[34.268s] -- Set runtime path of "/sim_ws/install/safety_node/lib/safety_node/safety_node" to ""
[34.270s] -- Up-to-date: /sim_ws/install/safety_node/share/safety_node/environment/pythonpath.sh
[34.274s] -- Up-to-date: /sim_ws/install/safety_node/share/safety_node/environment/pythonpath.dsv
[34.280s] -- Up-to-date: /sim_ws/install/safety_node/lib/python3.8/site-packages/safety_node
[34.281s] -- Up-to-date: /sim_ws/install/safety_node/lib/python3.8/site-packages/safety_node/__init__.py
[34.414s] Listing '/sim_ws/install/safety_node/lib/python3.8/site-packages/safety_node'...
[34.450s] -- Up-to-date: /sim_ws/install/safety_node/lib/safety_node/safety_node.py
[34.450s] -- Up-to-date: /sim_ws/install/safety_node/share/ament_index/resource_index/package_run_dependencies/safety_node
[34.459s] -- Up-to-date: /sim_ws/install/safety_node/share/ament_index/resource_index/parent_prefix_path/safety_node
[34.459s] -- Up-to-date: /sim_ws/install/safety_node/share/safety_node/environment/ament_prefix_path.sh
[34.464s] -- Up-to-date: /sim_ws/install/safety_node/share/safety_node/environment/ament_prefix_path.dsv
[34.464s] -- Up-to-date: /sim_ws/install/safety_node/share/safety_node/environment/path.sh
[34.465s] -- Up-to-date: /sim_ws/install/safety_node/share/safety_node/environment/path.dsv
[34.484s] -- Up-to-date: /sim_ws/install/safety_node/share/safety_node/local_setup.bash
[34.486s] -- Up-to-date: /sim_ws/install/safety_node/share/safety_node/local_setup.sh
[34.488s] -- Up-to-date: /sim_ws/install/safety_node/share/safety_node/local_setup.zsh
[34.489s] -- Up-to-date: /sim_ws/install/safety_node/share/safety_node/local_setup.dsv
[34.489s] -- Installing: /sim_ws/install/safety_node/share/safety_node/package.dsv
[34.489s] -- Up-to-date: /sim_ws/install/safety_node/share/ament_index/resource_index/packages/safety_node
[34.489s] -- Up-to-date: /sim_ws/install/safety_node/share/safety_node/cmake/safety_nodeConfig.cmake
[34.489s] -- Up-to-date: /sim_ws/install/safety_node/share/safety_node/cmake/safety_nodeConfig-version.cmake
[34.492s] -- Up-to-date: /sim_ws/install/safety_node/share/safety_node/package.xml
[34.492s] Invoked command in '/sim_ws/build/safety_node' returned '0': CMAKE_PREFIX_PATH=${CMAKE_PREFIX_PATH}:/sim_ws/install/f1tenth_gym_ros:/opt/ros/foxy /usr/bin/cmake --install /sim_ws/build/safety_node
