[1.596s] Invoking command in '/sim_ws/build/safety_node': CMAKE_PREFIX_PATH=${CMAKE_PREFIX_PATH}:/sim_ws/install/f1tenth_gym_ros:/opt/ros/foxy /usr/bin/cmake --build /sim_ws/build/safety_node -- -j4 -l4
[2.285s] [100%] Built target safety_node
[2.353s] Invoked command in '/sim_ws/build/safety_node' returned '0': CMAKE_PREFIX_PATH=${CMAKE_PREFIX_PATH}:/sim_ws/install/f1tenth_gym_ros:/opt/ros/foxy /usr/bin/cmake --build /sim_ws/build/safety_node -- -j4 -l4
[2.708s] Invoking command in '/sim_ws/build/safety_node': CMAKE_PREFIX_PATH=${CMAKE_PREFIX_PATH}:/sim_ws/install/f1tenth_gym_ros:/opt/ros/foxy /usr/bin/cmake --install /sim_ws/build/safety_node
[2.831s] -- Install configuration: ""
[2.831s] -- Up-to-date: /sim_ws/install/safety_node/lib/safety_node/safety_node
[2.832s] -- Up-to-date: /sim_ws/install/safety_node/share/ament_index/resource_index/package_run_dependencies/safety_node
[2.832s] -- Up-to-date: /sim_ws/install/safety_node/share/ament_index/resource_index/parent_prefix_path/safety_node
[2.833s] -- Up-to-date: /sim_ws/install/safety_node/share/safety_node/environment/ament_prefix_path.sh
[2.833s] -- Up-to-date: /sim_ws/install/safety_node/share/safety_node/environment/ament_prefix_path.dsv
[2.833s] -- Up-to-date: /sim_ws/install/safety_node/share/safety_node/environment/path.sh
[2.833s] -- Up-to-date: /sim_ws/install/safety_node/share/safety_node/environment/path.dsv
[2.834s] -- Up-to-date: /sim_ws/install/safety_node/share/safety_node/local_setup.bash
[2.834s] -- Up-to-date: /sim_ws/install/safety_node/share/safety_node/local_setup.sh
[2.835s] -- Up-to-date: /sim_ws/install/safety_node/share/safety_node/local_setup.zsh
[2.836s] -- Up-to-date: /sim_ws/install/safety_node/share/safety_node/local_setup.dsv
[2.838s] -- Installing: /sim_ws/install/safety_node/share/safety_node/package.dsv
[2.859s] -- Up-to-date: /sim_ws/install/safety_node/share/ament_index/resource_index/packages/safety_node
[2.860s] -- Up-to-date: /sim_ws/install/safety_node/share/safety_node/cmake/safety_nodeConfig.cmake
[2.860s] -- Up-to-date: /sim_ws/install/safety_node/share/safety_node/cmake/safety_nodeConfig-version.cmake
[2.864s] -- Up-to-date: /sim_ws/install/safety_node/share/safety_node/package.xml
[2.966s] Invoked command in '/sim_ws/build/safety_node' returned '0': CMAKE_PREFIX_PATH=${CMAKE_PREFIX_PATH}:/sim_ws/install/f1tenth_gym_ros:/opt/ros/foxy /usr/bin/cmake --install /sim_ws/build/safety_node
