[0.835s] Invoking command in '/sim_ws/build/wall_follow': CMAKE_PREFIX_PATH=${CMAKE_PREFIX_PATH}:/sim_ws/install/f1tenth_gym_ros:/opt/ros/foxy /usr/bin/cmake --build /sim_ws/build/wall_follow -- -j4 -l4
[1.004s] [35m[1mScanning dependencies of target wall_follow_node[0m
[1.131s] [ 50%] [32mBuilding CXX object CMakeFiles/wall_follow_node.dir/src/wall_follow_node.cpp.o[0m
[20.478s] [100%] [32m[1mLinking CXX executable wall_follow_node[0m
[21.980s] [100%] Built target wall_follow_node
[22.031s] Invoked command in '/sim_ws/build/wall_follow' returned '0': CMAKE_PREFIX_PATH=${CMAKE_PREFIX_PATH}:/sim_ws/install/f1tenth_gym_ros:/opt/ros/foxy /usr/bin/cmake --build /sim_ws/build/wall_follow -- -j4 -l4
[22.141s] Invoking command in '/sim_ws/build/wall_follow': CMAKE_PREFIX_PATH=${CMAKE_PREFIX_PATH}:/sim_ws/install/f1tenth_gym_ros:/opt/ros/foxy /usr/bin/cmake --install /sim_ws/build/wall_follow
[22.169s] -- Install configuration: ""
[22.170s] -- Installing: /sim_ws/install/wall_follow/lib/wall_follow/wall_follow_node
[22.175s] -- Set runtime path of "/sim_ws/install/wall_follow/lib/wall_follow/wall_follow_node" to ""
[22.178s] -- Up-to-date: /sim_ws/install/wall_follow/share/ament_index/resource_index/package_run_dependencies/wall_follow
[22.179s] -- Up-to-date: /sim_ws/install/wall_follow/share/ament_index/resource_index/parent_prefix_path/wall_follow
[22.179s] -- Up-to-date: /sim_ws/install/wall_follow/share/wall_follow/environment/ament_prefix_path.sh
[22.179s] -- Up-to-date: /sim_ws/install/wall_follow/share/wall_follow/environment/ament_prefix_path.dsv
[22.179s] -- Up-to-date: /sim_ws/install/wall_follow/share/wall_follow/environment/path.sh
[22.180s] -- Up-to-date: /sim_ws/install/wall_follow/share/wall_follow/environment/path.dsv
[22.180s] -- Up-to-date: /sim_ws/install/wall_follow/share/wall_follow/local_setup.bash
[22.180s] -- Up-to-date: /sim_ws/install/wall_follow/share/wall_follow/local_setup.sh
[22.180s] -- Up-to-date: /sim_ws/install/wall_follow/share/wall_follow/local_setup.zsh
[22.180s] -- Up-to-date: /sim_ws/install/wall_follow/share/wall_follow/local_setup.dsv
[22.182s] -- Installing: /sim_ws/install/wall_follow/share/wall_follow/package.dsv
[22.184s] -- Up-to-date: /sim_ws/install/wall_follow/share/ament_index/resource_index/packages/wall_follow
[22.187s] -- Up-to-date: /sim_ws/install/wall_follow/share/wall_follow/cmake/wall_followConfig.cmake
[22.188s] -- Up-to-date: /sim_ws/install/wall_follow/share/wall_follow/cmake/wall_followConfig-version.cmake
[22.188s] -- Up-to-date: /sim_ws/install/wall_follow/share/wall_follow/package.xml
[22.188s] -- Up-to-date: /sim_ws/install/wall_follow/share/wall_follow//launch
[22.198s] -- Up-to-date: /sim_ws/install/wall_follow/share/wall_follow//launch/wall_follow_launch.py
[22.209s] Invoked command in '/sim_ws/build/wall_follow' returned '0': CMAKE_PREFIX_PATH=${CMAKE_PREFIX_PATH}:/sim_ws/install/f1tenth_gym_ros:/opt/ros/foxy /usr/bin/cmake --install /sim_ws/build/wall_follow
