[1.110s] Invoking command in '/sim_ws/build/wall_follow': CMAKE_PREFIX_PATH=${CMAKE_PREFIX_PATH}:/sim_ws/install/f1tenth_gym_ros:/opt/ros/foxy /usr/bin/cmake --build /sim_ws/build/wall_follow -- -j4 -l4
[1.608s] [100%] Built target wall_follow_node
[1.670s] Invoked command in '/sim_ws/build/wall_follow' returned '0': CMAKE_PREFIX_PATH=${CMAKE_PREFIX_PATH}:/sim_ws/install/f1tenth_gym_ros:/opt/ros/foxy /usr/bin/cmake --build /sim_ws/build/wall_follow -- -j4 -l4
[1.894s] Invoking command in '/sim_ws/build/wall_follow': CMAKE_PREFIX_PATH=${CMAKE_PREFIX_PATH}:/sim_ws/install/f1tenth_gym_ros:/opt/ros/foxy /usr/bin/cmake --install /sim_ws/build/wall_follow
[1.955s] -- Install configuration: ""
[1.960s] -- Up-to-date: /sim_ws/install/wall_follow/lib/wall_follow/wall_follow_node
[1.962s] -- Up-to-date: /sim_ws/install/wall_follow/share/ament_index/resource_index/package_run_dependencies/wall_follow
[1.963s] -- Up-to-date: /sim_ws/install/wall_follow/share/ament_index/resource_index/parent_prefix_path/wall_follow
[1.964s] -- Up-to-date: /sim_ws/install/wall_follow/share/wall_follow/environment/ament_prefix_path.sh
[1.964s] -- Up-to-date: /sim_ws/install/wall_follow/share/wall_follow/environment/ament_prefix_path.dsv
[1.964s] -- Up-to-date: /sim_ws/install/wall_follow/share/wall_follow/environment/path.sh
[1.964s] -- Up-to-date: /sim_ws/install/wall_follow/share/wall_follow/environment/path.dsv
[1.965s] -- Up-to-date: /sim_ws/install/wall_follow/share/wall_follow/local_setup.bash
[1.965s] -- Up-to-date: /sim_ws/install/wall_follow/share/wall_follow/local_setup.sh
[1.966s] -- Up-to-date: /sim_ws/install/wall_follow/share/wall_follow/local_setup.zsh
[1.966s] -- Up-to-date: /sim_ws/install/wall_follow/share/wall_follow/local_setup.dsv
[1.966s] -- Installing: /sim_ws/install/wall_follow/share/wall_follow/package.dsv
[1.967s] -- Up-to-date: /sim_ws/install/wall_follow/share/ament_index/resource_index/packages/wall_follow
[1.968s] -- Up-to-date: /sim_ws/install/wall_follow/share/wall_follow/cmake/wall_followConfig.cmake
[1.968s] -- Up-to-date: /sim_ws/install/wall_follow/share/wall_follow/cmake/wall_followConfig-version.cmake
[1.968s] -- Up-to-date: /sim_ws/install/wall_follow/share/wall_follow/package.xml
[1.969s] -- Up-to-date: /sim_ws/install/wall_follow/share/wall_follow//launch
[1.970s] -- Up-to-date: /sim_ws/install/wall_follow/share/wall_follow//launch/wall_follow_launch.py
[1.987s] Invoked command in '/sim_ws/build/wall_follow' returned '0': CMAKE_PREFIX_PATH=${CMAKE_PREFIX_PATH}:/sim_ws/install/f1tenth_gym_ros:/opt/ros/foxy /usr/bin/cmake --install /sim_ws/build/wall_follow
