[1.749s] Invoking command in '/sim_ws/build/safety_node': CMAKE_PREFIX_PATH=${CMAKE_PREFIX_PATH}:/sim_ws/install/f1tenth_gym_ros:/opt/ros/foxy /usr/bin/cmake --build /sim_ws/build/safety_node -- -j4 -l4
[2.099s] [100%] Built target safety_node
[2.148s] Invoked command in '/sim_ws/build/safety_node' returned '0': CMAKE_PREFIX_PATH=${CMAKE_PREFIX_PATH}:/sim_ws/install/f1tenth_gym_ros:/opt/ros/foxy /usr/bin/cmake --build /sim_ws/build/safety_node -- -j4 -l4
[2.568s] Invoking command in '/sim_ws/build/safety_node': CMAKE_PREFIX_PATH=${CMAKE_PREFIX_PATH}:/sim_ws/install/f1tenth_gym_ros:/opt/ros/foxy /usr/bin/cmake --install /sim_ws/build/safety_node
[2.631s] -- Install configuration: ""
[2.636s] -- Up-to-date: /sim_ws/install/safety_node/lib/safety_node/safety_node
[2.639s] -- Up-to-date: /sim_ws/install/safety_node/share/ament_index/resource_index/package_run_dependencies/safety_node
[2.640s] -- Up-to-date: /sim_ws/install/safety_node/share/ament_index/resource_index/parent_prefix_path/safety_node
[2.642s] -- Up-to-date: /sim_ws/install/safety_node/share/safety_node/environment/ament_prefix_path.sh
[2.643s] -- Up-to-date: /sim_ws/install/safety_node/share/safety_node/environment/ament_prefix_path.dsv
[2.645s] -- Up-to-date: /sim_ws/install/safety_node/share/safety_node/environment/path.sh
[2.647s] -- Up-to-date: /sim_ws/install/safety_node/share/safety_node/environment/path.dsv
[2.649s] -- Up-to-date: /sim_ws/install/safety_node/share/safety_node/local_setup.bash
[2.650s] -- Up-to-date: /sim_ws/install/safety_node/share/safety_node/local_setup.sh
[2.653s] -- Up-to-date: /sim_ws/install/safety_node/share/safety_node/local_setup.zsh
[2.654s] -- Up-to-date: /sim_ws/install/safety_node/share/safety_node/local_setup.dsv
[2.656s] -- Installing: /sim_ws/install/safety_node/share/safety_node/package.dsv
[2.659s] -- Up-to-date: /sim_ws/install/safety_node/share/ament_index/resource_index/packages/safety_node
[2.660s] -- Up-to-date: /sim_ws/install/safety_node/share/safety_node/cmake/safety_nodeConfig.cmake
[2.661s] -- Up-to-date: /sim_ws/install/safety_node/share/safety_node/cmake/safety_nodeConfig-version.cmake
[2.663s] -- Up-to-date: /sim_ws/install/safety_node/share/safety_node/package.xml
[2.671s] Invoked command in '/sim_ws/build/safety_node' returned '0': CMAKE_PREFIX_PATH=${CMAKE_PREFIX_PATH}:/sim_ws/install/f1tenth_gym_ros:/opt/ros/foxy /usr/bin/cmake --install /sim_ws/build/safety_node
