[0.975s] Invoking command in '/sim_ws/build/wall_follow': CMAKE_PREFIX_PATH=${CMAKE_PREFIX_PATH}:/sim_ws/install/f1tenth_gym_ros:/opt/ros/foxy /usr/bin/cmake --build /sim_ws/build/wall_follow -- -j4 -l4
[1.400s] [35m[1mScanning dependencies of target wall_follow_node[0m
[1.727s] [ 50%] [32mBuilding CXX object CMakeFiles/wall_follow_node.dir/src/wall_follow_node.cpp.o[0m
[22.251s] [100%] [32m[1mLinking CXX executable wall_follow_node[0m
[23.269s] [100%] Built target wall_follow_node
[23.344s] Invoked command in '/sim_ws/build/wall_follow' returned '0': CMAKE_PREFIX_PATH=${CMAKE_PREFIX_PATH}:/sim_ws/install/f1tenth_gym_ros:/opt/ros/foxy /usr/bin/cmake --build /sim_ws/build/wall_follow -- -j4 -l4
[23.472s] Invoking command in '/sim_ws/build/wall_follow': CMAKE_PREFIX_PATH=${CMAKE_PREFIX_PATH}:/sim_ws/install/f1tenth_gym_ros:/opt/ros/foxy /usr/bin/cmake --install /sim_ws/build/wall_follow
[23.501s] -- Install configuration: ""
[23.501s] -- Installing: /sim_ws/install/wall_follow/lib/wall_follow/wall_follow_node
[23.530s] -- Set runtime path of "/sim_ws/install/wall_follow/lib/wall_follow/wall_follow_node" to ""
[23.531s] -- Up-to-date: /sim_ws/install/wall_follow/share/ament_index/resource_index/package_run_dependencies/wall_follow
[23.532s] -- Up-to-date: /sim_ws/install/wall_follow/share/ament_index/resource_index/parent_prefix_path/wall_follow
[23.534s] -- Up-to-date: /sim_ws/install/wall_follow/share/wall_follow/environment/ament_prefix_path.sh
[23.534s] -- Up-to-date: /sim_ws/install/wall_follow/share/wall_follow/environment/ament_prefix_path.dsv
[23.534s] -- Up-to-date: /sim_ws/install/wall_follow/share/wall_follow/environment/path.sh
[23.535s] -- Up-to-date: /sim_ws/install/wall_follow/share/wall_follow/environment/path.dsv
[23.537s] -- Up-to-date: /sim_ws/install/wall_follow/share/wall_follow/local_setup.bash
[23.537s] -- Up-to-date: /sim_ws/install/wall_follow/share/wall_follow/local_setup.sh
[23.554s] -- Up-to-date: /sim_ws/install/wall_follow/share/wall_follow/local_setup.zsh
[23.555s] -- Up-to-date: /sim_ws/install/wall_follow/share/wall_follow/local_setup.dsv
[23.556s] -- Installing: /sim_ws/install/wall_follow/share/wall_follow/package.dsv
[23.556s] -- Up-to-date: /sim_ws/install/wall_follow/share/ament_index/resource_index/packages/wall_follow
[23.556s] -- Up-to-date: /sim_ws/install/wall_follow/share/wall_follow/cmake/wall_followConfig.cmake
[23.557s] -- Up-to-date: /sim_ws/install/wall_follow/share/wall_follow/cmake/wall_followConfig-version.cmake
[23.557s] -- Up-to-date: /sim_ws/install/wall_follow/share/wall_follow/package.xml
[23.557s] -- Up-to-date: /sim_ws/install/wall_follow/share/wall_follow//launch
[23.558s] -- Up-to-date: /sim_ws/install/wall_follow/share/wall_follow//launch/wall_follow_launch.py
[23.573s] Invoked command in '/sim_ws/build/wall_follow' returned '0': CMAKE_PREFIX_PATH=${CMAKE_PREFIX_PATH}:/sim_ws/install/f1tenth_gym_ros:/opt/ros/foxy /usr/bin/cmake --install /sim_ws/build/wall_follow
