[0.882s] Invoking command in '/sim_ws/build/safety_node': CMAKE_PREFIX_PATH=${CMAKE_PREFIX_PATH}:/sim_ws/install/f1tenth_gym_ros:/opt/ros/foxy /usr/bin/cmake --build /sim_ws/build/safety_node -- -j4 -l4
[1.057s] -- Found ament_cmake: 0.9.12 (/opt/ros/foxy/share/ament_cmake/cmake)
[1.301s] -- Using PYTHON_EXECUTABLE: /usr/bin/python3
[2.038s] -- Found rclcpp: 2.4.3 (/opt/ros/foxy/share/rclcpp/cmake)
[2.227s] -- Using all available rosidl_typesupport_c: rosidl_typesupport_fastrtps_c;rosidl_typesupport_introspection_c
[2.241s] -- Found rosidl_adapter: 1.3.1 (/opt/ros/foxy/share/rosidl_adapter/cmake)
[2.558s] -- Using all available rosidl_typesupport_cpp: rosidl_typesupport_fastrtps_cpp;rosidl_typesupport_introspection_cpp
[2.940s] -- Found rmw_implementation_cmake: 1.0.4 (/opt/ros/foxy/share/rmw_implementation_cmake/cmake)
[2.952s] -- Using RMW implementation 'rmw_fastrtps_cpp' as default
[3.779s] -- Found rclpy: 1.0.13 (/opt/ros/foxy/share/rclpy/cmake)
[3.780s] -- Found nav_msgs: 2.0.5 (/opt/ros/foxy/share/nav_msgs/cmake)
[4.467s] -- Found ackermann_msgs: 2.0.2 (/opt/ros/foxy/share/ackermann_msgs/cmake)
[4.591s] -- Found sensor_msgs: 2.0.5 (/opt/ros/foxy/share/sensor_msgs/cmake)
[4.923s] -- Found ament_lint_auto: 0.9.8 (/opt/ros/foxy/share/ament_lint_auto/cmake)
[5.207s] -- Added test 'copyright' to check source files copyright and LICENSE
[5.215s] -- Added test 'cppcheck' to perform static code analysis on C / C++ code
[5.216s] -- Configured cppcheck include dirs: /sim_ws/src/safety_node/include
[5.216s] -- Configured cppcheck exclude dirs and/or files: 
[5.218s] -- Added test 'cpplint' to check C / C++ code against the Google style
[5.219s] -- Configured cpplint exclude dirs and/or files: 
[5.220s] -- Added test 'flake8' to check Python code syntax and style conventions
[5.222s] -- Added test 'lint_cmake' to check CMake code style
[5.225s] -- Added test 'pep257' to check Python code against some of the style conventions in PEP 257
[5.229s] -- Added test 'uncrustify' to check C / C++ code style
[5.230s] -- Configured uncrustify additional arguments: 
[5.232s] -- Added test 'xmllint' to check XML markup files
[5.247s] -- Configuring done
[5.331s] -- Generating done
[5.346s] -- Build files have been written to: /sim_ws/build/safety_node
[5.710s] [100%] Built target safety_node
[5.780s] Invoked command in '/sim_ws/build/safety_node' returned '0': CMAKE_PREFIX_PATH=${CMAKE_PREFIX_PATH}:/sim_ws/install/f1tenth_gym_ros:/opt/ros/foxy /usr/bin/cmake --build /sim_ws/build/safety_node -- -j4 -l4
[5.981s] Invoking command in '/sim_ws/build/safety_node': CMAKE_PREFIX_PATH=${CMAKE_PREFIX_PATH}:/sim_ws/install/f1tenth_gym_ros:/opt/ros/foxy /usr/bin/cmake --install /sim_ws/build/safety_node
[6.000s] -- Install configuration: ""
[6.000s] -- Up-to-date: /sim_ws/install/safety_node/lib/safety_node/safety_node
[6.001s] -- Up-to-date: /sim_ws/install/safety_node/share/ament_index/resource_index/package_run_dependencies/safety_node
[6.001s] -- Installing: /sim_ws/install/safety_node/share/ament_index/resource_index/parent_prefix_path/safety_node
[6.002s] -- Up-to-date: /sim_ws/install/safety_node/share/safety_node/environment/ament_prefix_path.sh
[6.002s] -- Installing: /sim_ws/install/safety_node/share/safety_node/environment/ament_prefix_path.dsv
[6.002s] -- Up-to-date: /sim_ws/install/safety_node/share/safety_node/environment/path.sh
[6.003s] -- Installing: /sim_ws/install/safety_node/share/safety_node/environment/path.dsv
[6.003s] -- Up-to-date: /sim_ws/install/safety_node/share/safety_node/local_setup.bash
[6.003s] -- Installing: /sim_ws/install/safety_node/share/safety_node/local_setup.sh
[6.004s] -- Up-to-date: /sim_ws/install/safety_node/share/safety_node/local_setup.zsh
[6.004s] -- Installing: /sim_ws/install/safety_node/share/safety_node/local_setup.dsv
[6.006s] -- Installing: /sim_ws/install/safety_node/share/safety_node/package.dsv
[6.007s] -- Up-to-date: /sim_ws/install/safety_node/share/ament_index/resource_index/packages/safety_node
[6.007s] -- Up-to-date: /sim_ws/install/safety_node/share/safety_node/cmake/safety_nodeConfig.cmake
[6.007s] -- Up-to-date: /sim_ws/install/safety_node/share/safety_node/cmake/safety_nodeConfig-version.cmake
[6.009s] -- Up-to-date: /sim_ws/install/safety_node/share/safety_node/package.xml
[6.019s] Invoked command in '/sim_ws/build/safety_node' returned '0': CMAKE_PREFIX_PATH=${CMAKE_PREFIX_PATH}:/sim_ws/install/f1tenth_gym_ros:/opt/ros/foxy /usr/bin/cmake --install /sim_ws/build/safety_node
