[0.776s] Invoking command in '/sim_ws/build/wall_follow': CMAKE_PREFIX_PATH=${CMAKE_PREFIX_PATH}:/sim_ws/install/f1tenth_gym_ros:/opt/ros/foxy /usr/bin/cmake --build /sim_ws/build/wall_follow -- -j4 -l4
[1.127s] [35m[1mScanning dependencies of target wall_follow_node[0m
[1.327s] [ 50%] [32mBuilding CXX object CMakeFiles/wall_follow_node.dir/src/wall_follow_node.cpp.o[0m
[16.510s] [100%] [32m[1mLinking CXX executable wall_follow_node[0m
[17.292s] [100%] Built target wall_follow_node
[17.326s] Invoked command in '/sim_ws/build/wall_follow' returned '0': CMAKE_PREFIX_PATH=${CMAKE_PREFIX_PATH}:/sim_ws/install/f1tenth_gym_ros:/opt/ros/foxy /usr/bin/cmake --build /sim_ws/build/wall_follow -- -j4 -l4
[17.434s] Invoking command in '/sim_ws/build/wall_follow': CMAKE_PREFIX_PATH=${CMAKE_PREFIX_PATH}:/sim_ws/install/f1tenth_gym_ros:/opt/ros/foxy /usr/bin/cmake --install /sim_ws/build/wall_follow
[17.477s] -- Install configuration: ""
[17.479s] -- Installing: /sim_ws/install/wall_follow/lib/wall_follow/wall_follow_node
[17.491s] -- Set runtime path of "/sim_ws/install/wall_follow/lib/wall_follow/wall_follow_node" to ""
[17.492s] -- Up-to-date: /sim_ws/install/wall_follow/share/ament_index/resource_index/package_run_dependencies/wall_follow
[17.493s] -- Up-to-date: /sim_ws/install/wall_follow/share/ament_index/resource_index/parent_prefix_path/wall_follow
[17.493s] -- Up-to-date: /sim_ws/install/wall_follow/share/wall_follow/environment/ament_prefix_path.sh
[17.494s] -- Up-to-date: /sim_ws/install/wall_follow/share/wall_follow/environment/ament_prefix_path.dsv
[17.496s] -- Up-to-date: /sim_ws/install/wall_follow/share/wall_follow/environment/path.sh
[17.496s] -- Up-to-date: /sim_ws/install/wall_follow/share/wall_follow/environment/path.dsv
[17.497s] -- Up-to-date: /sim_ws/install/wall_follow/share/wall_follow/local_setup.bash
[17.497s] -- Up-to-date: /sim_ws/install/wall_follow/share/wall_follow/local_setup.sh
[17.497s] -- Up-to-date: /sim_ws/install/wall_follow/share/wall_follow/local_setup.zsh
[17.497s] -- Up-to-date: /sim_ws/install/wall_follow/share/wall_follow/local_setup.dsv
[17.505s] -- Installing: /sim_ws/install/wall_follow/share/wall_follow/package.dsv
[17.505s] -- Up-to-date: /sim_ws/install/wall_follow/share/ament_index/resource_index/packages/wall_follow
[17.505s] -- Up-to-date: /sim_ws/install/wall_follow/share/wall_follow/cmake/wall_followConfig.cmake
[17.505s] -- Up-to-date: /sim_ws/install/wall_follow/share/wall_follow/cmake/wall_followConfig-version.cmake
[17.505s] -- Up-to-date: /sim_ws/install/wall_follow/share/wall_follow/package.xml
[17.506s] -- Up-to-date: /sim_ws/install/wall_follow/share/wall_follow//launch
[17.506s] -- Up-to-date: /sim_ws/install/wall_follow/share/wall_follow//launch/wall_follow_launch.py
[17.506s] Invoked command in '/sim_ws/build/wall_follow' returned '0': CMAKE_PREFIX_PATH=${CMAKE_PREFIX_PATH}:/sim_ws/install/f1tenth_gym_ros:/opt/ros/foxy /usr/bin/cmake --install /sim_ws/build/wall_follow
