[0.934s] Invoking command in '/sim_ws/build/safety_node': CMAKE_PREFIX_PATH=${CMAKE_PREFIX_PATH}:/sim_ws/install/f1tenth_gym_ros:/opt/ros/foxy /usr/bin/cmake --build /sim_ws/build/safety_node -- -j4 -l4
[2.573s] [100%] Built target safety_node
[2.635s] Invoked command in '/sim_ws/build/safety_node' returned '0': CMAKE_PREFIX_PATH=${CMAKE_PREFIX_PATH}:/sim_ws/install/f1tenth_gym_ros:/opt/ros/foxy /usr/bin/cmake --build /sim_ws/build/safety_node -- -j4 -l4
[2.986s] Invoking command in '/sim_ws/build/safety_node': CMAKE_PREFIX_PATH=${CMAKE_PREFIX_PATH}:/sim_ws/install/f1tenth_gym_ros:/opt/ros/foxy /usr/bin/cmake --install /sim_ws/build/safety_node
[3.038s] -- Install configuration: ""
[3.049s] -- Up-to-date: /sim_ws/install/safety_node/lib/safety_node/safety_node
[3.050s] -- Up-to-date: /sim_ws/install/safety_node/share/ament_index/resource_index/package_run_dependencies/safety_node
[3.051s] -- Up-to-date: /sim_ws/install/safety_node/share/ament_index/resource_index/parent_prefix_path/safety_node
[3.052s] -- Up-to-date: /sim_ws/install/safety_node/share/safety_node/environment/ament_prefix_path.sh
[3.055s] -- Up-to-date: /sim_ws/install/safety_node/share/safety_node/environment/ament_prefix_path.dsv
[3.056s] -- Up-to-date: /sim_ws/install/safety_node/share/safety_node/environment/path.sh
[3.056s] -- Up-to-date: /sim_ws/install/safety_node/share/safety_node/environment/path.dsv
[3.058s] -- Up-to-date: /sim_ws/install/safety_node/share/safety_node/local_setup.bash
[3.058s] -- Up-to-date: /sim_ws/install/safety_node/share/safety_node/local_setup.sh
[3.061s] -- Up-to-date: /sim_ws/install/safety_node/share/safety_node/local_setup.zsh
[3.061s] -- Up-to-date: /sim_ws/install/safety_node/share/safety_node/local_setup.dsv
[3.062s] -- Installing: /sim_ws/install/safety_node/share/safety_node/package.dsv
[3.064s] -- Up-to-date: /sim_ws/install/safety_node/share/ament_index/resource_index/packages/safety_node
[3.065s] -- Up-to-date: /sim_ws/install/safety_node/share/safety_node/cmake/safety_nodeConfig.cmake
[3.065s] -- Up-to-date: /sim_ws/install/safety_node/share/safety_node/cmake/safety_nodeConfig-version.cmake
[3.068s] -- Up-to-date: /sim_ws/install/safety_node/share/safety_node/package.xml
[3.075s] Invoked command in '/sim_ws/build/safety_node' returned '0': CMAKE_PREFIX_PATH=${CMAKE_PREFIX_PATH}:/sim_ws/install/f1tenth_gym_ros:/opt/ros/foxy /usr/bin/cmake --install /sim_ws/build/safety_node
