[0.319s] Invoking command in '/sim_ws/build/wall_follow': CMAKE_PREFIX_PATH=${CMAKE_PREFIX_PATH}:/sim_ws/install/f1tenth_gym_ros:/opt/ros/foxy /usr/bin/cmake --build /sim_ws/build/wall_follow -- -j4 -l4
[0.589s] [100%] Built target wall_follow_node
[0.699s] Invoked command in '/sim_ws/build/wall_follow' returned '0': CMAKE_PREFIX_PATH=${CMAKE_PREFIX_PATH}:/sim_ws/install/f1tenth_gym_ros:/opt/ros/foxy /usr/bin/cmake --build /sim_ws/build/wall_follow -- -j4 -l4
[0.834s] Invoking command in '/sim_ws/build/wall_follow': CMAKE_PREFIX_PATH=${CMAKE_PREFIX_PATH}:/sim_ws/install/f1tenth_gym_ros:/opt/ros/foxy /usr/bin/cmake --install /sim_ws/build/wall_follow
[0.866s] -- Install configuration: ""
[0.867s] -- Up-to-date: /sim_ws/install/wall_follow/lib/wall_follow/wall_follow_node
[0.867s] -- Up-to-date: /sim_ws/install/wall_follow/share/ament_index/resource_index/package_run_dependencies/wall_follow
[0.867s] -- Up-to-date: /sim_ws/install/wall_follow/share/ament_index/resource_index/parent_prefix_path/wall_follow
[0.868s] -- Up-to-date: /sim_ws/install/wall_follow/share/wall_follow/environment/ament_prefix_path.sh
[0.868s] -- Up-to-date: /sim_ws/install/wall_follow/share/wall_follow/environment/ament_prefix_path.dsv
[0.868s] -- Up-to-date: /sim_ws/install/wall_follow/share/wall_follow/environment/path.sh
[0.868s] -- Up-to-date: /sim_ws/install/wall_follow/share/wall_follow/environment/path.dsv
[0.868s] -- Up-to-date: /sim_ws/install/wall_follow/share/wall_follow/local_setup.bash
[0.869s] -- Up-to-date: /sim_ws/install/wall_follow/share/wall_follow/local_setup.sh
[0.869s] -- Up-to-date: /sim_ws/install/wall_follow/share/wall_follow/local_setup.zsh
[0.869s] -- Up-to-date: /sim_ws/install/wall_follow/share/wall_follow/local_setup.dsv
[0.869s] -- Installing: /sim_ws/install/wall_follow/share/wall_follow/package.dsv
[0.870s] -- Up-to-date: /sim_ws/install/wall_follow/share/ament_index/resource_index/packages/wall_follow
[0.870s] -- Up-to-date: /sim_ws/install/wall_follow/share/wall_follow/cmake/wall_followConfig.cmake
[0.870s] -- Up-to-date: /sim_ws/install/wall_follow/share/wall_follow/cmake/wall_followConfig-version.cmake
[0.870s] -- Up-to-date: /sim_ws/install/wall_follow/share/wall_follow/package.xml
[0.876s] Invoked command in '/sim_ws/build/wall_follow' returned '0': CMAKE_PREFIX_PATH=${CMAKE_PREFIX_PATH}:/sim_ws/install/f1tenth_gym_ros:/opt/ros/foxy /usr/bin/cmake --install /sim_ws/build/wall_follow
