[1.091s] Invoking command in '/sim_ws/build/safety_node': CMAKE_PREFIX_PATH=${CMAKE_PREFIX_PATH}:/sim_ws/install/f1tenth_gym_ros:/opt/ros/foxy /usr/bin/cmake --build /sim_ws/build/safety_node -- -j4 -l4
[1.404s] [100%] Built target safety_node
[1.449s] Invoked command in '/sim_ws/build/safety_node' returned '0': CMAKE_PREFIX_PATH=${CMAKE_PREFIX_PATH}:/sim_ws/install/f1tenth_gym_ros:/opt/ros/foxy /usr/bin/cmake --build /sim_ws/build/safety_node -- -j4 -l4
[1.875s] Invoking command in '/sim_ws/build/safety_node': CMAKE_PREFIX_PATH=${CMAKE_PREFIX_PATH}:/sim_ws/install/f1tenth_gym_ros:/opt/ros/foxy /usr/bin/cmake --install /sim_ws/build/safety_node
[1.911s] -- Install configuration: ""
[1.913s] -- Up-to-date: /sim_ws/install/safety_node/lib/safety_node/safety_node
[1.917s] -- Up-to-date: /sim_ws/install/safety_node/share/ament_index/resource_index/package_run_dependencies/safety_node
[1.919s] -- Up-to-date: /sim_ws/install/safety_node/share/ament_index/resource_index/parent_prefix_path/safety_node
[1.920s] -- Up-to-date: /sim_ws/install/safety_node/share/safety_node/environment/ament_prefix_path.sh
[1.922s] -- Up-to-date: /sim_ws/install/safety_node/share/safety_node/environment/ament_prefix_path.dsv
[1.925s] -- Up-to-date: /sim_ws/install/safety_node/share/safety_node/environment/path.sh
[1.930s] -- Up-to-date: /sim_ws/install/safety_node/share/safety_node/environment/path.dsv
[1.933s] -- Up-to-date: /sim_ws/install/safety_node/share/safety_node/local_setup.bash
[1.936s] -- Up-to-date: /sim_ws/install/safety_node/share/safety_node/local_setup.sh
[1.938s] -- Up-to-date: /sim_ws/install/safety_node/share/safety_node/local_setup.zsh
[1.939s] -- Up-to-date: /sim_ws/install/safety_node/share/safety_node/local_setup.dsv
[1.941s] -- Installing: /sim_ws/install/safety_node/share/safety_node/package.dsv
[1.943s] -- Up-to-date: /sim_ws/install/safety_node/share/ament_index/resource_index/packages/safety_node
[1.945s] -- Up-to-date: /sim_ws/install/safety_node/share/safety_node/cmake/safety_nodeConfig.cmake
[1.946s] -- Up-to-date: /sim_ws/install/safety_node/share/safety_node/cmake/safety_nodeConfig-version.cmake
[1.948s] -- Up-to-date: /sim_ws/install/safety_node/share/safety_node/package.xml
[1.965s] Invoked command in '/sim_ws/build/safety_node' returned '0': CMAKE_PREFIX_PATH=${CMAKE_PREFIX_PATH}:/sim_ws/install/f1tenth_gym_ros:/opt/ros/foxy /usr/bin/cmake --install /sim_ws/build/safety_node
