[0.546s] Invoking command in '/sim_ws/build/safety_node': CMAKE_PREFIX_PATH=${CMAKE_PREFIX_PATH}:/sim_ws/install/f1tenth_gym_ros:/opt/ros/foxy /usr/bin/cmake --build /sim_ws/build/safety_node -- -j4 -l4
[0.790s] [35m[1mScanning dependencies of target safety_node[0m
[0.909s] [ 50%] [32mBuilding CXX object CMakeFiles/safety_node.dir/src/safety_node.cpp.o[0m
[20.331s] [100%] [32m[1mLinking CXX executable safety_node[0m
[21.154s] [100%] Built target safety_node
[21.203s] Invoked command in '/sim_ws/build/safety_node' returned '0': CMAKE_PREFIX_PATH=${CMAKE_PREFIX_PATH}:/sim_ws/install/f1tenth_gym_ros:/opt/ros/foxy /usr/bin/cmake --build /sim_ws/build/safety_node -- -j4 -l4
[21.360s] Invoking command in '/sim_ws/build/safety_node': CMAKE_PREFIX_PATH=${CMAKE_PREFIX_PATH}:/sim_ws/install/f1tenth_gym_ros:/opt/ros/foxy /usr/bin/cmake --install /sim_ws/build/safety_node
[21.385s] -- Install configuration: ""
[21.385s] -- Installing: /sim_ws/install/safety_node/lib/safety_node/safety_node
[21.395s] -- Set runtime path of "/sim_ws/install/safety_node/lib/safety_node/safety_node" to ""
[21.396s] -- Up-to-date: /sim_ws/install/safety_node/share/safety_node/environment/pythonpath.sh
[21.396s] -- Up-to-date: /sim_ws/install/safety_node/share/safety_node/environment/pythonpath.dsv
[21.396s] -- Up-to-date: /sim_ws/install/safety_node/lib/python3.8/site-packages/safety_node
[21.397s] -- Up-to-date: /sim_ws/install/safety_node/lib/python3.8/site-packages/safety_node/__init__.py
[21.498s] Listing '/sim_ws/install/safety_node/lib/python3.8/site-packages/safety_node'...
[21.509s] -- Up-to-date: /sim_ws/install/safety_node/lib/safety_node/safety_node.py
[21.511s] -- Up-to-date: /sim_ws/install/safety_node/share/ament_index/resource_index/package_run_dependencies/safety_node
[21.512s] -- Up-to-date: /sim_ws/install/safety_node/share/ament_index/resource_index/parent_prefix_path/safety_node
[21.512s] -- Up-to-date: /sim_ws/install/safety_node/share/safety_node/environment/ament_prefix_path.sh
[21.514s] -- Up-to-date: /sim_ws/install/safety_node/share/safety_node/environment/ament_prefix_path.dsv
[21.514s] -- Up-to-date: /sim_ws/install/safety_node/share/safety_node/environment/path.sh
[21.519s] -- Up-to-date: /sim_ws/install/safety_node/share/safety_node/environment/path.dsv
[21.519s] -- Up-to-date: /sim_ws/install/safety_node/share/safety_node/local_setup.bash
[21.520s] -- Up-to-date: /sim_ws/install/safety_node/share/safety_node/local_setup.sh
[21.520s] -- Up-to-date: /sim_ws/install/safety_node/share/safety_node/local_setup.zsh
[21.520s] -- Up-to-date: /sim_ws/install/safety_node/share/safety_node/local_setup.dsv
[21.523s] -- Installing: /sim_ws/install/safety_node/share/safety_node/package.dsv
[21.523s] -- Up-to-date: /sim_ws/install/safety_node/share/ament_index/resource_index/packages/safety_node
[21.523s] -- Up-to-date: /sim_ws/install/safety_node/share/safety_node/cmake/safety_nodeConfig.cmake
[21.523s] -- Up-to-date: /sim_ws/install/safety_node/share/safety_node/cmake/safety_nodeConfig-version.cmake
[21.523s] -- Up-to-date: /sim_ws/install/safety_node/share/safety_node/package.xml
[21.535s] Invoked command in '/sim_ws/build/safety_node' returned '0': CMAKE_PREFIX_PATH=${CMAKE_PREFIX_PATH}:/sim_ws/install/f1tenth_gym_ros:/opt/ros/foxy /usr/bin/cmake --install /sim_ws/build/safety_node
