[0.455s] Invoking command in '/sim_ws/build/wall_follow': /usr/bin/cmake --build /sim_ws/build/wall_follow -- -j4 -l4
[0.623s] [100%] Built target wall_follow_node
[0.641s] Invoked command in '/sim_ws/build/wall_follow' returned '0': /usr/bin/cmake --build /sim_ws/build/wall_follow -- -j4 -l4
[0.732s] Invoking command in '/sim_ws/build/wall_follow': /usr/bin/cmake --install /sim_ws/build/wall_follow
[0.756s] -- Install configuration: ""
[0.756s] -- Up-to-date: /sim_ws/install/wall_follow/lib/wall_follow/wall_follow_node
[0.756s] -- Up-to-date: /sim_ws/install/wall_follow/share/ament_index/resource_index/package_run_dependencies/wall_follow
[0.756s] -- Up-to-date: /sim_ws/install/wall_follow/share/ament_index/resource_index/parent_prefix_path/wall_follow
[0.756s] -- Up-to-date: /sim_ws/install/wall_follow/share/wall_follow/environment/ament_prefix_path.sh
[0.757s] -- Up-to-date: /sim_ws/install/wall_follow/share/wall_follow/environment/ament_prefix_path.dsv
[0.757s] -- Up-to-date: /sim_ws/install/wall_follow/share/wall_follow/environment/path.sh
[0.757s] -- Up-to-date: /sim_ws/install/wall_follow/share/wall_follow/environment/path.dsv
[0.757s] -- Up-to-date: /sim_ws/install/wall_follow/share/wall_follow/local_setup.bash
[0.757s] -- Up-to-date: /sim_ws/install/wall_follow/share/wall_follow/local_setup.sh
[0.758s] -- Up-to-date: /sim_ws/install/wall_follow/share/wall_follow/local_setup.zsh
[0.758s] -- Up-to-date: /sim_ws/install/wall_follow/share/wall_follow/local_setup.dsv
[0.758s] -- Installing: /sim_ws/install/wall_follow/share/wall_follow/package.dsv
[0.759s] -- Up-to-date: /sim_ws/install/wall_follow/share/ament_index/resource_index/packages/wall_follow
[0.759s] -- Up-to-date: /sim_ws/install/wall_follow/share/wall_follow/cmake/wall_followConfig.cmake
[0.760s] -- Up-to-date: /sim_ws/install/wall_follow/share/wall_follow/cmake/wall_followConfig-version.cmake
[0.760s] -- Up-to-date: /sim_ws/install/wall_follow/share/wall_follow/package.xml
[0.806s] Invoked command in '/sim_ws/build/wall_follow' returned '0': /usr/bin/cmake --install /sim_ws/build/wall_follow
