[0.560s] Invoking command in '/sim_ws/build/safety_node': CMAKE_PREFIX_PATH=${CMAKE_PREFIX_PATH}:/sim_ws/install/f1tenth_gym_ros:/opt/ros/foxy /usr/bin/cmake --build /sim_ws/build/safety_node -- -j4 -l4
[0.927s] [100%] Built target safety_node
[0.967s] Invoked command in '/sim_ws/build/safety_node' returned '0': CMAKE_PREFIX_PATH=${CMAKE_PREFIX_PATH}:/sim_ws/install/f1tenth_gym_ros:/opt/ros/foxy /usr/bin/cmake --build /sim_ws/build/safety_node -- -j4 -l4
[1.124s] Invoking command in '/sim_ws/build/safety_node': CMAKE_PREFIX_PATH=${CMAKE_PREFIX_PATH}:/sim_ws/install/f1tenth_gym_ros:/opt/ros/foxy /usr/bin/cmake --install /sim_ws/build/safety_node
[1.159s] -- Install configuration: ""
[1.159s] -- Up-to-date: /sim_ws/install/safety_node/lib/safety_node/safety_node
[1.160s] -- Up-to-date: /sim_ws/install/safety_node/share/ament_index/resource_index/package_run_dependencies/safety_node
[1.160s] -- Up-to-date: /sim_ws/install/safety_node/share/ament_index/resource_index/parent_prefix_path/safety_node
[1.160s] -- Up-to-date: /sim_ws/install/safety_node/share/safety_node/environment/ament_prefix_path.sh
[1.161s] -- Up-to-date: /sim_ws/install/safety_node/share/safety_node/environment/ament_prefix_path.dsv
[1.161s] -- Up-to-date: /sim_ws/install/safety_node/share/safety_node/environment/path.sh
[1.161s] -- Up-to-date: /sim_ws/install/safety_node/share/safety_node/environment/path.dsv
[1.162s] -- Up-to-date: /sim_ws/install/safety_node/share/safety_node/local_setup.bash
[1.162s] -- Up-to-date: /sim_ws/install/safety_node/share/safety_node/local_setup.sh
[1.162s] -- Up-to-date: /sim_ws/install/safety_node/share/safety_node/local_setup.zsh
[1.162s] -- Up-to-date: /sim_ws/install/safety_node/share/safety_node/local_setup.dsv
[1.163s] -- Installing: /sim_ws/install/safety_node/share/safety_node/package.dsv
[1.163s] -- Up-to-date: /sim_ws/install/safety_node/share/ament_index/resource_index/packages/safety_node
[1.163s] -- Up-to-date: /sim_ws/install/safety_node/share/safety_node/cmake/safety_nodeConfig.cmake
[1.163s] -- Up-to-date: /sim_ws/install/safety_node/share/safety_node/cmake/safety_nodeConfig-version.cmake
[1.164s] -- Up-to-date: /sim_ws/install/safety_node/share/safety_node/package.xml
[1.166s] Invoked command in '/sim_ws/build/safety_node' returned '0': CMAKE_PREFIX_PATH=${CMAKE_PREFIX_PATH}:/sim_ws/install/f1tenth_gym_ros:/opt/ros/foxy /usr/bin/cmake --install /sim_ws/build/safety_node
