[0.668s] Invoking command in '/sim_ws/build/wall_follow': CMAKE_PREFIX_PATH=${CMAKE_PREFIX_PATH}:/sim_ws/install/f1tenth_gym_ros:/opt/ros/foxy /usr/bin/cmake --build /sim_ws/build/wall_follow -- -j4 -l4
[0.837s] [35m[1mScanning dependencies of target wall_follow_node[0m
[1.066s] [ 50%] [32mBuilding CXX object CMakeFiles/wall_follow_node.dir/src/wall_follow_node.cpp.o[0m
[17.864s] [100%] [32m[1mLinking CXX executable wall_follow_node[0m
[18.725s] [100%] Built target wall_follow_node
[18.775s] Invoked command in '/sim_ws/build/wall_follow' returned '0': CMAKE_PREFIX_PATH=${CMAKE_PREFIX_PATH}:/sim_ws/install/f1tenth_gym_ros:/opt/ros/foxy /usr/bin/cmake --build /sim_ws/build/wall_follow -- -j4 -l4
[18.868s] Invoking command in '/sim_ws/build/wall_follow': CMAKE_PREFIX_PATH=${CMAKE_PREFIX_PATH}:/sim_ws/install/f1tenth_gym_ros:/opt/ros/foxy /usr/bin/cmake --install /sim_ws/build/wall_follow
[18.899s] -- Install configuration: ""
[18.906s] -- Installing: /sim_ws/install/wall_follow/lib/wall_follow/wall_follow_node
[18.915s] -- Set runtime path of "/sim_ws/install/wall_follow/lib/wall_follow/wall_follow_node" to ""
[18.920s] -- Up-to-date: /sim_ws/install/wall_follow/share/ament_index/resource_index/package_run_dependencies/wall_follow
[18.922s] -- Up-to-date: /sim_ws/install/wall_follow/share/ament_index/resource_index/parent_prefix_path/wall_follow
[18.926s] -- Up-to-date: /sim_ws/install/wall_follow/share/wall_follow/environment/ament_prefix_path.sh
[18.940s] -- Up-to-date: /sim_ws/install/wall_follow/share/wall_follow/environment/ament_prefix_path.dsv
[18.941s] -- Up-to-date: /sim_ws/install/wall_follow/share/wall_follow/environment/path.sh
[18.943s] -- Up-to-date: /sim_ws/install/wall_follow/share/wall_follow/environment/path.dsv
[18.945s] -- Up-to-date: /sim_ws/install/wall_follow/share/wall_follow/local_setup.bash
[18.947s] -- Up-to-date: /sim_ws/install/wall_follow/share/wall_follow/local_setup.sh
[18.950s] -- Up-to-date: /sim_ws/install/wall_follow/share/wall_follow/local_setup.zsh
[18.951s] -- Up-to-date: /sim_ws/install/wall_follow/share/wall_follow/local_setup.dsv
[18.951s] -- Installing: /sim_ws/install/wall_follow/share/wall_follow/package.dsv
[18.951s] -- Up-to-date: /sim_ws/install/wall_follow/share/ament_index/resource_index/packages/wall_follow
[18.952s] -- Up-to-date: /sim_ws/install/wall_follow/share/wall_follow/cmake/wall_followConfig.cmake
[18.952s] -- Up-to-date: /sim_ws/install/wall_follow/share/wall_follow/cmake/wall_followConfig-version.cmake
[18.952s] -- Up-to-date: /sim_ws/install/wall_follow/share/wall_follow/package.xml
[18.958s] -- Up-to-date: /sim_ws/install/wall_follow/share/wall_follow//launch
[18.959s] -- Up-to-date: /sim_ws/install/wall_follow/share/wall_follow//launch/wall_follow_launch.py
[18.980s] Invoked command in '/sim_ws/build/wall_follow' returned '0': CMAKE_PREFIX_PATH=${CMAKE_PREFIX_PATH}:/sim_ws/install/f1tenth_gym_ros:/opt/ros/foxy /usr/bin/cmake --install /sim_ws/build/wall_follow
