[0.427s] Invoking command in '/sim_ws/build/wall_follow': CMAKE_PREFIX_PATH=${CMAKE_PREFIX_PATH}:/sim_ws/install/f1tenth_gym_ros:/opt/ros/foxy /usr/bin/cmake /sim_ws/src/wall_follow -DCMAKE_INSTALL_PREFIX=/sim_ws/install/wall_follow
[0.460s] -- Found ament_cmake: 0.9.12 (/opt/ros/foxy/share/ament_cmake/cmake)
[0.510s] -- Found PythonInterp: /usr/bin/python3 (found suitable version "3.8.10", minimum required is "3") 
[0.510s] -- Using PYTHON_EXECUTABLE: /usr/bin/python3
[1.126s] -- Found rclcpp: 2.4.3 (/opt/ros/foxy/share/rclcpp/cmake)
[1.289s] -- Using all available rosidl_typesupport_c: rosidl_typesupport_fastrtps_c;rosidl_typesupport_introspection_c
[1.311s] -- Found rosidl_adapter: 1.3.1 (/opt/ros/foxy/share/rosidl_adapter/cmake)
[1.495s] -- Found OpenSSL: /usr/lib/x86_64-linux-gnu/libcrypto.so (found version "1.1.1f")  
[1.544s] -- Found FastRTPS: /opt/ros/foxy/include  
[1.969s] -- Using all available rosidl_typesupport_cpp: rosidl_typesupport_fastrtps_cpp;rosidl_typesupport_introspection_cpp
[2.163s] -- Found rmw_implementation_cmake: 1.0.4 (/opt/ros/foxy/share/rmw_implementation_cmake/cmake)
[2.175s] -- Using RMW implementation 'rmw_fastrtps_cpp' as default
[2.175s] -- Looking for pthread.h
[2.315s] -- Looking for pthread.h - found
[2.316s] -- Performing Test CMAKE_HAVE_LIBC_PTHREAD
[2.436s] -- Performing Test CMAKE_HAVE_LIBC_PTHREAD - Failed
[2.436s] -- Looking for pthread_create in pthreads
[2.545s] -- Looking for pthread_create in pthreads - not found
[2.545s] -- Looking for pthread_create in pthread
[2.668s] -- Looking for pthread_create in pthread - found
[2.670s] -- Found Threads: TRUE  
[3.084s] -- Found rclpy: 1.0.13 (/opt/ros/foxy/share/rclpy/cmake)
[3.088s] -- Found geometry_msgs: 2.0.5 (/opt/ros/foxy/share/geometry_msgs/cmake)
[3.178s] -- Found nav_msgs: 2.0.5 (/opt/ros/foxy/share/nav_msgs/cmake)
[3.323s] -- Found ackermann_msgs: 2.0.2 (/opt/ros/foxy/share/ackermann_msgs/cmake)
[3.404s] -- Found sensor_msgs: 2.0.5 (/opt/ros/foxy/share/sensor_msgs/cmake)
[3.615s] -- Found ament_lint_auto: 0.9.8 (/opt/ros/foxy/share/ament_lint_auto/cmake)
[3.772s] -- Added test 'copyright' to check source files copyright and LICENSE
[3.774s] -- Added test 'cppcheck' to perform static code analysis on C / C++ code
[3.775s] -- Configured cppcheck include dirs: /sim_ws/src/wall_follow/include
[3.775s] -- Configured cppcheck exclude dirs and/or files: 
[3.778s] -- Added test 'cpplint' to check C / C++ code against the Google style
[3.778s] -- Configured cpplint exclude dirs and/or files: 
[3.780s] -- Added test 'flake8' to check Python code syntax and style conventions
[3.781s] -- Added test 'lint_cmake' to check CMake code style
[3.782s] -- Added test 'pep257' to check Python code against some of the style conventions in PEP 257
[3.784s] -- Added test 'uncrustify' to check C / C++ code style
[3.785s] -- Configured uncrustify additional arguments: 
[3.786s] -- Added test 'xmllint' to check XML markup files
[3.792s] -- Configuring done
[3.812s] -- Generating done
[3.815s] -- Build files have been written to: /sim_ws/build/wall_follow
[3.836s] Invoked command in '/sim_ws/build/wall_follow' returned '0': CMAKE_PREFIX_PATH=${CMAKE_PREFIX_PATH}:/sim_ws/install/f1tenth_gym_ros:/opt/ros/foxy /usr/bin/cmake /sim_ws/src/wall_follow -DCMAKE_INSTALL_PREFIX=/sim_ws/install/wall_follow
[3.837s] Invoking command in '/sim_ws/build/wall_follow': CMAKE_PREFIX_PATH=${CMAKE_PREFIX_PATH}:/sim_ws/install/f1tenth_gym_ros:/opt/ros/foxy /usr/bin/cmake --build /sim_ws/build/wall_follow -- -j4 -l4
[3.943s] [35m[1mScanning dependencies of target wall_follow_node[0m
[4.102s] [ 50%] [32mBuilding CXX object CMakeFiles/wall_follow_node.dir/src/wall_follow_node.cpp.o[0m
[6.519s] [01m[K/sim_ws/src/wall_follow/src/wall_follow_node.cpp:[m[K In member function ‘[01m[Kdouble WallFollow::get_range(float*, double)[m[K’:
[6.519s] [01m[K/sim_ws/src/wall_follow/src/wall_follow_node.cpp:30:29:[m[K [01;35m[Kwarning: [m[Kunused parameter ‘[01m[Krange_data[m[K’ [[01;35m[K-Wunused-parameter[m[K]
[6.519s]    30 |     double get_range([01;35m[Kfloat* range_data[m[K, double angle)
[6.520s]       |                      [01;35m[K~~~~~~~^~~~~~~~~~[m[K
[6.520s] [01m[K/sim_ws/src/wall_follow/src/wall_follow_node.cpp:30:48:[m[K [01;35m[Kwarning: [m[Kunused parameter ‘[01m[Kangle[m[K’ [[01;35m[K-Wunused-parameter[m[K]
[6.520s]    30 |     double get_range(float* range_data, [01;35m[Kdouble angle[m[K)
[6.520s]       |                                         [01;35m[K~~~~~~~^~~~~[m[K
[6.520s] [01m[K/sim_ws/src/wall_follow/src/wall_follow_node.cpp:[m[K In member function ‘[01m[Kdouble WallFollow::get_error(float*, double)[m[K’:
[6.520s] [01m[K/sim_ws/src/wall_follow/src/wall_follow_node.cpp:47:29:[m[K [01;35m[Kwarning: [m[Kunused parameter ‘[01m[Krange_data[m[K’ [[01;35m[K-Wunused-parameter[m[K]
[6.521s]    47 |     double get_error([01;35m[Kfloat* range_data[m[K, double dist)
[6.521s]       |                      [01;35m[K~~~~~~~^~~~~~~~~~[m[K
[6.521s] [01m[K/sim_ws/src/wall_follow/src/wall_follow_node.cpp:47:48:[m[K [01;35m[Kwarning: [m[Kunused parameter ‘[01m[Kdist[m[K’ [[01;35m[K-Wunused-parameter[m[K]
[6.521s]    47 |     double get_error(float* range_data, [01;35m[Kdouble dist[m[K)
[6.521s]       |                                         [01;35m[K~~~~~~~^~~~[m[K
[6.522s] [01m[K/sim_ws/src/wall_follow/src/wall_follow_node.cpp:[m[K In member function ‘[01m[Kvoid WallFollow::pid_control(double, double)[m[K’:
[6.522s] [01m[K/sim_ws/src/wall_follow/src/wall_follow_node.cpp:76:16:[m[K [01;35m[Kwarning: [m[Kunused variable ‘[01m[Kangle[m[K’ [[01;35m[K-Wunused-variable[m[K]
[6.522s]    76 |         double [01;35m[Kangle[m[K = 0.0;
[6.522s]       |                [01;35m[K^~~~~[m[K
[6.522s] [01m[K/sim_ws/src/wall_follow/src/wall_follow_node.cpp:64:29:[m[K [01;35m[Kwarning: [m[Kunused parameter ‘[01m[Kerror[m[K’ [[01;35m[K-Wunused-parameter[m[K]
[6.522s]    64 |     void pid_control([01;35m[Kdouble error[m[K, double velocity)
[6.522s]       |                      [01;35m[K~~~~~~~^~~~~[m[K
[6.522s] [01m[K/sim_ws/src/wall_follow/src/wall_follow_node.cpp:64:43:[m[K [01;35m[Kwarning: [m[Kunused parameter ‘[01m[Kvelocity[m[K’ [[01;35m[K-Wunused-parameter[m[K]
[6.522s]    64 |     void pid_control(double error, [01;35m[Kdouble velocity[m[K)
[6.523s]       |                                    [01;35m[K~~~~~~~^~~~~~~~[m[K
[6.524s] [01m[K/sim_ws/src/wall_follow/src/wall_follow_node.cpp:[m[K In member function ‘[01m[Kvoid WallFollow::scan_callback(sensor_msgs::msg::LaserScan_<std::allocator<void> >::ConstSharedPtr)[m[K’:
[6.524s] [01m[K/sim_ws/src/wall_follow/src/wall_follow_node.cpp:93:16:[m[K [01;35m[Kwarning: [m[Kunused variable ‘[01m[Kerror[m[K’ [[01;35m[K-Wunused-variable[m[K]
[6.524s]    93 |         double [01;35m[Kerror[m[K = 0.0; // TODO: replace with error calculated by get_error()
[6.524s]       |                [01;35m[K^~~~~[m[K
[6.525s] [01m[K/sim_ws/src/wall_follow/src/wall_follow_node.cpp:94:16:[m[K [01;35m[Kwarning: [m[Kunused variable ‘[01m[Kvelocity[m[K’ [[01;35m[K-Wunused-variable[m[K]
[6.525s]    94 |         double [01;35m[Kvelocity[m[K = 0.0; // TODO: calculate desired car velocity based on error
[6.525s]       |                [01;35m[K^~~~~~~~[m[K
[6.525s] [01m[K/sim_ws/src/wall_follow/src/wall_follow_node.cpp:82:74:[m[K [01;35m[Kwarning: [m[Kunused parameter ‘[01m[Kscan_msg[m[K’ [[01;35m[K-Wunused-parameter[m[K]
[6.525s]    82 | void scan_callback([01;35m[Kconst sensor_msgs::msg::LaserScan::ConstSharedPtr scan_msg[m[K)
[6.525s]       |                    [01;35m[K~~~~~~~~~~~~~~~~~~~~~~~~~~~~~~~~~~~~~~~~~~~~~~~~~~^~~~~~~~[m[K
[6.525s] 
[7.439s] [100%] [32m[1mLinking CXX executable wall_follow_node[0m
[7.640s] [100%] Built target wall_follow_node
[7.662s] Invoked command in '/sim_ws/build/wall_follow' returned '0': CMAKE_PREFIX_PATH=${CMAKE_PREFIX_PATH}:/sim_ws/install/f1tenth_gym_ros:/opt/ros/foxy /usr/bin/cmake --build /sim_ws/build/wall_follow -- -j4 -l4
[7.703s] Invoking command in '/sim_ws/build/wall_follow': CMAKE_PREFIX_PATH=${CMAKE_PREFIX_PATH}:/sim_ws/install/f1tenth_gym_ros:/opt/ros/foxy /usr/bin/cmake --install /sim_ws/build/wall_follow
[7.717s] -- Install configuration: ""
[7.718s] -- Installing: /sim_ws/install/wall_follow/lib/wall_follow/wall_follow_node
[7.718s] -- Set runtime path of "/sim_ws/install/wall_follow/lib/wall_follow/wall_follow_node" to ""
[7.719s] -- Installing: /sim_ws/install/wall_follow/share/wall_follow/environment/pythonpath.sh
[7.720s] -- Installing: /sim_ws/install/wall_follow/share/wall_follow/environment/pythonpath.dsv
[7.720s] -- Installing: /sim_ws/install/wall_follow/lib/python3.8/site-packages/wall_follow
[7.721s] -- Installing: /sim_ws/install/wall_follow/lib/python3.8/site-packages/wall_follow/__init__.py
[7.774s] Listing '/sim_ws/install/wall_follow/lib/python3.8/site-packages/wall_follow'...
[7.774s] Compiling '/sim_ws/install/wall_follow/lib/python3.8/site-packages/wall_follow/__init__.py'...
[7.780s] -- Installing: /sim_ws/install/wall_follow/lib/wall_follow/wall_follow_node.py
[7.780s] -- Installing: /sim_ws/install/wall_follow/share/ament_index/resource_index/package_run_dependencies/wall_follow
[7.780s] -- Installing: /sim_ws/install/wall_follow/share/ament_index/resource_index/parent_prefix_path/wall_follow
[7.781s] -- Installing: /sim_ws/install/wall_follow/share/wall_follow/environment/ament_prefix_path.sh
[7.781s] -- Installing: /sim_ws/install/wall_follow/share/wall_follow/environment/ament_prefix_path.dsv
[7.782s] -- Installing: /sim_ws/install/wall_follow/share/wall_follow/environment/path.sh
[7.782s] -- Installing: /sim_ws/install/wall_follow/share/wall_follow/environment/path.dsv
[7.782s] -- Installing: /sim_ws/install/wall_follow/share/wall_follow/local_setup.bash
[7.783s] -- Installing: /sim_ws/install/wall_follow/share/wall_follow/local_setup.sh
[7.783s] -- Installing: /sim_ws/install/wall_follow/share/wall_follow/local_setup.zsh
[7.784s] -- Installing: /sim_ws/install/wall_follow/share/wall_follow/local_setup.dsv
[7.784s] -- Installing: /sim_ws/install/wall_follow/share/wall_follow/package.dsv
[7.784s] -- Installing: /sim_ws/install/wall_follow/share/ament_index/resource_index/packages/wall_follow
[7.785s] -- Installing: /sim_ws/install/wall_follow/share/wall_follow/cmake/wall_followConfig.cmake
[7.785s] -- Installing: /sim_ws/install/wall_follow/share/wall_follow/cmake/wall_followConfig-version.cmake
[7.785s] -- Installing: /sim_ws/install/wall_follow/share/wall_follow/package.xml
[7.788s] Invoked command in '/sim_ws/build/wall_follow' returned '0': CMAKE_PREFIX_PATH=${CMAKE_PREFIX_PATH}:/sim_ws/install/f1tenth_gym_ros:/opt/ros/foxy /usr/bin/cmake --install /sim_ws/build/wall_follow
