[1.954s] Invoking command in '/sim_ws/build/wall_follow': CMAKE_PREFIX_PATH=${CMAKE_PREFIX_PATH}:/sim_ws/install/f1tenth_gym_ros:/opt/ros/foxy /usr/bin/cmake --build /sim_ws/build/wall_follow -- -j4 -l4
[2.220s] [ 50%] [32mBuilding CXX object CMakeFiles/wall_follow_node.dir/src/wall_follow_node.cpp.o[0m
[11.932s] [01m[K/sim_ws/src/wall_follow/src/wall_follow_node.cpp:[m[K In member function ‘[01m[Kdouble WallFollow::get_error(const float*, double, double)[m[K’:
[11.932s] [01m[K/sim_ws/src/wall_follow/src/wall_follow_node.cpp:102:69:[m[K [01;31m[Kerror: [m[Kno matching function for call to ‘[01m[Katan2(double)[m[K’
[11.932s]   102 |             double alpha = atan2((a*cos(theta) - b) / (a*sin(theta))[01;31m[K)[m[K;
[11.932s]       |                                                                     [01;31m[K^[m[K
[11.932s] In file included from [01m[K/usr/include/features.h:461[m[K,
[11.933s]                  from [01m[K/usr/include/x86_64-linux-gnu/c++/9/bits/os_defines.h:39[m[K,
[11.933s]                  from [01m[K/usr/include/x86_64-linux-gnu/c++/9/bits/c++config.h:528[m[K,
[11.935s]                  from [01m[K/usr/include/c++/9/csignal:41[m[K,
[11.935s]                  from [01m[K/opt/ros/foxy/include/rclcpp/rclcpp.hpp:143[m[K,
[11.935s]                  from [01m[K/sim_ws/src/wall_follow/src/wall_follow_node.cpp:1[m[K:
[11.936s] [01m[K/usr/include/x86_64-linux-gnu/bits/mathcalls.h:59:1:[m[K [01;36m[Knote: [m[Kcandidate: ‘[01m[Kdouble atan2(double, double)[m[K’
[11.936s]    59 | [01;36m[K__MATHCALL[m[K (atan2,, (_Mdouble_ __y, _Mdouble_ __x));
[11.936s]       | [01;36m[K^~~~~~~~~~[m[K
[11.964s] [01m[K/usr/include/x86_64-linux-gnu/bits/mathcalls.h:59:1:[m[K [01;36m[Knote: [m[K  candidate expects 2 arguments, 1 provided
[11.965s] In file included from [01m[K/opt/ros/foxy/include/libstatistics_collector/moving_average_statistics/types.hpp:18[m[K,
[11.969s]                  from [01m[K/opt/ros/foxy/include/libstatistics_collector/collector/generate_statistics_message.hpp:24[m[K,
[11.971s]                  from [01m[K/opt/ros/foxy/include/rclcpp/topic_statistics/subscription_topic_statistics.hpp:23[m[K,
[11.973s]                  from [01m[K/opt/ros/foxy/include/rclcpp/subscription.hpp:50[m[K,
[11.978s]                  from [01m[K/opt/ros/foxy/include/rclcpp/any_executable.hpp:25[m[K,
[11.978s]                  from [01m[K/opt/ros/foxy/include/rclcpp/memory_strategy.hpp:24[m[K,
[11.978s]                  from [01m[K/opt/ros/foxy/include/rclcpp/memory_strategies.hpp:18[m[K,
[11.979s]                  from [01m[K/opt/ros/foxy/include/rclcpp/executor_options.hpp:20[m[K,
[11.979s]                  from [01m[K/opt/ros/foxy/include/rclcpp/executor.hpp:33[m[K,
[11.979s]                  from [01m[K/opt/ros/foxy/include/rclcpp/executors/multi_threaded_executor.hpp:26[m[K,
[11.979s]                  from [01m[K/opt/ros/foxy/include/rclcpp/executors.hpp:21[m[K,
[11.979s]                  from [01m[K/opt/ros/foxy/include/rclcpp/rclcpp.hpp:146[m[K,
[11.980s]                  from [01m[K/sim_ws/src/wall_follow/src/wall_follow_node.cpp:1[m[K:
[11.980s] [01m[K/usr/include/c++/9/cmath:155:5:[m[K [01;36m[Knote: [m[Kcandidate: ‘[01m[Ktemplate<class _Tp, class _Up> constexpr typename __gnu_cxx::__promote_2<_Tp, _Up>::__type std::atan2(_Tp, _Up)[m[K’
[11.980s]   155 |     [01;36m[Katan2[m[K(_Tp __y, _Up __x)
[11.980s]       |     [01;36m[K^~~~~[m[K
[11.980s] [01m[K/usr/include/c++/9/cmath:155:5:[m[K [01;36m[Knote: [m[K  template argument deduction/substitution failed:
[11.987s] [01m[K/sim_ws/src/wall_follow/src/wall_follow_node.cpp:102:69:[m[K [01;36m[Knote: [m[K  candidate expects 2 arguments, 1 provided
[11.987s]   102 |             double alpha = atan2((a*cos(theta) - b) / (a*sin(theta))[01;36m[K)[m[K;
[11.988s]       |                                                                     [01;36m[K^[m[K
[11.988s] In file included from [01m[K/opt/ros/foxy/include/libstatistics_collector/moving_average_statistics/types.hpp:18[m[K,
[11.988s]                  from [01m[K/opt/ros/foxy/include/libstatistics_collector/collector/generate_statistics_message.hpp:24[m[K,
[11.988s]                  from [01m[K/opt/ros/foxy/include/rclcpp/topic_statistics/subscription_topic_statistics.hpp:23[m[K,
[11.988s]                  from [01m[K/opt/ros/foxy/include/rclcpp/subscription.hpp:50[m[K,
[11.993s]                  from [01m[K/opt/ros/foxy/include/rclcpp/any_executable.hpp:25[m[K,
[11.993s]                  from [01m[K/opt/ros/foxy/include/rclcpp/memory_strategy.hpp:24[m[K,
[11.994s]                  from [01m[K/opt/ros/foxy/include/rclcpp/memory_strategies.hpp:18[m[K,
[11.994s]                  from [01m[K/opt/ros/foxy/include/rclcpp/executor_options.hpp:20[m[K,
[11.994s]                  from [01m[K/opt/ros/foxy/include/rclcpp/executor.hpp:33[m[K,
[11.995s]                  from [01m[K/opt/ros/foxy/include/rclcpp/executors/multi_threaded_executor.hpp:26[m[K,
[11.995s]                  from [01m[K/opt/ros/foxy/include/rclcpp/executors.hpp:21[m[K,
[11.995s]                  from [01m[K/opt/ros/foxy/include/rclcpp/rclcpp.hpp:146[m[K,
[11.995s]                  from [01m[K/sim_ws/src/wall_follow/src/wall_follow_node.cpp:1[m[K:
[11.995s] [01m[K/usr/include/c++/9/cmath:148:3:[m[K [01;36m[Knote: [m[Kcandidate: ‘[01m[Kconstexpr long double std::atan2(long double, long double)[m[K’
[11.996s]   148 |   [01;36m[Katan2[m[K(long double __y, long double __x)
[11.996s]       |   [01;36m[K^~~~~[m[K
[12.005s] [01m[K/usr/include/c++/9/cmath:148:3:[m[K [01;36m[Knote: [m[K  candidate expects 2 arguments, 1 provided
[12.005s] [01m[K/usr/include/c++/9/cmath:144:3:[m[K [01;36m[Knote: [m[Kcandidate: ‘[01m[Kconstexpr float std::atan2(float, float)[m[K’
[12.005s]   144 |   [01;36m[Katan2[m[K(float __y, float __x)
[12.006s]       |   [01;36m[K^~~~~[m[K
[12.006s] [01m[K/usr/include/c++/9/cmath:144:3:[m[K [01;36m[Knote: [m[K  candidate expects 2 arguments, 1 provided
[20.971s] make[2]: *** [CMakeFiles/wall_follow_node.dir/build.make:63: CMakeFiles/wall_follow_node.dir/src/wall_follow_node.cpp.o] Error 1
[20.979s] make[1]: *** [CMakeFiles/Makefile2:78: CMakeFiles/wall_follow_node.dir/all] Error 2
[20.979s] make: *** [Makefile:141: all] Error 2
[20.985s] Invoked command in '/sim_ws/build/wall_follow' returned '2': CMAKE_PREFIX_PATH=${CMAKE_PREFIX_PATH}:/sim_ws/install/f1tenth_gym_ros:/opt/ros/foxy /usr/bin/cmake --build /sim_ws/build/wall_follow -- -j4 -l4
