[2.406s] Invoking command in '/sim_ws/build/wall_follow': CMAKE_PREFIX_PATH=${CMAKE_PREFIX_PATH}:/sim_ws/install/f1tenth_gym_ros:/opt/ros/foxy /usr/bin/cmake --build /sim_ws/build/wall_follow -- -j4 -l4
[2.852s] [35m[1mScanning dependencies of target wall_follow_node[0m
[3.100s] [ 50%] [32mBuilding CXX object CMakeFiles/wall_follow_node.dir/src/wall_follow_node.cpp.o[0m
[24.477s] [100%] [32m[1mLinking CXX executable wall_follow_node[0m
[25.206s] [100%] Built target wall_follow_node
[25.244s] Invoked command in '/sim_ws/build/wall_follow' returned '0': CMAKE_PREFIX_PATH=${CMAKE_PREFIX_PATH}:/sim_ws/install/f1tenth_gym_ros:/opt/ros/foxy /usr/bin/cmake --build /sim_ws/build/wall_follow -- -j4 -l4
[25.420s] Invoking command in '/sim_ws/build/wall_follow': CMAKE_PREFIX_PATH=${CMAKE_PREFIX_PATH}:/sim_ws/install/f1tenth_gym_ros:/opt/ros/foxy /usr/bin/cmake --install /sim_ws/build/wall_follow
[25.443s] -- Install configuration: ""
[25.445s] -- Installing: /sim_ws/install/wall_follow/lib/wall_follow/wall_follow_node
[25.449s] -- Set runtime path of "/sim_ws/install/wall_follow/lib/wall_follow/wall_follow_node" to ""
[25.450s] -- Up-to-date: /sim_ws/install/wall_follow/share/wall_follow/environment/pythonpath.sh
[25.450s] -- Up-to-date: /sim_ws/install/wall_follow/share/wall_follow/environment/pythonpath.dsv
[25.451s] -- Up-to-date: /sim_ws/install/wall_follow/lib/python3.8/site-packages/wall_follow
[25.452s] -- Up-to-date: /sim_ws/install/wall_follow/lib/python3.8/site-packages/wall_follow/__init__.py
[25.548s] Listing '/sim_ws/install/wall_follow/lib/python3.8/site-packages/wall_follow'...
[25.556s] -- Up-to-date: /sim_ws/install/wall_follow/lib/wall_follow/wall_follow_node.py
[25.557s] -- Up-to-date: /sim_ws/install/wall_follow/share/ament_index/resource_index/package_run_dependencies/wall_follow
[25.557s] -- Up-to-date: /sim_ws/install/wall_follow/share/ament_index/resource_index/parent_prefix_path/wall_follow
[25.560s] -- Up-to-date: /sim_ws/install/wall_follow/share/wall_follow/environment/ament_prefix_path.sh
[25.560s] -- Up-to-date: /sim_ws/install/wall_follow/share/wall_follow/environment/ament_prefix_path.dsv
[25.560s] -- Up-to-date: /sim_ws/install/wall_follow/share/wall_follow/environment/path.sh
[25.562s] -- Up-to-date: /sim_ws/install/wall_follow/share/wall_follow/environment/path.dsv
[25.562s] -- Up-to-date: /sim_ws/install/wall_follow/share/wall_follow/local_setup.bash
[25.562s] -- Up-to-date: /sim_ws/install/wall_follow/share/wall_follow/local_setup.sh
[25.563s] -- Up-to-date: /sim_ws/install/wall_follow/share/wall_follow/local_setup.zsh
[25.566s] -- Up-to-date: /sim_ws/install/wall_follow/share/wall_follow/local_setup.dsv
[25.566s] -- Installing: /sim_ws/install/wall_follow/share/wall_follow/package.dsv
[25.567s] -- Up-to-date: /sim_ws/install/wall_follow/share/ament_index/resource_index/packages/wall_follow
[25.567s] -- Up-to-date: /sim_ws/install/wall_follow/share/wall_follow/cmake/wall_followConfig.cmake
[25.567s] -- Up-to-date: /sim_ws/install/wall_follow/share/wall_follow/cmake/wall_followConfig-version.cmake
[25.567s] -- Up-to-date: /sim_ws/install/wall_follow/share/wall_follow/package.xml
[25.585s] Invoked command in '/sim_ws/build/wall_follow' returned '0': CMAKE_PREFIX_PATH=${CMAKE_PREFIX_PATH}:/sim_ws/install/f1tenth_gym_ros:/opt/ros/foxy /usr/bin/cmake --install /sim_ws/build/wall_follow
