[0.403s] Invoking command in '/sim_ws/build/gap_follow': CMAKE_PREFIX_PATH=${CMAKE_PREFIX_PATH}:/sim_ws/install/f1tenth_gym_ros:/opt/ros/foxy /usr/bin/cmake /sim_ws/src/f1tenth_lab4/gap_follow -DCMAKE_INSTALL_PREFIX=/sim_ws/install/gap_follow
[0.859s] -- The C compiler identification is GNU 9.4.0
[1.121s] -- The CXX compiler identification is GNU 9.4.0
[1.141s] -- Check for working C compiler: /usr/bin/cc
[1.280s] -- Check for working C compiler: /usr/bin/cc -- works
[1.284s] -- Detecting C compiler ABI info
[1.405s] -- Detecting C compiler ABI info - done
[1.433s] -- Detecting C compile features
[1.434s] -- Detecting C compile features - done
[1.441s] -- Check for working CXX compiler: /usr/bin/c++
[1.564s] -- Check for working CXX compiler: /usr/bin/c++ -- works
[1.566s] -- Detecting CXX compiler ABI info
[1.697s] -- Detecting CXX compiler ABI info - done
[1.720s] -- Detecting CXX compile features
[1.721s] -- Detecting CXX compile features - done
[1.728s] -- Found ament_cmake: 0.9.12 (/opt/ros/foxy/share/ament_cmake/cmake)
[1.766s] -- Found PythonInterp: /usr/bin/python3 (found suitable version "3.8.10", minimum required is "3") 
[1.767s] -- Using PYTHON_EXECUTABLE: /usr/bin/python3
[2.080s] -- Found rclcpp: 2.4.3 (/opt/ros/foxy/share/rclcpp/cmake)
[2.199s] -- Using all available rosidl_typesupport_c: rosidl_typesupport_fastrtps_c;rosidl_typesupport_introspection_c
[2.219s] -- Found rosidl_adapter: 1.3.1 (/opt/ros/foxy/share/rosidl_adapter/cmake)
[2.372s] -- Found OpenSSL: /usr/lib/x86_64-linux-gnu/libcrypto.so (found version "1.1.1f")  
[2.413s] -- Found FastRTPS: /opt/ros/foxy/include  
[2.547s] -- Using all available rosidl_typesupport_cpp: rosidl_typesupport_fastrtps_cpp;rosidl_typesupport_introspection_cpp
[2.700s] -- Found rmw_implementation_cmake: 1.0.4 (/opt/ros/foxy/share/rmw_implementation_cmake/cmake)
[2.707s] -- Using RMW implementation 'rmw_fastrtps_cpp' as default
[2.713s] -- Looking for pthread.h
[2.851s] -- Looking for pthread.h - found
[2.852s] -- Performing Test CMAKE_HAVE_LIBC_PTHREAD
[2.978s] -- Performing Test CMAKE_HAVE_LIBC_PTHREAD - Failed
[2.978s] -- Looking for pthread_create in pthreads
[3.089s] -- Looking for pthread_create in pthreads - not found
[3.090s] -- Looking for pthread_create in pthread
[3.211s] -- Looking for pthread_create in pthread - found
[3.213s] -- Found Threads: TRUE  
[3.647s] -- Found rclpy: 1.0.13 (/opt/ros/foxy/share/rclpy/cmake)
[3.651s] -- Found geometry_msgs: 2.0.5 (/opt/ros/foxy/share/geometry_msgs/cmake)
[3.734s] -- Found nav_msgs: 2.0.5 (/opt/ros/foxy/share/nav_msgs/cmake)
[3.879s] -- Found ackermann_msgs: 2.0.2 (/opt/ros/foxy/share/ackermann_msgs/cmake)
[3.959s] -- Found sensor_msgs: 2.0.5 (/opt/ros/foxy/share/sensor_msgs/cmake)
[4.153s] -- Found ament_lint_auto: 0.9.8 (/opt/ros/foxy/share/ament_lint_auto/cmake)
[4.298s] -- Added test 'copyright' to check source files copyright and LICENSE
[4.300s] -- Added test 'cppcheck' to perform static code analysis on C / C++ code
[4.301s] -- Configured cppcheck include dirs: /sim_ws/src/f1tenth_lab4/gap_follow/include
[4.301s] -- Configured cppcheck exclude dirs and/or files: 
[4.303s] -- Added test 'cpplint' to check C / C++ code against the Google style
[4.303s] -- Configured cpplint exclude dirs and/or files: 
[4.304s] -- Added test 'flake8' to check Python code syntax and style conventions
[4.305s] -- Added test 'lint_cmake' to check CMake code style
[4.307s] -- Added test 'pep257' to check Python code against some of the style conventions in PEP 257
[4.309s] -- Added test 'uncrustify' to check C / C++ code style
[4.309s] -- Configured uncrustify additional arguments: 
[4.310s] -- Added test 'xmllint' to check XML markup files
[4.315s] -- Configuring done
[4.336s] -- Generating done
[4.339s] -- Build files have been written to: /sim_ws/build/gap_follow
