[1.476s] Invoking command in '/sim_ws/build/safety_node': CMAKE_PREFIX_PATH=${CMAKE_PREFIX_PATH}:/sim_ws/install/f1tenth_gym_ros:/opt/ros/foxy /usr/bin/cmake --build /sim_ws/build/safety_node -- -j4 -l4
[1.860s] [100%] Built target safety_node
[1.905s] Invoked command in '/sim_ws/build/safety_node' returned '0': CMAKE_PREFIX_PATH=${CMAKE_PREFIX_PATH}:/sim_ws/install/f1tenth_gym_ros:/opt/ros/foxy /usr/bin/cmake --build /sim_ws/build/safety_node -- -j4 -l4
[2.182s] Invoking command in '/sim_ws/build/safety_node': CMAKE_PREFIX_PATH=${CMAKE_PREFIX_PATH}:/sim_ws/install/f1tenth_gym_ros:/opt/ros/foxy /usr/bin/cmake --install /sim_ws/build/safety_node
[2.220s] -- Install configuration: ""
[2.221s] -- Up-to-date: /sim_ws/install/safety_node/lib/safety_node/safety_node
[2.221s] -- Up-to-date: /sim_ws/install/safety_node/share/ament_index/resource_index/package_run_dependencies/safety_node
[2.221s] -- Up-to-date: /sim_ws/install/safety_node/share/ament_index/resource_index/parent_prefix_path/safety_node
[2.221s] -- Up-to-date: /sim_ws/install/safety_node/share/safety_node/environment/ament_prefix_path.sh
[2.222s] -- Up-to-date: /sim_ws/install/safety_node/share/safety_node/environment/ament_prefix_path.dsv
[2.222s] -- Up-to-date: /sim_ws/install/safety_node/share/safety_node/environment/path.sh
[2.222s] -- Up-to-date: /sim_ws/install/safety_node/share/safety_node/environment/path.dsv
[2.222s] -- Up-to-date: /sim_ws/install/safety_node/share/safety_node/local_setup.bash
[2.222s] -- Up-to-date: /sim_ws/install/safety_node/share/safety_node/local_setup.sh
[2.222s] -- Up-to-date: /sim_ws/install/safety_node/share/safety_node/local_setup.zsh
[2.223s] -- Up-to-date: /sim_ws/install/safety_node/share/safety_node/local_setup.dsv
[2.225s] -- Installing: /sim_ws/install/safety_node/share/safety_node/package.dsv
[2.225s] -- Up-to-date: /sim_ws/install/safety_node/share/ament_index/resource_index/packages/safety_node
[2.225s] -- Up-to-date: /sim_ws/install/safety_node/share/safety_node/cmake/safety_nodeConfig.cmake
[2.225s] -- Up-to-date: /sim_ws/install/safety_node/share/safety_node/cmake/safety_nodeConfig-version.cmake
[2.226s] -- Up-to-date: /sim_ws/install/safety_node/share/safety_node/package.xml
[2.240s] Invoked command in '/sim_ws/build/safety_node' returned '0': CMAKE_PREFIX_PATH=${CMAKE_PREFIX_PATH}:/sim_ws/install/f1tenth_gym_ros:/opt/ros/foxy /usr/bin/cmake --install /sim_ws/build/safety_node
