[0.918s] Invoking command in '/sim_ws/build/safety_node': CMAKE_PREFIX_PATH=${CMAKE_PREFIX_PATH}:/sim_ws/install/f1tenth_gym_ros:/opt/ros/foxy /usr/bin/cmake --build /sim_ws/build/safety_node -- -j4 -l4
[1.171s] [35m[1mScanning dependencies of target safety_node[0m
[1.389s] [ 50%] [32mBuilding CXX object CMakeFiles/safety_node.dir/src/safety_node.cpp.o[0m
[28.127s] [100%] [32m[1mLinking CXX executable safety_node[0m
[29.303s] [100%] Built target safety_node
[29.371s] Invoked command in '/sim_ws/build/safety_node' returned '0': CMAKE_PREFIX_PATH=${CMAKE_PREFIX_PATH}:/sim_ws/install/f1tenth_gym_ros:/opt/ros/foxy /usr/bin/cmake --build /sim_ws/build/safety_node -- -j4 -l4
[29.566s] Invoking command in '/sim_ws/build/safety_node': CMAKE_PREFIX_PATH=${CMAKE_PREFIX_PATH}:/sim_ws/install/f1tenth_gym_ros:/opt/ros/foxy /usr/bin/cmake --install /sim_ws/build/safety_node
[29.614s] -- Install configuration: ""
[29.616s] -- Installing: /sim_ws/install/safety_node/lib/safety_node/safety_node
[29.638s] -- Set runtime path of "/sim_ws/install/safety_node/lib/safety_node/safety_node" to ""
[29.646s] -- Up-to-date: /sim_ws/install/safety_node/share/safety_node/environment/pythonpath.sh
[29.650s] -- Up-to-date: /sim_ws/install/safety_node/share/safety_node/environment/pythonpath.dsv
[29.651s] -- Up-to-date: /sim_ws/install/safety_node/lib/python3.8/site-packages/safety_node
[29.664s] -- Up-to-date: /sim_ws/install/safety_node/lib/python3.8/site-packages/safety_node/__init__.py
[29.779s] Listing '/sim_ws/install/safety_node/lib/python3.8/site-packages/safety_node'...
[29.791s] -- Up-to-date: /sim_ws/install/safety_node/lib/safety_node/safety_node.py
[29.792s] -- Up-to-date: /sim_ws/install/safety_node/share/ament_index/resource_index/package_run_dependencies/safety_node
[29.794s] -- Up-to-date: /sim_ws/install/safety_node/share/ament_index/resource_index/parent_prefix_path/safety_node
[29.794s] -- Up-to-date: /sim_ws/install/safety_node/share/safety_node/environment/ament_prefix_path.sh
[29.794s] -- Up-to-date: /sim_ws/install/safety_node/share/safety_node/environment/ament_prefix_path.dsv
[29.807s] -- Up-to-date: /sim_ws/install/safety_node/share/safety_node/environment/path.sh
[29.808s] -- Up-to-date: /sim_ws/install/safety_node/share/safety_node/environment/path.dsv
[29.809s] -- Up-to-date: /sim_ws/install/safety_node/share/safety_node/local_setup.bash
[29.810s] -- Up-to-date: /sim_ws/install/safety_node/share/safety_node/local_setup.sh
[29.811s] -- Up-to-date: /sim_ws/install/safety_node/share/safety_node/local_setup.zsh
[29.811s] -- Up-to-date: /sim_ws/install/safety_node/share/safety_node/local_setup.dsv
[29.812s] -- Installing: /sim_ws/install/safety_node/share/safety_node/package.dsv
[29.814s] -- Up-to-date: /sim_ws/install/safety_node/share/ament_index/resource_index/packages/safety_node
[29.818s] -- Up-to-date: /sim_ws/install/safety_node/share/safety_node/cmake/safety_nodeConfig.cmake
[29.828s] -- Up-to-date: /sim_ws/install/safety_node/share/safety_node/cmake/safety_nodeConfig-version.cmake
[29.829s] -- Up-to-date: /sim_ws/install/safety_node/share/safety_node/package.xml
[29.829s] Invoked command in '/sim_ws/build/safety_node' returned '0': CMAKE_PREFIX_PATH=${CMAKE_PREFIX_PATH}:/sim_ws/install/f1tenth_gym_ros:/opt/ros/foxy /usr/bin/cmake --install /sim_ws/build/safety_node
