[1.090s] Invoking command in '/sim_ws/build/safety_node': CMAKE_PREFIX_PATH=${CMAKE_PREFIX_PATH}:/sim_ws/install/f1tenth_gym_ros:/opt/ros/foxy /usr/bin/cmake --build /sim_ws/build/safety_node -- -j4 -l4
[1.351s] [35m[1mScanning dependencies of target safety_node[0m
[1.501s] [ 50%] [32mBuilding CXX object CMakeFiles/safety_node.dir/src/safety_node.cpp.o[0m
[26.938s] [100%] [32m[1mLinking CXX executable safety_node[0m
[28.019s] [100%] Built target safety_node
[28.065s] Invoked command in '/sim_ws/build/safety_node' returned '0': CMAKE_PREFIX_PATH=${CMAKE_PREFIX_PATH}:/sim_ws/install/f1tenth_gym_ros:/opt/ros/foxy /usr/bin/cmake --build /sim_ws/build/safety_node -- -j4 -l4
[28.234s] Invoking command in '/sim_ws/build/safety_node': CMAKE_PREFIX_PATH=${CMAKE_PREFIX_PATH}:/sim_ws/install/f1tenth_gym_ros:/opt/ros/foxy /usr/bin/cmake --install /sim_ws/build/safety_node
[28.261s] -- Install configuration: ""
[28.267s] -- Installing: /sim_ws/install/safety_node/lib/safety_node/safety_node
[28.268s] -- Set runtime path of "/sim_ws/install/safety_node/lib/safety_node/safety_node" to ""
[28.268s] -- Up-to-date: /sim_ws/install/safety_node/share/safety_node/environment/pythonpath.sh
[28.269s] -- Up-to-date: /sim_ws/install/safety_node/share/safety_node/environment/pythonpath.dsv
[28.269s] -- Up-to-date: /sim_ws/install/safety_node/lib/python3.8/site-packages/safety_node
[28.269s] -- Up-to-date: /sim_ws/install/safety_node/lib/python3.8/site-packages/safety_node/__init__.py
[28.364s] Listing '/sim_ws/install/safety_node/lib/python3.8/site-packages/safety_node'...
[28.370s] -- Up-to-date: /sim_ws/install/safety_node/lib/safety_node/safety_node.py
[28.372s] -- Up-to-date: /sim_ws/install/safety_node/share/ament_index/resource_index/package_run_dependencies/safety_node
[28.373s] -- Up-to-date: /sim_ws/install/safety_node/share/ament_index/resource_index/parent_prefix_path/safety_node
[28.373s] -- Up-to-date: /sim_ws/install/safety_node/share/safety_node/environment/ament_prefix_path.sh
[28.375s] -- Up-to-date: /sim_ws/install/safety_node/share/safety_node/environment/ament_prefix_path.dsv
[28.378s] -- Up-to-date: /sim_ws/install/safety_node/share/safety_node/environment/path.sh
[28.378s] -- Up-to-date: /sim_ws/install/safety_node/share/safety_node/environment/path.dsv
[28.380s] -- Up-to-date: /sim_ws/install/safety_node/share/safety_node/local_setup.bash
[28.380s] -- Up-to-date: /sim_ws/install/safety_node/share/safety_node/local_setup.sh
[28.381s] -- Up-to-date: /sim_ws/install/safety_node/share/safety_node/local_setup.zsh
[28.381s] -- Up-to-date: /sim_ws/install/safety_node/share/safety_node/local_setup.dsv
[28.381s] -- Installing: /sim_ws/install/safety_node/share/safety_node/package.dsv
[28.384s] -- Up-to-date: /sim_ws/install/safety_node/share/ament_index/resource_index/packages/safety_node
[28.384s] -- Up-to-date: /sim_ws/install/safety_node/share/safety_node/cmake/safety_nodeConfig.cmake
[28.385s] -- Up-to-date: /sim_ws/install/safety_node/share/safety_node/cmake/safety_nodeConfig-version.cmake
[28.385s] -- Up-to-date: /sim_ws/install/safety_node/share/safety_node/package.xml
[28.410s] Invoked command in '/sim_ws/build/safety_node' returned '0': CMAKE_PREFIX_PATH=${CMAKE_PREFIX_PATH}:/sim_ws/install/f1tenth_gym_ros:/opt/ros/foxy /usr/bin/cmake --install /sim_ws/build/safety_node
