[2.385s] Invoking command in '/sim_ws/build/safety_node': CMAKE_PREFIX_PATH=${CMAKE_PREFIX_PATH}:/sim_ws/install/f1tenth_gym_ros:/opt/ros/foxy /usr/bin/cmake --build /sim_ws/build/safety_node -- -j4 -l4
[2.740s] [100%] Built target safety_node
[2.801s] Invoked command in '/sim_ws/build/safety_node' returned '0': CMAKE_PREFIX_PATH=${CMAKE_PREFIX_PATH}:/sim_ws/install/f1tenth_gym_ros:/opt/ros/foxy /usr/bin/cmake --build /sim_ws/build/safety_node -- -j4 -l4
[3.148s] Invoking command in '/sim_ws/build/safety_node': CMAKE_PREFIX_PATH=${CMAKE_PREFIX_PATH}:/sim_ws/install/f1tenth_gym_ros:/opt/ros/foxy /usr/bin/cmake --install /sim_ws/build/safety_node
[3.181s] -- Install configuration: ""
[3.181s] -- Up-to-date: /sim_ws/install/safety_node/lib/safety_node/safety_node
[3.182s] -- Up-to-date: /sim_ws/install/safety_node/share/safety_node/environment/pythonpath.sh
[3.182s] -- Up-to-date: /sim_ws/install/safety_node/share/safety_node/environment/pythonpath.dsv
[3.182s] -- Up-to-date: /sim_ws/install/safety_node/lib/python3.8/site-packages/safety_node
[3.183s] -- Up-to-date: /sim_ws/install/safety_node/lib/python3.8/site-packages/safety_node/__init__.py
[3.432s] Listing '/sim_ws/install/safety_node/lib/python3.8/site-packages/safety_node'...
[3.521s] -- Up-to-date: /sim_ws/install/safety_node/lib/safety_node/safety_node.py
[3.521s] -- Up-to-date: /sim_ws/install/safety_node/share/ament_index/resource_index/package_run_dependencies/safety_node
[3.522s] -- Up-to-date: /sim_ws/install/safety_node/share/ament_index/resource_index/parent_prefix_path/safety_node
[3.523s] -- Up-to-date: /sim_ws/install/safety_node/share/safety_node/environment/ament_prefix_path.sh
[3.523s] -- Up-to-date: /sim_ws/install/safety_node/share/safety_node/environment/ament_prefix_path.dsv
[3.524s] -- Up-to-date: /sim_ws/install/safety_node/share/safety_node/environment/path.sh
[3.524s] -- Up-to-date: /sim_ws/install/safety_node/share/safety_node/environment/path.dsv
[3.525s] -- Up-to-date: /sim_ws/install/safety_node/share/safety_node/local_setup.bash
[3.525s] -- Up-to-date: /sim_ws/install/safety_node/share/safety_node/local_setup.sh
[3.526s] -- Up-to-date: /sim_ws/install/safety_node/share/safety_node/local_setup.zsh
[3.527s] -- Up-to-date: /sim_ws/install/safety_node/share/safety_node/local_setup.dsv
[3.527s] -- Installing: /sim_ws/install/safety_node/share/safety_node/package.dsv
[3.528s] -- Up-to-date: /sim_ws/install/safety_node/share/ament_index/resource_index/packages/safety_node
[3.528s] -- Up-to-date: /sim_ws/install/safety_node/share/safety_node/cmake/safety_nodeConfig.cmake
[3.529s] -- Up-to-date: /sim_ws/install/safety_node/share/safety_node/cmake/safety_nodeConfig-version.cmake
[3.530s] -- Up-to-date: /sim_ws/install/safety_node/share/safety_node/package.xml
[3.541s] Invoked command in '/sim_ws/build/safety_node' returned '0': CMAKE_PREFIX_PATH=${CMAKE_PREFIX_PATH}:/sim_ws/install/f1tenth_gym_ros:/opt/ros/foxy /usr/bin/cmake --install /sim_ws/build/safety_node
