[0.402s] Invoking command in '/sim_ws/build/safety_node': CMAKE_PREFIX_PATH=${CMAKE_PREFIX_PATH}:/sim_ws/install/f1tenth_gym_ros:/opt/ros/foxy /usr/bin/cmake /sim_ws/src/safety_node -DCMAKE_INSTALL_PREFIX=/sim_ws/install/safety_node
[0.552s] -- The C compiler identification is GNU 9.4.0
[0.677s] -- The CXX compiler identification is GNU 9.4.0
[0.691s] -- Check for working C compiler: /usr/bin/cc
[0.877s] -- Check for working C compiler: /usr/bin/cc -- works
[0.881s] -- Detecting C compiler ABI info
[1.110s] -- Detecting C compiler ABI info - done
[1.154s] -- Detecting C compile features
[1.154s] -- Detecting C compile features - done
[1.157s] -- Check for working CXX compiler: /usr/bin/c++
[1.342s] -- Check for working CXX compiler: /usr/bin/c++ -- works
[1.346s] -- Detecting CXX compiler ABI info
[1.542s] -- Detecting CXX compiler ABI info - done
[1.593s] -- Detecting CXX compile features
[1.594s] -- Detecting CXX compile features - done
[1.599s] -- Found ament_cmake: 0.9.12 (/opt/ros/foxy/share/ament_cmake/cmake)
[1.634s] -- Found PythonInterp: /usr/bin/python3 (found suitable version "3.8.10", minimum required is "3") 
[1.635s] -- Using PYTHON_EXECUTABLE: /usr/bin/python3
[2.010s] -- Found rclcpp: 2.4.3 (/opt/ros/foxy/share/rclcpp/cmake)
[2.099s] -- Using all available rosidl_typesupport_c: rosidl_typesupport_fastrtps_c;rosidl_typesupport_introspection_c
[2.111s] -- Found rosidl_adapter: 1.3.1 (/opt/ros/foxy/share/rosidl_adapter/cmake)
[2.240s] -- Found OpenSSL: /usr/lib/x86_64-linux-gnu/libcrypto.so (found version "1.1.1f")  
[2.280s] -- Found FastRTPS: /opt/ros/foxy/include  
[2.390s] -- Using all available rosidl_typesupport_cpp: rosidl_typesupport_fastrtps_cpp;rosidl_typesupport_introspection_cpp
[2.498s] -- Found rmw_implementation_cmake: 1.0.4 (/opt/ros/foxy/share/rmw_implementation_cmake/cmake)
[2.502s] -- Using RMW implementation 'rmw_fastrtps_cpp' as default
[2.504s] -- Looking for pthread.h
[2.653s] -- Looking for pthread.h - found
[2.653s] -- Performing Test CMAKE_HAVE_LIBC_PTHREAD
[2.789s] -- Performing Test CMAKE_HAVE_LIBC_PTHREAD - Failed
[2.789s] -- Looking for pthread_create in pthreads
[2.927s] -- Looking for pthread_create in pthreads - not found
[2.928s] -- Looking for pthread_create in pthread
[3.084s] -- Looking for pthread_create in pthread - found
[3.086s] -- Found Threads: TRUE  
[3.396s] -- Found rclpy: 1.0.13 (/opt/ros/foxy/share/rclpy/cmake)
[3.398s] -- Found nav_msgs: 2.0.5 (/opt/ros/foxy/share/nav_msgs/cmake)
[3.624s] -- Found ackermann_msgs: 2.0.2 (/opt/ros/foxy/share/ackermann_msgs/cmake)
[3.686s] -- Found sensor_msgs: 2.0.5 (/opt/ros/foxy/share/sensor_msgs/cmake)
[3.821s] -- Found ament_lint_auto: 0.9.8 (/opt/ros/foxy/share/ament_lint_auto/cmake)
[3.957s] -- Added test 'copyright' to check source files copyright and LICENSE
[3.959s] -- Added test 'cppcheck' to perform static code analysis on C / C++ code
[3.960s] -- Configured cppcheck include dirs: /sim_ws/src/safety_node/include
[3.960s] -- Configured cppcheck exclude dirs and/or files: 
[3.962s] -- Added test 'cpplint' to check C / C++ code against the Google style
[3.962s] -- Configured cpplint exclude dirs and/or files: 
[3.963s] -- Added test 'flake8' to check Python code syntax and style conventions
[3.965s] -- Added test 'lint_cmake' to check CMake code style
[3.966s] -- Added test 'pep257' to check Python code against some of the style conventions in PEP 257
[3.968s] -- Added test 'uncrustify' to check C / C++ code style
[3.968s] -- Configured uncrustify additional arguments: 
[3.969s] -- Added test 'xmllint' to check XML markup files
[3.974s] -- Configuring done
[4.006s] -- Generating done
[4.010s] -- Build files have been written to: /sim_ws/build/safety_node
[4.028s] Invoked command in '/sim_ws/build/safety_node' returned '0': CMAKE_PREFIX_PATH=${CMAKE_PREFIX_PATH}:/sim_ws/install/f1tenth_gym_ros:/opt/ros/foxy /usr/bin/cmake /sim_ws/src/safety_node -DCMAKE_INSTALL_PREFIX=/sim_ws/install/safety_node
[4.031s] Invoking command in '/sim_ws/build/safety_node': CMAKE_PREFIX_PATH=${CMAKE_PREFIX_PATH}:/sim_ws/install/f1tenth_gym_ros:/opt/ros/foxy /usr/bin/cmake --build /sim_ws/build/safety_node -- -j4 -l4
[4.110s] [35m[1mScanning dependencies of target safety_node[0m
[4.198s] [ 50%] [32mBuilding CXX object CMakeFiles/safety_node.dir/src/safety_node.cpp.o[0m
[20.928s] [100%] [32m[1mLinking CXX executable safety_node[0m
[21.517s] [100%] Built target safety_node
[21.536s] Invoked command in '/sim_ws/build/safety_node' returned '0': CMAKE_PREFIX_PATH=${CMAKE_PREFIX_PATH}:/sim_ws/install/f1tenth_gym_ros:/opt/ros/foxy /usr/bin/cmake --build /sim_ws/build/safety_node -- -j4 -l4
[21.602s] Invoking command in '/sim_ws/build/safety_node': CMAKE_PREFIX_PATH=${CMAKE_PREFIX_PATH}:/sim_ws/install/f1tenth_gym_ros:/opt/ros/foxy /usr/bin/cmake --install /sim_ws/build/safety_node
[21.617s] -- Install configuration: ""
[21.618s] -- Installing: /sim_ws/install/safety_node/lib/safety_node/safety_node
[21.623s] -- Set runtime path of "/sim_ws/install/safety_node/lib/safety_node/safety_node" to ""
[21.625s] -- Installing: /sim_ws/install/safety_node/share/ament_index/resource_index/package_run_dependencies/safety_node
[21.627s] -- Installing: /sim_ws/install/safety_node/share/ament_index/resource_index/parent_prefix_path/safety_node
[21.629s] -- Installing: /sim_ws/install/safety_node/share/safety_node/environment/ament_prefix_path.sh
[21.629s] -- Installing: /sim_ws/install/safety_node/share/safety_node/environment/ament_prefix_path.dsv
[21.629s] -- Installing: /sim_ws/install/safety_node/share/safety_node/environment/path.sh
[21.630s] -- Installing: /sim_ws/install/safety_node/share/safety_node/environment/path.dsv
[21.631s] -- Installing: /sim_ws/install/safety_node/share/safety_node/local_setup.bash
[21.631s] -- Installing: /sim_ws/install/safety_node/share/safety_node/local_setup.sh
[21.632s] -- Installing: /sim_ws/install/safety_node/share/safety_node/local_setup.zsh
[21.633s] -- Installing: /sim_ws/install/safety_node/share/safety_node/local_setup.dsv
[21.639s] -- Installing: /sim_ws/install/safety_node/share/safety_node/package.dsv
[21.639s] -- Installing: /sim_ws/install/safety_node/share/ament_index/resource_index/packages/safety_node
[21.639s] -- Installing: /sim_ws/install/safety_node/share/safety_node/cmake/safety_nodeConfig.cmake
[21.640s] -- Installing: /sim_ws/install/safety_node/share/safety_node/cmake/safety_nodeConfig-version.cmake
[21.640s] -- Installing: /sim_ws/install/safety_node/share/safety_node/package.xml
[21.640s] Invoked command in '/sim_ws/build/safety_node' returned '0': CMAKE_PREFIX_PATH=${CMAKE_PREFIX_PATH}:/sim_ws/install/f1tenth_gym_ros:/opt/ros/foxy /usr/bin/cmake --install /sim_ws/build/safety_node
