[0.983s] Invoking command in '/sim_ws/build/safety_node': CMAKE_PREFIX_PATH=${CMAKE_PREFIX_PATH}:/sim_ws/install/f1tenth_gym_ros:/opt/ros/foxy /usr/bin/cmake --build /sim_ws/build/safety_node -- -j4 -l4
[1.416s] [100%] Built target safety_node
[1.448s] Invoked command in '/sim_ws/build/safety_node' returned '0': CMAKE_PREFIX_PATH=${CMAKE_PREFIX_PATH}:/sim_ws/install/f1tenth_gym_ros:/opt/ros/foxy /usr/bin/cmake --build /sim_ws/build/safety_node -- -j4 -l4
[1.620s] Invoking command in '/sim_ws/build/safety_node': CMAKE_PREFIX_PATH=${CMAKE_PREFIX_PATH}:/sim_ws/install/f1tenth_gym_ros:/opt/ros/foxy /usr/bin/cmake --install /sim_ws/build/safety_node
[1.675s] -- Install configuration: ""
[1.683s] -- Up-to-date: /sim_ws/install/safety_node/lib/safety_node/safety_node
[1.685s] -- Up-to-date: /sim_ws/install/safety_node/share/ament_index/resource_index/package_run_dependencies/safety_node
[1.700s] -- Up-to-date: /sim_ws/install/safety_node/share/ament_index/resource_index/parent_prefix_path/safety_node
[1.702s] -- Up-to-date: /sim_ws/install/safety_node/share/safety_node/environment/ament_prefix_path.sh
[1.702s] -- Up-to-date: /sim_ws/install/safety_node/share/safety_node/environment/ament_prefix_path.dsv
[1.702s] -- Up-to-date: /sim_ws/install/safety_node/share/safety_node/environment/path.sh
[1.703s] -- Up-to-date: /sim_ws/install/safety_node/share/safety_node/environment/path.dsv
[1.703s] -- Up-to-date: /sim_ws/install/safety_node/share/safety_node/local_setup.bash
[1.703s] -- Up-to-date: /sim_ws/install/safety_node/share/safety_node/local_setup.sh
[1.704s] -- Up-to-date: /sim_ws/install/safety_node/share/safety_node/local_setup.zsh
[1.704s] -- Up-to-date: /sim_ws/install/safety_node/share/safety_node/local_setup.dsv
[1.704s] -- Installing: /sim_ws/install/safety_node/share/safety_node/package.dsv
[1.706s] -- Up-to-date: /sim_ws/install/safety_node/share/ament_index/resource_index/packages/safety_node
[1.708s] -- Up-to-date: /sim_ws/install/safety_node/share/safety_node/cmake/safety_nodeConfig.cmake
[1.708s] -- Up-to-date: /sim_ws/install/safety_node/share/safety_node/cmake/safety_nodeConfig-version.cmake
[1.708s] -- Up-to-date: /sim_ws/install/safety_node/share/safety_node/package.xml
[1.718s] Invoked command in '/sim_ws/build/safety_node' returned '0': CMAKE_PREFIX_PATH=${CMAKE_PREFIX_PATH}:/sim_ws/install/f1tenth_gym_ros:/opt/ros/foxy /usr/bin/cmake --install /sim_ws/build/safety_node
