[0.824s] Invoking command in '/sim_ws/build/safety_node': CMAKE_PREFIX_PATH=${CMAKE_PREFIX_PATH}:/sim_ws/install/f1tenth_gym_ros:/opt/ros/foxy /usr/bin/cmake --build /sim_ws/build/safety_node -- -j4 -l4
[1.044s] [100%] Built target safety_node
[1.096s] Invoked command in '/sim_ws/build/safety_node' returned '0': CMAKE_PREFIX_PATH=${CMAKE_PREFIX_PATH}:/sim_ws/install/f1tenth_gym_ros:/opt/ros/foxy /usr/bin/cmake --build /sim_ws/build/safety_node -- -j4 -l4
[1.379s] Invoking command in '/sim_ws/build/safety_node': CMAKE_PREFIX_PATH=${CMAKE_PREFIX_PATH}:/sim_ws/install/f1tenth_gym_ros:/opt/ros/foxy /usr/bin/cmake --install /sim_ws/build/safety_node
[1.421s] -- Install configuration: ""
[1.430s] -- Up-to-date: /sim_ws/install/safety_node/lib/safety_node/safety_node
[1.430s] -- Up-to-date: /sim_ws/install/safety_node/share/safety_node/environment/pythonpath.sh
[1.431s] -- Up-to-date: /sim_ws/install/safety_node/share/safety_node/environment/pythonpath.dsv
[1.431s] -- Up-to-date: /sim_ws/install/safety_node/lib/python3.8/site-packages/safety_node
[1.431s] -- Up-to-date: /sim_ws/install/safety_node/lib/python3.8/site-packages/safety_node/__init__.py
[1.540s] Listing '/sim_ws/install/safety_node/lib/python3.8/site-packages/safety_node'...
[1.548s] -- Up-to-date: /sim_ws/install/safety_node/lib/safety_node/safety_node.py
[1.549s] -- Up-to-date: /sim_ws/install/safety_node/share/ament_index/resource_index/package_run_dependencies/safety_node
[1.549s] -- Up-to-date: /sim_ws/install/safety_node/share/ament_index/resource_index/parent_prefix_path/safety_node
[1.550s] -- Up-to-date: /sim_ws/install/safety_node/share/safety_node/environment/ament_prefix_path.sh
[1.550s] -- Up-to-date: /sim_ws/install/safety_node/share/safety_node/environment/ament_prefix_path.dsv
[1.551s] -- Up-to-date: /sim_ws/install/safety_node/share/safety_node/environment/path.sh
[1.551s] -- Up-to-date: /sim_ws/install/safety_node/share/safety_node/environment/path.dsv
[1.551s] -- Up-to-date: /sim_ws/install/safety_node/share/safety_node/local_setup.bash
[1.551s] -- Up-to-date: /sim_ws/install/safety_node/share/safety_node/local_setup.sh
[1.551s] -- Up-to-date: /sim_ws/install/safety_node/share/safety_node/local_setup.zsh
[1.552s] -- Up-to-date: /sim_ws/install/safety_node/share/safety_node/local_setup.dsv
[1.552s] -- Installing: /sim_ws/install/safety_node/share/safety_node/package.dsv
[1.552s] -- Up-to-date: /sim_ws/install/safety_node/share/ament_index/resource_index/packages/safety_node
[1.552s] -- Up-to-date: /sim_ws/install/safety_node/share/safety_node/cmake/safety_nodeConfig.cmake
[1.552s] -- Up-to-date: /sim_ws/install/safety_node/share/safety_node/cmake/safety_nodeConfig-version.cmake
[1.552s] -- Up-to-date: /sim_ws/install/safety_node/share/safety_node/package.xml
[1.574s] Invoked command in '/sim_ws/build/safety_node' returned '0': CMAKE_PREFIX_PATH=${CMAKE_PREFIX_PATH}:/sim_ws/install/f1tenth_gym_ros:/opt/ros/foxy /usr/bin/cmake --install /sim_ws/build/safety_node
