[0.738s] Invoking command in '/sim_ws/build/wall_follow': CMAKE_PREFIX_PATH=${CMAKE_PREFIX_PATH}:/sim_ws/install/f1tenth_gym_ros:/opt/ros/foxy /usr/bin/cmake --build /sim_ws/build/wall_follow -- -j4 -l4
[0.915s] [35m[1mScanning dependencies of target wall_follow_node[0m
[1.115s] [ 50%] [32mBuilding CXX object CMakeFiles/wall_follow_node.dir/src/wall_follow_node.cpp.o[0m
[22.312s] [100%] [32m[1mLinking CXX executable wall_follow_node[0m
[23.415s] [100%] Built target wall_follow_node
[23.452s] Invoked command in '/sim_ws/build/wall_follow' returned '0': CMAKE_PREFIX_PATH=${CMAKE_PREFIX_PATH}:/sim_ws/install/f1tenth_gym_ros:/opt/ros/foxy /usr/bin/cmake --build /sim_ws/build/wall_follow -- -j4 -l4
[23.627s] Invoking command in '/sim_ws/build/wall_follow': CMAKE_PREFIX_PATH=${CMAKE_PREFIX_PATH}:/sim_ws/install/f1tenth_gym_ros:/opt/ros/foxy /usr/bin/cmake --install /sim_ws/build/wall_follow
[23.669s] -- Install configuration: ""
[23.676s] -- Installing: /sim_ws/install/wall_follow/lib/wall_follow/wall_follow_node
[23.733s] -- Set runtime path of "/sim_ws/install/wall_follow/lib/wall_follow/wall_follow_node" to ""
[23.734s] -- Up-to-date: /sim_ws/install/wall_follow/share/ament_index/resource_index/package_run_dependencies/wall_follow
[23.735s] -- Up-to-date: /sim_ws/install/wall_follow/share/ament_index/resource_index/parent_prefix_path/wall_follow
[23.735s] -- Up-to-date: /sim_ws/install/wall_follow/share/wall_follow/environment/ament_prefix_path.sh
[23.735s] -- Up-to-date: /sim_ws/install/wall_follow/share/wall_follow/environment/ament_prefix_path.dsv
[23.736s] -- Up-to-date: /sim_ws/install/wall_follow/share/wall_follow/environment/path.sh
[23.736s] -- Up-to-date: /sim_ws/install/wall_follow/share/wall_follow/environment/path.dsv
[23.736s] -- Up-to-date: /sim_ws/install/wall_follow/share/wall_follow/local_setup.bash
[23.737s] -- Up-to-date: /sim_ws/install/wall_follow/share/wall_follow/local_setup.sh
[23.737s] -- Up-to-date: /sim_ws/install/wall_follow/share/wall_follow/local_setup.zsh
[23.739s] -- Up-to-date: /sim_ws/install/wall_follow/share/wall_follow/local_setup.dsv
[23.739s] -- Installing: /sim_ws/install/wall_follow/share/wall_follow/package.dsv
[23.740s] -- Up-to-date: /sim_ws/install/wall_follow/share/ament_index/resource_index/packages/wall_follow
[23.740s] -- Up-to-date: /sim_ws/install/wall_follow/share/wall_follow/cmake/wall_followConfig.cmake
[23.741s] -- Up-to-date: /sim_ws/install/wall_follow/share/wall_follow/cmake/wall_followConfig-version.cmake
[23.741s] -- Up-to-date: /sim_ws/install/wall_follow/share/wall_follow/package.xml
[23.741s] -- Up-to-date: /sim_ws/install/wall_follow/share/wall_follow//launch
[23.742s] -- Up-to-date: /sim_ws/install/wall_follow/share/wall_follow//launch/wall_follow_launch.py
[23.782s] Invoked command in '/sim_ws/build/wall_follow' returned '0': CMAKE_PREFIX_PATH=${CMAKE_PREFIX_PATH}:/sim_ws/install/f1tenth_gym_ros:/opt/ros/foxy /usr/bin/cmake --install /sim_ws/build/wall_follow
